ARM GAS  /tmp/ccXGxdqm.s 			page 1


   1              		.syntax unified
   2              		.cpu cortex-m4
   3              		.eabi_attribute 27, 1
   4              		.eabi_attribute 28, 1
   5              		.fpu fpv4-sp-d16
   6              		.eabi_attribute 20, 1
   7              		.eabi_attribute 21, 1
   8              		.eabi_attribute 23, 3
   9              		.eabi_attribute 24, 1
  10              		.eabi_attribute 25, 1
  11              		.eabi_attribute 26, 1
  12              		.eabi_attribute 30, 2
  13              		.eabi_attribute 34, 1
  14              		.eabi_attribute 18, 4
  15              		.thumb
  16              		.syntax unified
  17              		.file	"board.c"
  18              		.text
  19              	.Ltext0:
  20              		.section	.gnu.lto_.profile.718673f4eb542457,"",%progbits
  21 0000 789C6361 		.ascii	"x\234ca`d`a`\000\222|\314\000\000\211\000\034"
  21      60646061 
  21      6000927C 
  21      CC000089 
  21      001C
  22              		.text
  23              		.section	.gnu.lto_.icf.718673f4eb542457,"",%progbits
  24 0000 789C6361 		.ascii	"x\234ca`d\000\001\021\006\004`f\230?\363\3201.\306\365"
  24      60640001 
  24      11060460 
  24      66983FF3 
  24      D0312EC6 
  25 0015 331FB430 		.ascii	"3\037\26401}X\372\3759\033\003\000]\023\011\021"
  25      317D58FA 
  25      FD391B03 
  25      005D1309 
  25      11
  26              		.text
  27              		.section	.gnu.lto_.jmpfuncs.718673f4eb542457,"",%progbits
  28 0000 789C6361 		.ascii	"x\234ca`d\000\001N\006\004`\002\021 a\000\001\177\000"
  28      60640001 
  28      4E060460 
  28      02112061 
  28      00017F00 
  29 0014 12       		.ascii	"\022"
  30              		.text
  31              		.section	.gnu.lto_.inline.718673f4eb542457,"",%progbits
  32 0000 789C6361 		.ascii	"x\234ca`d\000\001m\006\004`b``\341a\004Q\014l\013\344"
  32      60640001 
  32      6D060460 
  32      626060E1 
  32      6104510C 
  33 0017 41140323 		.ascii	"A\024\003#\027\210``fB\025f\000\000-\221\001\350"
  33      17886060 
  33      66421566 
  33      00002D91 
  33      01E8
ARM GAS  /tmp/ccXGxdqm.s 			page 2


  34              		.text
  35              		.section	.gnu.lto_.pureconst.718673f4eb542457,"",%progbits
  36 0000 789C6361 		.ascii	"x\234ca`d`e```b\220`d\000\000\000\315\000&"
  36      60646065 
  36      60606062 
  36      90606400 
  36      0000CD00 
  37              		.text
  38              		.section	.gnu.lto___early_init.718673f4eb542457,"",%progbits
  39 0000 789C6361 		.ascii	"x\234ca`d\000\201U@\354\004\304\322@\314\310\314\300"
  39      60640081 
  39      5540EC04 
  39      C4D240CC 
  39      C8CCC0
  40 0013 C834E11C 		.ascii	"\3104\341\034\003C#\007\023##\210\321\300\301\310P\317"
  40      03432307 
  40      13232388 
  40      D1C0C1C8 
  40      50CF
  41 0025 C458CFF8 		.ascii	"\304X\317\370\225\351/\023\343\241\366g;\2314\2277\000"
  41      95E92F13 
  41      E3A1F667 
  41      3B993497 
  41      3700
  42 0037 C183A7CF 		.ascii	"\301\203\247\317\014\032V\034`lef`\370\317\0046\211"
  42      0C1A561C 
  42      606C6566 
  42      60F8CF04 
  42      3689
  43 0049 817139A3 		.ascii	"\201q9\243&\003P\331\243\215\377\246\362\262\265\200"
  43      260350D9 
  43      A38DFFA6 
  43      F2B2B580 
  44 0059 94294024 		.ascii	"\224)@$\031W0\262\201\254[\037t\240\341\377\377\346"
  44      195730B2 
  44      81AC5B1F 
  44      74A0E1FF 
  44      FFE6
  45 006b 8686CF06 		.ascii	"\206\206\317\006\363\224\201:?\000%A\326|db\002\321"
  45      F394813A 
  45      3F002541 
  45      D67C6462 
  45      02D1
  46 007d CC2F189B 		.ascii	"\314/\030\233\017\354>\306\010R\0162h\347\3167\267\331"
  46      0FEC3EC6 
  46      08520E32 
  46      68E7CE37 
  46      B7D9
  47 008f EBFF3674 		.ascii	"\353\3776t44\010\26423\376g\002\232\301\270\222\261"
  47      343408B4 
  47      3233FE67 
  47      029AC1B8 
  47      92B1
  48 00a1 9EA19599 		.ascii	"\236\241\225\231\211\341\025c\323\201\275n`\245 \360"
  48      89E11563 
  48      D381BD6E 
  48      60A520F0 
ARM GAS  /tmp/ccXGxdqm.s 			page 3


  49 00b1 01280934 		.ascii	"\001(\0114\002h\240\203~F~n\252~R~Rfv\276~rFfRf~\261"
  49      0268A083 
  49      7E467E6E 
  49      AA7E527E 
  49      526676BE 
  50 00cd 3E106524 		.ascii	">\020e$\346\000E\023\213R\212\365\203C\342\203C|\215"
  50      E6004513 
  50      8B528AF5 
  50      8343E283 
  50      437C8D
  51 00e0 8DDC8CE3 		.ascii	"\215\334\214\343]<\203\235\375\303\\\203\"!rz\311\014"
  51      5D3C839D 
  51      FDC35C83 
  51      2221727A 
  51      C90C
  52 00f2 003A0455 		.ascii	"\000:\004U\014"
  52      0C
  53              		.text
  54              		.section	.gnu.lto_boardInit.718673f4eb542457,"",%progbits
  55 0000 789C6361 		.ascii	"x\234ca`d\000\201j v\002bi fdf`d\232p\216\201\241\221"
  55      60640081 
  55      6A207602 
  55      62692066 
  55      64666064 
  56 001a 83899111 		.ascii	"\203\211\221\021\304h\340`d\250gb\254g\374\312\364\227"
  56      C468E060 
  56      64A86762 
  56      AC67FCCA 
  56      F497
  57 002c 89F150FB 		.ascii	"\211\361P\373\263\235L\232\313\033\200\340A\353\"\303"
  57      B39D4C9A 
  57      CB1B80E0 
  57      41EB22C3 
  58 003c 86150718 		.ascii	"\206\025\007\030[\231\031\030\3763\201Mb`\\\316\250"
  58      5B991918 
  58      FE33814D 
  58      62605CCE 
  58      A8
  59 004d C90054F6 		.ascii	"\311\000T\366h\343\277\251\274l- e\012\020I\306\025"
  59      68E3BFA9 
  59      BC6C2D20 
  59      650A1049 
  59      C615
  60 005f 8C6C20EB 		.ascii	"\214l \353\326\007\035h\370\377\277\271\241\341\256"
  60      D6071D68 
  60      F8FFBFB9 
  60      A1E1AE
  61 006e 41A72A50 		.ascii	"A\247*P\342\003\020\203\254\371\310\304\004\242\231"
  61      E2031083 
  61      ACF9C8C4 
  61      04A299
  62 007d 5F313281 		.ascii	"_12\201\224\202M\373\300\304\010\022\003\252p\320\317"
  62      94824DFB 
  62      C0C40812 
  62      03AA70D0 
  62      CF
  63 008e C8CF4DD5 		.ascii	"\310\317M\325O\312O\312\314\316\327O\316\310L\312\314"
ARM GAS  /tmp/ccXGxdqm.s 			page 4


  63      4FCA4FCA 
  63      CCCED74F 
  63      CEC84CCA 
  63      CC
  64 009f 2FD607A2 		.ascii	"/\326\007\242\214\304\034\240hbQJ\261~pH|p\210\257\261"
  64      8CC41CA0 
  64      6862514A 
  64      B17E7048 
  64      7C7088AF 
  65 00b4 919B71BC 		.ascii	"\221\233q\274\213g\260\263\177\230kP$DN/\231\001\000"
  65      8B67B0B3 
  65      7F986B50 
  65      24444E2F 
  65      990100
  66 00c7 207E425C 		.ascii	" ~B\\"
  67              		.text
  68              		.section	.gnu.lto_pal_default_config.718673f4eb542457,"",%progbits
  69 0000 789C7D91 		.ascii	"x\234}\221\333J\002Q\024\206g\355\031\315J\363\005\272"
  69      DB4A0251 
  69      148667ED 
  69      19CD4AF3 
  69      05BA
  70 0012 EDA62710 		.ascii	"\355\246'\020z\206\336\241G\2507\230\016\226I\321\201"
  70      7A86DEA1 
  70      47A83798 
  70      0E9649D1 
  70      81
  71 0023 0E528492 		.ascii	"\016R\204\222D9\225ZYiY\215\"\035oLF\301\016T ^De\007"
  71      4439955A 
  71      5969598D 
  71      221D6F4C 
  71      46C10E54 
  72 003c 898EDADE 		.ascii	"\211\216\332\336\256]0\020\316\305\374\263\277\331\254"
  72      AE5D3010 
  72      CEC5FCB3 
  72      BFD9AC
  73 004b F5ADBD25 		.ascii	"\365\255\275%\001\004\366\264\212\002\377\022\204o\002"
  73      0104F6B4 
  73      8A02FF12 
  73      846F02
  74 005a 81BBC8BB 		.ascii	"\201\273\310\273\245H\354\"\205t9\367\361\371(\342\262"
  74      A548EC22 
  74      857439F7 
  74      F1F928E2 
  74      B2
  75 006b 5C162918 		.ascii	"\\\026)\030L\025\322\006\004I%\255\030(\362?\027\375"
  75      4C15D206 
  75      044925AD 
  75      1828F23F 
  75      17FD
  76 007d 464456BA 		.ascii	"FDV\272|\361\234\036\031m\033\262\303#\267\333E(\021"
  76      7CF19C1E 
  76      196D1BB2 
  76      C323B7DB 
  76      452811
  77 0090 01E6A1B1 		.ascii	"\001\346\241\261D\000\203\200\302B\004\037\013\011\026"
  77      44008380 
ARM GAS  /tmp/ccXGxdqm.s 			page 5


  77      C242041F 
  77      0B0916
  78 009f 5818F09F 		.ascii	"X\030\360\237\221E\305\302\236\363\231x[\240\353\241"
  78      9145C5C2 
  78      9EF39978 
  78      5BA0EBA1 
  79 00af E30C971A 		.ascii	"\343\014\227\032W\322&\012\372_\203\007\004\211\332"
  79      57D2260A 
  79      FA5F8307 
  79      0489DA
  80 00be F955667D 		.ascii	"\371Uf}3\361\300\031\337\244\312Z\305L\273[\374\264"
  80      33F1C019 
  80      DFA4CA5A 
  80      C54CBB5B 
  80      FCB4
  81 00d0 E855023A 		.ascii	"\350U\002:\025?\252,\243\312\322\177*)\377\234C\302"
  81      153FAA2C 
  81      A3CAD27F 
  81      2A29FF9C 
  81      43C2
  82 00e2 B2693EB0 		.ascii	"\262i>\260\367\371*V[m\302y,\273ReB\267c&\002\177e\233"
  82      F7F92A56 
  82      5B6DC279 
  82      2CBB5265 
  82      42B76326 
  83 00fa 29498CBC 		.ascii	")I\214\274w \220\351\303&\212\346\263AK\265>!\354\263"
  83      772090E9 
  83      C3268AE6 
  83      B3414BB5 
  83      3E21ECB3 
  84 010e 56A54FCC 		.ascii	"V\245O\314u\031\250\377+\353\221(\362M\364\217\362+"
  84      7519A8FF 
  84      2BEB9128 
  84      F24DF48F 
  84      F22B
  85 0120 1C77E241 		.ascii	"\034w\342A\205\246\"\011+?\273\033v\315\301h\317}\003"
  85      85A62209 
  85      2B3FBB1B 
  85      76CDC168 
  85      CF7D03
  86 0133 07EC024E 		.ascii	"\007\354\002N\036\016\207\371\341\3121B\301\271|[\260"
  86      1E0E87F9 
  86      E1CA3142 
  86      C1B97C5B 
  86      B0
  87 0144 EADDB6D0 		.ascii	"\352\335\266\320-\202nat\333\324\271m\350\334\306\372"
  87      2D826E61 
  87      74DBD4B9 
  87      6DE8DCC6 
  87      FA
  88 0155 B21AEF2A 		.ascii	"\262\032\357*\253-\024\274\025\274\323\322\257\254Z"
  88      AB2D14BC 
  88      15BCD3D2 
  88      AFAC5A
  89 0164 3173CD64 		.ascii	"1s\315d\025.\253\315j\036#E\316\\\357~\015\337\365\326"
  89      152EABCD 
  89      6A1E2345 
ARM GAS  /tmp/ccXGxdqm.s 			page 6


  89      CE5CEF7E 
  89      0DDFF5D6 
  90 0178 9D67BA0F 		.ascii	"\235g\272\017\356p\301\314Q\262Kc\202\327\003\223Mz"
  90      EE70C1CC 
  90      51B24B63 
  90      82D70393 
  90      4D7A
  91 018a 3F557776 		.ascii	"?Uwv{\350\267\253\363\333A\277(\372]\344\236\212&\254"
  91      7BE8B7AB 
  91      F3DB41BF 
  91      28FA5DE4 
  91      9E8A26AC 
  92 019e D1661749 		.ascii	"\321f\027I\211\324@\014l%b\202m\026\265\260\316\242"
  92      89D4400C 
  92      6C256282 
  92      6D16B5B0 
  92      CEA2
  93 01b0 0E5659D4 		.ascii	"\016VY\324C\220\205\031\026\301&@\234\276~\000\177\223"
  93      43908519 
  93      16C12640 
  93      9CBE7E00 
  93      7F93
  94 01c2 2F09     		.ascii	"/\011"
  95              		.text
  96              		.section	.gnu.lto_.symbol_nodes.718673f4eb542457,"",%progbits
  97 0000 789C6361 		.ascii	"x\234ca`d\360`\000\002\246\211L\365\014\014\023\316"
  97      6064F060 
  97      0002A689 
  97      4CF50C0C 
  97      13CE
  98 0012 313000A9 		.ascii	"10\000\251]\015\212@\221IL\365\214(\"\254\023\230\030"
  98      5D0D8A40 
  98      91494CF5 
  98      8C2822AC 
  98      139818
  99 0025 1A85808A 		.ascii	"\032\205\200\212\031'3\3253\201\245\030\030\032\032"
  99      192733D5 
  99      3381A518 
  99      181A1A
 100 0034 14181898 		.ascii	"\024\030\030\230\201p\311\203\177\214\014\000[+\020"
 100      8170C983 
 100      7F8C0C00 
 100      5B2B10
 101 0043 30       		.ascii	"0"
 102              		.text
 103              		.section	.gnu.lto_.refs.718673f4eb542457,"",%progbits
 104 0000 789C6361 		.ascii	"x\234ca`\004B \000\000\0009\000\007"
 104      60044220 
 104      00000039 
 104      0007
 105              		.text
 106              		.section	.gnu.lto_.decls.718673f4eb542457,"",%progbits
 107 0000 789CA556 		.ascii	"x\234\245VmLSW\030\276\347\336RK)B`Y\374A2bj\344\217"
 107      6D4C5357 
 107      18BEE7DE 
 107      524B2942 
 107      6059FC41 
ARM GAS  /tmp/ccXGxdqm.s 			page 7


 108 0019 DC88FBB1 		.ascii	"\334\210\373\261\037[\242\202:\0227\2110\023\1775\245"
 108      1F5BA282 
 108      3A123789 
 108      30137F35 
 108      A5
 109 002a ADD2587A 		.ascii	"\255\322Xz\233\266,\232\375\330e0p\032\265\2103\303"
 109      9BB62C9A 
 109      FDD86530 
 109      701AB588 
 109      33C3
 110 003c AFF94126 		.ascii	"\257\371A&*\322\"~\302\234u~!\202\324\326/\006HU\300"
 110      2AD2227E 
 110      C29C757E 
 110      2182D4D6 
 110      2F064855 
 111 0051 2F9C7C38 		.ascii	"/\234|8\201m\316\275\347\234\333^Zqs\331\011\317=\347"
 111      816DCEBD 
 111      E79CDB5E 
 111      5A7173D9 
 111      09CF3DE7 
 112 0065 3DE739CF 		.ascii	"=\3479\317\373\336\367}\341\242`\020\203\307\374X\206"
 112      FBDEF77D 
 112      E1A26010 
 112      83C7FC58 
 112      86
 113 0076 D1B20C33 		.ascii	"\321\262\0143\010\353W0\0240/c\344\301\001\016\003\334"
 113      08EB5730 
 113      14302F63 
 113      E4C1010E 
 113      03DC
 114 0088 807A00BE 		.ascii	"\200z\000\276\365\204\211\034\207%\036\2767\000\250"
 114      F584891C 
 114      87251EBE 
 114      3700A8
 115 0097 95F659E9 		.ascii	"\225\366Y\351\254\236y}\270%\255\220/$\355E\217'\222"
 115      AC9E797D 
 115      B825AD90 
 115      2F24ED45 
 115      8F2792
 116 00aa F64CC02D 		.ascii	"\366L\300-\300c@<\240\035\340\007\264\001\002\200V\300"
 116      C063403C 
 116      A01DE007 
 116      B4010280 
 116      56C0
 117 00bc 75800F70 		.ascii	"u\200\017p\027p\017p\037\320\007\350\005\004'\321\306"
 117      17700F70 
 117      1FD007E8 
 117      050427D1 
 117      C6
 118 00cd E3258BDC 		.ascii	"\343%\213\334\305/\274\352N\324\201 ^\224H\243A\364"
 118      C52FBCEA 
 118      4ED48120 
 118      5E9448A3 
 118      41F4
 119 00df 8908180A 		.ascii	"\211\010\030\012b\302\202%OF\336B!\242d\263\241%\023"
 119      62C28225 
 119      4F46DE42 
ARM GAS  /tmp/ccXGxdqm.s 			page 8


 119      21A264B3 
 119      A12513
 120 00f2 16233FD2 		.ascii	"\026#?\322}\222g2\210\210\254\216\244K\324\016\345%"
 120      7D926732 
 120      8888AC8E 
 120      A44BD40E 
 120      E525
 121 0104 E481951D 		.ascii	"\344\201\225\035Hf\350\302\004=\032\256$'\307\034~'"
 121      4866E8C2 
 121      043D1AAE 
 121      2427C71C 
 121      7E27
 122 0116 147AE9A1 		.ascii	"\024z\351\241\247\233\256&p,\302\353\236\361\232\205"
 122      A79BAE26 
 122      702CC2EB 
 122      9EF19A85 
 123 0126 E9B5220C 		.ascii	"\351\265\"\014\227(\262\357\311\231\271V\352\331\301"
 123      9728B2EF 
 123      C999B956 
 123      EAD9C1
 124 0135 3D675192 		.ascii	"=gQ\222\032)\360\235\266m\367\247\202\371\216\032\245"
 124      1A29F09D 
 124      B66DF7A7 
 124      82F98E1A 
 124      A5
 125 0146 82F9F2F2 		.ascii	"\202\371\362\362\366m\354\264\255\344^\211\230\252@"
 125      F66DECB4 
 125      ADE45E89 
 125      98AA40
 126 0155 CBDE4587 		.ascii	"\313\336E\207P\012:\210R\300Q-\232\006\317|\005U:\177"
 126      500A3A88 
 126      52C0512D 
 126      9A06CF7C 
 126      05553A7F 
 127 0169 3C38CC4E 		.ascii	"<8\314N\337-\356\366\210\301\241\001\315\326\022\261"
 127      DF2DEEF6 
 127      88C1A101 
 127      CDD612B1 
 128 0179 19AEA562 		.ascii	"\031\256\245b\026\252A\034:\200\322qt\260\304\323~\324"
 128      16AA411C 
 128      3A80D271 
 128      74B0C4D3 
 128      7ED4
 129 018b 09611F46 		.ascii	"\011a\037F\323\341fk\177\367\027\334r\022\347\015\327"
 129      D3E1666B 
 129      7FF717DC 
 129      7212E70D 
 129      D7
 130 019c FA960410 		.ascii	"\372\226\004\020\361xD\257\253E#\272\212Eq.\221\250"
 130      F17844AF 
 130      AB4523BA 
 130      8A45712E 
 130      91A8
 131 01ae 9325EA26 		.ascii	"\223%\352&J\270\211\204\370\260\251+\2013\020\215\343"
 131      4AB88984 
 131      F8B0A92B 
 131      8133108D 
ARM GAS  /tmp/ccXGxdqm.s 			page 9


 131      E3
 132 01bf EE869178 		.ascii	"\356\206\221x\320\010\212b\260\343\322\202\203\236^"
 132      D0088A62 
 132      B0E3D282 
 132      839E5E
 133 01ce 716D1289 		.ascii	"qm\022\211\026yd\021\017\021\201E=\021h>W\367\"\216"
 133      16796411 
 133      0F118145 
 133      3D11683E 
 133      57F7228E 
 134 01e2 AB474461 		.ascii	"\253GDa\244\346\310.\025MJ\015\002{g\271\367h\034\315"
 134      A4E6C82E 
 134      154D4A0D 
 134      027B67B9 
 134      F7681CCD 
 135 01f6 8A570D76 		.ascii	"\212W\015vm\333\245.)ik\361\371\311\323O3\250\231\002"
 135      6DDBA52E 
 135      29696BF1 
 135      F9C9D34F 
 135      33A89902 
 136 020a 5663F790 		.ascii	"Vc\367\220Wb\007\361\351\253G\035\373b\351\361 V_w\254"
 136      576207F1 
 136      E9AB471D 
 136      FB62E9F1 
 136      20565F77 
 137 021f 725F0277 		.ascii	"r_\002w\236\272\372\265\264/\030G\017\247\201\351\037"
 137      9EBAFAB5 
 137      B42F1847 
 137      0FA781E9 
 137      1F
 138 0230 6CDD2999 		.ascii	"l\335)\231\211`v}S\266K\311]\241\324\356\346\003\207"
 138      8960767D 
 138      53B64BC9 
 138      5DA1D4EE 
 138      E60387
 139 0243 B0D7996A 		.ascii	"\260\327\231j\204;!\001\367\365\300\251\361x\272\205"
 139      843B2101 
 139      F7F5C0A9 
 139      F178BA85 
 140 0253 19FE4DC3 		.ascii	"\031\376M\303\325S8\037\241\263\02774\034\211Ci\352"
 140      D553381F 
 140      A1B31737 
 140      341C8943 
 140      69EA
 141 0265 1F70F582 		.ascii	"\037p\365\202\243W\263*\312\241\364\350,R\2433r\032"
 141      A357B32A 
 141      CAA1F4E8 
 141      2C52A333 
 141      721A
 142 0277 66AAE1B9 		.ascii	"f\252\341\271V\024\277\302\005Nj\236\312\204\353\213"
 142      5614BFC2 
 142      054E6A9E 
 142      CA84EB8B 
 143 0287 BC280D0B 		.ascii	"\274(\015\013c\"\372\0116O\303&89P]\261W\311yH_\261"
 143      6322FA09 
 143      364FC326 
 143      3839505D 
ARM GAS  /tmp/ccXGxdqm.s 			page 10


 143      B157C979 
 144 029e 55470F8E 		.ascii	"UG\017\216\252\303NF*\337\207\036KD\347\301\307\317"
 144      AAC34E46 
 144      2ADF871E 
 144      4B44E7C1 
 144      C7CF
 145 02b0 B20F70F9 		.ascii	"\262\017p\371F'\347&wr\257\261\253\230\345J8\362Z\333"
 145      4627E726 
 145      7772AFB1 
 145      AB98E54A 
 145      38F25ADB 
 146 02c4 9A9EB7C4 		.ascii	"\232\236\267\304\320\244\250\300|Vy\241\215\345\312"
 146      D0A4A8C0 
 146      7C5679A1 
 146      8DE5CA
 147 02d3 E959FFED 		.ascii	"\351Y\377\355\222*%\267\201\032\256\227\035\242\222"
 147      922A25B7 
 147      811AAE97 
 147      1DA292
 148 02e2 FB961A1B 		.ascii	"\373\226\032\033\236\215\355Qp;\250\321Q2z3\236\333"
 148      9E8DED51 
 148      703BA8D1 
 148      51327A33 
 148      9EDB
 149 02f4 4B8CD8BA 		.ascii	"K\214\330\272\361\365\275\032\244\325&k\265iZ\255v/"
 149      F1F5BD1A 
 149      A4D5266B 
 149      B5695AAD 
 149      762F
 150 0306 0E2CF87D 		.ascii	"\016,\370}\347\227\225\373\313D\227\236D\177\001\242"
 150      E79795FB 
 150      CB44979E 
 150      447F01A2 
 151 0316 BF8A92E5 		.ascii	"\277\212\222\3458\233H\307\317\206\007C\370\336\027"
 151      389B48C7 
 151      CF860743 
 151      F8DE17
 152 0325 ED9A10B9 		.ascii	"\355\232\020\2719\232|Q&WH\277s\"r2\350\004\020\216"
 152      399A7C51 
 152      265748BF 
 152      73227232 
 152      E804108E 
 153 0339 93334C87 		.ascii	"\2233L\207wF\327\340\365\333\221\026\371\001m\200\000"
 153      7746D7E0 
 153      F5DB9116 
 153      F9016D80 
 153      00
 154 034a A015701D 		.ascii	"\240\025p\035\340CZ\322\241\324\337\035\331_K\264?>"
 154      E0435AD2 
 154      A1D4DF1D 
 154      D95F4BB4 
 154      3F3E
 155 035c 2AB6ADFE 		.ascii	"*\266\255\3760\367J4\267Q\216\215\024\315\333\011\302"
 155      30F74A34 
 155      B7518E8D 
 155      14CDDB09 
 155      C2
ARM GAS  /tmp/ccXGxdqm.s 			page 11


 156 036d A20A9318 		.ascii	"\242\012\223\030\251`\262\323\221\366\224*\321[\312"
 156      A960B2D3 
 156      91F6942A 
 156      D15BCA
 157 037c 11A9CB93 		.ascii	"\021\251\313\223\272=\204d\277\277\3131^\232<'\023\331"
 157      BA3D8464 
 157      BFBFCB31 
 157      5E9A3C27 
 157      13D9
 158 038e 9BE5287F 		.ascii	"\233\345(\177\234<\335\224\015\345;\363W\251O\311\365"
 158      9C3CDD94 
 158      0DE53BF3 
 158      57A94FC9 
 158      F5
 159 039f 91F2B125 		.ascii	"\221\362\261%\325C\025*\224\226L\303\257\362#\034\376"
 159      D543152A 
 159      94964CC3 
 159      AFF2231C 
 159      FE
 160 03b0 2DB87D43 		.ascii	"-\270}Cn9\3746oH>\272\0119\377/\371\007\377\201\376"
 160      6E39FC36 
 160      6F483EBA 
 160      0939FF2F 
 160      F907FF81 
 161 03c5 3DA51ADA 		.ascii	"=\245\032\332\201>lo\334\324P\257\346\306ho\325\364"
 161      813E6C6F 
 161      DCD450AF 
 161      E6C6686F 
 161      D5F4
 162 03d7 EFD8281D 		.ascii	"\357\330(\035~\000\346\261\266\223wb\270W\364\254k\370"
 162      7E00E6B1 
 162      B6937762 
 162      B857F4AC 
 162      6BF8
 163 03e9 66791C57 		.ascii	"fy\034W\246 \206\373\317-\373\241W\251\021\030\365\225"
 163      A62086FB 
 163      CF2DFBA1 
 163      57A91118 
 163      F595
 164 03fb ABB92DC4 		.ascii	"\253\271-\304PU7\004\240\205\241\037\361H\213\010\373"
 164      50553704 
 164      A085A11F 
 164      F1488B08 
 164      FB
 165 040c 2884DD40 		.ascii	"(\204\335@\262\321#\305\334\0171\337\205\370\356\001"
 165      B2D123C5 
 165      DC0F31DF 
 165      85F8EE01 
 166 041c EE03FA00 		.ascii	"\356\003\372\000\275\200\240\334/8/\201\224bR:\234\231"
 166      BD80A0DC 
 166      2F382F81 
 166      9462523A 
 166      9C99
 167 042e 3B90197C 		.ascii	";\220\031|=\234\203c\221\325\000\276o).\006&wG\223#"
 167      3D9C8363 
 167      91D500BE 
 167      6F292E06 
ARM GAS  /tmp/ccXGxdqm.s 			page 12


 167      26774793 
 168 0443 DA0BA8B7 		.ascii	"\332\013\250\267\303\324\256hj\343k\272\203arg4\371"
 168      C3D4AE68 
 168      6AE36BBA 
 168      83617267 
 168      34F9
 169 0455 171425EC 		.ascii	"\027\024%\354\312\015qOEsOFs\307\302\272\035\321\334"
 169      CA0D714F 
 169      45734F46 
 169      73C7C2BA 
 169      1DD1DC
 170 0468 DB1382A0 		.ascii	"\333\023\202\240M\322\344'=\336\023\331\343P\205\263"
 170      4DD2E427 
 170      3DDE13D9 
 170      E35085B3 
 171 0478 E3035F27 		.ascii	"\343\003_'p\333I\025\330\262\316\357\316\261\341\306"
 171      70DB4915 
 171      D8B2CEEF 
 171      CEB1E1C6 
 172 0488 FA2D401A 		.ascii	"\372-@\032\353\021(?\220\033\253\347\365\306\012U\010"
 172      EB11283F 
 172      901BABE7 
 172      F5C60A55 
 172      08
 173 0499 3D84C2BC 		.ascii	"=\204\302\274m\221p\337\004\326]\233\232,Iy\337(\305"
 173      6D9170DF 
 173      04D65D9B 
 173      9A2C4979 
 173      DF28C5
 174 04ac FC9BCEF0 		.ascii	"\374\233\316\360\220{\321\214}\242\007\276xCc\331\233"
 174      907BD18C 
 174      7DA207BE 
 174      784363D9 
 174      9B
 175 04bd 45F163F4 		.ascii	"E\361c\364\030\256\036\241AOh \274\223\007\377\332<"
 175      18AE1EA1 
 175      414F6820 
 175      BC9307FF 
 175      DA3C
 176 04cf 4133E0DA 		.ascii	"A3\340\332\037}\356\007\032\315:\371\2572\371B\312_"
 176      1F7DEE07 
 176      1ACD3AF9 
 176      AF32F942 
 176      CA5F
 177 04e1 F701A421 		.ascii	"\367\001\244!\337G<kt:\223\336nY\2433[\315N\325\242"
 177      DF473C6B 
 177      743A93DE 
 177      6E59A333 
 177      5BCD4ED5 
 178 04f6 4F3F4BCD 		.ascii	"O?K\315\234=\233\231\313\027\010\205&>_\3107\257\022"
 178      9C3D9B99 
 178      CB170885 
 178      263E5FC8 
 178      37AF12
 179 0509 78438139 		.ascii	"xC\2019\337,8x\370)\320[`Wo7:\370\334<]n\336's2\026"
 179      DF2C3878 
 179      F829D05B 
ARM GAS  /tmp/ccXGxdqm.s 			page 13


 179      60576F37 
 179      3AF8DC3C 
 180 0524 CED16565 		.ascii	"\316\321ee\347f.Y\266`\351rz\226n`b\311\"\0334\023\035"
 180      E7662E59 
 180      B660E972 
 180      7A966E60 
 180      62C9221B 
 181 053b CEC23919 		.ascii	"\316\3029\031:\203E0\254\"N>\374'm\233`wbi\320\345%"
 181      3A834530 
 181      AC224E3E 
 181      FC276D9B 
 181      60776269 
 182 0552 F5D5ABF1 		.ascii	"\365\325\253\361\211\316b1\246\0270I6X\032M+\364E\026"
 182      89CE6231 
 182      A6173049 
 182      36581A4D 
 182      2BF44516 
 183 0566 A7CE2058 		.ascii	"\247\316 XW\230W*s\026d\351\235z\205~\205\335\242\326"
 183      5798572A 
 183      731664E9 
 183      9D7A857E 
 183      85DDA2D6 
 184 057a E98ACC56 		.ascii	"\351\212\314V'\370s\346E\270q\012\202\305\301\2574\030"
 184      27F873E6 
 184      45B8710A 
 184      82C5C1AF 
 184      3418
 185 058c 66E9ED85 		.ascii	"f\351\355\205\263\254\202\3254\313\244\3177\363\221"
 185      B3AC82D5 
 185      34CBA4CF 
 185      37F391
 186 059b 96D96AB0 		.ascii	"\226\331j\260\024\031M|\241\036\302\262\232\370\260"
 186      14194D7C 
 186      A11EC2B2 
 186      9AF8B0
 187 05aa 27E71A9B 		.ascii	"'\347\032\233\311\001\356U!\365\354\377\241\356X\343"
 187      C901EE55 
 187      21F5ECFF 
 187      A1EE58E3 
 188 05ba E0750EA7 		.ascii	"\340u\016\247\021\244@\222\023\214\366\030[\221\315"
 188      11A44092 
 188      138CF618 
 188      5B91CD
 189 05c9 689F2238 		.ascii	"h\237\"8l&\223\321\256\024\260;{L\241`4\331\361k\025"
 189      6C2693D1 
 189      AE14B03B 
 189      7B4CA160 
 189      34D9F16B 
 190 05de 7CF4B629 		.ascii	"|\364\266)[\2748\213_\224\223\275\344\363\014\336&\347"
 190      5BBC388B 
 190      5F9493BD 
 190      E4F30CDE 
 190      26E7
 191 05f0 8C5660A5 		.ascii	"\214V`\245\315,\350\034&g\221M\347T\346d\341\234)s2"
 191      CD2CE81C 
 191      2667914D 
 191      E754E664 
ARM GAS  /tmp/ccXGxdqm.s 			page 14


 191      E19C2973 
 192 0605 E9349F4E 		.ascii	"\3514\237N\363\350\264\020O\2619\363\026g\222\004\377"
 192      F3E8B410 
 192      4FB139F3 
 192      16679204 
 192      FF
 193 0616 0D63B86D 		.ascii	"\015c\270m\020"
 193      10
 194              		.text
 195              		.section	.gnu.lto_.symtab.718673f4eb542457,"",%progbits
 196 0000 5F5F6561 		.ascii	"__early_init\000"
 196      726C795F 
 196      696E6974 
 196      00
 197 000d 00       		.ascii	"\000"
 198 000e 00       		.ascii	"\000"
 199 000f 00       		.ascii	"\000"
 200 0010 00000000 		.ascii	"\000\000\000\000\000\000\000\000"
 200      00000000 
 201 0018 AD000000 		.ascii	"\255\000\000\000"
 202 001c 626F6172 		.ascii	"boardInit\000"
 202      64496E69 
 202      7400
 203 0026 00       		.ascii	"\000"
 204 0027 00       		.ascii	"\000"
 205 0028 00       		.ascii	"\000"
 206 0029 00000000 		.ascii	"\000\000\000\000\000\000\000\000"
 206      00000000 
 207 0031 AF000000 		.ascii	"\257\000\000\000"
 208 0035 70616C5F 		.ascii	"pal_default_config\000"
 208      64656661 
 208      756C745F 
 208      636F6E66 
 208      696700
 209 0048 00       		.ascii	"\000"
 210 0049 00       		.ascii	"\000"
 211 004a 00       		.ascii	"\000"
 212 004b 00000000 		.ascii	"\000\000\000\000\000\000\000\000"
 212      00000000 
 213 0053 EB000000 		.ascii	"\353\000\000\000"
 214 0057 73746D33 		.ascii	"stm32_clock_init\000"
 214      325F636C 
 214      6F636B5F 
 214      696E6974 
 214      00
 215 0068 00       		.ascii	"\000"
 216 0069 02       		.ascii	"\002"
 217 006a 00       		.ascii	"\000"
 218 006b 00000000 		.ascii	"\000\000\000\000\000\000\000\000"
 218      00000000 
 219 0073 B1000000 		.ascii	"\261\000\000\000"
 220              		.text
 221              		.section	.gnu.lto_.opts,"",%progbits
 222 0000 272D666D 		.ascii	"'-fmath-errno' '-fsigned-zeros' '-ftrapping-math' '"
 222      6174682D 
 222      6572726E 
 222      6F272027 
ARM GAS  /tmp/ccXGxdqm.s 			page 15


 222      2D667369 
 223 0033 2D666E6F 		.ascii	"-fno-trapv' '-fno-openmp' '-fno-openacc' '-mcpu=cor"
 223      2D747261 
 223      70762720 
 223      272D666E 
 223      6F2D6F70 
 224 0066 7465782D 		.ascii	"tex-m4' '-mfloat-abi=hard' '-mfpu=fpv4-sp-d16' '-mn"
 224      6D342720 
 224      272D6D66 
 224      6C6F6174 
 224      2D616269 
 225 0099 6F2D7468 		.ascii	"o-thumb-interwork' '-mthumb' '-ggdb' '-O2' '-fomit-"
 225      756D622D 
 225      696E7465 
 225      72776F72 
 225      6B272027 
 226 00cc 6672616D 		.ascii	"frame-pointer' '-falign-functions=16' '-ffunction-s"
 226      652D706F 
 226      696E7465 
 226      72272027 
 226      2D66616C 
 227 00ff 65637469 		.ascii	"ections' '-fdata-sections' '-fno-common' '-flto' '-"
 227      6F6E7327 
 227      20272D66 
 227      64617461 
 227      2D736563 
 228 0132 6673696E 		.ascii	"fsingle-precision-constant'\000"
 228      676C652D 
 228      70726563 
 228      6973696F 
 228      6E2D636F 
 229              		.text
 230              		.comm	__gnu_lto_v1,1,1
 231              		.comm	__gnu_lto_slim,1,1
 232              		.ident	"GCC: (GNU Tools for ARM Embedded Processors) 5.4.1 20160919 (release) [ARM/embedded-5-bran
ARM GAS  /tmp/ccXGxdqm.s 			page 16


DEFINED SYMBOLS
                            *ABS*:00000000 board.c
                            *COM*:00000001 __gnu_lto_v1
                            *COM*:00000001 __gnu_lto_slim

NO UNDEFINED SYMBOLS
