ARM GAS  /tmp/ccRLDIlP.s 			page 1


   1              		.syntax unified
   2              		.cpu cortex-m4
   3              		.eabi_attribute 27, 1
   4              		.eabi_attribute 28, 1
   5              		.fpu fpv4-sp-d16
   6              		.eabi_attribute 20, 1
   7              		.eabi_attribute 21, 1
   8              		.eabi_attribute 23, 3
   9              		.eabi_attribute 24, 1
  10              		.eabi_attribute 25, 1
  11              		.eabi_attribute 26, 1
  12              		.eabi_attribute 30, 2
  13              		.eabi_attribute 34, 1
  14              		.eabi_attribute 18, 4
  15              		.thumb
  16              		.syntax unified
  17              		.file	"chcore_v7m.c"
  18              		.text
  19              	.Ltext0:
  20              		.section	.gnu.lto_.profile.4c76938a8a5e860c,"",%progbits
  21 0000 789C6361 		.ascii	"x\234ca`d`a`\000\222\346J\000\000\372\000d"
  21      60646061 
  21      600092E6 
  21      4A0000FA 
  21      0064
  22              		.text
  23              		.section	.gnu.lto_.icf.4c76938a8a5e860c,"",%progbits
  24 0000 789C6361 		.ascii	"x\234ca`d\000\001a\006\004`fX\261\377z\013\007\363\212"
  24      60640001 
  24      61060460 
  24      6658B1FF 
  24      7A0B07F3 
  25 0015 2F17BD59 		.ascii	"/\027\275Y\226\035\351\177\306\310\000\000V\030\010"
  25      961DE97F 
  25      C6C80000 
  25      561808
  26 0024 85       		.ascii	"\205"
  27              		.text
  28              		.section	.gnu.lto_.jmpfuncs.4c76938a8a5e860c,"",%progbits
  29 0000 789C6361 		.ascii	"x\234ca`d\000\001^\006\004`\206\022, \032\000\002\\"
  29      60640001 
  29      5E060460 
  29      86122C20 
  29      1A00025C 
  30 0014 001D     		.ascii	"\000\035"
  31              		.text
  32              		.section	.gnu.lto_.inline.4c76938a8a5e860c,"",%progbits
  33 0000 789C6361 		.ascii	"x\234ca`d\000\001w\006\004`f`\020\222dd`\222:\260\233"
  33      60640001 
  33      77060460 
  33      66601092 
  33      64646092 
  34 0017 91816D81 		.ascii	"\221\201m\201<\023H\220\211\033,\303\303\015\224\020"
  34      3C134890 
  34      891B2CC3 
  34      C30D9410 
  35 0027 BAD08390 		.ascii	"\272\320\203\220`a\340\002\211\361\314\211\204\0131"
ARM GAS  /tmp/ccRLDIlP.s 			page 2


  35      6061E002 
  35      89F1CC89 
  35      840B31
  36 0036 72814800 		.ascii	"r\201H\000&\023\007*"
  36      2613072A 
  37              		.text
  38              		.section	.gnu.lto_.pureconst.4c76938a8a5e860c,"",%progbits
  39 0000 789C6361 		.ascii	"x\234ca`d\340b```f\330\305\310\274\213\221e\027#\000"
  39      6064E062 
  39      60606066 
  39      D8C5C8BC 
  39      8B916517 
  40 0016 0C24024B 		.ascii	"\014$\002K"
  41              		.text
  42              		.section	.gnu.lto__port_irq_epilogue.part.0.4c76938a8a5e860c,"",%progbits
  43 0000 789C9D55 		.ascii	"x\234\235U]LSg\030\376\336\363\235\236\226R~\226,\273"
  43      5D4C5367 
  43      18FEDEF3 
  43      9D9E9652 
  43      7E962CBB 
  44 0014 E2022E88 		.ascii	"\342\002.\21011\036\335\262\351.v\261\270\230\354\242"
  44      31311EDD 
  44      B2E92E76 
  44      B1B898EC 
  44      A2
  45 0025 99A1C96E 		.ascii	"\231\241\311n\227\321\341 \212m\332\262\260\213\205"
  45      97D1E120 
  45      8A6DDAB2 
  45      B08B85
  46 0034 434B85C1 		.ascii	"CK\205\301T\2229\242\016C\200\030P\007\002\376\002\023"
  46      549239A2 
  46      0E438018 
  46      500702FE 
  46      0213
  47 0046 0A5819A8 		.ascii	"\012X\031\250e8dKd\016[\206fn\0135`\246\031\234\275"
  47      6538644B 
  47      640E5B86 
  47      666E0B35 
  47      60A6199C 
  48 005b EF770AB8 		.ascii	"\357w\012\270\"YX\323\236\237\367{\237\367y\336\237"
  48      225958D3 
  48      9E9FF77B 
  48      9FF779DE 
  48      9F
  49 006c EFABCC80 		.ascii	"\357\253\314\200\321\307af\354\032\336w\343\017\314"
  49      D1C76166 
  49      EC1ADE77 
  49      E30FCC
  50 007b 0C94DA08 		.ascii	"\014\224\332\010>( \211\273$\361\252ML\263\312t\265"
  50      3E282089 
  50      BB24F1AA 
  50      4D4CB3CA 
  50      74B5
  51 008d 713091B5 		.ascii	"q0\221\265\334\"/?\230\000\350A\263\000+S$.\233\240"
  51      DC222F3F 
  51      9800E841 
  51      B3002B53 
ARM GAS  /tmp/ccRLDIlP.s 			page 3


  51      242E9BA0 
  52 00a1 0C16A445 		.ascii	"\014\026\244E\011\006+g\273\245\315-\032~\246\303K\333"
  52      09062B67 
  52      BBA5CD2D 
  52      1A7EA6C3 
  52      4BDB
  53 00b3 B4D61004 		.ascii	"\264\326\020\0049c\272$H\031\264\300f\206n\321\316\245"
  53      3963BA24 
  53      4819B4C0 
  53      66866ED1 
  53      CEA5
  54 00c5 AFD2940A 		.ascii	"\257\322\224\012r\3136\026\241\025\311\0313\341\342"
  54      72CB3616 
  54      A115C919 
  54      33E1E2
  55 00d4 7845473D 		.ascii	"xEG=\237\227\202\034@\306\327\370\255\023\261tz\225"
  55      9F97821C 
  55      40C6D7F8 
  55      AD13B174 
  55      7A95
  56 00e6 201B5F67 		.ascii	" \033_gk\302}f\276\023(\314\310\337\207b\031\271\315"
  56      6BC27D66 
  56      BE1328CC 
  56      C8DF8762 
  56      19B9CD
  57 00f9 9AE6D7A6 		.ascii	"\232\346\327\246\365\005\373@\363A\255\266\334\022\344"
  57      F505FB40 
  57      F341ADB6 
  57      DC12E4
  58 0108 1CCE02C7 		.ascii	"\034\316\002\307\260p\006\262\3404d\031\334\337@.b\276"
  58      B07006B2 
  58      E0346419 
  58      DCDF402E 
  58      62BE
  59 011a 38B4382F 		.ascii	"8\2648/0\325B\341\361\326PE6\"\330\032\3676\341\036"
  59      30D542E1 
  59      F1D65045 
  59      3622D81A 
  59      F736E11E 
  60 012e 3A757112 		.ascii	":uq\022\226)\342o\264ui\332\347\357\254\307\320\276"
  60      9629E26F 
  60      B47569DA 
  60      E7EFACC7 
  60      D0BE
  61 0140 318673C2 		.ascii	"1\206s\302\275zd\246)\203\227\212\204\376\\\232\252"
  61      BD7A64A6 
  61      2983978A 
  61      84FE5C9A 
  61      AA
  62 0151 B6196CA1 		.ascii	"\266\031l\241\305\341\254\343\232\200\312\320\361\002"
  62      C5E1ACE3 
  62      9A80CAD0 
  62      F102
  63 015f B24EC83D 		.ascii	"\262N\310=\227\247i\272\036\320j{_\201L\020\031JB\005"
  63      97A769BA 
  63      1ED06A7B 
  63      5F814C10 
ARM GAS  /tmp/ccRLDIlP.s 			page 4


  63      194A4205 
  64 0173 17CBB2B8 		.ascii	"\027\313\262\270\232X\220\233\024\274(fz\262\340\005"
  64      9A58909B 
  64      14BC2866 
  64      7AB2E005 
  65 0183 7B3F8745 		.ascii	"{?\207E\247\026\316I\012\335y\\\222\304\375\001h1\275"
  65      A716CE49 
  65      0ADD795C 
  65      92C4FD01 
  65      6831BD
  66 0196 31B23DA9 		.ascii	"1\262=\251I\024H\364\210%\265/T\023\3660\350\002E\227"
  66      491448F4 
  66      8825B52F 
  66      5413F630 
  66      E8024597 
  67 01aa 20B9B3A4 		.ascii	" \271\263\244\207\301y\002\301\005\2722\366\031{\000"
  67      87C17902 
  67      C105BA32 
  67      F6197B00 
  68 01ba E551FD54 		.ascii	"\345Q\375Td\273\260`\307\313\020Tw\270\256A\3169\002"
  68      64BBB060 
  68      C7CB1054 
  68      77B8AE41 
  68      CE3902
  69 01cd 0DDA314C 		.ascii	"\015\3321L\327Bq\026\243\301X\212\214\"\341\"\344\010"
  69      D7427116 
  69      A3C1588A 
  69      8C22E122 
  69      E408
  70 01df D2EBD1F3 		.ascii	"\322\353\321\363=\012Z\340\022\310\001\216H\270\014"
  70      3D0A5AE0 
  70      12C8018E 
  70      48B80C
  71 01ee 328B8244 		.ascii	"2\213\202D\221\210\212\214(\177\350\350\307\253lQ\360"
  71      91888A8C 
  71      287FE8E8 
  71      C7AB6C51 
  71      F0
  72 01ff 4F879BDE 		.ascii	"O\207\233\336$\201B\215A\377\364\022O\316b\270\011\203"
  72      2481428D 
  72      41FFF412 
  72      4FCE62B8 
  72      0983
  73 0211 1979486B 		.ascii	"\031yHk\362h\247<\256\210<\272\015\325_\302\177\311"
  73      F268A73C 
  73      AE883CBA 
  73      0DD55FC2 
  73      7FC9
  74 0223 EE4996DD 		.ascii	"\356I\226\335K\262i\345[!\333?M2(\036\205\247\025\241"
  74      4BB269E5 
  74      5B21DB3F 
  74      4D32281E 
  74      85A715A1 
  75 0237 B5795C16 		.ascii	"\265y\\\026b\211\222\315\202\377q\345\004\220!\300\271"
  75      628992CD 
  75      82FF71E5 
  75      049021C0 
ARM GAS  /tmp/ccRLDIlP.s 			page 5


  75      B9
  76 0248 E12389E5 		.ascii	"\341#\211\345N\202pt\010\324\037\234<\375\252\341\201"
  76      4E827074 
  76      08D41F9C 
  76      3CFDAAE1 
  76      81
  77 0259 F129AFA7 		.ascii	"\361)\257\247WZ\256\232\214\375sL\327\365\014\270\212"
  77      575AAE9A 
  77      8CFD734C 
  77      D7F50CB8 
  77      8A
  78 026a 23F32FA0 		.ascii	"#\363/\240L\221\347\347\"~\023\331h\312c_\327+\004\221"
  78      4C91E7E7 
  78      227E13D9 
  78      68CA635F 
  78      D72B0491 
  79 027e 0D089A6A 		.ascii	"\015\010\232j\264\376\026K\003\234,\307\012d\006y\012"
  79      B4FE164B 
  79      039C2CC7 
  79      0A640679 
  79      0A
  80 028f C6863E9A 		.ascii	"\306\206>\232=\\{r\373\361\005\253\332F\305\321^\013"
  80      3D5C7B72 
  80      FBF105AB 
  80      DA46C5D1 
  80      5E0B
  81 02a1 722BF443 		.ascii	"r+\364C\003,\211=\016!Pi\017\377\372l,\205\002*\200"
  81      032C893D 
  81      0E215069 
  81      0FFFFA6C 
  81      2C85022A 
  82 02b6 3E161840 		.ascii	">\026\030@\344,\014\366\304\307\374)\206X\332\351u\301"
  82      E42C0CF6 
  82      C4C7FC29 
  82      8658DAE9 
  82      75C1
  83 02c8 C1313379 		.ascii	"\30113y\245\212\331\251\376\371H\273\305x\355\270\027"
  83      A58AD9A9 
  83      FEF948BB 
  83      C578EDB8 
  83      17
  84 02d9 D0D2D1D4 		.ascii	"\320\322\321\324\337\022_H]Ua\203!\334\002\203\011\031"
  84      DF125F48 
  84      5D556183 
  84      21DC0283 
  84      0919
  85 02eb 0F472762 		.ascii	"\017G'b\2002*\360\214I\203kB\003\235n\020\006\325\250"
  85      80322AF0 
  85      8C49836B 
  85      42039D6E 
  85      1006D5A8 
  86 02ff DD946490 		.ascii	"\335\224d\220\021\037Y\352\356\277\234\310xC\351]\027"
  86      111F59EA 
  86      EEBF9CC8 
  86      7843E95D 
  86      17
  87 0310 A1C53135 		.ascii	"\241\30515\014*\2063\242\337;c5\302\233\251\244\211"
ARM GAS  /tmp/ccRLDIlP.s 			page 6


  87      0C2A8633 
  87      A2DF3B63 
  87      35C29BA9 
  87      A489
  88 0322 0A237EF8 		.ascii	"\012#~\370\321\314I\013o\004\221\324\243\231\370Pjb"
  88      D1CC490B 
  88      6F0491D4 
  88      A399F850 
  88      6A62
  89 0334 4B2F54F2 		.ascii	"K/T\362\304\226\346\360\335\013\266\364\0105\307\214"
  89      C496E6F0 
  89      DD0BB6F4 
  89      0835C78C 
  90 0344 33EA8FEA 		.ascii	"3\352\217\352\177\\N\236\321\033w\362\310#1\245|\315"
  90      7F5C4E9E 
  90      D11B77F2 
  90      C82331A5 
  90      7CCD
  91 0356 390AA362 		.ascii	"9\012\243bBo\320A\012\254\203&\264\251\241\353/kN_b"
  91      426FD041 
  91      0AAC8326 
  91      B4A9A1EB 
  91      2F6B4E5F 
  92 036b 42D309D2 		.ascii	"B\323\011\322\026\353\325,bBo&&t\352D\317Q+M\350-\232"
  92      16EBD52C 
  92      62426F26 
  92      2674EA44 
  92      CF512B4D 
  93 0382 503C1B20 		.ascii	"P<\033 \"\016\336\346N\377M[\316\300\363\343\0359\354"
  93      220EDEE6 
  93      4EFF4D5B 
  93      CEC0F3E3 
  93      1D39EC
  94 0395 6FB409F0 		.ascii	"o\264\011\360\030\201\341{X\311[Hc\017!\020\372e\324"
  94      1881E17B 
  94      58C95B48 
  94      630F2110 
  94      FA65D4
  95 03a8 6694C582 		.ascii	"f\224\305\202\210\356\356\337\357\232\313\026\265*Q"
  95      88EEEEDF 
  95      EF9ACB16 
  95      B52A51
  96 03b7 E60C5D92 		.ascii	"\346\014]\222\0216\016ex\012e\262\373Pq7\220\277\352"
  96      11360E65 
  96      780A65B2 
  96      FB507137 
  96      90BFEA
  97 03ca BC320F66 		.ascii	"\2742\017f\314\340v\242*qL\265j\023\307\212?\253\214"
  97      CCE076A2 
  97      2A714CB5 
  97      6A13C78A 
  97      3FAB8C
  98 03dd 9CDDB3C1 		.ascii	"\234\335\263\301\376\355\240\376\375 \372\307\251\304"
  98      FEEDA0FE 
  98      FD20FAC7 
  98      A9C4
  99 03eb 13623C9F 		.ascii	"\023b<\237S\245}\032\344/\351\222\011\327\356\240,\342"
ARM GAS  /tmp/ccRLDIlP.s 			page 7


  99      53A57D1A 
  99      E42FE992 
  99      09D7EEA0 
  99      2CE2
 100 03fd 9357F89E 		.ascii	"\223W\370\236\374?\276\311U\276\037\327\341\243N\375"
 100      FC3FBEC9 
 100      55BE1FD7 
 100      E1A34EFD 
 101 040d 94E03389 		.ascii	"\224\3403\211\223\3677\360g\032\377\222s8\305h\3012"
 101      93F737F0 
 101      671AFF92 
 101      7338C568 
 101      C132
 102 041f BFAE16BA 		.ascii	"\277\256\026\272\212\013\324|W~\321>\227\352,,\312/"
 102      8A0BD47C 
 102      577ED13E 
 102      97EA2C2C 
 102      CA2F
 103 0431 727955FC 		.ascii	"ryU\374z|\252\333\345\361y\325\267\363\354\273\354\245"
 103      7A7CAADB 
 103      E5F179D5 
 103      B7F3ECBB 
 103      ECA5
 104 0443 B8E47479 		.ascii	"\270\344ty\012>\370dG\361V'S<\005\336\222\375\276\235"
 104      0A3EF864 
 104      47F15627 
 104      533C05DE 
 104      92FDBE9D 
 105 0457 EB810B4A 		.ascii	"\353\201\013J}\352.\273\343]\207Zt\300\271\277\344\243"
 105      7DEA2EBB 
 105      E35D875A 
 105      74C0B9BF 
 105      E4A3
 106 0469 0255809D 		.ascii	"\002U\200\235\305\273K\0168\267\0262\331\351+u\003\313"
 106      C5BB4B0E 
 106      38B71632 
 106      D9E92B75 
 106      03CB
 107 047b 78DF9EE7 		.ascii	"x\337\236\347\310\316\335\266%{\257\333\353\3640\376"
 107      C8CEDDB6 
 107      257BAFDB 
 107      EBF430FE 
 108 048b 9687A52D 		.ascii	"\226\207\245-\233\334^\267\225\245\373\\\356\367\366"
 108      9BDC5EB7 
 108      95A5FB5C 
 108      EEF7F6
 109 049a EEF1B89C 		.ascii	"\356\361\270\234\016\337\207\316}ivG\036-lA\017+\223"
 109      0EDF87CE 
 109      7D697647 
 109      1E2D6C41 
 109      0F2B93
 110 04ad 10E175B3 		.ascii	"\020\341u\263\177\000<\272\265\332"
 110      7F003CBA 
 110      B5DA
 111              		.text
 112              		.section	.gnu.lto_SVC_Handler.4c76938a8a5e860c,"",%progbits
 113 0000 789C9D94 		.ascii	"x\234\235\224\357oSe\024\307\237s\237\333\333\273\266"
ARM GAS  /tmp/ccRLDIlP.s 			page 8


 113      EF6F5365 
 113      14C79F73 
 113      9FDBDBBB 
 113      B6
 114 0011 1B7BE70B 		.ascii	"\033{\347\013Il_\354\005\011\341\372F\345\015$\206\304"
 114      496C5FEC 
 114      0509E1FA 
 114      46E50D24 
 114      86C4
 115 0023 C4178D66 		.ascii	"\304\027\215f\375\003\314v\251Y\303\2726mG\346\013\303"
 115      FD03CC76 
 115      A959C3BA 
 115      366D47E6 
 115      0BC3
 116 0035 6DBB7671 		.ascii	"m\273vq30\023\234+\001\033G\226Ma\277\235\302\300R6"
 116      3330139C 
 116      2B011B47 
 116      964D61BF 
 116      9DC2C052 
 117 004a D639189B 		.ascii	"\3269\030\233&@0\231dt[!#\021\206\222\220\310Z\317y"
 117      26403099 
 117      64745B21 
 117      23118692 
 117      90C85ACF 
 118 005f 6EA3D261 		.ascii	"n\243\322a\2146\315\355}\236s\316\367\234\347s\236S"
 118      8C36CDED 
 118      7D9E73CE 
 118      F79CE773 
 118      9E53
 119 0071 9901A34F 		.ascii	"\231\001\243O\324\302\230\025__\306w\340\014\244\356"
 119      D4C29815 
 119      5F5FC677 
 119      E00CA4EE 
 120 0081 45DC5425 		.ascii	"E\334T%\000z1T`G$8\002O\244-\011\246;\012\347\245]\003"
 120      007A3154 
 120      60472438 
 120      024FA42D 
 120      09A63B0A 
 121 0099 067E5666 		.ascii	"\006~Vf\323\334\030\314B\2023V\222\204\022\203\001\330"
 121      D3DC18CC 
 121      42823356 
 121      92841283 
 121      01D8
 122 00ab C5D0EDC7 		.ascii	"\305\320\355\307\366\321\223\3747)\301\001d\\n^?\261"
 122      F6D193FC 
 122      3729C101 
 122      645C6E5E 
 122      3FB1
 123 00bd 5A434B09 		.ascii	"ZCK\011\234\270\354\234_\353\333\301\367\002y\376R\\"
 123      9CB8EC9C 
 123      5FEBDBC1 
 123      F70279FE 
 123      525C
 124 00cf EE74D49D 		.ascii	"\356t\324\2356\214\230\221\375$\367R\312\310\266;\023"
 124      368C9891 
 124      FD24F752 
 124      CAC8B63B 
ARM GAS  /tmp/ccRLDIlP.s 			page 9


 124      13
 125 00e0 9CC357C0 		.ascii	"\234\303W\300Q\024\276\204\2350\010;\2058z\347\307\212"
 125      5114BE84 
 125      9D30083B 
 125      85387AE7 
 125      C78A
 126 00f2 9F562BED 		.ascii	"\237V+\355\224\336\011g\240\316L\014gA\301\372%\332"
 126      94DE0967 
 126      A0CE4C0C 
 126      6741C1FA 
 126      25DA
 127 0104 41A742D7 		.ascii	"A\247B\327l\306\312\367\011\371l\377\344-0\345WR\311"
 127      6CC6CAF7 
 127      09F96CFF 
 127      E42D30E5 
 127      5752C9
 128 0117 965BFD49 		.ascii	"\226[\375I\243\373\262\232\3402\014mO\000\303P7R\237"
 128      A3FBB29A 
 128      E0320C6D 
 128      4F00C350 
 128      37529F
 129 012a 354AA538 		.ascii	"5J\2458\236\356\225sO7T\233\304\022\334\302\351\241"
 129      9EEE9573 
 129      4F37549B 
 129      C412DCC2 
 129      E9A1
 130 013c 30D2B78A 		.ascii	"0\322\267\212\247J\033U\"\200\261GX\003\221\332\224"
 130      A74A1B55 
 130      2280B147 
 130      580391DA 
 130      94
 131 014d 24FAE505 		.ascii	"$\372\345\005\230\236\032\313\335\345TV\234\023\265"
 131      989E1ACB 
 131      DDE55456 
 131      9C13B5
 132 015c 9EC4F492 		.ascii	"\236\304\364\222\225\316\257\210\242:\177>6\254\232"
 132      95CEAF88 
 132      A23A7F3E 
 132      36AC9A
 133 016b CBD13B71 		.ascii	"\313\321;q\243\006\267.\015l>\261\247\341\024\322\264"
 133      A306B72E 
 133      0D6C3EB1 
 133      A7E114D2 
 133      B4
 134 017c C228D634 		.ascii	"\302(\3264B5\241\341\376\325\033\253\240\015\031\355"
 134      4235A1E1 
 134      FED51BAB 
 134      A00D19ED 
 135 018c 51A336C1 		.ascii	"Q\2436\301U\030\2034\024\005m\030\007\215\025 \376L"
 135      55188334 
 135      14056D18 
 135      078D1520 
 135      FE4C
 136 019e 31137133 		.ascii	"1\023q3\327\235k\037\377.X[\240X*\225v\300\004*aI=@"
 136      D79D6B1F 
 136      FF2E585B 
 136      A0582A95 
ARM GAS  /tmp/ccRLDIlP.s 			page 10


 136      76C0042A 
 137 01b6 6EFF25D5 		.ascii	"n\377%\325\327\177\245\232\004\015\023\260{\020\315"
 137      D77FA59A 
 137      040D13B0 
 137      7B10CD
 138 01c5 A7920F5F 		.ascii	"\247\222\017_\177\276\023\331\256\205(\310\242\013%"
 138      7FBE13D9 
 138      AE8528C8 
 138      A20B25
 139 01d4 09B6B589 		.ascii	"\011\266\265\211\030\3017\240\240\314\267\370\304F}"
 139      18C137A0 
 139      A0CCB7F8 
 139      C4467D
 140 01e3 48488EF6 		.ascii	"HH\216\366\244eW\027\244\215^\354w\025Em\345\023\253"
 140      A4655717 
 140      A48D5EEC 
 140      7715456D 
 140      E513AB
 141 01f6 55322684 		.ascii	"U2&\204s\340\022\025\345\362\023S\012\356\300y\220\343"
 141      73E01215 
 141      E5F21353 
 141      0AEEC079 
 141      90E3
 142 0208 E8C4600A 		.ascii	"\350\304`\012\023\345!\266BU\220\034\251\223\205\366"
 142      13E521B6 
 142      4255901C 
 142      A99385F6 
 143 0218 1285AC2C 		.ascii	"\022\205\254,\256\202\350J\001b\217;\256\200\311F1}"
 143      AE82E84A 
 143      01628F3B 
 143      AE80C946 
 143      317D
 144 022a 24613E43 		.ascii	"$a>C!\012\241;\231,\244jL\017+na\306\345\276\343\375"
 144      210AA13B 
 144      992CA46A 
 144      4C0F2B6E 
 144      61C6E5BE 
 145 0240 B27971EF 		.ascii	"\262yq\3573\270\200d\236\213\262\232\262\305T\231\271"
 145      33B88064 
 145      9E8BB29A 
 145      B2C55499 
 145      B9
 146 0251 4A5B650F 		.ascii	"J[e\017\214\236{\260vJ\345\307@@x\260\2669c/\337\354"
 146      8C9E7BB0 
 146      764AE5C7 
 146      404078B0 
 146      B639632F 
 147 0267 AD9F1C46 		.ascii	"\255\237\034FwT\334\273\213/\270w\337\221\266\212xc"
 147      7754DCBB 
 147      8B2FB877 
 147      DF91B68A 
 147      7863
 148 0279 F9546EAB 		.ascii	"\371Tn\253\022\357\374\022\220G\031\260T\011\230AF\300"
 148      12EFFC12 
 148      904719B0 
 148      54099841 
 148      46C0
ARM GAS  /tmp/ccRLDIlP.s 			page 11


 149 028b BD444300 		.ascii	"\275DC\000\354s@{_z\374\251\315u\266L\327F!C\253\027"
 149      EC73407B 
 149      5F7AFCA9 
 149      CD75B64C 
 149      D7462143 
 150 02a1 0C55D0CD 		.ascii	"\014U\320\315\226\351.\237\230:n#\272\227\211\256\212"
 150      96E92E9F 
 150      983A6E23 
 150      BA9789AE 
 150      8A
 151 02b2 966931AD 		.ascii	"\226i1\255\247\307b\013\016\327\310\337[\263x4\366\205"
 151      A7C7620B 
 151      0ED7C8DF 
 151      5BB37834 
 151      F685
 152 02c4 4304CF50 		.ascii	"C\004\317P0\\\021m0\301Pi\304\277\226\034\357]\354\270"
 152      305C116D 
 152      30C15069 
 152      C4BF961C 
 152      EF5DECB8 
 153 02d8 017CC224 		.ascii	"\001|\302$0\231\271\335k+\017\337\257]\007\347h\370"
 153      3099B9DD 
 153      6B2B0FDF 
 153      AF5D07E7 
 153      68F8
 154 02ea 4C08B32F 		.ascii	"L\010\263/\200\220\023\303\373\347\250\310x\2309\264"
 154      809013C3 
 154      FBE7A8C8 
 154      789839B4 
 155 02fa 0928C942 		.ascii	"\011(\311B\257RA\345\243\233P&\302+\210d\327?{\0068"
 155      AF5241E5 
 155      A39B5026 
 155      C22B8864 
 155      D73F7B06 
 156 030f A7DF9351 		.ascii	"\247\337\223Q\2560\032C\373)\023\203y\262Z\266\303\274"
 156      AE301A43 
 156      FB291383 
 156      79B25AB6 
 156      C3BC
 157 0321 2A605E33 		.ascii	"*`^3a>\374W\230\013e\230\305\364\335\214\235`^\007Y"
 157      613EFC57 
 157      980B6598 
 157      C5F4DD8C 
 157      9D605E07 
 158 0336 D4CD6051 		.ascii	"\324\315`Q\320\034\314\314\254;\\\206dF\333\311\367"
 158      D01CCCCC 
 158      AC3B5C86 
 158      6446DBC9 
 158      F7
 159 0347 F1F0F84D 		.ascii	"\361\360\370M\273\210^\0224\1770i\012\004\214m\340U"
 159      BB885E12 
 159      347F3069 
 159      0A048C6D 
 159      E055
 160 0359 5EDF50E9 		.ascii	"^\337P\351l\002\314#\234)\374[A\367\327\264\246\200"
 160      6C02CC23 
 160      9C29FC5B 
ARM GAS  /tmp/ccRLDIlP.s 			page 12


 160      41F7D7B4 
 160      A680
 161 036b DFAB3506 		.ascii	"\337\2535\006\032}\207\002\232\336\344k\364\005\302"
 161      1A7D8702 
 161      9ADEE46B 
 161      F405C2
 162 037a 1A7E4311 		.ascii	"\032~C\021-\030\010E\302\332\233\365\356\003\35664\351"
 162      2D180845 
 162      C2DA9BF5 
 162      EE03EE36 
 162      34E9
 163 038c 8190F7BD 		.ascii	"\201\220\367\275\303o\370\367\350L\326#mA%\344\015\267"
 163      C36FF8F7 
 163      E84CD623 
 163      6D4125E4 
 163      0DB7
 164 039e 3647F6FE 		.ascii	"6G\366\376\223\202\267-\242\035p{\336\366h\276\026\275"
 164      9382B72D 
 164      A21D707B 
 164      DEF668BE 
 164      16BD
 165 03b0 B9F5A057 		.ascii	"\271\365\240W\023\012\272\377\255\326\026}O\023\253"
 165      130ABAFF 
 165      ADD6167D 
 165      4F13AB
 166 03bf 76D77B9C 		.ascii	"v\327{\234u\257\356v\006\303A\033\343\373B\254&\022"
 166      75AFEE76 
 166      06C3411B 
 166      E3FB42AC 
 166      2612
 167 03d1 08BEF3FE 		.ascii	"\010\276\363\376\273\241\200\356\2114\350\207\252\335"
 167      BBA180EE 
 167      8934E887 
 167      AADD
 168 03df 9E7A32EE 		.ascii	"\236z2\356F/\033\223B\214\207\203\314r\270\241\271\325"
 168      462F1B93 
 168      428C8783 
 168      CC72B8A1 
 168      B9D5
 169 03f1 FB7FCA6E 		.ascii	"\373\177\312nb\265$\330\330\020\366\006C>\022eV\277"
 169      62B524D8 
 169      D810F606 
 169      433E1265 
 169      56BF
 170 0403 D71F087D 		.ascii	"\327\037\010}\300\376\000\303\022%\035"
 170      C0FE00C3 
 170      12251D
 171              		.text
 172              		.section	.gnu.lto__port_irq_epilogue.4c76938a8a5e860c,"",%progbits
 173 0000 789C9D53 		.ascii	"x\234\235SMOSA\024\275g\346\265\324\202\244+\026\206"
 173      4D4F5341 
 173      14BD67E6 
 173      B5D482A4 
 173      2B1686
 174 0013 4559B030 		.ascii	"EY\26001>6\012\013%\032\023\023\027l\340\007\030\251"
 174      313E360A 
 174      0B251A13 
ARM GAS  /tmp/ccRLDIlP.s 			page 13


 174      13176CE0 
 174      0718A9
 175 0026 4D68A4D6 		.ascii	"Mh\244\326\224\217\340\306\016\224\212\356\\\250!F\323"
 175      948FE0C6 
 175      0E948AEE 
 175      5CA82146 
 175      D3
 176 0037 A80BF1A3 		.ascii	"\250\013\361\243\242\370Y\255\265\242&\030\025cR\023"
 176      A2F859AD 
 176      B5A22618 
 176      15635213 
 177 0047 950D1F11 		.ascii	"\225\015\037\021\304`\002F\023M\244\365\316\024\210"
 177      C4600246 
 177      134DA4F5 
 177      CE1488
 178 0056 4260E1A4 		.ascii	"B`\341\244\257\363f\356=s\356\234{\236E =&$\321\020"
 178      AFF366EE 
 178      3D73EE9C 
 178      7B9E4520 
 178      3D2624D1 
 179 006b CFDBF981 		.ascii	"\317\333\371\201\223 N\014\023u\272\204\220\3312Rn+"
 179      93204E0C 
 179      1375BA84 
 179      90D93252 
 179      6E2B
 180 007d 554DAA44 		.ascii	"UM\252D\302\241\267a\025\346N\227\003\320/\312\005\212"
 180      C2A1B761 
 180      15E64E97 
 180      03D02FCA 
 180      058A
 181 008f 08693910 		.ascii	"\010i9\020\301\0171/0\3303\231\024\033/)\036\243\317"
 181      C10F312F 
 181      30D83399 
 181      141B2F29 
 181      1EA3CF
 182 00a2 7355AA2F 		.ascii	"sU\252/\203\030\023\344\205\341\"\\\302F\342\264\361"
 182      831813E4 
 182      85E1225C 
 182      C246E2B4 
 182      F1
 183 00b3 9BB953EB 		.ascii	"\233\271S\353\235\335:\315[\010\242\017N]P\177}F\345"
 183      9DDD3ACD 
 183      5B08A20F 
 183      4E5D507F 
 183      7D46E5
 184 00c6 F351A5F2 		.ascii	"\363Q\245\362U\303\225.A1\011\251\377\210f9Ms\316\011"
 184      55C3952E 
 184      413109A9 
 184      FF886639 
 184      4D73CE09 
 185 00da A167398E 		.ascii	"\241g9\216.\217>\353m\367\215\263\362\273\210I\001\213"
 185      2E8F3EEB 
 185      6DF78DB3 
 185      F2BB8849 
 185      018B
 186 00ec 9773AFCF 		.ascii	"\227s\257\317L\224\352\245\204\227\227S\251\236,d\015"
 186      4C94EAA5 
ARM GAS  /tmp/ccRLDIlP.s 			page 14


 186      84979753 
 186      A99E2C64 
 186      0D
 187 00fd 74E69DF4 		.ascii	"t\346\235\364\373^w\345E\245\272\324\350\374\330\266"
 187      FB5E77E5 
 187      45A5BAD4 
 187      E8FCD8B6 
 188 010d 6B034A1D 		.ascii	"k\003J\035\337\021\223\026\256Br\021\270\202r\\Fy\241"
 188      DF119316 
 188      AE427211 
 188      B882725C 
 188      4679A1
 189 0120 D26BA864 		.ascii	"\322k\250dH\317\264zd\351\323,x\221\340\330\024\272"
 189      48CFB47A 
 189      64E9D32C 
 189      7891E0D8 
 189      14BA
 190 0132 C63FF44C 		.ascii	"\306?\364L\366:\377\275E\346x\016\346\016y\201e\027"
 190      F63AFFBD 
 190      45E6780E 
 190      E60E7981 
 190      6517
 191 0144 CCFC7A79 		.ascii	"\314\374zy\204p]\207\304\262\220:\277]\363\020\372u"
 191      84705D87 
 191      C4B2903A 
 191      BF5DF310 
 191      FA75
 192 0156 54AE5006 		.ascii	"T\256P\0067\270#\204\233Z\032P\002\034\277\020\037\370"
 192      37B82384 
 192      9B5A1A50 
 192      021CBF10 
 192      1FF8
 193 0168 E9AE4823 		.ascii	"\351\256H#\256z\2751\351\320\220\304\304C\345\262X\035"
 193      AE7ABD31 
 193      E9D090C4 
 193      C443E5B2 
 193      581D
 194 017a 0CA082F4 		.ascii	"\014\240\202\364\316\354LvD\360\016nq\307t\325\204\333"
 194      CEEC4C76 
 194      44F00E6E 
 194      71C774D5 
 194      84DB
 195 018c 469CBEF4 		.ascii	"F\234\276\364\323O%\025O\026\320N\235\373\355\372\300"
 195      D34F2515 
 195      4F16D04E 
 195      9DFBEDFA 
 195      C0
 196 019d BB6283BE 		.ascii	"\273b\203\276\243\321\270\013\213\306!\214\000D\223"
 196      A3D1B80B 
 196      8BC6218C 
 196      004493
 197 01ac 187C909C 		.ascii	"\030|\220\234\216o\325W\213J\335\341\323\261\3017EZ"
 197      8E6FD557 
 197      8B4ADDE1 
 197      D3B1C137 
 197      455A
 198 01be 912273D1 		.ascii	"\221\"s\321\316d\352\244\243\260T\037\243\252T7\244"
ARM GAS  /tmp/ccRLDIlP.s 			page 15


 198      CE64EAA4 
 198      A3B0541F 
 198      A3AA5437 
 198      A4
 199 01cf B76BCC15 		.ascii	"\267k\314\025\3079\356\274\013\367Y\323{\272\002\016"
 199      C739EEBC 
 199      0BF759D3 
 199      7BBA020E 
 200 01df CC9C1ABA 		.ascii	"\314\234\032\272\342\266\023\252\233#\353\220D\0349"
 200      E2B613AA 
 200      9B23EB90 
 200      441C39
 201 01ee E30B3C80 		.ascii	"\343\013<\200\315L\321\337G\263\242@$\013\\__}\272`"
 201      CD4CD1DF 
 201      47B3A240 
 201      240B5C5F 
 201      5F7DBA60 
 202 0202 D4079407 		.ascii	"\324\007\224\007\017\371\2301t\217D7,$qF\377L\362\327"
 202      0FF99831 
 202      748F4437 
 202      2C247146 
 202      FF4CF2D7 
 203 0216 FA420621 		.ascii	"\372B\006!\265\320\2739\2262[&?#\352\321\231\232:\231"
 203      B5D0BB39 
 203      96325B26 
 203      3F23EAD1 
 203      999A3A99 
 204 022a 9C19298A 		.ascii	"\234\031)\212\314\253cJyb\322\235\027\026\323>B\204"
 204      CCAB634A 
 204      7962D29D 
 204      1716D33E 
 204      4284
 205 023c AD556C10 		.ascii	"\255Ul\020\026\245\252\227,\365\217Q\316\327\256m\224"
 205      16A5AA97 
 205      2CF58F51 
 205      CED7AE6D 
 205      94
 206 024d B431CA92 		.ascii	"\2641\312\222,\026\027\362x\015\243\274\230\024\013"
 206      2C1617F2 
 206      780DA3BC 
 206      98140B
 207 025c 4671AC30 		.ascii	"Fq\2540\312D\204\220\321!\347r\243$j5\017\341\311*F"
 207      CA448490 
 207      D121E772 
 207      A3246A35 
 207      0FE1C92A 
 208 0271 19344679 		.ascii	"\0314Fy\372\227Qr\361\261t\361\242\007\036\033\017<"
 208      FA975172 
 208      F1B174F1 
 208      A2071E1B 
 208      0F3C
 209 0283 331E58DE 		.ascii	"3\036X\336\360\347\213\015\327\004F\013\207\371\276"
 209      F0E78B0D 
 209      D704460B 
 209      87F9BE
 210 0292 BE6831CC 		.ascii	"\276h1\314\230eO\363\016C\266\330M\241\240\337n\014"
 210      98654FF3 
ARM GAS  /tmp/ccRLDIlP.s 			page 16


 210      0E43B6D8 
 210      4DA1A0DF 
 210      6E0C
 211 02a4 35060E84 		.ascii	"5\006\016\204l_S\2401\020j\261\371\027n\265\017\205"
 211      6C5F53A0 
 211      31106AB1 
 211      F9176EB5 
 211      0F85
 212 02b6 C2AD2DF6 		.ascii	"\302\255-\366\316\372\272]u\035\034\362\205\302\376"
 212      CEFABA5D 
 212      751D1CF2 
 212      85C2FE
 213 02c5 BDEDD5C1 		.ascii	"\275\355\325\301\315>r\264\357kn\363\377\017\266\211"
 213      CD3E72B4 
 213      EF6B6EF3 
 213      FF0FB689 
 214 02d5 6A5643F9 		.ascii	"jVC\371;Z\355]u\015{\032\354\300A_s\333~\277mP\276\340"
 214      3B5AED5D 
 214      750D7B1A 
 214      ECC0415F 
 214      73DB7EBF 
 215 02ed EEB6833E 		.ascii	"\356\266\203>\006z\352\032\352\275\215\373Z\374\207"
 215      067AEA1A 
 215      EABD8DFB 
 215      5AFC87
 216 02fc C2814DDE 		.ascii	"\302\201M\336\312*\022a*\012\372\203\241\360a\372\003"
 216      CA2A1261 
 216      2A0AFA83 
 216      A1F061FA 
 216      03
 217 030d 8FC39911 		.ascii	"\217\303\231\021"
 218              		.text
 219              		.section	.gnu.lto_.symbol_nodes.4c76938a8a5e860c,"",%progbits
 220 0000 789C6361 		.ascii	"x\234ca`d\250a\000\002\246_\214\365\014\014\023\316"
 220      6064A861 
 220      0002A65F 
 220      8CF50C0C 
 220      13CE
 221 0012 3130D433 		.ascii	"10\32430\356lY\330\240\300\300\300\370\205\261\236\021"
 221      30EE6C59 
 221      D8A0C0C0 
 221      C0F885B1 
 221      9E11
 222 0024 2CC6C0D0 		.ascii	",\306\300\320\260\000$\360\225\261\236\011Y\200\351"
 222      B00024F0 
 222      95B19E09 
 222      5980E9
 223 0033 23633D33 		.ascii	"#c=3T\027\303\256\006E\240\310'\306z\026\024\021\306"
 223      5417C3AE 
 223      0645A0C8 
 223      27C67A16 
 223      1411C6
 224 0046 CF8CF5AC 		.ascii	"\317\214\365\2540M c\231\031X\031\226t\277\221gfa`x"
 224      304D2063 
 224      99195819 
 224      9674BF91 
 224      67666160 
ARM GAS  /tmp/ccRLDIlP.s 			page 17


 225 005b B4528D01 		.ascii	"\264R\215\001\000\034-\037\323"
 225      001C2D1F 
 225      D3
 226              		.text
 227              		.section	.gnu.lto_.refs.4c76938a8a5e860c,"",%progbits
 228 0000 789C6361 		.ascii	"x\234ca`d\340d```b`b\024gb\222`\000\000\001\260\000"
 228      6064E064 
 228      60606062 
 228      60621467 
 228      62926000 
 229 0018 47       		.ascii	"G"
 230              		.text
 231              		.section	.gnu.lto_.decls.4c76938a8a5e860c,"",%progbits
 232 0000 789CBD59 		.ascii	"x\234\275YkP\024Y\226\256\233\267x\025\005t \273\333"
 232      6B501459 
 232      96AE9BB7 
 232      78150574 
 232      20BBDB
 233 0013 46B0BB1D 		.ascii	"F\260\273\035\035FHlL\013\264\366N\357\306l\204\212"
 233      1D46486C 
 233      4C0BB4F6 
 233      4EEFC66C 
 233      848A
 234 0025 CD486C38 		.ascii	"\315Hl8C@\353\237\235\230Z\304\352\206\030\004\273\252"
 234      4340EB9F 
 234      9D985AC4 
 234      EA861804 
 234      BBAA
 235 0037 9CEEFEB1 		.ascii	"\234\356\376\261\261\211\240\240\202\202\"\"/y(\240"
 235      B189A0A0 
 235      82822222 
 235      2F7928A0 
 236 0047 80A02082 		.ascii	"\200\240 \202\"\226(\017mE\004\345-\017\305'\017y\011"
 236      2296280F 
 236      6D4504E5 
 236      2D0FC527 
 236      0F7909
 237 005a E28B3DF7 		.ascii	"\342\213=\367\336\314\312\254\244\350\351\331\215\330"
 237      DECCCAAC 
 237      A4E8E9D9 
 237      8DD8
 238 0068 0A4E669E 		.ascii	"\012Nf\236\314\357~\347\334s_\347^\324*\244\"\277\373"
 238      CCEF7EE7 
 238      DC735FE7 
 238      5ED42AA4 
 238      22BFFB
 239 007b FFA8527D 		.ascii	"\377\250R}\252V\251J@]\200\037<\252\266\250\244\237"
 239      AA56A94A 
 239      405D801F 
 239      3CAAB6A8 
 239      A49F
 240 008d 3D482948 		.ascii	"=H)H9\3109\220J\220*\220:\325\342\037\301\271\013\345"
 240      39C83990 
 240      4A902A90 
 240      3AD5E21F 
 240      C1B90BE5 
 241 00a1 C9DD03A4 		.ascii	"\311\335\003\244\021\304\015\270W\302}3H\015\310r\320"
ARM GAS  /tmp/ccRLDIlP.s 			page 18


 241      11C40DB8 
 241      57C27D33 
 241      480DC872 
 241      D0
 242 00b2 5D416EC2 		.ascii	"]An\302\263\017\334\275A\376\036d5\310\032\220\313\360"
 242      B30FDCBD 
 242      41FE1E64 
 242      35C81A90 
 242      CBF0
 243 00c4 FE0BB813 		.ascii	"\376\013\270\023_fAV\3023\007b\017\342 \330\371Wx\376"
 243      5F664156 
 243      C2330762 
 243      0FE220D8 
 243      F95778FE 
 244 00d8 3790F588 		.ascii	"7\220\365\210\371\"\372\247\374\021\177\265\012\237"
 244      F922FAA7 
 244      FC117FB5 
 244      0A9F
 245 00e6 883FC4AF 		.ascii	"\210?\304\257\225\012\373\313\005\037~\013B\242\363"
 245      950AFBCB 
 245      051F7E0B 
 245      42A2F3
 246 00f5 4F88D59F 		.ascii	"O\210\325\237p\210\266\002@\376\035\344wh\261\255*\231"
 246      7088B602 
 246      40FE1DE4 
 246      7768B1AD 
 246      2A99
 247 0107 AD958A18 		.ascii	"\255\225\212\030\210\274\231 \031\202\275,\220\022\025"
 247      88BC9920 
 247      1982BD2C 
 247      901215
 248 0116 B39526D4 		.ascii	"\263\225&\324\215p\034\207\347\\\301\006\251\253hS\371"
 248      8D701C87 
 248      E75CC106 
 248      A9AB6853 
 248      F9
 249 0127 7BCFA1B2 		.ascii	"{\317\241\262\350Y\263\246\027u#\016h>\242o\021bWDE"
 249      E859B3A6 
 249      1775230E 
 249      683EA26F 
 249      11625744 
 250 013c C584AAF0 		.ascii	"\305\204\252\360\300\251\204\272\211\257\220\010\024"
 250      C0A984BA 
 250      89AF9008 
 250      14
 251 0149 744E7C54 		.ascii	"tN|TY\310\350\237P\236\366\021\372\243$\022;\022\012"
 251      59C8E89F 
 251      509EF611 
 251      FAA32412 
 251      3B120A
 252 015c 315D28AC 		.ascii	"1](\254\022-p\222\001A\025\013\310\370\230\273\002\235"
 252      122D7092 
 252      0141150B 
 252      C8F898BB 
 252      029D
 253 016e E4B3A54E 		.ascii	"\344\263\245NH\254\364\273\304\272*-\206\036\001\317"
 253      48ACF4BB 
ARM GAS  /tmp/ccRLDIlP.s 			page 19


 253      C4BA2A2D 
 253      861E01CF 
 254 017e 03F345FE 		.ascii	"\003\363E\376\253Jx\370%\361<\367\033)2wc\3133\361\014"
 254      AB4A78F8 
 254      25F13CF7 
 254      1B293277 
 254      63CB33F1 
 255 0193 87DC3548 		.ascii	"\207\3345H\015\352\344\355\364G\256\240zh\320'\240\276"
 255      0DEAE4ED 
 255      F447AEA0 
 255      7A68D027 
 255      A0BE
 256 01a5 BF9191CE 		.ascii	"\277\221\221\316}\234J\313\305\360\237\250\321\226\277"
 256      7D9C4ACB 
 256      C5F09FA8 
 256      D196BF
 257 01b4 45C5C813 		.ascii	"E\305\310\023\235F\236`\250\004}\014\327\255j\306\224"
 257      9D469E60 
 257      A8047D0C 
 257      D7AD6AC6 
 257      94
 258 01c5 7862A4D7 		.ascii	"xb\244\327\341\323\034\336\\\316\017f<wK\215\211m\206"
 258      E1D31CDE 
 258      5CCE0F66 
 258      3C774B8D 
 258      896D86
 259 01d8 623E0485 		.ascii	"b>\004\205\212\020F\247\320*\342\035<\222[!\352\005"
 259      8A1046A7 
 259      D02AE21D 
 259      3C925B21 
 259      EA05
 260 01ea B74BD1A7 		.ascii	"\267K\321\247Pr\354\366\271sn\370?\250\243?o\261\314"
 260      5072ECF6 
 260      B9736EF8 
 260      3FA8A33F 
 260      6FB1CC
 261 01fd CA62C1B1 		.ascii	"\312b\301\261wu\316`q\220\347\007\333\343v\356\316\337"
 261      7775CE60 
 261      7190E707 
 261      DBE376EE 
 261      CEDF
 262 020f 634E4214 		.ascii	"cNB\024\204\316H\006\317P\203\360PN\215\015\015\236"
 262      84CE4806 
 262      CF5083F0 
 262      504E8D0D 
 262      0D9E
 263 0221 9C72C685 		.ascii	"\234r\306\205\210Z\233\3544\277ua\014\346\216N-\024"
 263      885A9BEC 
 263      34BF7561 
 263      0CE68E4E 
 263      2D14
 264 0233 A7A5CF4A 		.ascii	"\247\245\317J\245\317\212\245\317\321\322E\0153'1\276"
 264      A5CF8AA5 
 264      CFD1D245 
 264      0D332731 
 264      BE
 265 0244 C44ABFDE 		.ascii	"\304J\277\336W\363\222\330\317!5\236_}\2147\307\202"
ARM GAS  /tmp/ccRLDIlP.s 			page 20


 265      57F392D8 
 265      CF21359E 
 265      5F7D8C37 
 265      C782
 266 0256 DB1CA5A8 		.ascii	"\333\034\245\250\220(*\3445\256\2444\003\023\323M\316"
 266      90282AE4 
 266      35AEA434 
 266      0313D34D 
 266      CE
 267 0267 B889D134 		.ascii	"\270\211\3214<|Y\354\312h\3143MZ>)\232\317YKI\316K$"
 267      3C7C59EC 
 267      CA68CC33 
 267      4D5A3E29 
 267      9ACF594B 
 268 027f E7E52455 		.ascii	"\347\345$U\224$'m\366\271=\356a$\267\033\332\323\034"
 268      9424276D 
 268      F6B93DEE 
 268      6124B71B 
 268      DAD31C
 269 0292 F00C55D4 		.ascii	"\360\014U\324\303g*;0r\362D\0208\344\025\307\363\273"
 269      C3672A3B 
 269      3072F244 
 269      1038E415 
 269      C7F3BB
 270 02a5 F8895D39 		.ascii	"\370\211]9\237|\247B\253=\221\217\247\012\325\"/T\203"
 270      9F7CA742 
 270      AB3D918F 
 270      A70AD522 
 270      2F5483
 271 02b8 9C80F022 		.ascii	"\234\200\360\"@.Al\323yG\372&\235\217\347\371\217\350"
 271      402E416C 
 271      D37947FA 
 271      269D8FE7 
 271      F98FE8
 272 02cb 6381D85D 		.ascii	"c\201\330]TDE\325B$X\354\333\307\037\231\355\344\355"
 272      544445D5 
 272      422458EC 
 272      DBC71F99 
 272      EDE4ED
 273 02de 44205243 		.ascii	"D RC]\266j\250\274\352\2646!\314\203\257\016\376!\255"
 273      5DB66AA8 
 273      BCEAB436 
 273      21CC83AF 
 273      0EFE21AD 
 274 02f2 7C988F77 		.ascii	"|\230\217w\247 tA\252\342\0051\324u\264z\017\232O\025"
 274      A7207441 
 274      AAE20531 
 274      D475B47A 
 274      0F9A4F15 
 275 0306 939EB952 		.ascii	"\223\236\271R\203H\307w#\303x\264f\336\205\275\"\264"
 275      8348C777 
 275      23C378B4 
 275      66DE85BD 
 275      22B4
 276 0318 6D07A74E 		.ascii	"m\007\247N8\340B\332\303\271\306\304\212s\316\310KC"
 276      38E042DA 
 276      C3B9C6C4 
ARM GAS  /tmp/ccRLDIlP.s 			page 21


 276      8A73CEC8 
 276      4B43
 277 032a BD1EBCDF 		.ascii	"\275\036\274\337\276!9\216\264\3055\244AW%\033+5p\215"
 277      BE21398E 
 277      B4C535A4 
 277      4157251B 
 277      2B35708D 
 278 033e 270101AF 		.ascii	"'\001\001\257\335\233]U\026\237Q=\304\004\210\011\020"
 278      DD9B5D55 
 278      169F513D 
 278      C4048809 
 278      10
 279 034f 99E1E515 		.ascii	"\231\341\345\025x\011FN\235H\316\263\307q\230\0329V"
 279      7809464E 
 279      9D48CEB3 
 279      C771981A 
 279      3956
 280 0361 797A4E63 		.ascii	"yzNc1r7}M\011\011V#\330\270.\331\000\223K\032i\260a"
 280      3172377D 
 280      4D090956 
 280      23D8B82E 
 280      D900934B 
 281 0379 84940743 		.ascii	"\204\224\007C\273.u'\273\261\2218H\014'\245\357\311"
 281      BB2E7527 
 281      BBB19138 
 281      480C27A5 
 281      EFC9
 282 038b D5E21E6A 		.ascii	"\325\342\036j\030\035\357\233,u\300\217\230\027O\223"
 282      181DEF9B 
 282      2C75C08F 
 282      98174F93 
 283 039b 0B2A3448 		.ascii	"\013*4H\353\265O2!\037&\350'0\262Y+\270\303\\\255\031"
 283      EBB54F32 
 283      211F26E8 
 283      2730B259 
 283      2BB8C35C 
 284 03b1 F8663286 		.ascii	"\370f2\206\304\343&\322\242\033\222\257\233\265\254"
 284      C4E326D2 
 284      A21B92AF 
 284      9BB5AC
 285 03c0 854A4E5D 		.ascii	"\205JN]\177\343\206\263\325\324\330\205\241#W\234\230"
 285      7FE386B3 
 285      D5D4D885 
 285      A123579C 
 285      98
 286 03d1 275D44CF 		.ascii	"']D\317\272r+\303\021\237`\037g\212\256\216\270\342"
 286      BA722BC3 
 286      119F601F 
 286      678AAE8E 
 286      B8E2
 287 03e3 22A6B43F 		.ascii	"\"\246\264?\311\215\3252d+\321\2175\327\217:\341\022"
 287      C98DD532 
 287      642BD18F 
 287      35D78F3A 
 287      E112
 288 03f5 F67172E4 		.ascii	"\366qr\344\300\010\207\313\231\262\277\341|\2430\317"
 288      C00887CB 
ARM GAS  /tmp/ccRLDIlP.s 			page 22


 288      99B2BFE1 
 288      7CA330CF 
 289 0405 3413BDBF 		.ascii	"4\023\275\277\276#K\215+\331\307\234\353q/\335p\265"
 289      BE234B8D 
 289      2BD9C79C 
 289      EB712FDD 
 289      70B5
 290 0417 607DBCF8 		.ascii	"`}\274\370\202\013C\232\211\236\326Z{\321\005\327\262"
 290      820B439A 
 290      899ED65A 
 290      7BD105D7 
 290      B2
 291 0428 8FD70FBF 		.ascii	"\217\327\017\277\211u\302W\230R\364$\363\200`\375KP"
 291      8975C257 
 291      9852F424 
 291      F38060FD 
 291      4B50
 292 043a BBC75F7C 		.ascii	"\273\307_|p\303\365\354[z\334\350(\306\015L\271t\241"
 292      70C3F5EC 
 292      5B7ADCE8 
 292      28C60D4C 
 292      B974A1
 293 044d B6D18E01 		.ascii	"\266\321\216\001}@}\324\335?\350\212\233\331\267.\376"
 293      7D407DD4 
 293      DD3FE88A 
 293      9BD9B72E 
 293      FE
 294 045e 758F06FF 		.ascii	"u\217\006\377\304\224\214\351\007\317\205\232{\201z"
 294      C4948CE9 
 294      07CF859A 
 294      7B817A
 295 046d A5BF6DDA 		.ascii	"\245\277m\332\016\267\260o'N\246\364\330\343\273B\335"
 295      0EB7B06F 
 295      274EA6F4 
 295      D8E3BB42 
 295      DD
 296 047e 8479D29D 		.ascii	"\204y\322\235\315\2235\235\205\227\325\370\036\3736"
 296      CD93359D 
 296      8597D5F8 
 296      1EFB36
 297 048d 9BD8F34A 		.ascii	"\233\330\363J\203;\2312\036\373x\320\231\001?\0065\372"
 297      833B9932 
 297      1EFB78D0 
 297      99013F06 
 297      35FA
 298 049f 7CFE4168 		.ascii	"|\376AhT\366-\365\350\351.'<\300\224\266\211[Y\002\360"
 298      54F62DF5 
 298      E8E92E27 
 298      3CC094B6 
 298      895B5902 
 299 04b4 23504732 		.ascii	"#PG2{z\264\370!\373V\3214\331\344\204\237\0135\2734"
 299      7B7AB4F8 
 299      21FB56D1 
 299      34D9E484 
 299      9F0B35BB 
 300 04c9 7353A88C 		.ascii	"sS\250\214#\251uk\371~W<\306\276\355\311\2776\357\202"
 300      23A9756B 
ARM GAS  /tmp/ccRLDIlP.s 			page 23


 300      F97E573C 
 300      C6BEEDC9 
 300      BF36EF82 
 301 04dd 2784F0BC 		.ascii	"'\204\360\274\030x\207\3614S\336\3264\360\216x\226)"
 301      187887F1 
 301      3453DED6 
 301      34F08E78 
 301      9629
 302 04ef 854DDD4D 		.ascii	"\205M\335Mnx\236)}y)'\325\214\357\031\321\247\347\307"
 302      6E789E29 
 302      7D792927 
 302      D58CEF19 
 302      D1A7E7C7 
 303 0503 1238B604 		.ascii	"\0228\266\004\230\355\337s\236\257\022\322\0229\264"
 303      98EDDF73 
 303      9EAF12D2 
 303      1239B4
 304 0512 C2D6CF8B 		.ascii	"\302\326\317\213^\227\345\221~8\330\336\364\375\341"
 304      5E97E591 
 304      7E38D8DE 
 304      F4FDE1
 305 0521 937BF8A4 		.ascii	"\223{\370\244\020\332\307Z\240\217\035\340\226I\235"
 305      10DAC75A 
 305      A08F1DE0 
 305      96499D
 306 0530 F2369D17 		.ascii	"\3626\235\027\212\311UE\013\230S\357hE\364\013%\372"
 306      8AC95545 
 306      0B9853EF 
 306      6845F40B 
 306      25FA
 307 0542 1945FB4A 		.ascii	"\031E\373J\340\036\011|W\011n]D\235)\241\237(\321\217"
 307      E01E097C 
 307      57096E5D 
 307      449D29A1 
 307      9F28D18F 
 308 0556 17A1EB24 		.ascii	"\027\241\353$t\217\022\335\275\010]-\241\373\225\350"
 308      748F12DD 
 308      BD085D2D 
 308      A1FB95E8 
 309 0566 3EA5DBF7 		.ascii	">\245\333\367$\360}%\270]\011\256\224\300CJ\360\200"
 309      24F07D25 
 309      B85D09AE 
 309      94C0434A 
 309      F080
 310 0578 127C5102 		.ascii	"\022|Q\002?\260\355\206\334\351r\011=\254D?TRwH\340"
 310      3FB0ED86 
 310      DCE97209 
 310      3DAC443F 
 310      54527748 
 311 058d 7BB69D96 		.ascii	"{\266\235\226SOI\350f%\272i\021\272OB\337\261\335Ed"
 311      534F49E8 
 311      6625BA69 
 311      11BA4F42 
 311      DFB1DD45 
 312 05a2 8E5449E0 		.ascii	"\216TI\340A\333\001\221S\177h\261\240_*\321\336\012"
 312      41DB0191 
 312      537F68B1 
ARM GAS  /tmp/ccRLDIlP.s 			page 24


 312      A05F2AD1 
 312      DE0A
 313 05b4 E60989F9 		.ascii	"\346\011\211\371\226m\247e\3406\011\334\251\004w,r\343"
 313      966DA765 
 313      E03609DC 
 313      A904772C 
 313      72E3
 314 05c6 90841E53 		.ascii	"\220\204\036S\242G\224\324]\022\270\315v\267\226\201"
 314      A24794D4 
 314      5D12B8CD 
 314      76B79681 
 315 05d6 D325F053 		.ascii	"\323%\360S\333\275Z\006\256\225\300\275\266;5\005\323"
 315      DBBD5A06 
 315      AE95C0BD 
 315      B63B3505 
 315      D3
 316 05e7 E5C1FCFE 		.ascii	"\345\301\374\376\200\226\207\004\000@*aePY\210\222\357"
 316      80968704 
 316      00402A61 
 316      65505988 
 316      92EF
 317 05f9 7890CC06 		.ascii	"x\220\314\006S\252q\233\201\225W\377\234d\367\221\355"
 317      53AA719B 
 317      819557FF 
 317      9C64F791 
 317      ED
 318 060a 9E2647A7 		.ascii	"\236&G\247I\350\347\266\347\0009\272UBw\331n\010Y\000"
 318      49E8E7B6 
 318      E70039BA 
 318      554277D9 
 318      6E085900 
 319 061e 5224F0A8 		.ascii	"R$\360\250\355v`\324\311B\232\303#\223\012M\001b\222"
 319      ED7660D4 
 319      C9429AC3 
 319      23930A4D 
 319      016292
 320 0631 20268422 		.ascii	" &\204\"\020\015\024\317y\241hn\005\332\013\022\013"
 320      100D14CF 
 320      79A1686E 
 320      05DA0B12 
 320      0B
 321 0642 92083283 		.ascii	"\222\0102\203V\240\375p\337\0032\013\317\357@\366\301"
 321      56A0FD70 
 321      DF03320B 
 321      CFEF40F6 
 321      C1
 322 0653 F31BB8F3 		.ascii	"\363\033\270\363p\177\015\367\267 q\360<\007\367\004"
 322      707F0DF7 
 322      B72071F0 
 322      3C07F704 
 323 0663 B8C780CC 		.ascii	"\270\307\200\314\303\363{\220\335\360\374\012\356\013"
 323      C3F37B90 
 323      DDF0FC0A 
 323      EE0B
 324 0671 20D320BB 		.ascii	" \323 \273@\377\200V\210\351\325\302\255\327].Z\371"
 324      40FF8056 
 324      88E9D5C2 
ARM GAS  /tmp/ccRLDIlP.s 			page 25


 324      ADD75D2E 
 324      5AF9
 325 0683 022FF75F 		.ascii	"\002/\367_\205\016rZ\232*\301\235d\220\013sf!u\340@"
 325      850E725A 
 325      9A2AC19D 
 325      64900B73 
 325      662175E0 
 326 0698 3D3AD1DA 		.ascii	"=:\321\332\246\321\304\013\271\031)\014\037\244\262"
 326      A6D1C40B 
 326      B919290C 
 326      1FA4B2
 327 06a7 C91CE427 		.ascii	"\311\034\344'\320p(\211\243\031N\375Ty\241\260\214b"
 327      D0702889 
 327      A3194EFD 
 327      5479A1B0 
 327      8C62
 328 06b9 D98AE5C1 		.ascii	"\331\212\345\301V\254\373\257/\277\321\342\335v4\261"
 328      56ACFBAF 
 328      2FBFD1E2 
 328      DD7634B1 
 329 06c9 ACD83590 		.ascii	"\254\3305\220\353\212\274Xb\251\221%\210i\234\006\245"
 329      EB8ABC58 
 329      62A99125 
 329      88699C06 
 329      A5
 330 06da 70960491 		.ascii	"p\226\004\221f\221\023\377M^\323\314\222\334iB4\221"
 330      669113FF 
 330      4D5ED3CC 
 330      92DC6942 
 330      3491
 331 06ec C7DB7F6C 		.ascii	"\307\333\177lIC\217@`\323\2507G9O\224\312\334\311;\362"
 331      49438F40 
 331      60D3A837 
 331      47394F94 
 331      CADCC93B 
 332 0701 7A08B927 		.ascii	"z\010\271'\011\334k\021\345>\014\337\017q\304\373c\234"
 332      09DC6B11 
 332      E53E0CDF 
 332      0F71C4FB 
 332      639C
 333 0713 BB5807AA 		.ascii	"\273X\007\252\220\254cO}\234=\336G]D\245]\374^'R\371"
 333      90AC634F 
 333      7D9C3DDE 
 333      475D44A5 
 333      5DFC5E27 
 334 0729 18A87CD2 		.ascii	"\030\250|\322_\316\276\310\322;\231rF\213\223X\371\326"
 334      5FCEBEC8 
 334      D23B9972 
 334      468B9358 
 334      F9D6
 335 073b C2F8562C 		.ascii	"\302\370V,\226\377\005\331\033\331\277$D\237t\301GY"
 335      96FF05D9 
 335      1BD9BF24 
 335      449F74C1 
 335      4759
 336 074d F98ECECC 		.ascii	"\371\216\316\314\275\3668\213)C\017\236\356s\305\371"
 336      BDF6388B 
ARM GAS  /tmp/ccRLDIlP.s 			page 26


 336      29430F9E 
 336      EE73C5F9 
 337 075d 4C399FD5 		.ascii	"L9\237\325\221\355\274t\263\344\212\315\342MI\237<\030"
 337      91EDBC74 
 337      B3E48ACD 
 337      E24D499F 
 337      3C18
 338 076f 2BD10A61 		.ascii	"+\321\012a\210\341\327\232h\226)\241\363h\030h\031\202"
 338      88E1D79A 
 338      689629A1 
 338      F3681868 
 338      1982
 339 0781 2EAF8D1D 		.ascii	".\257\215\035\023\366mfDr\220Zs\214=.\245\206\035\233"
 339      13F66D66 
 339      4472905A 
 339      738C3D2E 
 339      A5861D9B 
 340 0795 E7DEA438 		.ascii	"\347\336\2448\241\025\313\330\232\235\307\247\304\360"
 340      A115CBD8 
 340      9A9DC7A7 
 340      C4F0
 341 07a3 831D2361 		.ascii	"\203\035#a\265l\265\316\200\360\236\3400*Xj\354Y\015"
 341      B56CB5CE 
 341      80F09EE0 
 341      302A586A 
 341      EC590D
 342 07b6 907C6808 		.ascii	"\220|h\0106\327\024\010\243\243\004\032\261\030z\357"
 342      36D71408 
 342      A3A3041A 
 342      B1187AEF 
 343 07c6 69905320 		.ascii	"i\220S \205 E '\271"
 343      85204520 
 343      27B9
 344 07d0 15C22C12 		.ascii	"\025\302,\022\033\003\213}\031b\263H\026\230\313T\232"
 344      1B038B7D 
 344      1962B348 
 344      1698CB54 
 344      9A
 345 07e1 1BB11AEA 		.ascii	"\033\261\032\352\340\2379M\304\023\367\322m\273'\014"
 345      E09F394D 
 345      C413F7D2 
 345      6DBB270C 
 346 07f1 76429F22 		.ascii	"vB\237\"\247\317\266M/\203\037\222\303\217+\341\326"
 346      A7CFB64D 
 346      2F831F92 
 346      C38F2BE1 
 346      D6
 347 0802 731A4C8F 		.ascii	"s\032L\217I\"\034\242\216rl\302\345\223\351\231\200"
 347      49221CA2 
 347      8E726CC2 
 347      E593E999 
 347      80
 348 0813 68081601 		.ascii	"h\010\026\001\311gS2\226f\252s\325\3709m\025n\341i\314"
 348      C9675332 
 348      9666AA73 
 348      D5F8396D 
 348      156EE169 
ARM GAS  /tmp/ccRLDIlP.s 			page 27


 349 0828 7137E4B5 		.ascii	"q7\344\265\214\025\312*[Nf\3402 .\345,\3519\241X\242"
 349      8C15CA2A 
 349      5B4E66E0 
 349      32202EE5 
 349      2CE939A1 
 350 083e 01D01988 		.ascii	"\001\320\031\210\373/m\003\260]\227q\365\266\306jF)"
 350      FB2F6D03 
 350      B05D9771 
 350      F5B6C66A 
 350      4629
 351 0850 B39A51CA 		.ascii	"\263\232Q\312\205\031\245\234\316(\177\241\257\236\025"
 351      8519A59C 
 351      CE287FA1 
 351      AF9E15
 352 085f FBAA8FA7 		.ascii	"\373\252\217\247<w\365`\271k\327\334\300\234\213\320"
 352      3C77F560 
 352      B96BD7DC 
 352      C09C8BD0 
 353 086f 75CDE208 		.ascii	"u\315\342\010>\307\261\011\007\366\303\264\353\236e"
 353      3EC7B109 
 353      07F6C3B4 
 353      EB9E65
 354 087e 23B8828E 		.ascii	"#\270\202\216\340{\303\305g\265V\316\221\275\241d\257"
 354      E07BC3C5 
 354      67B556CE 
 354      91BDA164 
 354      AF
 355 088f 5270AE92 		.ascii	"Rp\256\222:\367\366q\331Skt\231\025\372\274\200>O\321"
 355      3AF7F671 
 355      D9536B74 
 355      9915FABC 
 355      803E4FD1 
 356 08a3 B1AF3AB2 		.ascii	"\261\257:\262]\360\024\033\203\247K\263\313]\361\007"
 356      5DF0141B 
 356      83A74BB3 
 356      CB5DF107 
 357 08b3 A6ECAFBF 		.ascii	"\246\354\257\277\226i\257\206\331\353\002\235\271\310"
 357      9669AF86 
 357      D9EB029D 
 357      B9C8
 358 08c1 4621BACA 		.ascii	"F!\272\312M\276\251\265\036s5\234|S\033\263\273\340"
 358      4DBEA9B5 
 358      1E73359C 
 358      7C531BB3 
 358      BBE0
 359 08d3 BABD70DE 		.ascii	"\272\275p\336Q3\025\230\221?\220\300\347\354\342\327"
 359      51331598 
 359      913F90C0 
 359      E7ECE2D7 
 360 08e3 36730488 		.ascii	"6s\004\210\252\304VD\325\234\232h\322\366\375\"G\366"
 360      AAC45644 
 360      D59C9A68 
 360      D2F6FD22 
 360      47F6
 361 08f5 B71D7D6D 		.ascii	"\267\035}miN\270\301~\011W\362'\333&\234\031\275\271"
 361      694EB8C1 
 361      7E0957F2 
ARM GAS  /tmp/ccRLDIlP.s 			page 28


 361      27DB269C 
 361      19BDB9
 362 0908 B2979D0A 		.ascii	"\262\227\235\012\010\324\227,\324\265@}IN}\231R\217"
 362      08D4972C 
 362      D4B5407D 
 362      494E7D99 
 362      528F
 363 091a 16747E84 		.ascii	"\026t~\204\357,\305\0347z\242\203S\223\2230R=\250\016"
 363      EF2CC51C 
 363      377AA283 
 363      53939330 
 363      523DA80E 
 364 092e D94574E4 		.ascii	"\331Et\344\255^\362\324\345*\255\267\231\023*>\027\277"
 364      AD5EF2D4 
 364      E52AADB7 
 364      99132A3E 
 364      17BF
 365 0940 308E04CF 		.ascii	"0\216\004\317\246{\177\303\216=r5\004\206\352,\256]"
 365      A67B7FC3 
 365      8E3D7235 
 365      0486EA2C 
 365      AE5D
 366 0952 01D7EAE4 		.ascii	"\001\327\352\344\256\325S\327\206\337\226^\0246N\260"
 366      AED553D7 
 366      86DF965E 
 366      14364EB0 
 367 0962 B9402F1F 		.ascii	"\271@/\037\315=t\\\272\237]\027\373\3315\2666\314\354"
 367      CD3D745C 
 367      BA9F5D17 
 367      FBD935B6 
 367      36CCEC
 368 0975 DB3D27EC 		.ascii	"\333='\354\"\035d\033@\017\266\001\334\223\223\372\322"
 368      221D641B 
 368      400FB601 
 368      DC9393FA 
 368      D2
 369 0986 59B97234 		.ascii	"Y\271r4B\277k\240\375\256\211\366\273\353\254\3375\321"
 369      42BF6BA0 
 369      FDAE89F6 
 369      BBEBACDF 
 369      35D1
 370 0998 7E7763B8 		.ascii	"~wc\270\264\336\025w\263H5\2768\372\314Qh\320\366\270"
 370      B4DE1577 
 370      B34835BE 
 370      38FACC51 
 370      68D0F6B8 
 371 09ac FF6A22D3 		.ascii	"\377j\"\323#\004}#;Qj\226Fe\263\274Z7h\265\006\217?"
 371      23047D23 
 371      3B516A96 
 371      4665B3BC 
 371      5A3768B5 
 372 09c3 3DEC82C7 		.ascii	"=\354\202\307\031QAlm\266\330tI\003\254\3516R\222\233"
 372      1951416C 
 372      6DB6D874 
 372      4903ACE9 
 372      3652929B 
 373 09d7 12C94D39 		.ascii	"\022\311M9\311O\224\244\363I\3756\374f\251f;8\2210\344"
ARM GAS  /tmp/ccRLDIlP.s 			page 29


 373      C94F94A4 
 373      F349FD36 
 373      FC66A966 
 373      3B389130 
 374 09ec 20F5B784 		.ascii	" \365\267\204\374~K\177#\221\277e\211\374m\210\374-"
 374      FC7E4B7F 
 374      2391BF65 
 374      89FC6D88 
 374      FC2D
 375 09fe 397B0B65 		.ascii	"9{\013e/\271\335\324'\304.\236,\021\013\317\273\363"
 375      2FB9DDD4 
 375      27C42E9E 
 375      2C110BCF 
 375      BBF3
 376 0a10 85BDEE04 		.ascii	"\205\275\356\004\335\322\276\313\272 \350\036\344 n"
 376      DDD2BECB 
 376      BA20E81E 
 376      E4206E
 377 0a1f 2029C981 		.ascii	" )\311\201\3056\207\300\007\312\317\316\331-\335R\355"
 377      C53687C0 
 377      07CACFCE 
 377      D92DDD52 
 377      ED
 378 0a30 624B9D66 		.ascii	"bK\235fkb\321\256\334\024\265\324\026l\371j\203\266"
 378      6B62D1AE 
 378      DC14B5D4 
 378      166CF96A 
 378      83B6
 379 0a42 B84BDBE2 		.ascii	"\270K\333\342\036m\213vq\371:\337\3269\353\204\343\035"
 379      1E6D8B76 
 379      71F93ADF 
 379      D639EB84 
 379      E31D
 380 0a54 68D5933F 		.ascii	"h\325\223?\364\266\332\311\213\222%`\311\242UOn4j\230"
 380      F4B6DAC9 
 380      8B922560 
 380      C9A2554F 
 380      6E346A98 
 381 0a68 9F3CF1F3 		.ascii	"\237<\361\363Rc\333\015\204\023\031\325\313\271\274"
 381      5263DB0D 
 381      841319D5 
 381      CBB9BC
 382 0a77 BD3FD3BD 		.ascii	"\275?\323\275\272E\247\017\261\356\025\2275Pa\247t\272"
 382      BA45A70F 
 382      B1EE1597 
 382      355061A7 
 382      74BA
 383 0a89 132CB3F5 		.ascii	"\023,\263\365\246\207Z\356\026-7\357\276rt\221\237K"
 383      A6875AEE 
 383      162D37EF 
 383      BE727491 
 383      9F4B
 384 0a9b A29F7CA8 		.ascii	"\242\237|\250\270\351\200\0171\277\016\037z}\323\021"
 384      B8E9800F 
 384      31BF0E1F 
 384      7A7DD311 
 385 0aab A73A581D 		.ascii	"\247:X\035xx\010\007\036\323\305\023'\355q:\373\230"
ARM GAS  /tmp/ccRLDIlP.s 			page 30


 385      78780807 
 385      1ED3C513 
 385      27ED713A 
 385      FB98
 386 0abd D1FDA1DC 		.ascii	"\321\375\241\334M\232K\231K\375`\204\255i\203\262\271"
 386      4D9A4B99 
 386      4BFD6084 
 386      AD6983B2 
 386      B9
 387 0ace 940CE3E9 		.ascii	"\224\014\343\351\2268,G\023\227\226D\247\315\347\276"
 387      96382C47 
 387      13979644 
 387      A7CDE7BE 
 388 0ade 70C1D9CC 		.ascii	"p\301\331\314\320\330\370\2732HU\230R\\r\265\305\031"
 388      D0D8F8BB 
 388      32485598 
 388      525C72B5 
 388      C519
 389 0af0 1731E55D 		.ascii	"\0271\345]\322\361\012'|\206)\365\371\331\207\234p\005"
 389      D2F10A27 
 389      7C8629F5 
 389      F9D9879C 
 389      7005
 390 0b02 531692E2 		.ascii	"S\026\222\342\2179\340j\246\244\264\244\344;\343\313"
 390      8F39E06A 
 390      A6A4B4A4 
 390      E43BE3CB 
 391 0b12 4C79FB2C 		.ascii	"Ly\373,\245\033\261\316\244\225\235my\010g[gf\017\034"
 391      A51BB1CE 
 391      A4959D6D 
 391      7908675B 
 391      67660F1C 
 392 0b26 75C6D718 		.ascii	"u\306\327\030\266\263;\266F\300:\223y\265\367C\275\333"
 392      B6B33BB6 
 392      46C03A93 
 392      79B5F743 
 392      BDDB
 393 0b38 D26D3626 		.ascii	"\322m6&\266\331(k\263\262\335\303\247\034\241\264\247"
 393      B6D9286B 
 393      B3B2DDC3 
 393      A71CA1B4 
 393      A7
 394 0b49 067269D9 		.ascii	"\006ri\331\031\241';#\2544O\227\252q\023\265\304\335"
 394      19A1273B 
 394      23AC344F 
 394      97AA7113 
 394      B5C4DD
 395 0b5c ADE86E70 		.ascii	"\255\350np\222\235\021\376C59\276\233\202\030MH\003"
 395      929D11FE 
 395      433539BE 
 395      9B82184D 
 395      4803
 396 0b6e D3D3727A 		.ascii	"\323\323rzg\235\254N\302\032\353)$\177/!\244\343\314"
 396      679DAC4E 
 396      C21AEB29 
 396      247F2F21 
 396      A4E3CC
ARM GAS  /tmp/ccRLDIlP.s 			page 31


 397 0b81 FEA9E345 		.ascii	"\376\251\343E\327]\360]f`,e$\036\313\316\007=\213\211"
 397      D75DF05D 
 397      66602C65 
 397      241ECBCE 
 397      073D8B89 
 398 0b95 81576060 		.ascii	"\201W``Z20\305-aa\306\266\205+\361\2272\035\344\323"
 398      5A3230C5 
 398      2D6161C6 
 398      B6852BF1 
 398      97321DE4 
 399 0baa 1AE17B01 		.ascii	"\032\341{\001\337\237\323\3610K\033uLl\324\334\275\025"
 399      DF9FD3F1 
 399      304B1B75 
 399      4C6CD4DC 
 399      BD15
 400 0bbc 491A96BF 		.ascii	"I\032\226\277\376\"\366\274\207}u\234\234}\356\347\330"
 400      FE22F6BC 
 400      877D759C 
 400      9C7DEEE7 
 400      D8
 401 0bcd 2FB7F5AD 		.ascii	"/\267\365\255\305\335\254\335^\265\364\015!\374\200"
 401      C5DDACDD 
 401      5EB5F40D 
 401      21FC80
 402 0bdc 29B13FDD 		.ascii	")\261?\335(t\300CL\031=u\273\331\036?e\312\360\2237"
 402      2874C043 
 402      4C193D75 
 402      BBD91E3F 
 402      65CAF093 
 403 0bf1 D5188F32 		.ascii	"\325\030\2172\245`4/\321\011O\012e\206\307[\204#\257"
 403      A560342F 
 403      D1094F0A 
 403      6586C75B 
 403      8423AF
 404 0c04 04D2746F 		.ascii	"\004\322to'\252\356\211\275\204\034m\275x\365x\301\021"
 404      27AAEE89 
 404      BD841C6D 
 404      BD78F578 
 404      C111
 405 0c16 CF51F0DF 		.ascii	"\317Q\360\337\015f\247\335\324\012\307P\313\224\207"
 405      0D66A7DD 
 405      D40AC750 
 405      CB9487
 406 0c25 5034AB1B 		.ascii	"P4\253\033\354\034\011\234o\033\346\371CZ\232\327=\205"
 406      EC1C099C 
 406      6F1BE6F9 
 406      435A9AD7 
 406      3D85
 407 0c37 90C7E325 		.ascii	"\220\307\343%\317P \351\352\371#I\200\357\011I\035\301"
 407      CF5020E9 
 407      EAF92349 
 407      80EF0949 
 407      1DC1
 408 0c49 8AD30C6A 		.ascii	"\212\323\014j\345\344I \311\031\253\373\351~\2220?V"
 408      E5E44920 
 408      C919ABFB 
 408      E97E9230 
ARM GAS  /tmp/ccRLDIlP.s 			page 32


 408      3F56
 409 0c5b 32F72913 		.ascii	"2\367)\023\314*\011\374\304\266\033r\352>\011\035\215"
 409      CC2A09FC 
 409      C4B61B72 
 409      EA3E091D 
 409      8D
 410 0c6c 15E83B9C 		.ascii	"\025\350;\234\202\272V\002?RR\3136\366VI#\217=\321\002"
 410      82BA5602 
 410      3F5252CB 
 410      36F65649 
 410      238F3DD1 
 411 0c81 25227092 		.ascii	"%\"p\2221\036\301^\350\000^\201\322@R@\022@\366\202"
 411      311EC15E 
 411      E8005E81 
 411      D2405240 
 411      1240F682 
 412 0c95 1C024906 		.ascii	"\034\002I\006I\002\331\005\262\033$\026d\037H\034H\""
 412      4902D905 
 412      B21B2416 
 412      641F481C 
 412      4822
 413 0ca7 C87E9054 		.ascii	"\310~\220T\220\203 \207A\216\202\304\200\354\301\362"
 413      90832087 
 413      418E82C4 
 413      80ECC1F2 
 414 0cb7 8C3F53F2 		.ascii	"\214?S\362\363\215\322\317E\371\373E\011<l;\270\226"
 414      F38DD2CF 
 414      45F9FB45 
 414      093C6C3B 
 414      B896
 415 0cc9 CD41346F 		.ascii	"\315A4on\245\3556\004\3556 \200\3059\316\372\030\200"
 415      6EA5ED36 
 415      04ED3620 
 415      80C539CE 
 415      FA1880
 416 0cdc 30A74BCC 		.ascii	"0\247K\314o\225\314#\213Z\242NB?\264\035\\\371&%\205"
 416      6F95CC23 
 416      8B5AA24E 
 416      423FB41D 
 416      5CF92625 
 417 0cf1 A1C924FB 		.ascii	"\241\311$\373A\211\226\2378\021\354=\011\333\247\304"
 417      4189969F 
 417      3811EC3D 
 417      09DBA7C4 
 418 0d01 B62FF2E3 		.ascii	"\266/\362\343\234\344\3073%\332\372\024%\026\342Q\376"
 418      9CE4C733 
 418      25DAFA14 
 418      2516E251 
 418      FE
 419 0d12 47BEFC3F 		.ascii	"G\276\374?\321k\210\307\210\000\026\007\260\365\271"
 419      D16B88C7 
 419      88001607 
 419      B0F5B9
 420 0d21 1061CE96 		.ascii	"\020a\316\226\230\347m7\213<\322\0354\322\275\300\334"
 420      98E76D37 
 420      8B3CD21D 
 420      34D2BDC0 
ARM GAS  /tmp/ccRLDIlP.s 			page 33


 420      DC
 421 0d32 2580C505 		.ascii	"%\200\305\005\316\372x\2120\247I\314\357lGZ\266IJ\356"
 421      CEFA788A 
 421      30A749CC 
 421      EF6C475A 
 421      B6494AEE 
 422 0d46 A7274E00 		.ascii	"\247'N\000\262>q\"\241j\357\367\220\366~\017l\007\313"
 422      B23E7122 
 422      A16AEFF7 
 422      90F67E0F 
 422      6C07CB
 423 0d59 57F2B18B 		.ascii	"W\362\261\213\372\330\001>\336W\216\342&\245\217\251"
 423      FAD8013E 
 423      DE578EE2 
 423      26A58FA9 
 424 0d69 928FEF6D 		.ascii	"\222\217\357m\266\030\253<L>-\003GZ\324\370=\233\327"
 424      B618AB3C 
 424      4C3E2D03 
 424      475AD4F8 
 424      3D9BD7
 425 0d7c 1F5D2F1B 		.ascii	"\037]/\033\325X\366j\003\375\210\370\236\001\205\217"
 425      D558F66A 
 425      03FD88F8 
 425      9E01858F 
 426 0d8c 61CBB44E 		.ascii	"a\313\264N\252\262\304\260C\3510\332\376?F\036\371_"
 426      AAB2C4B0 
 426      43E930DA 
 426      FE3F461E 
 426      F95F
 427 0d9e CAF8B3C3 		.ascii	"\312\370\263\303nV\233\243\014,\337\347eb\2669\202\273"
 427      6E569BA3 
 427      0C2CDFE7 
 427      6562B639 
 427      82BB
 428 0db0 CDAD5489 		.ascii	"\315\255T\211\325V*K@gQ\364\265\331\216R\007\274\307"
 428      D5562A4B 
 428      406751F4 
 428      B5D98E52 
 428      07BCC7
 429 0dc3 91FDA736 		.ascii	"\221\375\2476>\265\003\213\351rS\224\"]\316\226\002"
 429      3EB5038B 
 429      E9725394 
 429      225DCE96 
 429      02
 430 0dd4 038F522E 		.ascii	"\003\217R.z\034\223\\\264`\356\365~W|\214\021\035.,"
 430      7A1C935C 
 430      B460EEF5 
 430      7E577C8C 
 430      111D2E2C 
 431 0de8 DBAD11D2 		.ascii	"\333\255\021\322\345\362~y\272\234#\221\344\310Ir\361"
 431      E5F27E79 
 431      BA9C2391 
 431      E4C84972 
 431      F1
 432 0df9 A7AAE5BA 		.ascii	"\247\252\345\272\035Q\006\223.\334\360\235N\277#<\""
 432      1D510693 
 432      2EDCF09D 
ARM GAS  /tmp/ccRLDIlP.s 			page 34


 432      4EBF233C 
 432      22
 433 0e0a EADB9DFA 		.ascii	"\352\333\235\372U;B\014\246U>\216\277\375\335\346O\374"
 433      553B420C 
 433      A6553E8E 
 433      BFFDDDE6 
 433      4FFC
 434 0e1c 7C7D555F 		.ascii	"|}U_x\207Em\327{o\215\332\032\376\247(\357\320\260\360"
 434      7887456D 
 434      D77B6F8D 
 434      DA1AFEA7 
 434      28EFD0B0 
 435 0e31 ADE15146 		.ascii	"\255\341QFo\3703\230\274Ia\243\367\272\240M~\233~\200"
 435      6FF83398 
 435      BC4961A3 
 435      F7BAA04D 
 435      7E9B7E80 
 436 0e45 4FA15106 		.ascii	"O\241Q\006\275\356\317\277\336\276*T\3657\214\330\370"
 436      BDEECFBF 
 436      DEBE2A54 
 436      F5378CD8 
 436      F8
 437 0e56 7DB82934 		.ascii	"}\270)4L\367\215!j\273.\334h\370\337p\205\251\2261."
 437      4CF78D21 
 437      6ABB2EDC 
 437      68F8DF70 
 437      85A99631 
 438 0e6b FD0FE126 		.ascii	"\375\017\341&\013\223s\360\026?\335\306\220\310m\021"
 438      0B9373F0 
 438      163FDDC6 
 438      90C86D11 
 439 0e7b 7A83FBE2 		.ascii	"z\203\373\342J,\017\015\013\016\015\0130\006\032\364"
 439      4A2C0F0D 
 439      0B0E0D0B 
 439      30061AF4 
 440 0e8b FAED3B4C 		.ascii	"\372\355;L\341Q\221A\372\357v\206\033\364\333\354t\353"
 440      E1519141 
 440      FAEF7686 
 440      1BF4DBEC 
 440      74EB
 441 0e9d A3A2227E 		.ascii	"\243\242\"~\3653\216\204G\206F\354\334\246\207\267\306"
 441      F5338E84 
 441      478646EC 
 441      DCA687B7 
 441      C6
 442 0eae D0B06D60 		.ascii	"\320\260m`_\243\323\355\014\2174\255\376\\g\372\332"
 442      5FA3D3ED 
 442      0C8F34AD 
 442      FE5C67FA 
 442      DA
 443 0ebf AA9C0998 		.ascii	"\252\234\011\230\214\336\337\206\206~\026b\330\376Y"
 443      8CDEDF86 
 443      867E1662 
 443      D8FE59
 444 0ece 6454A4FE 		.ascii	"dT\244\3763}\310\326pokM\344\333\036\002v\"\365\336"
 444      337DC8D6 
 444      706F6B4D 
ARM GAS  /tmp/ccRLDIlP.s 			page 35


 444      E4DB1E02 
 444      7622F5DE 
 445 0ee2 BA6DFA6F 		.ascii	"\272m\372oBvF\230t\246\037w\350\215\300\357(\262\007"
 445      42764698 
 445      74A61F77 
 445      E88DC0EF 
 445      28B207
 446 0ef5 FC1FD88D 		.ascii	"\374\037\330\215?\032\275uF\3236\240\"\224\006\275Q"
 446      3F1ABD75 
 446      46D336A0 
 446      229406BD 
 446      51
 447 0f06 6FF8B37E 		.ascii	"o\370\263~\033<|\013\005t&\337\277.\364\300a\367\315"
 447      1B3C7C0B 
 447      057426DF 
 447      BF2EF4C0 
 447      61F7CD
 448 0f19 0E63A801 		.ascii	"\016c\250\001\033}\277\000Y\003\262\032\344s\020_\020"
 448      1B7DBF00 
 448      5903B21A 
 448      E473105F 
 448      10
 449 0f2a 1FCEF82F 		.ascii	"\037\316\370/\234\361K\316\370k\316\370\317\234\361"
 449      9CF14BCE 
 449      F86BCEF8 
 449      CF9CF1
 450 0f39 0BCEB886 		.ascii	"\013\316\270\2063\256\346\214\237sF_\316\350\243\376"
 450      33AEE68C 
 450      9F73465F 
 450      CEE8A3FE 
 451 0f49 6187D1C0 		.ascii	"a\207\321\300\355\010\265\2170\350La\333\260\301\367"
 451      ED08B58F 
 451      30E84C61 
 451      DBB0C1F7 
 452 0f59 73CEB09A 		.ascii	"s\316\260\2323\300\325\2273\3708\013\015j\0125\375\240"
 452      33C0D597 
 452      33F8380B 
 452      0D6A0A35 
 452      FDA0
 453 0f6b 0E0D0B31 		.ascii	"\016\015\0131\330m\332\342\037\344c\357\037\270!\330"
 453      D86DDAE2 
 453      1FE463EF 
 453      1FB821D8 
 454 0f7b 2FC8CE3F 		.ascii	"/\310\316?\320o\035\275\372\0059\005}\025\374U\320\226"
 454      D06F1DBD 
 454      FA053905 
 454      7D15FC55 
 454      D096
 455 0f8d AF36F850 		.ascii	"\2576\370P\210\357\222=\010\310\274\3756\005\007\004"
 455      88EF923D 
 455      08C8BCFD 
 455      36050704 
 456 0f9d 4BED47   		.ascii	"K\355G"
 457 0fa0 7A50E8F6 		.ascii	"zP\350\3665$\034\376\201\233u_C\270\235u\272o\365&\235"
 457      35241CFE 
 457      819B755F 
 457      43B89D75 
ARM GAS  /tmp/ccRLDIlP.s 			page 36


 457      BA6FF526 
 458 0fb5 7F209871 		.ascii	"\177 \230q\011\211\370>\344G\243.<2\002\232\345\313"
 458      0989F83E 
 458      E447A32E 
 458      3C32029A 
 458      E5CB
 459 0fc7 BF9AD87F 		.ascii	"\277\232\330\177gd(p;1\312\300\340@x2\262'\017Z\277"
 459      67642870 
 459      3B31CAC0 
 459      E0407832 
 459      B2270F5A 
 460 0fdc 9D911151 		.ascii	"\235\221\021Q\241\177\222\272\254\354\245\013\203\256"
 460      A17F92BA 
 460      ACECA50B 
 460      83AE
 461 0fea 5F17FC55 		.ascii	"_\027\374U`P\200: x]\220z\323&\377 \274nC\020\336"
 461      6050803A 
 461      20785D90 
 461      7AD326FF 
 461      20BC6E43 
 462 1000 00F740FF 		.ascii	"\000\367@\377 \365:\377\340 \365z\177\010\005|\002\300"
 462      20F53AFF 
 462      E020F57A 
 462      7F08057C 
 462      02C0
 463 1012 06A26F24 		.ascii	"\006\242o$\027?\270\330\005o\364\013\016\302\301\033"
 463      173FB8D8 
 463      056FF40B 
 463      0EC2C11B 
 464 1022 895DD283 		.ascii	"\211]\322\203\276\324\231\034\204;\206\310a\022\311"
 464      BED4991C 
 464      843B86C8 
 464      6112C9
 465 1031 7501417E 		.ascii	"u\001A~A\352-_\377>H\035\000h;\277\300\315\001\033\340"
 465      41EA2D5F 
 465      FF3E481D 
 465      00683BBF 
 465      C0CD011B 
 466 1046 BACE2FC8 		.ascii	"\272\316/\3101\330o=\215\211;\365\313\312U'\313\253"
 466      31D86F3D 
 466      8D893BF5 
 466      CBCA5527 
 466      CBAB
 467 1058 FF01F2CE 		.ascii	"\377\001\362\316\241\335"
 467      A1DD
 468              		.text
 469              		.section	.gnu.lto_.symtab.4c76938a8a5e860c,"",%progbits
 470 0000 5356435F 		.ascii	"SVC_Handler\000"
 470      48616E64 
 470      6C657200 
 471 000c 00       		.ascii	"\000"
 472 000d 00       		.ascii	"\000"
 473 000e 00       		.ascii	"\000"
 474 000f 00000000 		.ascii	"\000\000\000\000\000\000\000\000"
 474      00000000 
 475 0017 B4000000 		.ascii	"\264\000\000\000"
 476 001b 5F706F72 		.ascii	"_port_irq_epilogue\000"
ARM GAS  /tmp/ccRLDIlP.s 			page 37


 476      745F6972 
 476      715F6570 
 476      696C6F67 
 476      756500
 477 002e 00       		.ascii	"\000"
 478 002f 00       		.ascii	"\000"
 479 0030 00       		.ascii	"\000"
 480 0031 00000000 		.ascii	"\000\000\000\000\000\000\000\000"
 480      00000000 
 481 0039 B6000000 		.ascii	"\266\000\000\000"
 482 003d 5F706F72 		.ascii	"_port_switch_from_isr\000"
 482      745F7377 
 482      69746368 
 482      5F66726F 
 482      6D5F6973 
 483 0053 00       		.ascii	"\000"
 484 0054 02       		.ascii	"\002"
 485 0055 00       		.ascii	"\000"
 486 0056 00000000 		.ascii	"\000\000\000\000\000\000\000\000"
 486      00000000 
 487 005e B0000000 		.ascii	"\260\000\000\000"
 488 0062 5F706F72 		.ascii	"_port_exit_from_isr\000"
 488      745F6578 
 488      69745F66 
 488      726F6D5F 
 488      69737200 
 489 0076 00       		.ascii	"\000"
 490 0077 02       		.ascii	"\002"
 491 0078 00       		.ascii	"\000"
 492 0079 00000000 		.ascii	"\000\000\000\000\000\000\000\000"
 492      00000000 
 493 0081 B2000000 		.ascii	"\262\000\000\000"
 494 0085 63685363 		.ascii	"chSchIsPreemptionRequired\000"
 494      68497350 
 494      7265656D 
 494      7074696F 
 494      6E526571 
 495 009f 00       		.ascii	"\000"
 496 00a0 02       		.ascii	"\002"
 497 00a1 00       		.ascii	"\000"
 498 00a2 00000000 		.ascii	"\000\000\000\000\000\000\000\000"
 498      00000000 
 499 00aa BE000000 		.ascii	"\276\000\000\000"
 500              		.text
 501              		.section	.gnu.lto_.opts,"",%progbits
 502 0000 272D666D 		.ascii	"'-fmath-errno' '-fsigned-zeros' '-ftrapping-math' '"
 502      6174682D 
 502      6572726E 
 502      6F272027 
 502      2D667369 
 503 0033 2D666E6F 		.ascii	"-fno-trapv' '-fno-openmp' '-fno-openacc' '-mcpu=cor"
 503      2D747261 
 503      70762720 
 503      272D666E 
 503      6F2D6F70 
 504 0066 7465782D 		.ascii	"tex-m4' '-mfloat-abi=hard' '-mfpu=fpv4-sp-d16' '-mn"
 504      6D342720 
ARM GAS  /tmp/ccRLDIlP.s 			page 38


 504      272D6D66 
 504      6C6F6174 
 504      2D616269 
 505 0099 6F2D7468 		.ascii	"o-thumb-interwork' '-mthumb' '-ggdb' '-O2' '-fomit-"
 505      756D622D 
 505      696E7465 
 505      72776F72 
 505      6B272027 
 506 00cc 6672616D 		.ascii	"frame-pointer' '-falign-functions=16' '-ffunction-s"
 506      652D706F 
 506      696E7465 
 506      72272027 
 506      2D66616C 
 507 00ff 65637469 		.ascii	"ections' '-fdata-sections' '-fno-common' '-flto' '-"
 507      6F6E7327 
 507      20272D66 
 507      64617461 
 507      2D736563 
 508 0132 6673696E 		.ascii	"fsingle-precision-constant'\000"
 508      676C652D 
 508      70726563 
 508      6973696F 
 508      6E2D636F 
 509              		.text
 510              		.comm	__gnu_lto_v1,1,1
 511              		.comm	__gnu_lto_slim,1,1
 512              		.ident	"GCC: (GNU Tools for ARM Embedded Processors) 5.4.1 20160919 (release) [ARM/embedded-5-bran
ARM GAS  /tmp/ccRLDIlP.s 			page 39


DEFINED SYMBOLS
                            *ABS*:00000000 chcore_v7m.c
                            *COM*:00000001 __gnu_lto_v1
                            *COM*:00000001 __gnu_lto_slim

NO UNDEFINED SYMBOLS
