ARM GAS  /tmp/ccc91Ysu.s 			page 1


   1              		.syntax unified
   2              		.cpu cortex-m4
   3              		.eabi_attribute 27, 1
   4              		.eabi_attribute 28, 1
   5              		.fpu fpv4-sp-d16
   6              		.eabi_attribute 20, 1
   7              		.eabi_attribute 21, 1
   8              		.eabi_attribute 23, 3
   9              		.eabi_attribute 24, 1
  10              		.eabi_attribute 25, 1
  11              		.eabi_attribute 26, 1
  12              		.eabi_attribute 30, 2
  13              		.eabi_attribute 34, 1
  14              		.eabi_attribute 18, 4
  15              		.thumb
  16              		.syntax unified
  17              		.file	"chdebug.c"
  18              		.text
  19              	.Ltext0:
  20              		.section	.gnu.lto_.profile.dc88c6fc71f2ae04,"",%progbits
  21 0000 789C6361 		.ascii	"x\234ca`\004B \000\000\0009\000\007"
  21      60044220 
  21      00000039 
  21      0007
  22              		.text
  23              		.section	.gnu.lto_.icf.dc88c6fc71f2ae04,"",%progbits
  24 0000 789C6361 		.ascii	"x\234ca`d\000\001&\006d\000\000\000\236\000\010"
  24      60640001 
  24      26066400 
  24      00009E00 
  24      08
  25              		.text
  26              		.section	.gnu.lto_.jmpfuncs.dc88c6fc71f2ae04,"",%progbits
  27 0000 789C6361 		.ascii	"x\234ca`d\000\001&\006d\000\000\000\236\000\010"
  27      60640001 
  27      26066400 
  27      00009E00 
  27      08
  28              		.text
  29              		.section	.gnu.lto_.inline.dc88c6fc71f2ae04,"",%progbits
  30 0000 789C6361 		.ascii	"x\234ca`d\000\001&\006d\000\000\000\236\000\010"
  30      60640001 
  30      26066400 
  30      00009E00 
  30      08
  31              		.text
  32              		.section	.gnu.lto_.pureconst.dc88c6fc71f2ae04,"",%progbits
  33 0000 789C6361 		.ascii	"x\234ca`\004B \000\000\0009\000\007"
  33      60044220 
  33      00000039 
  33      0007
  34              		.text
  35              		.section	.gnu.lto_.symbol_nodes.dc88c6fc71f2ae04,"",%progbits
  36 0000 789C6361 		.ascii	"x\234ca`d`b\000\001\000\000F\000\010"
  36      60646062 
  36      00010000 
  36      460008
ARM GAS  /tmp/ccc91Ysu.s 			page 2


  37              		.text
  38              		.section	.gnu.lto_.refs.dc88c6fc71f2ae04,"",%progbits
  39 0000 789C6361 		.ascii	"x\234ca`\004B \000\000\0009\000\007"
  39      60044220 
  39      00000039 
  39      0007
  40              		.text
  41              		.section	.gnu.lto_.decls.dc88c6fc71f2ae04,"",%progbits
  42 0000 789C6361 		.ascii	"x\234ca`d\200\001\020K\005\210\377\003\001\210\035\306"
  42      60648001 
  42      104B0588 
  42      FF030188 
  42      1DC6
  43 0012 40000000 		.ascii	"@\000\000\000\260\216\004~"
  43      B08E047E 
  44              		.text
  45              		.section	.gnu.lto_.symtab.dc88c6fc71f2ae04,"",%progbits
  46              		.text
  47              		.section	.gnu.lto_.opts,"",%progbits
  48 0000 272D666D 		.ascii	"'-fmath-errno' '-fsigned-zeros' '-ftrapping-math' '"
  48      6174682D 
  48      6572726E 
  48      6F272027 
  48      2D667369 
  49 0033 2D666E6F 		.ascii	"-fno-trapv' '-fno-openmp' '-fno-openacc' '-mcpu=cor"
  49      2D747261 
  49      70762720 
  49      272D666E 
  49      6F2D6F70 
  50 0066 7465782D 		.ascii	"tex-m4' '-mfloat-abi=hard' '-mfpu=fpv4-sp-d16' '-mn"
  50      6D342720 
  50      272D6D66 
  50      6C6F6174 
  50      2D616269 
  51 0099 6F2D7468 		.ascii	"o-thumb-interwork' '-mthumb' '-ggdb' '-O2' '-fomit-"
  51      756D622D 
  51      696E7465 
  51      72776F72 
  51      6B272027 
  52 00cc 6672616D 		.ascii	"frame-pointer' '-falign-functions=16' '-ffunction-s"
  52      652D706F 
  52      696E7465 
  52      72272027 
  52      2D66616C 
  53 00ff 65637469 		.ascii	"ections' '-fdata-sections' '-fno-common' '-flto' '-"
  53      6F6E7327 
  53      20272D66 
  53      64617461 
  53      2D736563 
  54 0132 6673696E 		.ascii	"fsingle-precision-constant'\000"
  54      676C652D 
  54      70726563 
  54      6973696F 
  54      6E2D636F 
  55              		.text
  56              		.comm	__gnu_lto_v1,1,1
  57              		.comm	__gnu_lto_slim,1,1
ARM GAS  /tmp/ccc91Ysu.s 			page 3


  58              		.ident	"GCC: (GNU Tools for ARM Embedded Processors) 5.4.1 20160919 (release) [ARM/embedded-5-bran
ARM GAS  /tmp/ccc91Ysu.s 			page 4


DEFINED SYMBOLS
                            *ABS*:00000000 chdebug.c
                            *COM*:00000001 __gnu_lto_v1
                            *COM*:00000001 __gnu_lto_slim

NO UNDEFINED SYMBOLS
