ARM GAS  /tmp/ccTmS6Vp.s 			page 1


   1              		.syntax unified
   2              		.cpu cortex-m4
   3              		.eabi_attribute 27, 1
   4              		.eabi_attribute 28, 1
   5              		.fpu fpv4-sp-d16
   6              		.eabi_attribute 20, 1
   7              		.eabi_attribute 21, 1
   8              		.eabi_attribute 23, 3
   9              		.eabi_attribute 24, 1
  10              		.eabi_attribute 25, 1
  11              		.eabi_attribute 26, 1
  12              		.eabi_attribute 30, 2
  13              		.eabi_attribute 34, 1
  14              		.eabi_attribute 18, 4
  15              		.thumb
  16              		.syntax unified
  17              		.file	"chmemcore.c"
  18              		.text
  19              	.Ltext0:
  20              		.section	.gnu.lto_.profile.64cce042c435ec97,"",%progbits
  21 0000 789C6361 		.ascii	"x\234ca`d`a`\000\222*\012\000\000\322\000O"
  21      60646061 
  21      6000922A 
  21      0A0000D2 
  21      004F
  22              		.text
  23              		.section	.gnu.lto_.icf.64cce042c435ec97,"",%progbits
  24 0000 789C6361 		.ascii	"x\234ca`d\000\0015\006\004`cX\377q\326~>\246\275\017"
  24      60640001 
  24      35060460 
  24      6358FF71 
  24      D67E3EA6 
  25 0016 DFB5B3B2 		.ascii	"\337\265\263\262\200I\326\277\257W\317\342c;\271\250"
  25      8049D6BF 
  25      AF57CFE2 
  25      633BB9A8 
  26 0026 B3999FFD 		.ascii	"\263\231\237\375K\333\247\373\034\014\000qX\022\225"
  26      4BDBA7FB 
  26      1C0C0071 
  26      581295
  27              		.text
  28              		.section	.gnu.lto_.jmpfuncs.64cce042c435ec97,"",%progbits
  29 0000 789C6361 		.ascii	"x\234ca`d\000\001!\006\004`\001bVFF\306z6\020\301\016"
  29      60640001 
  29      21060460 
  29      01625646 
  29      46C67A36 
  30 0017 E401000B 		.ascii	"\344\001\000\013\210\0012"
  30      880132
  31              		.text
  32              		.section	.gnu.lto_.inline.64cce042c435ec97,"",%progbits
  33 0000 789C6361 		.ascii	"x\234ca`d\000\201d\006\004`a``ead`bY \317\300\266@\236"
  33      60640081 
  33      64060460 
  33      61606065 
  33      61646062 
  34 001b 0924C6CA 		.ascii	"\011$\306\312\300\307\313\310\310\240\000T\315,t\240"
ARM GAS  /tmp/ccTmS6Vp.s 			page 2


  34      C0C7CBC8 
  34      C8A00054 
  34      CD2C74A0 
  35 002b 93112201 		.ascii	"\223\021\"\001T\301\002\222ec\340\341\206\311\362-\310"
  35      54C10292 
  35      6563E0E1 
  35      86C9F22D 
  35      C8
  36 003c 42956467 		.ascii	"B\225dg`c\005\232\306\366A\017n\032\003\000\370n\012"
  36      6063059A 
  36      C6F6410F 
  36      6E1A0300 
  36      F86E0A
  37 004f 1C       		.ascii	"\034"
  38              		.text
  39              		.section	.gnu.lto_.pureconst.64cce042c435ec97,"",%progbits
  40 0000 789C6361 		.ascii	"x\234ca`d\340b```a\220`\335\305\310&\301\316\002\000"
  40      6064E062 
  40      60606061 
  40      9060DDC5 
  40      C826C1CE 
  41 0016 06D40115 		.ascii	"\006\324\001\025"
  42              		.text
  43              		.section	.gnu.lto__core_init.64cce042c435ec97,"",%progbits
  44 0000 789C7552 		.ascii	"x\234uR\317k\023A\024\236o&M6\332P/\236\364\320K\016"
  44      CF6B1341 
  44      149E6F26 
  44      4D36DA50 
  44      2F9EF4D0 
  45 0016 4568BC7B 		.ascii	"Eh\274{/\236\375\003\\\232\270\220 1%\361\236I\323\265"
  45      2F9EFD03 
  45      5C9AB890 
  45      203125F1 
  45      9E49D3B5 
  46 002a B6272FE6 		.ascii	"\266'/\346P(\255(\264Vm\032\255?\"\210K\320\233XA\213"
  46      5028AD28 
  46      B4566D1A 
  46      AD3F2288 
  46      4BD09B58 
  47 0040 07A154A9 		.ascii	"\007\241T\251\021J\321\252-V\261\256\357\355l\255`\034"
  47      114AD1AA 
  47      2D56B1AE 
  47      EFED6CAD 
  47      601C
  48 0052 9699376F 		.ascii	"\226\2317o\276\357{\357{lD@\360\202\022\342$\235GL\014"
  48      BEEF7BEF 
  48      7B6C4440 
  48      F08212E2 
  48      249D474C 
  49 0067 79E9B910 		.ascii	"y\351\271\020\025K\002\034h\013\242,Q\306\266\334\225"
  49      154B021C 
  49      680BA22C 
  49      51C6B6DC 
  49      95
  50 0078 688DB69B 		.ascii	"h\215\266\233\262oF\323Z}\372\341\270\236\365\340\022"
  50      B26F46D3 
  50      5A7DFAE1 
ARM GAS  /tmp/ccTmS6Vp.s 			page 3


  50      B89EF5E0 
  50      12
  51 0089 DD97C248 		.ascii	"\335\227\302H\315\240O\020l{\374\353\373\204\352\007"
  51      CDA04F10 
  51      6C7BFCEB 
  51      FB84EA07 
  52 0099 C7D38F5B 		.ascii	"\307\323\217[K=\311\253zUk\357\345\205\303\025\335\252"
  52      4B3DC9AB 
  52      7A556BEF 
  52      E585C315 
  52      DDAA
  53 00ab F4BA0A98 		.ascii	"\364\272\012\230\205\012i\034\012\206\276^[l@\235\010"
  53      850A691C 
  53      0A86BE5E 
  53      5B6C409D 
  53      08
  54 00bc 682BCDF9 		.ascii	"h+\315\371F4\244\275\030\360\026\264\305\244\271}\322"
  54      4634A4BD 
  54      18F016B4 
  54      C5A4B97D 
  54      D2
  55 00cd 5C487AD7 		.ascii	"\\Hz\327\370u9\021\035\341\226zq\003I\\G\3224\204\233"
  55      F8753911 
  55      1DE1967A 
  55      7103495C 
  55      47D23484 
  56 00e2 88B2C5FA 		.ascii	"\210\262\305\372)O\373~U{\217\242\365\235O\326A\010"
  56      294FFB7E 
  56      557B8FA2 
  56      F59D4FD6 
  56      4108
  57 00f4 5749C99B 		.ascii	"WI\311\233\342-B\233\212qd\361\026\347\253\020\233\244"
  57      E22D429B 
  57      8A7164F1 
  57      16E7AB10 
  57      9BA4
  58 0106 C0FE3F13 		.ascii	"\300\376?\023\222N\325\306\360\227\321\366\304\020\213"
  58      924ED5C6 
  58      F097D1F6 
  58      C4108B
  59 0115 5615A870 		.ascii	"V\025\250p\315m-\305\266\244\253\"A\303\315\346\306"
  59      CD6D2DC5 
  59      B6A4AB22 
  59      41C3CDE6 
  59      C6
  60 0126 9B587957 		.ascii	"\233XyW_\324\372\020\345\306H\203\323\353\317\226\237"
  60      5FD4FA10 
  60      E5C64883 
  60      D3EBCF96 
  60      9F
  61 0137 1C98C264 		.ascii	"\034\230\302dE\007y`\236fy\013G\203\307\351\037\337"
  61      45077960 
  61      9E66790B 
  61      4783C7E9 
  61      1FDF
  62 0149 97BB8963 		.ascii	"\227\273\211c\261H\035S\324-\026P\026mTkQSI\232b[\343"
  62      B1481D53 
ARM GAS  /tmp/ccTmS6Vp.s 			page 4


  62      D42D1650 
  62      166D546B 
  62      5153499A 
  63 0160 EE37C5C5 		.ascii	"\3567\305\305$bh\020\235 ?C\210\"\024A^\215\\[\211\033"
  63      24626810 
  63      9D203F43 
  63      88221441 
  63      5E8D5C5B 
  64 0176 C88EEFFB 		.ascii	"\310\216\357\373=\270\035\300\250\355\015\030`\204\260"
  64      3DB81DC0 
  64      A8ED0D18 
  64      6084B0
  65 0185 9CA9BD4D 		.ascii	"\234\251\275Mp\342o\017]\035<t\215)t\362\240\260H\036"
  65      70E26F0F 
  65      5D1D3C74 
  65      8D2974F2 
  65      A0B0481E 
  66 0199 EEB007DC 		.ascii	"\356\260\007\334\245\246I\330\324\3718q\332\024\212"
  66      A5A649D8 
  66      D4F93871 
  66      DA148A
  67 01a8 759A87EC 		.ascii	"u\232\207\354<\217{\377\233\307}3\217\007f\036{f-R\337"
  67      3C8F7BFF 
  67      9BC77D33 
  67      8F07661E 
  67      7B662D52 
  68 01bd 77B6163A 		.ascii	"w\266\026:\213\323C\340\354\312\236\263\177\254\250"
  68      8BD343E0 
  68      ECCA9EB3 
  68      7FACA8
  69 01cc CE569A7F 		.ascii	"\316V\232\177\254<\014\254\304\305:\206=\177\200e\202"
  69      AC3C0CAC 
  69      C4C53A86 
  69      3D7F8065 
  69      82
  70 01dd 1F6D5382 		.ascii	"\037mS\202\177\000\352\376X*[\310;\251t!\235;[He\262"
  70      7F00EAFE 
  70      582A5BC8 
  70      3BA97421 
  70      9D3B5B48 
  71 01f3 B974AE50 		.ascii	"\271t\256PJ\321W<\237*\0253\224\311;\371L\241\350\364"
  71      4AD1573C 
  71      9F2A1533 
  71      94C93BF9 
  71      4CA1E8F4 
  72 0207 6744B76D 		.ascii	"gD\267mg\235\301!\3339w\306\266\023\341%=Xrl\3737\317"
  72      679DC121 
  72      DB3977C6 
  72      B613E125 
  72      3D58726C 
  73 021e 8E1F7B   		.ascii	"\216\037{"
  74              		.text
  75              		.section	.gnu.lto_chCoreAlloc.64cce042c435ec97,"",%progbits
  76 0000 789C9554 		.ascii	"x\234\225T\357O[U\030>\357=\267\367\366\027\210_\015"
  76      EF4F5B55 
  76      183EEF3D 
  76      B7F7F617 
ARM GAS  /tmp/ccTmS6Vp.s 			page 5


  76      885F0D
  77 0013 1F4A4CB3 		.ascii	"\037JL\263,\032:\243\350>,F\263\304\304\017|\201?\300"
  77      2C1A3AA3 
  77      E83E2C46 
  77      B3C4C40F 
  77      7C813FC0 
  78 0027 8CAE491B 		.ascii	"\214\256I\033WJZX6b\302\241?\306\360\213\372A\002\006"
  78      574A5A58 
  78      3662C2A1 
  78      3FC6F08B 
  78      FA410206 
  79 003b D3385D00 		.ascii	"\3238]\000\035c\240s\"\024\257c\003\307`\233\001\314"
  79      1D63A073 
  79      2214AF63 
  79      03C7609B 
  79      01CC
  80 004d 128C0116 		.ascii	"\022\214\001\026\307\300-\031\004\002\211\256\365}\317"
  80      C7C02D19 
  80      040289AE 
  80      F57DCF
  81 005c 6D9BD132 		.ascii	"m\233\3212\222\335\264\267\347\274\347}\336\363\234"
  81      92DDB4B7 
  81      E7BCE77D 
  81      DEF39C
  82 006b E7BC4F55 		.ascii	"\347\274OU\006\214\236z\215\261u\374\255\302/X\030("
  82      068C9E7A 
  82      8DB175FC 
  82      ADC22F58 
  82      1828
  83 007d 9FDE62AC 		.ascii	"\237\336b\254\325\252(\352\003\235\011;\357\235`L89"
  83      D5AA28EA 
  83      039D093B 
  83      EF9D604C 
  83      3839
  84 008f A8665C05 		.ascii	"\250f\\\005\240\201\260\002kQ\270\012-\260\245<Q\340"
  84      A081B002 
  84      6B51B80A 
  84      2DB0A53C 
  84      51E0
  85 00a1 F7F8A56E 		.ascii	"\367\370\245n\276\251$8\003\025\247\3533_\334+\245)"
  85      BEA92438 
  85      0315A7EB 
  85      335FDC2B 
  85      A529
  86 00b3 808B56D7 		.ascii	"\200\213V\327V\342\216\203=BD\305\342\371\355\303]\275"
  86      56E28E83 
  86      3D4244C5 
  86      E2F9EDC3 
  86      5DBD
  87 00c5 869AE00A 		.ascii	"\206\232\340\012\313(\014z\241\034z\240\2346\357\203"
  87      CB280C7A 
  87      A11C7AA0 
  87      9C36EF83 
  88 00d5 83987BAE 		.ascii	"\203\230{\256u\376f\011\257\004\206\343\266\376\324"
  88      75FE6609 
  88      AF0486E3 
  88      B6FED4
ARM GAS  /tmp/ccTmS6Vp.s 			page 6


  89 00e4 6AE981F3 		.ascii	"j\351\201\363\204\023[\307\205-\3019|\013\374i\034\206"
  89      84135BC7 
  89      852DC139 
  89      7C0BFC69 
  89      1C86
  90 00f6 187C0707 		.ascii	"\030|\007\007(}\332h\037\260\363\327%\364\317\263\351"
  90      287DDA68 
  90      1FB0F3D7 
  90      25F4CFB3 
  90      E9
  91 0107 2BAAFB6B 		.ascii	"+\252\373k\202\032\251Ig\2270\342.\334\023.\354\206"
  91      821AA949 
  91      679730E2 
  91      2EDC132E 
  91      EC86
  92 0119 D383D9CB 		.ascii	"\323\203\331\313\203\351\317K\264\270\300\307\005\375"
  92      83E9CF4B 
  92      B4B8C0C7 
  92      05FD
  93 0127 E0266AC8 		.ascii	"\340&j\310\350\"h(\022`B\307\203\235\264\236-72\311"
  93      E8226828 
  93      126042C7 
  93      839DB49E 
  93      2D3732C9 
  94 013b B3E58AD8 		.ascii	"\263\345\212\330\320\003\003\340\036\2501D&\023\023"
  94      D00303E0 
  94      1EA83144 
  94      261313
  95 014a E2B3D71E 		.ascii	"\342\263\327\036\275\374\"\252\200\014-\310U\325\344"
  95      BDFC22AA 
  95      800C2DC8 
  95      55D5E4
  96 0159 B28E438B 		.ascii	"\262\216C\213\025_\232\215Fv\0329\350\345\244\234\022"
  96      155F9A8D 
  96      46761A39 
  96      E8E5A49C 
  96      12
  97 016a 8A953252 		.ascii	"\212\2252R\210=\306/\351\275\256(\364\313\227!ZF\204"
  97      883DC62F 
  97      E9BDAE28 
  97      F4CB9721 
  97      5A4684
  98 017d 5746DBE6 		.ascii	"WF\333\346\200W\311\243^\036\273\333i7\271-n/\035\271"
  98      8057C9A3 
  98      5E1EBBDB 
  98      6937B92D 
  98      6E2F1DB9 
  99 0191 302444FB 		.ascii	"0$D\373;\011\256\303\245=\310\015\202\233\204]\025)"
  99      3B09AEC3 
  99      A53DC80D 
  99      829B845D 
  99      1529
 100 01a3 95EE4707 		.ascii	"\225\356G\007\027\014\341\332\012D\227g\333\356wj\273"
 100      170CE1DA 
 100      0A449767 
 100      DBEE776A 
 100      BB
ARM GAS  /tmp/ccTmS6Vp.s 			page 7


 101 01b4 C530DA37 		.ascii	"\3050\3327A\312\220Q\240@'c\265c\224\372\345{ZT\012"
 101      41CA9051 
 101      A0402763 
 101      B56394FA 
 101      E57B5A54 
 102 01c9 171F8D37 		.ascii	"\027\037\2157\323V\014~\240e^\2501\203\313\200}\007"
 102      D3560C7E 
 102      A0655EA8 
 102      3183CB80 
 102      7D07
 103 01db 3F92C0C0 		.ascii	"?\222\300\300\376 \211\317%\207v\354\025+\220\024\235"
 103      FE2089CF 
 103      258776EC 
 103      152B9014 
 103      9D
 104 01ec 28AD9520 		.ascii	"(\255\225 \375\367F\204UE\011\340\012T\310\213z\374"
 104      FDF74684 
 104      554509E0 
 104      0A54C88B 
 104      7AFC
 105 01fe 706E41C1 		.ascii	"pnA\301\010\374\004\252$\316`Xv\\\357\330\370\337\316"
 105      08FC04AA 
 105      24CE6058 
 105      765CEFD8 
 105      F8DFCE
 106 0211 8AB52CDA 		.ascii	"\212\265,\332F\271\033\027\207\346\035\022\3753\241"
 106      46B91B17 
 106      87E61D12 
 106      FD33A1
 107 0220 610454B6 		.ascii	"a\004T\266\014\212\324\200\341(\272\030o\226W\2147\022"
 107      0C8AD480 
 107      E128BA18 
 107      6F96578C 
 107      3712
 108 0232 C336BA0F 		.ascii	"\3036\272\017\261\2163\023}o\354\346*z>\261PFV\006\265"
 108      B18E3313 
 108      7D6FECE6 
 108      2A7A3EB1 
 108      50465606 
 109 0247 B0B9BAA6 		.ascii	"\260\271\272\246\236\253\271RTiT\036~\014\264\030\267"
 109      9EABB952 
 109      5469541E 
 109      7E0CB418 
 109      B7
 110 0258 E0CE98B3 		.ascii	"\340\316\230\263\371qb[\372G\005\035~A,\222\371\017"
 110      F971625B 
 110      FA47051D 
 110      7E412C92 
 110      F90F
 111 026a C91C32B3 		.ascii	"\311\0342\263(\021\263\346\342\337\374e3\263v2\231\314"
 111      2811B3E6 
 111      E2DFFC65 
 111      33B37632 
 111      99CC
 112 027c 0B606026 		.ascii	"\013``&\036\211\222\314Sh\010\214v\014\316lXL\240N\275"
 112      1E8992CC 
 112      5368088C 
ARM GAS  /tmp/ccTmS6Vp.s 			page 8


 112      760CCE6C 
 112      584CA04E 
 113 0291 9BB87A5B 		.ascii	"\233\270z['\224]\336\341\360\360\303\005\275\345\211"
 113      27945DDE 
 113      E1F0F0C3 
 113      05BDE589 
 114 02a1 382B4419 		.ascii	"8+D\031\306\332\271\311rmz\376\232=\011_\266\012\031"
 114      C6DAB9C9 
 114      726D7AFE 
 114      9A3D095F 
 114      B60A19
 115 02b4 B7C055F4 		.ascii	"\267\300U\364\366\257R\341qH\002\325\335\320\315\242"
 115      F6AF52E1 
 115      714802D5 
 115      DDD0CDA2 
 116 02c4 56AC2BF7 		.ascii	"V\254+\367\001sn\333\253*\354]\365Z\276\352\365\202"
 116      01736EDB 
 116      AB2AEC5D 
 116      F55ABEEA 
 116      F582
 117 02d6 AA762C44 		.ascii	"\252v,D\307\356\324\314\271Cnd\227)mG\314\230\023\303"
 117      C7EED4CC 
 117      B9436E64 
 117      97296D47 
 117      CC9813C3 
 118 02ea 6C09E277 		.ascii	"l\011\342wc/\345\205qJ\235\327\261\311\360\257\212\014"
 118      632FE585 
 118      714A9DD7 
 118      B1C9F0AF 
 118      8A0C
 119 02fc 62A4A64C 		.ascii	"b\244\246LER\244\210\254\331}&\335\367\246\211(\301"
 119      4552A488 
 119      ACD97D26 
 119      DDF7A689 
 119      28C1
 120 030e 504E27C9 		.ascii	"PN'\311\3779\310O\344\311O\"y\254%7Vs\3164f'\225\\C"
 120      FF39C84F 
 120      E4C94F22 
 120      79AC2537 
 120      5673CE34 
 121 0327 31792F34 		.ascii	"1y/4\351\317v[Y\221W\277z{\177\257\376&\275\232\277"
 121      E9CF765B 
 121      599157BF 
 121      7A7B7FAF 
 121      FE26BD9A 
 122 033c 3E1DAD72 		.ascii	">\035\255rc?\257n\345\274j)\366\333\024\265\\\221\203"
 122      633FAF6E 
 122      E5BC6A29 
 122      F6DB14B5 
 122      5C9183
 123 034f FF2107DF 		.ascii	"\377!\007\337$\210V\344\340\205\217\210\000\203\351"
 123      248856E4 
 123      E0858F88 
 123      0083E9
 124 035e 67387846 		.ascii	"g8xF6\361\255\247\034\234N.\2159r\346\274!u\272-\315"
 124      36F1ADA7 
 124      1C9C4E2E 
ARM GAS  /tmp/ccTmS6Vp.s 			page 9


 124      8D3972E6 
 124      BC2175BA 
 125 0374 59E8C43B 		.ascii	"Y\350\304;9'\322\006l\015\235\230\370\367\016\020\367"
 125      3927D206 
 125      6C0D9D98 
 125      F8F70E10 
 125      F7
 126 0385 182FC593 		.ascii	"\030/\305\223o@)T\226+\323\263\015xY\274{\336\217\377"
 126      6F402954 
 126      962BD3B3 
 126      0D7859BC 
 126      7BDE8FFF 
 127 0399 83402A63 		.ascii	"\203@*c\211W<\376P\320\347\251\013\325\005>\014y\274"
 127      89573CFE 
 127      50D0E7A9 
 127      0BD5053E 
 127      0C79BC
 128 03ac FE405D20 		.ascii	"\376@] \024\361\340'\334\350\211\204\275\030\011\372"
 128      14F1E027 
 128      DCE88984 
 128      BD1809FA 
 129 03bc 82DE50D8 		.ascii	"\202\336P\330W\351ej$\320\354\203\006\313\311c'\232"
 129      57E9656A 
 129      24D0EC83 
 129      06CBC963 
 129      279A
 130 03ce 7C55FB00 		.ascii	"|U\373\000\033B\341\306\210\347\335\232\352\243\325"
 130      1B42E1C6 
 130      88E7DD9A 
 130      EAA3D5
 131 03dd A77089E0 		.ascii	"\247p\211\340\037\234|+X\351g\207\237\205\362\235j\364"
 131      1F9C7C2B 
 131      58E96787 
 131      9F85F29D 
 131      6AF4
 132 03ef 1CADAE7D 		.ascii	"\034\255\256}\277\326\023\250\367\236h:\356\363H\224"
 132      BFD613A8 
 132      F79E683A 
 132      EEF34894 
 133 03ff 37F85E53 		.ascii	"7\370^S\275\027\201\373\361\314#\374\221\323\021\314"
 133      BD1781FB 
 133      F1CC23FC 
 133      91D311CC 
 134 040f 2DABAEAD 		.ascii	"-\253\256\255q\325\035\213\370\032\302\201W]\356CL\011"
 134      71D51D8B 
 134      F81AC281 
 134      575DEE43 
 134      4C09
 135 0421 331D8F11 		.ascii	"3\035\217\021\012\237f\377\003\210\367t\374"
 135      0A9F66FF 
 135      0388F774 
 135      FC
 136              		.text
 137              		.section	.gnu.lto_chCoreAllocI.64cce042c435ec97,"",%progbits
 138 0000 789C9552 		.ascii	"x\234\225RMkSA\024\235;3\311K^\222\266k\311\"\233R\212"
 138      4D6B5341 
 138      149D3B33 
ARM GAS  /tmp/ccTmS6Vp.s 			page 10


 138      C94B5E92 
 138      B66BC922 
 139 0017 902CAC42 		.ascii	"\220,\254B\301_\341OH\0144HHI\\\271\311$/I[Wn\254\215"
 139      C15FE14F 
 139      480C3448 
 139      48495CB9 
 139      C9242F49 
 140 0030 440A55E9 		.ascii	"D\012U\351\207\3264~\225.\012\017)\005k\252\210\006"
 140      87D6347E 
 140      952E0A0F 
 140      29056BAA 
 140      8806
 141 0042 0A8A68C4 		.ascii	"\012\212h\304\257\340\302\224J]\330\304{\347\325\240"
 141      AFE0C294 
 141      4A5DD8C4 
 141      7BE7D5A0 
 142 0052 D28DC37B 		.ascii	"\322\215\303{3w\356;\347\334\363\356\214d\300h\214\012"
 142      3377EE3B 
 142      E7DCF3EE 
 142      8C64C068 
 142      8C0A
 143 0064 C646703D 		.ascii	"\306Fp=\211/\270\030\360KO\031\313y8\227\237\015\246"
 143      892FB818 
 143      F04B4F19 
 143      CB793897 
 143      9F0DA6
 144 0077 4CB1B0C9 		.ascii	"L\261\260\311\230\362\013\220N^\002P\240<\300\262\\"
 144      98F20B90 
 144      4E5E0250 
 144      A03CC0B2 
 144      5C
 145 0088 48C8C277 		.ascii	"H\310\302w~\300\341ya\245\"\366xQ0\220\270mo_}\337G"
 145      7EC0E179 
 145      61A522F6 
 145      78513090 
 145      B86D6F5F 
 146 009f 5B80107D 		.ascii	"[\200\020}m}*\370\206\347\225\312\253\267\037\346F\313"
 146      6D7D2AF8 
 146      86E795CA 
 146      ABB71FE6 
 146      46CB
 147 00b1 0BB62C0A 		.ascii	"\013\266,\012\316\272\234\301\002\004a\036\202T|\021"
 147      CEBA9CC1 
 147      0204611E 
 147      82547C11 
 148 00c1 86113B97 		.ascii	"\206\021;\227k<\011\21000\214'\226\327\277\364\015\335"
 148      6B3C0988 
 148      30308C27 
 148      96D7BFF4 
 148      0DDD
 149 00d3 249EDA3F 		.ascii	"$\236\332?\253\274E!`\011\304\237<L1\270\005C\004\257"
 149      ABBC4521 
 149      6009C49F 
 149      3C4C31B8 
 149      054304AF 
 150 00e7 DB535553 		.ascii	"\333SUS\234\320\324\327\223\235U9x\235\250vy\313_Vv"
 150      9CD0D4D7 
ARM GAS  /tmp/ccTmS6Vp.s 			page 11


 150      939D5539 
 150      789DA876 
 150      79CB5F56 
 151 00fc 218435E1 		.ascii	"!\2045\341\366\337t\032\210n\326:\227\003\356\202\302"
 151      F6DF741A 
 151      886ED63A 
 151      9703EE82 
 151      C2
 152 010d 11826518 		.ascii	"\021\202e\030$k\350\350\016\270\251I\3253\266\352v-"
 152      246BE8E8 
 152      0EB8A949 
 152      D533B6EA 
 152      762D
 153 011f 655F311F 		.ascii	"e_1\037\357,y\373\001\253r\3745,+1\224.\355\300\300"
 153      EF2C79FB 
 153      01AB72FC 
 153      352C2B31 
 153      942EEDC0 
 154 0134 D0E5C1C9 		.ascii	"\320\345\301\311\355\245\310\244\310G\223\2370\001\312"
 154      EDA5C8A4 
 154      C847939F 
 154      3001CA
 155 0143 31F60D75 		.ascii	"1\366\015u\251\177m\316i\025\037\301\232.m.\216P)KH"
 155      A97F6DCE 
 155      69151FC1 
 155      9A2E6D2E 
 155      8E50294B 
 156 0158 4B0874B3 		.ascii	"K\010t\263w\261\270\257\233)\301\200*\272D\324\317\322"
 156      77B1B8AF 
 156      9B29C180 
 156      2ABA44D4 
 156      CFD2
 157 016a 06382017 		.ascii	"\0068 \027\342\020\364\262p\343\215\327\001\375\350"
 157      E210F4B2 
 157      70E38DD7 
 157      01FDE8
 158 0179 76BBFDB0 		.ascii	"v\273\375\260\202\300&pm\032\355 \020y\371\351\332\366"
 158      82C02670 
 158      6D1AED20 
 158      1079F9E9 
 158      DAF6
 159 018b AECB211A 		.ascii	"\256\313!\032\310\232.>zf\020\313\320]Z[\373\372\312"
 159      C89A2E3E 
 159      7A6610CB 
 159      D05D5A5B 
 159      FBFACA
 160 019e C81EA849 		.ascii	"\310\036\250I\245\00607%\234v\264\352\215\015s\026\256"
 160      A5063037 
 160      259C76B4 
 160      EA8D0D73 
 160      16AE
 161 01b0 E594CEBB 		.ascii	"\345\224\316\273\340.\236s\215\332\005\367`\026Hw\327"
 161      E02E9E73 
 161      8DDA05F7 
 161      60164877 
 161      D7
 162 01c1 70443DA8 		.ascii	"pD=\250\253\353\034\272\363\036\245\012G\253\336\357"
ARM GAS  /tmp/ccTmS6Vp.s 			page 12


 162      ABEB1CBA 
 162      F31EA50A 
 162      47ABDEEF 
 163 01d1 A93EF847 		.ascii	"\251>\370G\325D!\372\353\031\267\263\367\351B\246\206"
 163      D54421FA 
 163      EB19B7B3 
 163      F7E942A6 
 163      86
 164 01e2 4C9C7672 		.ascii	"L\234vr~L\263wP\330\261\216\365\032\343\327\007\332"
 164      7E4CB377 
 164      50D8B18E 
 164      F51AE3D7 
 164      07DA
 165 01f4 E682E1B5 		.ascii	"\346\202\341\265\025M\310\333\353[NG\360P\0175+\245"
 165      154DC8DB 
 165      EB5B4E47 
 165      F0500F35 
 165      2BA5
 166 0206 CEE22987 		.ascii	"\316\342)\207\021\300\324\357>i\377\377a\376a\317\374"
 166      11C0D4EF 
 166      3E69FFFF 
 166      61FE61CF 
 166      FC
 167 0217 2A9A472D 		.ascii	"*\232G-]X\352SmA~\200Y\304d\273\000\020\016\362\372"
 167      5D58EA53 
 167      6D417E80 
 167      59C464BB 
 167      00100EF2 
 168 022c 8B71AC25 		.ascii	"\213q\254%*\2151\274\002@ \274\010\307#c\251d<\022M"
 168      2A8D31BC 
 168      024020BC 
 168      08C72363 
 168      A9643C12 
 169 0241 4513E752 		.ascii	"E\023\347R\221\330X\"\232He\"\370\244\317G2\351\030"
 169      91D85822 
 169      9A486522 
 169      F8A4CF47 
 169      32E918
 170 0254 6692F164 		.ascii	"f\222\361d,\225\216\207cLf\022\027\3420\376\013\204"
 170      2C958E87 
 170      634C6612 
 170      17E230FE 
 170      0B84
 171 0266 501C10   		.ascii	"P\034\020"
 172              		.text
 173              		.section	.gnu.lto_chCoreGetStatusX.64cce042c435ec97,"",%progbits
 174 0000 789C6D51 		.ascii	"x\234mQ=K\003A\020\235\331\275\217 (\366\246Hc\021D"
 174      3D4B0341 
 174      109DD9BD 
 174      8F2028F6 
 174      A6486311 
 175 0015 CFBF6067 		.ascii	"\317\277`g\355O\270#\220 \341 \261\317&\227C\323i\341"
 175      ED4FB823 
 175      9020E120 
 175      B1CF2697 
 175      43D369E1 
 176 0029 217E1048 		.ascii	"!~\020H\023?bb\312t\"\026\026~\240he\241(Z\004\213D"
ARM GAS  /tmp/ccTmS6Vp.s 			page 13


 176      133F6262 
 176      CA742216 
 176      167EA068 
 176      65A1285A 
 177 0040 B48CE74C 		.ascii	"\264\214\347L\022,$\313\355\316\274w\303{o\3574@\340"
 177      122C24CB 
 177      EDCEBC77 
 177      C37B6FEF 
 177      3440E0
 178 0053 55A1324B 		.ascii	"U\2412Ku\2126J@\261~\015\220\217\010DnT\004!'0\207\337"
 178      758A364A 
 178      40B17E0D 
 178      908F0844 
 178      6E540421 
 179 006b A227F0B6 		.ascii	"\242'\360\266x\262+\277\204Oc\032\301\356\325\366\353"
 179      78B22BBF 
 179      844F631A 
 179      C1EED5F6 
 179      EB
 180 007c 0443C418 		.ascii	"\004C\304\030\301\035uW2\343U\245\012\352\371\255\276"
 180      C11D7557 
 180      32E355A5 
 180      0AEAF9AD 
 180      BE
 181 008d B0E1F98B 		.ascii	"\260\341\371\213\276\024\020\012\300}\214b\025\243l"
 181      BE14100A 
 181      C07D8C62 
 181      15A36C
 182 009c 718071A0 		.ascii	"q\200q\240\341\227\346\317\346\270QT\264b<Bo\016\321"
 182      E197E6CF 
 182      E6B85154 
 182      B4623C42 
 182      6F0ED1
 183 00af E0488DA5 		.ascii	"\340H\215\245S\025\206\236R\341\374\305tD\200/\245\244"
 183      5315869E 
 183      52E1FCC5 
 183      7444802F 
 183      A5A4
 184 00c1 43D3B8D3 		.ascii	"C\323\270\323\2713\3700\201\305\241C\233\203v\205\340"
 184      B933F830 
 184      81C5A143 
 184      9B837685 
 184      E0
 185 00d2 2ADFB110 		.ascii	"*\337\261\0204\237*&\253y\222C\007\376\331\215\311)"
 185      349F2A26 
 185      AB799243 
 185      07FED98D 
 185      C929
 186 00e4 7564E356 		.ascii	"ud\343V\353\343\321\314\365\324\232R\223\304\225$Y\022"
 186      EBE3D1CC 
 186      F5D49A52 
 186      93C49524 
 186      5912
 187 00f6 DDBE7C38 		.ascii	"\335\276|8\037+\343^^\365y\2115\272\364\021G\306c,#"
 187      1F2BE35E 
 187      5EF57989 
 187      35BAF411 
ARM GAS  /tmp/ccTmS6Vp.s 			page 14


 187      47C6632C 
 188 010b 90EEE750 		.ascii	"\220\356\347PT\222.\343\000\007X\033\245\212\243U\353"
 188      54922EE3 
 188      0007581B 
 188      A58AA355 
 188      EB
 189 011c 7FAA8D7F 		.ascii	"\177\252\215\177\252:\011\021\366\266\214\001\036\030"
 189      AA3A0911 
 189      F6B68C01 
 189      1E18
 190 012a E9FD91D5 		.ascii	"\351\375\221\325\373\241\225I<\264Q\014\021\377\277"
 190      FBA19549 
 190      3CB4510C 
 190      11FFBF
 191 0139 8E40BE38 		.ascii	"\216@\2768}\206\031+\351\246\023\226\355\332\251e\327"
 191      7D86192B 
 191      E9A61396 
 191      EDDAA965 
 191      D7
 192 014a 7292293B 		.ascii	"r\222);\345f-z2+V6\343\020\223N\244\0357\223\230s\340"
 192      E5662D7A 
 192      322B5636 
 192      E310934E 
 192      A41D3793 
 193 0161 17139396 		.ascii	"\027\023\223\226@"
 193      40
 194              		.text
 195              		.section	.gnu.lto_.symbol_nodes.64cce042c435ec97,"",%progbits
 196 0000 789C55CB 		.ascii	"x\234U\313K\021\2000\020\203\341?[j\000\005\340\017"
 196      4B118030 
 196      1083E13F 
 196      5B6A0005 
 196      E00F
 197 0012 0F5B09E8 		.ascii	"\017[\011\350A\004^\312\373\310No\315%3_&\003b!b\247"
 197      41045ECA 
 197      FBC84E6F 
 197      CD25335F 
 197      26036221 
 198 0028 1CD61DA2 		.ascii	"\034\326\035\242\2662C~\305\024K\256R\031!\345O\326"
 198      B632437E 
 198      C5144BAE 
 198      521921E5 
 198      4FD6
 199 003a E0506A60 		.ascii	"\340Pj`\227\\\335\307n\271\365\362\310S'\374/\237\030"
 199      975CDDC7 
 199      6EB9F5F2 
 199      C85327FC 
 199      2F9F18
 200 004d 8C       		.ascii	"\214"
 201              		.text
 202              		.section	.gnu.lto_.refs.64cce042c435ec97,"",%progbits
 203 0000 789C0DC9 		.ascii	"x\234\015\311\261\021\300 \020\003\301\223^<\266g\034"
 203      B111C020 
 203      1003C193 
 203      5E3CB667 
 203      1C
 204 0011 5008FDB7 		.ascii	"P\010\375\267\007\233n\020\033\010\226\344\341j\345"
ARM GAS  /tmp/ccTmS6Vp.s 			page 15


 204      079B6E10 
 204      1B0896E4 
 204      E16AE5
 205 0020 AD411EFC 		.ascii	"\255A\036\374\311\253\232\334l\371\367$\302\305\001"
 205      C9AB9ADC 
 205      6CF9F724 
 205      C2C501
 206 002f 177000CC 		.ascii	"\027p\000\314"
 207              		.text
 208              		.section	.gnu.lto_.decls.64cce042c435ec97,"",%progbits
 209 0000 789CA556 		.ascii	"x\234\245ViLTW\024~\347\275\221e6\015\261\215?\246\015"
 209      694C5457 
 209      147EE7BD 
 209      9165360D 
 209      B18D3FA6 
 210 0015 31359A34 		.ascii	"15\23242\265j\352O\225Vk\342\026\251M\177\264y\031\206"
 210      32B56AEA 
 210      4F95566B 
 210      E216A94D 
 210      7FB47919 
 211 002a A94C8419 		.ascii	"\251L\204\031\313\014\255\366O\037\010h\025+\306\255"
 211      CB0CADF6 
 211      4F1F0868 
 211      152BC6AD 
 212 003a 2222E286 		.ascii	"\"\"\342\206(\202\262\010\202v\212\"\250\270\342\206"
 212      2882B208 
 212      82768A22 
 212      A8B8E286 
 213 004a 8A202AEE 		.ascii	"\212 *\356\262\332q\251\332s\357}o\336\233*\332\244"
 213      B2DA71A9 
 213      DA73EF7D 
 213      6FDE9B2A 
 213      DAA4
 214 005c 2F73DEDC 		.ascii	"/s\336\334{\347\234\357\373\316\271\333\3508\340\310"
 214      7BE79CEF 
 214      FBCEB9DB 
 214      E838E0C8 
 215 006c 13A9E7B8 		.ascii	"\023\251\347\270\034\236\343\262\260\373\012\237\001"
 215      1C9EE3B2 
 215      B0FB0A9F 
 215      01
 216 0079 38F635A7 		.ascii	"8\3665\247>:\264\"\264\012\264J\264jy\354\010\332Q\264"
 216      3E3AB422 
 216      B40AB44A 
 216      B46A79EC 
 216      08DA51B4 
 217 008d E36827B8 		.ascii	"\343h'\270\340\207\370\207\3108uh3\320\032\320N\242"
 217      E087F887 
 217      C8387568 
 217      33D01AD0 
 217      4EA2
 218 009f 9D927D40 		.ascii	"\235\222}@\366{\027\026\3415\240E\240\015F\233\215V"
 218      F67B1716 
 218      E135A045 
 218      A00D469B 
 218      8D56
 219 00b1 AAC19C89 		.ascii	"\252\301\234\211v\021\255\015\355\226\006?T\216\275"
ARM GAS  /tmp/ccTmS6Vp.s 			page 16


 219      7611AD0D 
 219      ED96063F 
 219      548EBD
 220 00c0 8D7617AD 		.ascii	"\215v\027\255S\326\337\215\326\213\306\313\\G\377\305"
 220      53D6DF8D 
 220      D68BC6CB 
 220      5C47FFC5 
 221 00d0 477CC2DE 		.ascii	"G|\302\336\301\247\315\241\362-X\325r\035\024\254\322"
 221      C1A7CDA1 
 221      F22D58D5 
 221      721D14AC 
 221      D2
 222 00e1 7E30AADF 		.ascii	"~0\252\337\202\361\202\207\342\224\277|\372+\320\014"
 222      82F18287 
 222      E294BF7C 
 222      FA2BD00C 
 223 00f1 E8038358 		.ascii	"\350\003\203X\024\2607P\343\230\321.6x\372\346\324!"
 223      14B03750 
 223      E398D12E 
 223      3678FAE6 
 223      D421
 224 0103 501CE53E 		.ascii	"P\034\345>\2574\271\000\030\375\310\361t\035\320\207"
 224      AF34B900 
 224      18FDC8F1 
 224      741DD087 
 225 0113 82A8E820 		.ascii	"\202\250\350 \007\261\276\242_a\340U\002\271\253\004"
 225      07B1BEA2 
 225      5F61E055 
 225      02B9AB04 
 226 0123 68F0985C 		.ascii	"h\360\230\\\031N\325\034\310\011\224\244\357\355\271"
 226      194ED51C 
 226      C80994A4 
 226      EFEDB9
 227 0132 BAC92CF0 		.ascii	"\272\311,\360@\332\255O\013&E\355\222\360\311\222$\376"
 227      40DAAD4F 
 227      0B2645ED 
 227      92F0C992 
 227      24FE
 228 0144 03B53267 		.ascii	"\003\2652g\322Jr\204>\036\"\364\240\303n\367\211\354"
 228      D24A7284 
 228      3E1E22F4 
 228      A0C36EF7 
 228      89EC
 229 0156 1B66EC0E 		.ascii	"\033f\354\016\326C$v_\034]\237\315\017YC\343\026J\221"
 229      D6432476 
 229      5F1C5D9F 
 229      CD0F5943 
 229      E3164A91 
 230 016a 3AF8FA7D 		.ascii	":\370\372}\330\011\026(\004\013\022\355\202!\370\216"
 230      D8091628 
 230      040B12ED 
 230      8221F88E 
 231 017a D531A46B 		.ascii	"\3251\244kM\025)\272\241yR^\211\324\326\362\304\270"
 231      4D1529BA 
 231      A179525E 
 231      89D4D6F2 
 231      C4B8
ARM GAS  /tmp/ccTmS6Vp.s 			page 17


 232 018c 66A1D480 		.ascii	"f\241\324\200a\221\304\013\012@\200\035\020E\324a\223"
 232      6191C40B 
 232      0A40801D 
 232      1045D461 
 232      93
 233 019d 7C6D872B 		.ascii	"|m\207+(\273\010\206bdSS\311\337\241\302D*\264\245a"
 233      28BB0886 
 233      62645353 
 233      C9DFA1C2 
 233      442AB4A5 
 234 01b2 C74EA267 		.ascii	"\307N\242g\206\036H\272\003\311\344=\250zjbC\304c\313"
 234      861E48BA 
 234      03C9E43D 
 234      A87A6A62 
 234      43C463CB 
 235 01c6 D3CE7D46 		.ascii	"\323\316}Fa:i\363y\313\212\356\016\200\021\372mDa\333"
 235      613A69F3 
 235      79CB8AEE 
 235      0E8011FA 
 235      6D4461DB 
 236 01da 958C6F7B 		.ascii	"\225\214o{\3231=(\005=\354Q)g\340\006\345\026KR*I\""
 236      D3313D28 
 236      053DEC51 
 236      2967E006 
 236      E5164B52 
 237 01f1 A2C1CC05 		.ascii	"\242\301\314\005r\200\2750\202\340\022G(\301\301b\034"
 237      7280BD30 
 237      82E01247 
 237      28C1C162 
 237      1C
 238 0202 448E4B35 		.ascii	"D\216K5\215}\202\216,\026\002\205\031\342XVW~\232I["
 238      8D7D828E 
 238      2C160285 
 238      19E25856 
 238      577E9A49 
 239 0217 8BD9464D 		.ascii	"\213\331FM-\312i-\312@.\306\311\345w\322C\224b\364\231"
 239      2DCA692D 
 239      CA402EC6 
 239      C9E577D2 
 239      439462F4 
 240 022c D72AC540 		.ascii	"\327*\305@7\330\255*\333\255-F\005-F\247?\367\271I("
 240      37D8AD2A 
 240      DBAD2D46 
 240      052D46A7 
 240      3FF7B949 
 241 0241 009A6B7B 		.ascii	"\000\232k{\305\342\016=\302\264\225H\2765\307\214RV"
 241      C5E20E3D 
 241      C2B49548 
 241      BE35C78C 
 241      5256
 242 0253 8A94379E 		.ascii	"\212\2247\236\202\354SA\366iA*)Hqw\311\372P\241\234"
 242      82EC5341 
 242      F669412A 
 242      29487177 
 242      C9FA50A1 
 243 0268 81DCCB59 		.ascii	"\201\334\313Y\267)H8\311IU\276?h\026\327J\273k\303\231"
 243      B7294838 
ARM GAS  /tmp/ccTmS6Vp.s 			page 18


 243      C94955BE 
 243      3F6816D7 
 243      4ABB6BC3 
 244 027d 709F7F89 		.ascii	"p\237\177\211q\235\344K\303\270\010\342\005U*g\225\226"
 244      719DE44B 
 244      C3B808E2 
 244      05552A67 
 244      9596
 245 028f B39A725E 		.ascii	"\263\232r^\274Y\2065?\3028\213\323o\356\010\3039\263"
 245      BC598635 
 245      3FC2388B 
 245      D36FEE08 
 245      C339B3
 246 02a2 E0348266 		.ascii	"\3404\202f\016-l\016\313|\275E:\341\034\365\345\317"
 246      0E2D6C0E 
 246      CB7CBD45 
 246      3AE11CF5 
 246      E5CF
 247 02b4 9436D785 		.ascii	"\2246\327\205\007&\361\305\311\017+%i\020\374\211\""
 247      0726F1C5 
 247      C90F2B25 
 247      6910FC89 
 247      22
 248 02c5 FF50092D 		.ascii	"\377P\011-\2019\354\312\227B\206p0\332\002\237\340\004"
 248      8139ECCA 
 248      97428670 
 248      30DA029F 
 248      E004
 249 02d7 FA70022D 		.ascii	"\372p\002-\362\004\036\304\234\016\260\011\334\261\261"
 249      F2041EC4 
 249      9C0EB009 
 249      DCB1B1
 250 02e6 E0B04928 		.ascii	"\340\260I(\245\213\237\177\270\352\376b!@\340_i\331"
 250      A58B9F7F 
 250      B8EAFE62 
 250      2140E05F 
 250      69D9
 251 02f8 49080E23 		.ascii	"I\010\016#A\255J\200|of8\364f\206\343\231/{\370\210"
 251      41AD4A80 
 251      7C6F6638 
 251      F46686E3 
 251      992F7BF8 
 252 030d 2C794B8D 		.ascii	",yK\215\007\202G\367`\035D\004vWv\313\346\002\363\260"
 252      078247F7 
 252      601D4404 
 252      765776CB 
 252      E602F3B0 
 253 0321 CD521BF2 		.ascii	"\315R\033\362\266\344\231\012S\2454\2018@\015\255\037"
 253      B6E4990A 
 253      53A53481 
 253      38400DAD 
 253      1F
 254 0332 7AD3061C 		.ascii	"z\323\006\034\201ad\242\226>.\345\205t\201\226h\325"
 254      816164A2 
 254      963E2EE5 
 254      85748196 
 254      68D5
ARM GAS  /tmp/ccTmS6Vp.s 			page 19


 255 0344 9DFA70E3 		.ascii	"\235\372p\343\022u\321R\275\352\2545\200Q\341\270\233"
 255      1275D152 
 255      BDEAAC35 
 255      8051E1B8 
 255      9B
 256 0355 FFD2881C 		.ascii	"\377\322\210\034R\276\344{\261\025p\306t\344W\250g\271"
 256      52BEE47B 
 256      B11570C6 
 256      74E457A8 
 256      67B9
 257 0367 6962EA29 		.ascii	"ib\352)\327Q\312\365xI\357-\223\260\214q\225\327\027"
 257      D751CAF5 
 257      7849EF2D 
 257      93B08C71 
 257      95D717
 258 037a A79A984C 		.ascii	"\247\232\230L_S\306{)R-P\225\307\024\225\264\001\307"
 258      5F53C67B 
 258      29522D50 
 258      95C71495 
 258      B401C7
 259 038d 6964F7EA 		.ascii	"id\367\352\346\225\202\220\315\"\353+k\236\205\311\344"
 259      E6958290 
 259      CD22EB2B 
 259      6B9E85C9 
 259      E4
 260 039e AF34E48D 		.ascii	"\2574\344\215\257\2217R\210\023\024\242\247\361r'\004"
 260      AF913752 
 260      881314A2 
 260      A7F17227 
 260      04
 261 03af 2547D854 		.ascii	"%G\330T\337\223,9\362\215\336\3533\212\263LA\336\204"
 261      DF932C39 
 261      F28DDEEB 
 261      338AB34C 
 261      41DE84
 262 03c2 41F53E25 		.ascii	"A\365>%{\237\242\336\312\0012\374\365\003d8[|g\227\367"
 262      7B9FA2DE 
 262      CA0132FC 
 262      F5036438 
 262      5B7C6797 
 263 03d7 6C091536 		.ascii	"l\011\0256\321\004\370#\313J\367\0324\213\357\363\025"
 263      D104F823 
 263      CB4AF71A 
 263      348BEFF3 
 263      15
 264 03e8 8BC80972 		.ascii	"\213\310\011r\016\213}V]\034\303\373?A\232py\014\227"
 264      0E8B7D56 
 264      5D1CC3FB 
 264      3F419A70 
 264      790C97
 265 03fb 97C7191C 		.ascii	"\227\307\031\034<-/\300-+\362C\204]\214d]Y\241_\257"
 265      3C2D2FC0 
 265      2D2BF243 
 265      845D8C64 
 265      5D59A15F 
 266 0410 59806376 		.ascii	"Y\200cv\221\005x\0219\316\253\034\347\240\177\222\013"
 266      91057811 
ARM GAS  /tmp/ccTmS6Vp.s 			page 20


 266      39CEAB1C 
 266      E7A07F92 
 266      0B
 267 0421 6F2021F1 		.ascii	"o !\361d\3566\\\3105\350\027\313\273\233T'B\273N.\021"
 267      64EE365C 
 267      C835E817 
 267      CBBB9B54 
 267      2742BB4E 
 268 0437 54B0D2A5 		.ascii	"T\260\322\245\214\336u\257\374\276\201\354\270\347I"
 268      8CDE75AF 
 268      FCBE81EC 
 268      B8E749
 269 0446 29BA1A37 		.ascii	")\272\0327\030\330q?\010\273\347\237\034xf\024\312\251"
 269      18D8713F 
 269      08BBE79F 
 269      1C786614 
 269      CAA9
 270 0458 685D696A 		.ascii	"h]ij\353&3\214\260\000b\001\223N\356\016\016ZQ\367\025"
 270      EB26338C 
 270      B0006201 
 270      934EEE0E 
 270      0E5A51F7 
 271 046d 7965E093 		.ascii	"ye\340\223-!y\327/d\030\333a\364\373\015\333\350*\246"
 271      2D2179D7 
 271      2F6418DB 
 271      61F4FB0D 
 271      DBE82AA6 
 272 0481 D04AC55C 		.ascii	"\320J\305\\C\300\026\371\234\365\267\372M\362&\362\221"
 272      43C016F9 
 272      9CF5B7FA 
 272      4DF226F2 
 272      91
 273 0492 4D44B02F 		.ascii	"MD\260/\343\357\315T|\033\331J,\005\332\301\210\233"
 273      E3EFCD54 
 273      7C1BD94A 
 273      2C05DAC1 
 273      889B
 274 04a4 CF8BF69B 		.ascii	"\317\213\366\233Y\002!\344\264\274\341o\017\353?\373"
 274      590221E4 
 274      B4BCE16F 
 274      0FEB3FFB 
 275 04b4 7625FBEB 		.ascii	"v%\373\353\214\257oI\272_\276\355B\261[\320\221\363"
 275      8CAF6F49 
 275      BA5FBEED 
 275      42B15BD0 
 275      91F3
 276 04c6 9B91A53F 		.ascii	"\233\221\245?\016\273\031yk:\015\332-M\324\334D\260"
 276      0EBB1979 
 276      6B3A0DDA 
 276      2D4DD4DC 
 276      44B0
 277 04d8 1B14EC16 		.ascii	"\033\024\354\026U\323\316\324\334\242j2\323\013SB\205"
 277      55D3CED4 
 277      DCA26A32 
 277      D30B5342 
 277      85
 278 04e9 FD6C2F54 		.ascii	"\375l/T\025\374\352'\027\240\017\317\374\337s\277[M"
ARM GAS  /tmp/ccTmS6Vp.s 			page 21


 278      15FCEA27 
 278      17A00FCF 
 278      FCDF73BF 
 278      5B4D
 279 04fb CFFCAC8F 		.ascii	"\317\374\254\217\350\005\330\241\316s\207\366\350\274"
 279      E805D8A1 
 279      CE7387F6 
 279      E8BC
 280 0509 4D8FCE6D 		.ascii	"M\217\316m\376'K\315B\027\203Y\271\2758]/\303\364m\234"
 280      FE274BCD 
 280      42178359 
 280      B9BD385D 
 280      2FC3F46D 
 281 051e BA560B73 		.ascii	"\272V\013sG\205\271\243\205\271\313N\340\216\3328\241"
 281      4785B9A3 
 281      85B9CB4E 
 281      E08EDA38 
 281      A1
 282 052f 4447510A 		.ascii	"DGQ\012\213rK\314\302A\326YZ{('\004\2573\270O\203pd"
 282      8B724BCC 
 282      C241D659 
 282      5A7B2827 
 282      04AF33B8 
 283 0547 D1832D17 		.ascii	"\321\203-\027xz\301]\014\\p\315\027\362G\367{\327?\242"
 283      787AC15D 
 283      0C5C70CD 
 283      17F247F7 
 283      7BD73FA2 
 284 055b B7C443E5 		.ascii	"\267\304C\345~[\336\225y=T\026Y\32513s\363\265L)/U\032"
 284      7E5BDE95 
 284      793D5416 
 284      59D53133 
 284      73F3B54C 
 285 0573 DFC0134F 		.ascii	"\337\300\023O\270\247\350\204\007\240#=Uj'\225z\372"
 285      B8A7E884 
 285      07A0233D 
 285      556A2795 
 285      7AFA
 286 0585 5175A641 		.ascii	"Qu\246AH\037@\345U\347v\376 c\255\313\235S\2675\203"
 286      481F40E5 
 286      55E776FE 
 286      2063ADCB 
 286      9D53B735 
 287 059a DE735FD2 		.ascii	"\336s_\322?\030\320\245\246\334\245\305\351\2468m\033"
 287      3F18D0A5 
 287      A6DCA5C5 
 287      E9A6386D 
 287      1B
 288 05ab 6FAF3409 		.ascii	"o\2574\011+\030\316\266\264\232\\C\240rqA\225\353Qa"
 288      2B18CEB6 
 288      B49A5C43 
 288      A0727141 
 288      95EB5161 
 289 05bf 7AB430BD 		.ascii	"z\2640\2750\224\323\213vw\222Ct\272\234\336\260\311"
 289      3094D38B 
 289      76779243 
 289      74BA9CDE 
ARM GAS  /tmp/ccTmS6Vp.s 			page 22


 289      B0C9
 290 05d1 D3674746 		.ascii	"\323gGF\217\032\305}l\215w':\254\261\356X\347\\\267"
 290      8F1AC57D 
 290      6C8D7727 
 290      3AACB1EE 
 290      58E75CB7 
 291 05e5 D51EEF8C 		.ascii	"\325\036\357\214u\272=V\374$y\255\236$;\216$:\022IX"
 291      75BA3D56 
 291      FC2479AD 
 291      9E243B8E 
 291      243A1249 
 292 05fa 949D33D8 		.ascii	"\224\2353\330\343\243\2615!!\301m\017\3618\177v\210"
 292      E3A3B135 
 292      2121C16D 
 292      0FF1387F 
 292      7688
 293 060c DE5941E1 		.ascii	"\336YA\341^\267;\301c\235c\267\217\264%%\216t\271]\216"
 293      5EB73BC1 
 293      639D63B7 
 293      8FB42525 
 293      8E74B95D 
 294 0621 910E5BAC 		.ascii	"\221\016[\254\323\232\340\214%\243\326\340\321\261Q"
 294      D39AE08C 
 294      25A3D6E0 
 294      D1B151
 295 0630 63A24659 		.ascii	"c\242FY\235.{Br\234\303\352\361\306\3059\276\217\212"
 295      9D2E7B42 
 295      729CC3EA 
 295      F1C6C539 
 295      BE8F8A
 296 0643 E78C1A96 		.ascii	"\347\214\032\226)\203Xg\262\303\033\343\265y\223=\337"
 296      29835867 
 296      B2C31BE3 
 296      B579933D 
 296      DF
 297 0654 984431DE 		.ascii	"\230D1\336a\233'\306\332<\016Q\014\027\305d\247\313"
 297      619B27C6 
 297      DA3C0E51 
 297      0C17C564 
 297      A7CB
 298 0666 3B4EF47E 		.ascii	";N\364~\365\237\204\004\367\024\352D\033\346\355rXE"
 298      F59F8404 
 298      F714EA44 
 298      1BE6ED72 
 298      5845
 299 0678 14604B4E 		.ascii	"\024`KN\360\212\336\005\363\034\036\224\022*\203O\371"
 299      F08ADE05 
 299      F31C1E94 
 299      122A834F 
 299      F9
 300 0689 1FE09E05 		.ascii	"\037\340\236\005\036\253\210\311!\022At9\346{\261\242"
 300      1EAB88C9 
 300      21124174 
 300      39E67BB1 
 300      A2
 301 069a 46390D87 		.ascii	"F9\015\207+N\024C\360\215cz\226\314\350OEo\230\322\320"
 301      2B4E1443 
ARM GAS  /tmp/ccTmS6Vp.s 			page 23


 301      F08D637A 
 301      96CCE84F 
 301      456F98D2 
 302 06af D9E36D49 		.ascii	"\331\343mI\341\366\370\230\005\236\251n\373\334\267"
 302      E1F6F898 
 302      059EA96E 
 302      FBDCB7
 303 06be CD964268 		.ascii	"\315\226Bh\217GJ\244\012\237\347N\362\212X\304\271c"
 303      8F474AA4 
 303      0A9FE74E 
 303      F28A58C4 
 303      B963
 304 06d0 DF12459C 		.ascii	"\337\022E\234<\326\011\263\246EO\233\217?\321\005\362"
 304      3CD609B3 
 304      A6454F9B 
 304      8F3FD105 
 304      F2
 305 06e1 E3678918 		.ascii	"\343g\211\030\217\225\3668\274\342\304\0111_\314\234"
 305      8F95F638 
 305      BCE2C409 
 305      315FCC9C 
 306 06f1 35C5644B 		.ascii	"5\305dK\370\311\266\300\203\213'\001K5\256?D\314\316"
 306      F8C9B6C0 
 306      838B2701 
 306      4B35AE3F 
 306      44CCCE
 307 0704 1A3D2D66 		.ascii	"\032=-fJ\214*\207 \332\023'%\273\354\010j\240\251\314"
 307      4A8C2A87 
 307      20DA1327 
 307      25BBEC08 
 307      6AA0A9CC 
 308 0718 76115906 		.ascii	"v\021Y\006*0\231\266\377\001~\273\023\235"
 308      2A3099B6 
 308      FF017EBB 
 308      139D
 309              		.text
 310              		.section	.gnu.lto_.symtab.64cce042c435ec97,"",%progbits
 311 0000 5F636F72 		.ascii	"_core_init\000"
 311      655F696E 
 311      697400
 312 000b 00       		.ascii	"\000"
 313 000c 00       		.ascii	"\000"
 314 000d 00       		.ascii	"\000"
 315 000e 00000000 		.ascii	"\000\000\000\000\000\000\000\000"
 315      00000000 
 316 0016 AD000000 		.ascii	"\255\000\000\000"
 317 001a 6368436F 		.ascii	"chCoreAlloc\000"
 317      7265416C 
 317      6C6F6300 
 318 0026 00       		.ascii	"\000"
 319 0027 00       		.ascii	"\000"
 320 0028 00       		.ascii	"\000"
 321 0029 00000000 		.ascii	"\000\000\000\000\000\000\000\000"
 321      00000000 
 322 0031 B6000000 		.ascii	"\266\000\000\000"
 323 0035 6368436F 		.ascii	"chCoreAllocI\000"
 323      7265416C 
ARM GAS  /tmp/ccTmS6Vp.s 			page 24


 323      6C6F6349 
 323      00
 324 0042 00       		.ascii	"\000"
 325 0043 00       		.ascii	"\000"
 326 0044 00       		.ascii	"\000"
 327 0045 00000000 		.ascii	"\000\000\000\000\000\000\000\000"
 327      00000000 
 328 004d B8000000 		.ascii	"\270\000\000\000"
 329 0051 6368436F 		.ascii	"chCoreGetStatusX\000"
 329      72654765 
 329      74537461 
 329      74757358 
 329      00
 330 0062 00       		.ascii	"\000"
 331 0063 00       		.ascii	"\000"
 332 0064 00       		.ascii	"\000"
 333 0065 00000000 		.ascii	"\000\000\000\000\000\000\000\000"
 333      00000000 
 334 006d BB000000 		.ascii	"\273\000\000\000"
 335 0071 5F5F6865 		.ascii	"__heap_base__\000"
 335      61705F62 
 335      6173655F 
 335      5F00
 336 007f 00       		.ascii	"\000"
 337 0080 02       		.ascii	"\002"
 338 0081 00       		.ascii	"\000"
 339 0082 00000000 		.ascii	"\000\000\000\000\000\000\000\000"
 339      00000000 
 340 008a C6000000 		.ascii	"\306\000\000\000"
 341 008e 5F5F6865 		.ascii	"__heap_end__\000"
 341      61705F65 
 341      6E645F5F 
 341      00
 342 009b 00       		.ascii	"\000"
 343 009c 02       		.ascii	"\002"
 344 009d 00       		.ascii	"\000"
 345 009e 00000000 		.ascii	"\000\000\000\000\000\000\000\000"
 345      00000000 
 346 00a6 CB000000 		.ascii	"\313\000\000\000"
 347              		.text
 348              		.section	.gnu.lto_.opts,"",%progbits
 349 0000 272D666D 		.ascii	"'-fmath-errno' '-fsigned-zeros' '-ftrapping-math' '"
 349      6174682D 
 349      6572726E 
 349      6F272027 
 349      2D667369 
 350 0033 2D666E6F 		.ascii	"-fno-trapv' '-fno-openmp' '-fno-openacc' '-mcpu=cor"
 350      2D747261 
 350      70762720 
 350      272D666E 
 350      6F2D6F70 
 351 0066 7465782D 		.ascii	"tex-m4' '-mfloat-abi=hard' '-mfpu=fpv4-sp-d16' '-mn"
 351      6D342720 
 351      272D6D66 
 351      6C6F6174 
 351      2D616269 
 352 0099 6F2D7468 		.ascii	"o-thumb-interwork' '-mthumb' '-ggdb' '-O2' '-fomit-"
ARM GAS  /tmp/ccTmS6Vp.s 			page 25


 352      756D622D 
 352      696E7465 
 352      72776F72 
 352      6B272027 
 353 00cc 6672616D 		.ascii	"frame-pointer' '-falign-functions=16' '-ffunction-s"
 353      652D706F 
 353      696E7465 
 353      72272027 
 353      2D66616C 
 354 00ff 65637469 		.ascii	"ections' '-fdata-sections' '-fno-common' '-flto' '-"
 354      6F6E7327 
 354      20272D66 
 354      64617461 
 354      2D736563 
 355 0132 6673696E 		.ascii	"fsingle-precision-constant'\000"
 355      676C652D 
 355      70726563 
 355      6973696F 
 355      6E2D636F 
 356              		.text
 357              		.comm	__gnu_lto_v1,1,1
 358              		.comm	__gnu_lto_slim,1,1
 359              		.ident	"GCC: (GNU Tools for ARM Embedded Processors) 5.4.1 20160919 (release) [ARM/embedded-5-bran
ARM GAS  /tmp/ccTmS6Vp.s 			page 26


DEFINED SYMBOLS
                            *ABS*:00000000 chmemcore.c
                            *COM*:00000001 __gnu_lto_v1
                            *COM*:00000001 __gnu_lto_slim

NO UNDEFINED SYMBOLS
