ARM GAS  /tmp/cczSsPeL.s 			page 1


   1              		.syntax unified
   2              		.cpu cortex-m4
   3              		.eabi_attribute 27, 1
   4              		.eabi_attribute 28, 1
   5              		.fpu fpv4-sp-d16
   6              		.eabi_attribute 20, 1
   7              		.eabi_attribute 21, 1
   8              		.eabi_attribute 23, 3
   9              		.eabi_attribute 24, 1
  10              		.eabi_attribute 25, 1
  11              		.eabi_attribute 26, 1
  12              		.eabi_attribute 30, 2
  13              		.eabi_attribute 34, 1
  14              		.eabi_attribute 18, 4
  15              		.thumb
  16              		.syntax unified
  17              		.file	"chmempools.c"
  18              		.text
  19              	.Ltext0:
  20              		.section	.gnu.lto_.profile.fe2b784b36ba5592,"",%progbits
  21 0000 789C6361 		.ascii	"x\234ca`d`a`\000\222\341\226\000\001Q\000\233"
  21      60646061 
  21      600092E1 
  21      96000151 
  21      009B
  22              		.text
  23              		.section	.gnu.lto_.icf.fe2b784b36ba5592,"",%progbits
  24 0000 789C6361 		.ascii	"x\234ca`d\000\001U\006\004`cX\362q\357)F\306\027\327"
  24      60640001 
  24      55060460 
  24      6358F271 
  24      EF2946C6 
  25 0016 0E8630FD 		.ascii	"\016\2060\375\235\260w&#\363\363\366\225\275\314,[\237"
  25      9DB07726 
  25      23F3F3F6 
  25      95BDCC2C 
  25      5B9F
  26 0028 5CD9C5CE 		.ascii	"\\\331\305\316:\377\354\236\037\354\014\000]\237\022"
  26      3AFFEC9E 
  26      1FEC0C00 
  26      5D9F12
  27 0037 10       		.ascii	"\020"
  28              		.text
  29              		.section	.gnu.lto_.jmpfuncs.fe2b784b36ba5592,"",%progbits
  30 0000 789C6361 		.ascii	"x\234ca`d\000\001+\006\004`c`fddd\257\257\257g\2041"
  30      60640001 
  30      2B060460 
  30      63606664 
  30      6464AFAF 
  31 0018 9880743D 		.ascii	"\230\200t=\023HR\352\000X\026\314\251\027`\001J0\327"
  31      134852EA 
  31      005816CC 
  31      A9176001 
  31      4A30D7
  32 002b D7B34228 		.ascii	"\327\263B(\006\000\353\320\007\344"
  32      0600EBD0 
  32      07E4
ARM GAS  /tmp/cczSsPeL.s 			page 2


  33              		.text
  34              		.section	.gnu.lto_.inline.fe2b784b36ba5592,"",%progbits
  35 0000 789C3D50 		.ascii	"x\234=P\273n\302@\020\234\331;\373\214\225(\261\221"
  35      BB6EC240 
  35      109CD93B 
  35      FB8C9528 
  35      B191
  36 0012 A0418A3B 		.ascii	"\240A\212;:DE\355/\340#R\306?\341\306\022\005\022T\210"
  36      3A4445ED 
  36      2FE02352 
  36      C63FE1C6 
  36      12051254 
  37 0027 06892E4A 		.ascii	"\006\211.J\221\026Q\363\003\244t\225:t)\322Fb\3176\254"
  37      911651F3 
  37      03A47495 
  37      3A7429D2 
  37      4662CF36 
  38 003c 4EFB9AD9 		.ascii	"N\373\232\331\233\333\263 \274\015\332\320X\250' \304"
  38      9BDBB320 
  38      BC0DDAD0 
  38      58A82720 
  38      C4
  39 004d 1C87E8D5 		.ascii	"\034\207\350\3253\361=\342\361\002R2\345I\262\372\216"
  39      33F13DE2 
  39      F1025232 
  39      E549B2FA 
  39      8E
  40 005e D1DB2D45 		.ascii	"\321\333-E`\025\023$1\035\262\202\223\221\001\262\267"
  40      60151324 
  40      311DB282 
  40      939101B2 
  40      B7
  41 006f 2E16FFC2 		.ascii	".\026\377\302Mu:\273?\251\214\336\300w\216L\356\361"
  41      4D753ABB 
  41      3FA98CDE 
  41      C0778E4C 
  41      EEF1
  42 0081 2E213C4D 		.ascii	".!<M}\233g\261\027\337\277\010\370\343rA\260\030\347"
  42      7D9B67B1 
  42      17DFBF08 
  42      F8E37241 
  42      B018E7
  43 0094 60CD9291 		.ascii	"`\315\222\221\026\307H#\370\301R\236\265\356\022\230"
  43      16C74823 
  43      F8C1529E 
  43      B5EE1298 
  44 00a4 CFD482AB 		.ascii	"\317\324\202\253\3206\317\014\022h\217\353\271A\377"
  44      D036CF0C 
  44      12688FEB 
  44      B941FF
  45 00b3 4157480F 		.ascii	"AWH\017\257\210\267\323\033\346\021\353\227c+n\345\353"
  45      AF88B7D3 
  45      1BE611EB 
  45      97632B6E 
  45      E5EB
  46 00c5 09D1EFA4 		.ascii	"\011\321\357\244Q\264\255o\250\210\234N\273zv\377\000"
  46      51B4AD6F 
ARM GAS  /tmp/cczSsPeL.s 			page 3


  46      A8889C4E 
  46      BB7A76FF 
  46      00
  47 00d6 5C01F942 		.ascii	"\\\001\371B%#"
  47      2523
  48              		.text
  49              		.section	.gnu.lto_.pureconst.fe2b784b36ba5592,"",%progbits
  50 0000 789C6361 		.ascii	"x\234ca`d\020````c\220b\334\305\310$\305\274\213\221"
  50      60641060 
  50      60606063 
  50      9062DCC5 
  50      C824C5BC 
  51 0016 458A7517 		.ascii	"E\212u\027#\000\024\234\002\252"
  51      2300149C 
  51      02AA
  52              		.text
  53              		.section	.gnu.lto_chPoolObjectInit.fe2b784b36ba5592,"",%progbits
  54 0000 789C9592 		.ascii	"x\234\225\222\317k\023A\024\307\347;\263\273\211\230"
  54      CF6B1341 
  54      14C7E73B 
  54      B3BB8998 
  55 0010 F61FB042 		.ascii	"\366\037\260Bo\241\0073\366\242\177\200\242\340\245"
  55      6FA10733 
  55      F6A27F80 
  55      A2E0A5
  56 001f A2070F1E 		.ascii	"\242\007\017\036D\327\305,t\331\260[<x\351$\351\322"
  56      44D7C52C 
  56      74D9B05B 
  56      3C78E924 
  56      E9D2
  57 0031 7A102AA8 		.ascii	"z\020*\250`\261\026\204\322j\355\217\370\263\036\012"
  57      60B11684 
  57      D26AED8F 
  57      F8B31E0A 
  58 0041 A187088A 		.ascii	"\241\207\010\212\026\261=yi\325\006\333S\002\225\236"
  58      16B13D79 
  58      69D506DB 
  58      5302959E 
  59 0051 6C7C3344 		.ascii	"l|3D\220\236t`\230y\263\357\373y\357}Y\213\201\351u"
  59      909E7460 
  59      9879B3EF 
  59      FB79EF7D 
  59      598B81E9 
  60 0066 91337681 		.ascii	"\2213v\201\316C\264!\030\370\350G\306\212i\016\350\213"
  60      CE43B421 
  60      18F8E847 
  60      C68A690E 
  60      E88B
  61 0078 4A830D72 		.ascii	"J\203\015r\014\342'\377\305\261<\\\177\303{\246\024"
  61      0CE227FF 
  61      C5B13C5C 
  61      7FC37BA6 
  61      14
  62 0089 ADF5CDFA 		.ascii	"\255\365\315\372Q5]E\"\030kqCb\230B\017e}\032Zx vx\""
  62      51355D45 
  62      22186B71 
  62      43629842 
ARM GAS  /tmp/cczSsPeL.s 			page 4


  62      0F657D1A 
  63 00a3 008BC2E6 		.ascii	"\000\213\302\346\207\261o\235:\344\350\246\360\307b"
  63      87B16F9D 
  63      3AE4E8A6 
  63      F0C762
  64 00b2 6D242D4E 		.ascii	"m$-N\203\321}c\275y8;\251TI\251qO\035H\204\300\023\010"
  64      83D17D63 
  64      BD79383B 
  64      A95449A9 
  64      714F1D48 
  65 00ca C2E131BA 		.ascii	"\302\3411\2720\215.FO\0143\310R\362\243\342\332\373"
  65      308D2E46 
  65      4F0C33C8 
  65      52F2A3E2 
  65      DAFB
  66 00dc 0E71C608 		.ascii	"\016q\306\010\207g\227\266:\333\312\317Fi\341\351~\245"
  66      876797B6 
  66      3ADBCACF 
  66      4669E1E9 
  66      7EA5
  67 00ee C5306B94 		.ascii	"\3050k\224_\036\326\2662\242\317(\267\357\334\336\264"
  67      5F1ED6B6 
  67      32A2CF28 
  67      B7EFDCDE 
  67      B4
  68 00ff DBCAFBB5 		.ascii	"\333\312\373\265\214\032\245\011l\314\355\327\332\014"
  68      8C1AA509 
  68      6CCCEDD7 
  68      DA0C
  69 010d F3C86AC1 		.ascii	"\363\310j\301\327\312\336\335\016gH\317\334}\363\317"
  69      D7CADEDD 
  69      0E6748CF 
  69      DC7DF3CF 
  70 011d B05880A3 		.ascii	"\260X\200\243\355\233?WU\255VY\251%g\346\026\264i\324"
  70      ED9B3F57 
  70      55AD5659 
  70      A92567E6 
  70      16B469D4 
  71 0131 AB055DD7 		.ascii	"\253\005]\327\201!\260\006\345k'\233\234\353S\324Q\332"
  71      8121B006 
  71      E56B279B 
  71      9CEB53D4 
  71      51DA
  72 0143 69AC3485 		.ascii	"i\2544\205F\020\376^\262\274\222\322\356\010\323\336"
  72      4610FE5E 
  72      B2BC92D2 
  72      EE08D3DE 
  73 0153 EEDB7723 		.ascii	"\356\333w#\231\011\214\027u\275\203\211p\312d[\205Z"
  73      99098C17 
  73      75BD8389 
  73      70CA645B 
  73      855A
  74 0165 D21F27BF 		.ascii	"\322\037'\277\227\346R\362H\"Rx\206\011\354\031\333"
  74      97E652F2 
  74      48225278 
  74      8609EC19 
  74      DB
ARM GAS  /tmp/cczSsPeL.s 			page 5


  75 0176 F11CF26F 		.ascii	"\361\034\362oN\012\014/H@u\306*\253\033v\273\316\277"
  75      4E0A0C2F 
  75      484075C6 
  75      2AAB1B76 
  75      BBCEBF
  76 0189 812DBC34 		.ascii	"\201-\2744`=\033^A\226\311D\015j\256V\376\017d\343\265"
  76      603D1B5E 
  76      4196C944 
  76      0D6AAE56 
  76      FE0F64E3 
  77 019e 0119B316 		.ascii	"\001\031\263\0265\310a\333(U\327Ni\214\371[\032T\205"
  77      35C861DB 
  77      2855D74E 
  77      698CF95B 
  77      1A5485
  78 01b1 0CA18C93 		.ascii	"\014\241\214\2232\037\006\236\314{\356@\030\311\263"
  78      321F069E 
  78      CC7BEE40 
  78      18C9B3
  79 01c0 51782DBA 		.ascii	"Qx-\272\034\304\322s\373\375B\354\311\023y\377\212\337"
  79      1CC4D273 
  79      FBFD42EC 
  79      C91379FF 
  79      8ADF
  80 01d2 77FE52EF 		.ascii	"w\376R\357\261\\o\356\270\014c\031\015\3108r\245\233"
  80      B15C6FEE 
  80      B80C6319 
  80      0DC83872 
  80      A59B
  81 01e4 0FBCA010 		.ascii	"\017\274\240\020\206\375q\316e<(X\261\177\303K\027\242"
  81      86FD71CE 
  81      653C2858 
  81      B17FC34B 
  81      17A2
  82 01f6 F0BA7FD5 		.ascii	"\360\272\177\325\213~\003\306\357\345\240"
  82      8B7E03C6 
  82      EFE5A0
  83              		.text
  84              		.section	.gnu.lto_chPoolLoadArray.fe2b784b36ba5592,"",%progbits
  85 0000 789CA556 		.ascii	"x\234\245V\337OTW\020>s\316\275\354\262\273 \017M\332"
  85      DF4F5457 
  85      103E73CE 
  85      BDECB2BB 
  85      200F4DDA 
  86 0014 2636C134 		.ascii	"&6\3014\204j\032\257\364\241\2764M\032\232\3326\242"
  86      846A1AAF 
  86      F4A1BE34 
  86      4D1A9ADA 
  86      36A2
  87 0026 16FE00A3 		.ascii	"\026\376\000\243\353\246\320\260\356f\027\215>yd\027"
  87      EBA6D0B0 
  87      EE66178D 
  87      3E796417 
  88 0036 C16AAD0D 		.ascii	"\301j\255\015\202\240\020\304\226\210UA\261\026\020"
  88      82A010C4 
  88      96885541 
  88      B11610
ARM GAS  /tmp/cczSsPeL.s 			page 6


  89 0045 C42B5610 		.ascii	"\304+V\020\025\255\250\370\003k\021\255\326\352\003"
  89      15ADA8F8 
  89      036B11AD 
  89      D6EA03
  90 0054 A04DEB83 		.ascii	"\240M\353\203\322\231sw\021\226\325\246v\037\340\334"
  90      D2997377 
  90      1196D5A6 
  90      761FE0DC 
  91 0064 73E6FB66 		.ascii	"s\346\373f\346\233\231s\257\306\200\321\357\232\235"
  91      E69B9973 
  91      AFC680D1 
  91      EF9A9D
  92 0073 B1EF70B9 		.ascii	"\261\357p\271\020\327\220\300\200o>\313\330Z;\007\315"
  92      10D790C0 
  92      806F3ECB 
  92      D85A3B07 
  92      CD
  93 0084 5A086B71 		.ascii	"Z\010kq\314\256q\261\261\2331\351\320\3036&]:\000\355"
  93      CCAE71B1 
  93      B19B31E9 
  93      D0C33626 
  93      5D3A00ED 
  94 0098 4B3BB035 		.ascii	"K;\2605\\h:\254\341\032\003S\2031\374MS\324\177\362"
  94      5C683AAC 
  94      E11A0353 
  94      8331FC4D 
  94      53D47FF2 
  95 00ac 271C3A8B 		.ascii	"'\034:\213\357\264\362\231\273$\376\006\353F\347\310"
  95      EFB4F299 
  95      BB24FE06 
  95      EB46E7C8 
  96 00bc 7A138A04 		.ascii	"z\023\212\004cc\\\2310\330\0053\321\352|x\177\225x\304"
  96      63635C99 
  96      30D80533 
  96      D1EA7C78 
  96      7F9578C4 
  97 00d0 8B048086 		.ascii	"\213\004\200\206\217#\275\333n%\323#\207T|\374\275\245"
  97      8F23BDDB 
  97      6E25D323 
  97      87547CFC 
  97      BDA5
  98 00e2 ABC42EE6 		.ascii	"\253\304.\346\001\303\365\315\301\2217\322\353\244,"
  98      01C3F5CD 
  98      C19137D2 
  98      EBA42C
  99 00f1 9472BB47 		.ascii	"\224r\273G&\026\011\001\337\203@:\330\015\323\241\036"
  99      26160901 
  99      DF83403A 
  99      D80DD3A1 
  99      1E
 100 0102 A633DC62 		.ascii	"\2463\334b\260\007\322\321\370\214\271\276\321!>U\300"
 100      B007D2D1 
 100      F88CB9BE 
 100      D1213E55 
 100      C0
 101 0113 C19AC3BD 		.ascii	"\301\232\303\275\211\021\344Q\205\324`o,\022S\330\247"
 101      8911E451 
ARM GAS  /tmp/cczSsPeL.s 			page 7


 101      85D4606F 
 101      2C1253D8 
 101      A7
 102 0124 904FE496 		.ascii	"\220O\344\226\362d1_!+;\313\006\222\"\310\207\012\251"
 102      F264315F 
 102      212B3BCB 
 102      069222C8 
 102      870AA9
 103 0137 43432C52 		.ascii	"CC,Rg\320\010\351d>t\340iYRB\2302N]\037M\025\366C\002"
 103      67D008E9 
 103      643E74E0 
 103      69595242 
 103      98324E5D 
 104 0151 09DE986D 		.ascii	"\011\336\230m\312\261\261\220\224\2173\256\277\231\002"
 104      CAB1B190 
 104      948F33AE 
 104      BF9902
 105 0160 CA1D5750 		.ascii	"\312\035WP\015h\215\262\342\332\006\224@\"\322&8\224"
 105      0D688DB2 
 105      E2DA0694 
 105      4022D226 
 105      3894
 106 0172 895399B8 		.ascii	"\211S\231\270p\303\306\3300\022b\015\2069\307\177b\204"
 106      70C3C6D8 
 106      3012620D 
 106      8639C77F 
 106      6284
 107 0184 0B868511 		.ascii	"\013\206\205\021CPhVwsr\204A\\\336\331Q\232<\253\236"
 107      43506856 
 107      77737284 
 107      415CDED9 
 107      519A3CAB 
 108 0199 8230AB17 		.ascii	"\2020\253\027T\356\260\223*\021\311\017\300\254\020"
 108      54EEB093 
 108      2A11C90F 
 108      C0AC10
 109 01a8 F24C06DC 		.ascii	"\362L\006\334\013o.\231&\026\250\204k\267=\036LN\373"
 109      0B6F2E99 
 109      2616A884 
 109      6BB73D1E 
 109      4C4EFB
 110 01bb 9612364B 		.ascii	"\226\0226K\213E\2454\303\251$W\323\344\244\025\331A"
 110      8B45A534 
 110      C3A92457 
 110      D3E4A415 
 110      D941
 111 01cd 480B0920 		.ascii	"H\013\011 \262\024\366/~\177\200Y\344{\334\266\243d"
 111      B214F62F 
 111      7E7F8059 
 111      E47BDCB6 
 111      A364
 112 01df C756DD72 		.ascii	"\307V\335r3x\271k~g\335:\271y\255=NE\025\372\020\244"
 112      3378B96B 
 112      7E67DD3A 
 112      B979AD3D 
 112      4E4515FA 
 113 01f5 11433CB4 		.ascii	"\021C<\264l\222\022(\304\370\310\037c\220\023\322\033"
ARM GAS  /tmp/cczSsPeL.s 			page 8


 113      6C921228 
 113      C4F8C81F 
 113      639013D2 
 113      1B
 114 0206 47C64FAE 		.ascii	"G\306O\256yrrw\333\213/\202\250\002%\322\241\216+\025"
 114      79727277 
 114      DB8B2F82 
 114      A80225D2 
 114      A18E2B15 
 115 021a 8E48F45B 		.ascii	"\216H\364[6\314\337\032\222'\245V$\354\320\022\207\250"
 115      36CCDF1A 
 115      9227A556 
 115      24ECD012 
 115      87A8
 116 022c 15D21052 		.ascii	"\025\322\020R|O\036\321\250\255\355\220\012\207\361"
 116      7C4F1ED1 
 116      A8ADED90 
 116      0A87F1
 117 023b EC2E140E 		.ascii	"\354.\024\016\235\377\372NE\302\344\26617\334\375L\345"
 117      9DFFFA4E 
 117      45C2E4B6 
 117      3137DCFD 
 117      4CE5
 118 024d 8BE2AACE 		.ascii	"\213\342\252\316\031\343\020\323Yf\343W\333\341\035"
 118      19E310D3 
 118      5966E357 
 118      DBE11D
 119 025c 0A90D263 		.ascii	"\012\220\322c\320FF<\326\250\347\004\216B;\035\211\330"
 119      D046463C 
 119      D6A8E704 
 119      8E423B1D 
 119      89D8
 120 026e A3BABDED 		.ascii	"\243\272\275\355\200={\204\016\265\330\303\335\345\365"
 120      803D7B84 
 120      0EB5D8C3 
 120      DDE5F5
 121 027d 60A3A019 		.ascii	"`\243\240\031t\220\201\036\333\327\014\216\342e\201"
 121      7490811E 
 121      DBD70C8E 
 121      E26581
 122 028c F34E5D0D 		.ascii	"\363N]\015\330\226x\276\263\246\351o\307\214rQ#+P\320"
 122      D89678BE 
 122      B3A6E96F 
 122      C78C7251 
 122      232B50D0 
 123 02a0 4482ECBB 		.ascii	"D\202\354\273\325&\361\342@\303c0\203\321\316\360\203"
 123      D526F1E2 
 123      40C36330 
 123      83D1CEF0 
 123      83
 124 02b1 8B031C77 		.ascii	"\213\003\034w\240\0234%\001\203\343j\344\353;\216\377"
 124      A0133425 
 124      0183E36A 
 124      E4EB3B8E 
 124      FF
 125 02c2 E69A5119 		.ascii	"\346\232Q\031A;\310v\264\241\351\222S\241\177\"4\234"
 125      413BC876 
ARM GAS  /tmp/cczSsPeL.s 			page 9


 125      B4A1E992 
 125      53A17F22 
 125      349C
 126 02d4 000D4BC1 		.ascii	"\000\015K\301\225\232\214\2122x{\010bZ\301,\335\024"
 126      959A8C8A 
 126      32787B08 
 126      625AC12C 
 126      DD14
 127 02e6 EDD7F8CD 		.ascii	"\355\327\370\315\320\365\254\031\314\255g\247\266\373"
 127      D0F5AC19 
 127      CCAD67A7 
 127      B6FB
 128 02f4 A617B77B 		.ascii	"\246\027\267{\367xG\230\255\247_\235\254\212<X%\310"
 128      F7784798 
 128      ADA75F9D 
 128      AC8A3C58 
 128      25C8
 129 0306 807C4464 		.ascii	"\200|DdO \376\201\2537Z\\\242V(ge7\314=\366\2103d\210"
 129      4F20FE81 
 129      AB375A5C 
 129      A2562867 
 129      6537CC3D 
 130 031f 38B341CF 		.ascii	"8\263A\317Tg1\232\303)\242=\251t?\215\272\237\262B\271"
 130      5467319A 
 130      C329A23D 
 130      A9743F8D 
 130      BA9FB242 
 131 0334 03858747 		.ascii	"\003\205\207G\036u\352\264\027\022.\004\225\027u\236"
 131      1E75EAB4 
 131      17122E04 
 131      9517759E 
 132 0344 B3519B39 		.ascii	"\263Q\2339\225\307\277\272O\225\270j\240z-\222\244\240"
 132      95C7BFBA 
 132      4F95B86A 
 132      A07A2D92 
 132      A4A0
 133 0356 2B9C7D38 		.ascii	"+\234}8\243\224\357\205\032\205/\257}\205\320\023\241"
 133      A394EF85 
 133      1A852FAF 
 133      7D85D013 
 133      A1
 134 0367 B6785017 		.ascii	"\266xP\027\372\203\263\004\305\263\272\333\205\0156"
 134      FA83B304 
 134      C5B3BADB 
 134      850D36
 135 0376 639F4A3C 		.ascii	"c\237J<\211\000\347\220\355)U\213B\204\237\301\300h"
 135      8900E790 
 135      ED29558B 
 135      42849FC1 
 135      C068
 136 0388 88BDEFCB 		.ascii	"\210\275\357\313\376\206\367#\374\317\217\345<\242\243"
 136      FE86F723 
 136      FCCF8FE5 
 136      3CA2A3
 137 0397 CA56625D 		.ascii	"\312Vb]\224\210V\271\273#\345N\211\035\273\262\015\313"
 137      948856B9 
 137      BB23E54E 
ARM GAS  /tmp/cczSsPeL.s 			page 10


 137      891DBBB2 
 137      0DCB
 138 03a9 BAA39746 		.ascii	"\272\243\227F\374\271\353Ss7\236\025\276\254\340\302"
 138      FCB9EB53 
 138      73379E15 
 138      BEACE0C2 
 139 03b9 0BE6AEA7 		.ascii	"\013\346\256\247+:/\266\251\035\177\221\224\2372E\367"
 139      2B3A2FB6 
 139      A91D7F91 
 139      949F3245 
 139      F7
 140 03ca 698A2E11 		.ascii	"i\212.\021\304>u\212N\343\024\365Q\325\372\2373E\227"
 140      C43E758A 
 140      4EE314F5 
 140      51D5FA9F 
 140      334597
 141 03dd 5535AF4C 		.ascii	"U5\257L\230\242\24757;\234\321\001\271\240\244\271\252"
 141      98A2A735 
 141      373B9CD1 
 141      01B9A0A4 
 141      B9AA
 142 03ef 0624761A 		.ascii	"\006$v\032\256E\247\241/:\015\375]\275\\\335v\021\335"
 142      AE45A7A1 
 142      2F3A0DFD 
 142      5DBD5CDD 
 142      7611DD
 143 0402 9AA30727 		.ascii	"\232\243\007'\036\276\245\336?t\235\250~9\360\340\233"
 143      1EBEA5DE 
 143      3F749DA8 
 143      7E39F0E0 
 143      9B
 144 0413 44DA0989 		.ascii	"D\332\011\211\304\211\362\210)E\227\333)\254$*\323@"
 144      C489F288 
 144      294597DB 
 144      29AC242A 
 144      D340
 145 0425 9CBA9702 		.ascii	"\234\272\227\002\275\013\257\253\302\323\333\015~\001"
 145      BD0BAFAB 
 145      C2D3DB0D 
 145      7E01
 146 0433 031D84AA 		.ascii	"\003\035\204\252\326\275g\321;\260\244\350\204\342Q"
 146      D6BD67D1 
 146      3BB0A4E8 
 146      84E251
 147 0442 11E0AB0C 		.ascii	"\021\340\253\0147\311\244|]\177\265\3132r\206\004})"
 147      37C9A47C 
 147      5D7FB5CB 
 147      32728604 
 147      7D29
 148 0454 DC6FDF7F 		.ascii	"\334o\337\177E\2470t\353\033\002n\240\307(\260\221\200"
 148      45A73074 
 148      EB1B026E 
 148      A0C728B0 
 148      9180
 149 0466 4E743182 		.ascii	"Nt1\202\267\025~x\010\325\017\3266\267\232\303\"\007"
 149      B7157E78 
 149      08D50FD6 
ARM GAS  /tmp/cczSsPeL.s 			page 11


 149      36B79AC3 
 149      2207
 150 0478 7613C203 		.ascii	"v\023\302\003\241\346M\257[\344|b\202:\312\374\253\325"
 150      A1E64DAF 
 150      5BE47C62 
 150      823ACAFC 
 150      ABD5
 151 048a 1BA38081 		.ascii	"\033\243\200\201i\034\3778\304\306\266\351\243\300C"
 151      691CFF38 
 151      C4C6B6E9 
 151      A3C043
 152 0499 42A747A7 		.ascii	"B\247G\247\330\333\366\032\272\321\351\345\372\007\315"
 152      D8DBF61A 
 152      BAD1E9E5 
 152      FA07CD
 153 04a8 F93C6252 		.ascii	"\371<bR\3754\214Y\206mX\203\017\215\\\237\327c\344z"
 153      FD348C59 
 153      866D5883 
 153      0F8D5C9F 
 153      D763E47A 
 154 04bc DC05BE80 		.ascii	"\334\005\276\200\261(\340\373<\260\304\0334<\356\374"
 154      B128E0FB 
 154      3CB0C41B 
 154      343CEEFC 
 155 04cc 3C7FD063 		.ascii	"<\177\320cd\346\346-\315[\230\2638\343\335\331\031\263"
 155      64E6E62D 
 155      CD5B98B3 
 155      38E3DDD9 
 155      19B3
 156 04de E71ABEA0 		.ascii	"\347\032\276\240\021(0\202\001\267\341\316\365z\274"
 156      11283082 
 156      01B7E1CE 
 156      F57ABC
 157 04ed 7E9F2F3F 		.ascii	"~\237/?8\333\315\270\327\017~X\256\371\226~\341\377"
 157      38DBCDB8 
 157      D70F7E58 
 157      AEF9967E 
 157      E1FF
 158 04ff F82508F3 		.ascii	"\370%\010\363\226\273\363W,\363L$\315e\372\312%\371"
 158      96BBF357 
 158      2CF34C24 
 158      CD65FACA 
 158      25F9
 159 0511 2B3C592F 		.ascii	"+<Y/A\347\367\005\012\202\306\007\331Y\231Y\253\220"
 159      41E7F705 
 159      0A82C607 
 159      D9599959 
 159      AB90
 160 0523 D3ED0B78 		.ascii	"\323\355\013x\026\257\234\353E\316E\377\225\315\263"
 160      16AF9CEB 
 160      45CE45FF 
 160      95CDB3
 161 0532 AAC0C8CC 		.ascii	"\252\300\310\314\312\371$\347Y\214\304\346\366~\264"
 161      CAF924E7 
 161      598CC4E6 
 161      F67EB4
 162 0541 62B91B09 		.ascii	"b\271\033\0113\377W\266\301\325\224hJVNv\352\322%A\217"
ARM GAS  /tmp/cczSsPeL.s 			page 12


 162      33FF57B6 
 162      C1D59468 
 162      4A564E76 
 162      EAD22541 
 163 0556 3F90F776 		.ascii	"?\220\367vj\332\034\306\003\314\206B\370\002\253\231"
 163      6ADA1CC6 
 163      03CC8642 
 163      F802AB99 
 164 0566 F0E7FAFF 		.ascii	"\360\347\372\377\001\324Ts."
 164      01D45473 
 164      2E
 165              		.text
 166              		.section	.gnu.lto_chPoolAllocI.fe2b784b36ba5592,"",%progbits
 167 0000 789C7552 		.ascii	"x\234uRKOSA\024>g\346\336\333\226\226\307\302%&l\010"
 167      4B4F5341 
 167      143E67E6 
 167      DEDB9696 
 167      C7C22526 
 168 0016 61616F58 		.ascii	"aaoX\370Z\260\322\304\304\304G\364\007\2504\215\305"
 168      F85AB0D2 
 168      C4C4C447 
 168      F407A834 
 168      8DC5
 169 0028 506FD3B2 		.ascii	"Po\323\2625\014\355\275\011\356X(\006\224\020C\020|"
 169      350CEDBD 
 169      09EE5828 
 169      06941043 
 169      107C
 170 003a F0F289B8 		.ascii	"\360\362\211\270\260!\012\211Q\011k7P\015\"qaEb\\H="
 170      B0210A89 
 170      51096B37 
 170      500D2271 
 170      6145625C 
 171 0050 672EC843 		.ascii	"g.\310C\234\344\336\231\371f\316\367}\347\2341\000\201"
 171      9CE4DE99 
 171      F966CEF7 
 171      7DE79C31 
 171      0081
 172 0062 C7550970 		.ascii	"\307U\011p\222\346\023\364a\000Pt\276\007h\017\012!"
 172      92E613F4 
 172      61005074 
 172      BE07680F 
 172      0A21
 173 0074 7B1B4195 		.ascii	"{\033A\225\031+U\240\"\022-\0376\204y\223ak\225as\003"
 173      192B55A0 
 173      22122D1F 
 173      36847993 
 173      616B9561 
 174 008a B61079A1 		.ascii	"\266\020y\241\202\010mB\032\246\205m\270*~\013\234s"
 174      82086D42 
 174      1AA6856D 
 174      B82A7E0B 
 174      9C73
 175 009c C76EC91F 		.ascii	"\307n\311\037\302\223\200\006m\213\357z>V\360\026\261"
 175      C2938006 
 175      6D8BEF7A 
 175      3E56F016 
ARM GAS  /tmp/cczSsPeL.s 			page 13


 175      B1
 176 00ad 864F973F 		.ascii	"\206O\227?\273\341\372A\245\262j\336[;\324=\2247<)\240"
 176      BBE1FA41 
 176      A5B26ADE 
 176      5B3BD43D 
 176      94373C29 
 177 00c2 240087B0 		.ascii	"$\000\207\260\032\007\261\232M\335\305z\272\27341\335"
 177      1A07B19A 
 177      4DDDC57A 
 177      BABB3431 
 177      DD
 178 00d3 1194C710 		.ascii	"\021\224\307\020h\2750_\334[7\300a\352F\\\205<)\361"
 178      68BD305F 
 178      DC5B37C0 
 178      61EA465C 
 178      853C29F1 
 179 00e7 1ECAAD61 		.ascii	"\036\312\255a\004\001\336\307:\276\375\305\355\354\250"
 179      0401DEC7 
 179      3ABEFDC5 
 179      EDECA8
 180 00f6 94C775E4 		.ascii	"\224\307u\344\355\236_\363\025\265\375\034\232_\231"
 180      ED9E5FF3 
 180      15B5FD1C 
 180      9A5F99
 181 0105 8974ABBC 		.ascii	"\211t\253\274[C\222\370`{8\017\272]\030_\273^n\271\212"
 181      5B4392F8 
 181      607B380F 
 181      BA5D185F 
 181      BB5E6EB9 
 182 011a 460D0E63 		.ascii	"F\015\016c-\327\212\256\221\247\021\264\250|\310\340"
 182      2DD78AAE 
 182      91A711B4 
 182      A87CC8E0 
 183 012a E899BC2A 		.ascii	"\350\231\274*\225r*_\014\314N\334\011E\020\0305\220"
 183      95722A5F 
 183      0CCC4EDC 
 183      09451018 
 183      3590
 184 013c E54DBDB6 		.ascii	"\345M\275\266\310\216\021\244\237\031\242\237\025\326"
 184      C88E11A4 
 184      9F19A29F 
 184      15D6
 185 014a 20C03762 		.ascii	" \3007b\342\252\025\205\340Y.bvr\274\324.\231<'M\322"
 185      E2AA1585 
 185      E0592E62 
 185      7672BCD4 
 185      2E993C27 
 186 0160 EFF2A666 		.ascii	"\357\362\246f\003\\.\251\315\377\234y\323\021\351\303"
 186      035C2EA9 
 186      CDFF9C79 
 186      D311E9C3 
 187 0170 DE763674 		.ascii	"\336v6t\230\250\0029i\340(\373\245\323\201O\331\221"
 187      98A80239 
 187      69E028FB 
 187      A5D3814F 
 187      D991
 188 0182 80BD8FA4 		.ascii	"\200\275\217\244p\014\373p\215}\002\216\243\015\005"
ARM GAS  /tmp/cczSsPeL.s 			page 14


 188      700CFB70 
 188      8D7D028E 
 188      A30D05
 189 0191 CCAA066D 		.ascii	"\314\252\006m\231t\211\031\026\320\375\220\353\277f"
 189      99748919 
 189      16D0FD90 
 189      EBBF66
 190 01a0 AD2B61D4 		.ascii	"\255+a\324\317\270($\3646j\037\305W\205\200\177jm\365"
 190      CFB82824 
 190      F4366A1F 
 190      C5578580 
 190      7F6A6DF5 
 191 01b4 616CF381 		.ascii	"al\363\201\236\014r\370\303\177\035<\322\016\370\205"
 191      9E0C72F8 
 191      C37F1D3C 
 191      D20EF885 
 192 01c4 E1637240 		.ascii	"\341cr@\224]\013{\230pg\032\225\377\317\342\311f\026"
 192      945D0B7B 
 192      9870671A 
 192      95FFCFE2 
 192      C96616
 193 01d7 4FD12627 		.ascii	"O\321&'\332\242\001+U\276\305\327\205\365R\005\267{"
 193      DAA2012B 
 193      55BEC5D7 
 193      85F55205 
 193      B77B
 194 01e9 DA9D2F84 		.ascii	"\332\235/\204\3174\237n\337\004y\322E\270\274\311\360"
 194      CF349F6E 
 194      DF0479D2 
 194      45B8BCC9 
 194      F0
 195 01fa 37C91075 		.ascii	"7\311\020u\3609n\224\304\204\276r\2775\323S\353z\241"
 195      F0396E94 
 195      C484BE72 
 195      BF35D353 
 195      EB7AA1
 196 020d 9D495CD9 		.ascii	"\235I\\\331\275\027\303J7\312\223e8\251\265%k\277 \355"
 196      BD17C34A 
 196      37CA9365 
 196      38A9B525 
 196      6BBF20ED 
 197 0221 2574D57E 		.ascii	"%t\325~\237,L\352@\234\236\014S\243\304f\233\302Z\336"
 197      9F2C4CEA 
 197      409C9E0C 
 197      53A3C466 
 197      9BC25ADE 
 198 0235 D24F833A 		.ascii	"\322O\203:X\005>\214\260\214\331\374X\231\037\315\025"
 198      58053E8C 
 198      B08CD9FC 
 198      58991FCD 
 198      15
 199 0246 FE8E485D 		.ascii	"\376\216H]\220__\236\247\311 \256\260\371v.A\317\013"
 199      905F5F9E 
 199      A7C920AE 
 199      B0F9762E 
 199      41CF0B
 200 0259 3996F23D 		.ascii	"9\226\362=j'\234d\334N\304c\255N\332>\235v.\246/$3v"
ARM GAS  /tmp/cczSsPeL.s 			page 15


 200      6A279C64 
 200      DC4EC463 
 200      AD4EDA3E 
 200      9D762EA6 
 201 0271 3CD6D29C 		.ascii	"<\326\322\234\312\304\355#\211\346\246\346Sg\3175\034"
 201      CAC4ED23 
 201      89E6A6E6 
 201      5367CF35 
 201      1C
 202 0282 8836440F 		.ascii	"\2106D\017\332N\306N\267\332\231t\314\216%\222\361d"
 202      DA4EC64E 
 202      B7DA9974 
 202      CC8E2592 
 202      F164
 203 0294 CA715A32 		.ascii	"\312qZ2\321\030\210d\312p\232.\245\376\000\223\305;"
 203      D1188864 
 203      CA709A2E 
 203      A5FE0093 
 203      C53B
 204 02a6 31       		.ascii	"1"
 205              		.text
 206              		.section	.gnu.lto_chPoolAlloc.fe2b784b36ba5592,"",%progbits
 207 0000 789C9D54 		.ascii	"x\234\235T\335O[e\030\177\237\367=\037m)]/\364n&\345"
 207      DD4F5B65 
 207      187F9FF7 
 207      3D1F6D29 
 207      5D2FF46E 
 208 0016 822C4B94 		.ascii	"\202,K\224#\027\272x\261\013\203\321hl\266\300\0370"
 208      2317BA78 
 208      B10B83D1 
 208      686CB6C0 
 208      1F30
 209 0028 A13BB118 		.ascii	"\241;\261\030J\233\026\226\355j\207\322\016\324\230"
 209      4A9B1696 
 209      ED6A87D2 
 209      0ED498
 210 0037 70E13636 		.ascii	"p\34166%U\0272t\002\003Eq|\254\262\015\034\003&\212"
 210      25551732 
 210      74020345 
 210      717CACB2 
 210      0D1C0326 
 211 004c 89092E29 		.ascii	"\211\011.)\235\033\333\334\305:\\\324\213\201\317\363"
 211      9D1BDBDC 
 211      C53A5CD4 
 211      8B81CFF3 
 212 005c B6E5AB7E 		.ascii	"\266\345\253~\260\235\213s\336\217\347\371=\277\347"
 212      B09D8B73 
 212      DE8FE7F9 
 212      3DBFE7
 213 006b E3FC1406 		.ascii	"\343\374\024\006\214\236\224\306X\025.\275\270\006\235"
 213      8C9E94C6 
 213      58152EBD 
 213      B8069D
 214 007a 016F9B61 		.ascii	"\001o\233a\254\311\306\271\350\330\315,\207\262\344"
 214      ACC9C6B9 
 214      E8D8CD2C 
 214      87B2E4
ARM GAS  /tmp/cczSsPeL.s 			page 16


 215 0089 66965380 		.ascii	"f\226S\200\226=V\270\372\001\035k\017\350X\315\037k"
 215      963D56B8 
 215      FA011D6B 
 215      0FE858CD 
 215      1F6B
 216 009b 00B4B06C 		.ascii	"\000\264\260l\300\016s\241\250\032\034\206\007\374!"
 216      C00E73A1 
 216      A81A1C86 
 216      07FC21
 217 00aa 87D9D8D9 		.ascii	"\207\331\330\331\017\305\357<.\030(\270\315L\237\274"
 217      0FC5EF3C 
 217      2E1828B8 
 217      CD4C9FBC 
 218 00ba EEA22D80 		.ascii	"\356\242-\200\207n\357,\306\212v\236\266\254\250\225"
 218      876EEF2C 
 218      C68A769E 
 218      B6ACA895 
 219 00ca EA3CF3C2 		.ascii	"\352<\363\302\211\256\244\022\027\234\255p\006]\260"
 219      89AEA412 
 219      179CAD70 
 219      065DB0
 220 00d9 1D4EC376 		.ascii	"\035N\303v\"\365)\354D\333[\203\343\2556\361\0120\\"
 220      22F529EC 
 220      44DB5B83 
 220      E3AD36F1 
 220      0A305C
 221 00ec 2FA4324F 		.ascii	"/\2442O\355\350$7\353\250i\331\343B\300g \326\273\341"
 221      EDE82437 
 221      EBA869D9 
 221      E342C067 
 221      20D6BBE1 
 222 0100 118333B0 		.ascii	"\021\2033\260\203\254o\307\332Z\267\211\327\244\347"
 222      83AC6FC7 
 222      DA5AB789 
 222      D7A4E7
 223 010f C727FF4A 		.ascii	"\307'\377J\271JO\221k\362\332\244\363\204\225\214y0"
 223      B94A4F91 
 223      6BF2DAA4 
 223      F384958C 
 223      7930
 224 0121 247CBED1 		.ascii	"$|\276\321\235\036\264N\367-\037-\326b\026>\036\350"
 224      9D1EB44E 
 224      F72D1F2D 
 224      D662163E 
 224      1EE8
 225 0133 86526286 		.ascii	"\206Rb\206\204z@\303\202\001\235\364V&\255\225\225f"
 225      847A40C3 
 225      82019DF4 
 225      5626AD95 
 225      9566
 226 0145 2B39EF98 		.ascii	"+9\357\230\031\354\265\27301\214\2522\272\323\220\205"
 226      19ECB5BB 
 226      30318CAA 
 226      32BAD390 
 226      85
 227 0156 A2E34BB5 		.ascii	"\242\343K\265\341K\263\313C\207|3v\017\221\250d\031"
 227      E14BB3CB 
ARM GAS  /tmp/cczSsPeL.s 			page 17


 227      43877C33 
 227      760F91A8 
 227      6419
 228 0168 CEE92BD2 		.ascii	"\316\351+\322\020uS\310\305\341\2269\020{$\331\201\321"
 228      107553C8 
 228      C5E19639 
 228      107B24D9 
 228      81D1
 229 017a 9FDB1D59 		.ascii	"\237\333\035Y\262\251\371#\257Ot\036\261\332\232lq\241"
 229      B2A9F923 
 229      AF4F741E 
 229      B1DA9A6C 
 229      71A1
 230 018c 436F215D 		.ascii	"Co!]8\013\245\350\323r\333\032Q\250\302:x\240\017\357"
 230      380BA5E8 
 230      D372DB1A 
 230      51A8C23A 
 230      78A00FEF 
 231 01a0 16219A3E 		.ascii	"\026!\232>\376\356\315vmc>\311\267\177\3412\223\025"
 231      FEEECD76 
 231      6D633EC9 
 231      B77FE132 
 231      9315
 232 01b2 0E9B524D 		.ascii	"\016\233RM\366%\206\001S\350\247K\276\371r\340\275."
 232      F6258601 
 232      53E8A74B 
 232      BEF972E0 
 232      BD2E
 233 01c4 D0291883 		.ascii	"\320)\030\203/\310@l.\024\203/\001g\012\006\250J\300"
 233      2FC8406C 
 233      2E14832F 
 233      01670A06 
 233      A84AC0
 234 01d7 06690C3E 		.ascii	"\006i\014>I\364\377\351(\271\314\023V;\226\333F.\335"
 234      49F4FFE9 
 234      28B9CC13 
 234      563B96DB 
 234      462EDD
 235 01ea D7872C1C 		.ascii	"\327\207,\034'4\374\012Jd\265\357\335\235\233\347x\002"
 235      2734FC0A 
 235      4A64B5EF 
 235      DD9D9BE7 
 235      7802
 236 01fc 5F8322A9 		.ascii	"_\203\"\2513\030\224S\3235z\341\206\263d*\347m'\333"
 236      33189453 
 236      D3357AE1 
 236      86B3642A 
 236      E76D27DB 
 237 0210 FB3DFD3F 		.ascii	"\373=\375?\025I\357o\310\033\316\201\302\322\300e\025"
 237      1549EF6F 
 237      C81BCE81 
 237      C2D2C065 
 237      15
 238 0221 18AEA2A9 		.ascii	"\030\256\242\251X\017Pzh;\332\372\321q5\327\363\371"
 238      580F507A 
 238      683BDAFA 
 238      D17135D7 
ARM GAS  /tmp/cczSsPeL.s 			page 18


 238      F3F9
 239 0233 4991EB79 		.ascii	"I\221\353y\301\310\310\"\016Ai3\216\316M\210\236\353"
 239      C1C8C822 
 239      0E416933 
 239      8ECE4D88 
 239      9EEB
 240 0245 5B69121B 		.ascii	"[i\022\033S\263n<I\006\271\262)\233\347ii\342\221\346"
 240      53B36E3C 
 240      4906B9B2 
 240      299BE769 
 240      69E291E6 
 241 0259 69849086 		.ascii	"i\204\220\206e\251FAk\026*\032\034\213\217]\325\251"
 241      65A94641 
 241      6B162A1A 
 241      1C8B8F5D 
 241      D5A9
 242 026b 7B4236E5 		.ascii	"{B6\345\217\211\311Vg\002:\232\320\301\035\027\016\244"
 242      8F89C956 
 242      67023A9A 
 242      D0C11D17 
 242      0EA4
 243 027d 06E7090E 		.ascii	"\006\347\011\016\357:\177\215\366\350F\267\354\311\303"
 243      EF3A7F8D 
 243      F6E846B7 
 243      ECC9C3
 244 028c 16178E1A 		.ascii	"\026\027\216\032$!\001\313T\023B\205o\301\240BX\345"
 244      242101CB 
 244      54134285 
 244      6FC1A042 
 244      58E5
 245 029e 044FD130 		.ascii	"\004O\3210\004[\200\330|\363\251\367\265\\H(\313r\313"
 245      045B80D8 
 245      7CF3A9F7 
 245      B55C4828 
 245      CB72CB
 246 02b1 601B3B76 		.ascii	"`\033;v\013J;s1\255go\265\365\204\224\177\"TD\020c\033"
 246      0B4A3B73 
 246      31AD676F 
 246      B5F58494 
 246      7F225444 
 247 02c8 083D43A6 		.ascii	"\010=C\246\027$\021\310\021\271\210D\020\371\330\302"
 247      172411C8 
 247      11B98844 
 247      10F9D8C2 
 248 02d8 1384BBF5 		.ascii	"\023\204\273\365\264\254m\204uiCR\343` 1\311XaK\356"
 248      B4AC6D84 
 248      75694352 
 248      E3602031 
 248      C958614B 
 249 02ed 2CE34B69 		.ascii	",\343Ki\221e\254o\011\034):aB\302\362\034\354wHQ\226"
 249      9165AC6F 
 249      091C293A 
 249      6142C2F2 
 249      1CEC7748 
 250 0303 A67E0D68 		.ascii	"\246~\015h5u'&r\031\362\205RY\242X\206\355\033\037\313"
 250      35752726 
 250      7219F285 
ARM GAS  /tmp/cczSsPeL.s 			page 19


 250      5259A258 
 250      86ED1B1F 
 251 0318 85B56D35 		.ascii	"\205\265m5l1L\312\260\"\027\366\012\206\275\0051\353"
 251      6C314CCA 
 251      B02217F6 
 251      0A86BD05 
 251      31EB
 252 032a B92C8E1D 		.ascii	"\271,\216\035\0033\204\213\013\027\015\363Z\337\354"
 252      0333848B 
 252      0B170DF3 
 252      5ADFEC
 253 0339 32B2B626 		.ascii	"2\262\266&\024\331c\007\3657\271\364\216S*\322Pv\362"
 253      14D96307 
 253      F537B9F4 
 253      8E532AD2 
 253      5076F2
 254 034c B9DC8CAC 		.ascii	"\271\334\214\254\337t\347\376\011w\241\250\354\377\037"
 254      DF74E7FE 
 254      0977A1A8 
 254      ECFF1F
 255 035b 519992A2 		.ascii	"Q\231\222\242\262Z\012\035K1\375_\242r-/*j\241,\314"
 255      B25A0A1D 
 255      4B31FD5F 
 255      A2722D2F 
 255      2A6AA12C 
 256 0370 D0AC1748 		.ascii	"\320\254\027H\315o$5W\311E+\224\232+(5S\364\237|\377"
 256      CD6F2435 
 256      57C9452B 
 256      949A2B28 
 256      3553F49F 
 257 0386 2F52332B 		.ascii	"/R3+\377\237\037\326I\315rba\264(\257\"\323RE~\224*"
 257      FF9F1FD6 
 257      49CD7262 
 257      61B428AF 
 257      22D35245 
 258 039d B25932E6 		.ascii	"\262Y2\346\362\222A\001\330\035\224\214x\357\254\324"
 258      F2924101 
 258      D81D948C 
 258      78EFACD4 
 259 03ad 0CAA2C63 		.ascii	"\014\252,c\367\001\233\250\212\273\347\337\300\217\202"
 259      F7019BA8 
 259      8ABBE7DF 
 259      C08F82
 260 03bc 7DB1AB53 		.ascii	"}\261\253S\263~\024n\240> \316K\206?\0300\015\277\351"
 260      B37E146E 
 260      A03E20CE 
 260      4B863F18 
 260      300DBFE9 
 261 03d0 6B08868D 		.ascii	"k\010\206\215\275\341\340\233\341\352@\3040}u\265\241"
 261      BDE1E09B 
 261      E1EA40C4 
 261      307D75B5 
 261      A1
 262 03e1 886954F8 		.ascii	"\210iT\370kkj\367T\355+\177\276\254\274l\227\021\214"
 262      6B6B6AF7 
 262      54ED2B7F 
 262      BEACBC6C 
ARM GAS  /tmp/cczSsPeL.s 			page 20


 262      97118C
 263 03f4 18E10623 		.ascii	"\030\341\006#\022\366\031>\177\300\014\204\202\301\272"
 263      12F6193E 
 263      7FC00C84 
 263      82C1BA
 264 0403 48998FF1 		.ascii	"H\231\217\361@H\011\326\274\025R\017T\3275\232\336\307"
 264      404809D6 
 264      BC15520F 
 264      54D7359A 
 264      DEC7
 265 0415 800C05C3 		.ascii	"\200\014\005\303\015\021\343\305Jo\205\367 b\373\202"
 265      0D11E3C5 
 265      4A6F85F7 
 265      2062FB82 
 266 0425 6173DF81 		.ascii	"as\337\201]\2012?\333\373\250h\346\301\006\243\302["
 266      5D81323F 
 266      DBFBA868 
 266      E6C106A3 
 266      C25B
 267 0437 F56A9551 		.ascii	"\365j\225Q[\357\253k\334o\032\022\315\027x\271\261\336"
 267      5BEFAB6B 
 267      DC6F1A12 
 267      CD1778B9 
 267      B1DE
 268 0449 8780158F 		.ascii	"\207\200\025\217Ao\025\311\0379\024A\014\267\267\252"
 268      416F15C9 
 268      1F391441 
 268      0CB7B7AA 
 269 0459 D253531D 		.ascii	"\322SS\0351C\341\332\247=\245\3172\036f:\026$\030>\304"
 269      3143E1DA 
 269      A73DA5CF 
 269      321E663A 
 269      1624183E 
 270 046e FE063402 		.ascii	"\376\0064\002\262\311"
 270      B2C9
 271              		.text
 272              		.section	.gnu.lto_chPoolFreeI.fe2b784b36ba5592,"",%progbits
 273 0000 789C7591 		.ascii	"x\234u\221\315k\023Q\024\305\337yo\322\244\266\325\215"
 273      CD6B1351 
 273      14C5DF79 
 273      6FD2A4B6 
 273      D58D
 274 0012 E0C20AD9 		.ascii	"\340\302\012\331\224\320\205yd\243;7\012\202.*\365\017"
 274      94D08579 
 274      64A33B37 
 274      0A822E2A 
 274      F50F
 275 0024 103B0C4E 		.ascii	"\020;\014N\244a\206\244\373N\223\014\215\256\012\322"
 275      A46186A4 
 275      FB4E930C 
 275      8DAE0AD2 
 276 0034 82622922 		.ascii	"\202b)\"\245\325j\332\372\321\244\305\305\220\205\202"
 276      A5D56ADA 
 276      FAD1A4C5 
 276      C5908582 
 277 0044 A2A28B8A 		.ascii	"\242\242\213\212\010\241V-\326U\003\025\335\330x\357"
 277      08A1562D 
ARM GAS  /tmp/cczSsPeL.s 			page 21


 277      D6550315 
 277      DDD878EF 
 278 0054 50D1283E 		.ascii	"P\321(>\030\336\007\367\374\356\271g\014\001\301\313"
 278      18DE07F7 
 278      FCEEB967 
 278      0C01C1CB 
 279 0064 9642F4D3 		.ascii	"\226B\364\323~\220>(\0019\366B\210\221\230\004\370\340"
 279      7E903E28 
 279      0139F642 
 279      88919804 
 279      F8E0
 280 0076 C5208625 		.ascii	"\305 \206%\206\361U\376\220\250\215n,\313\336\031\217"
 280      86F155FE 
 280      90A88D6E 
 280      2CCBDE19 
 280      8F
 281 0087 D6DAA7A5 		.ascii	"\326\332\247\245\2247\033\300WB4eH\022\230A/U\275*."
 281      94371BC0 
 281      57423465 
 281      48129841 
 281      2F55BD2A 
 282 009c 5C57DBD2 		.ascii	"\\W\333\322W\200A\327\306\363k\037\366\362U\"N\327\317"
 282      578041D7 
 282      C6F36B1F 
 282      F6F25522 
 282      4ED7CF
 283 00af D5C7A598 		.ascii	"\325\307\245\230:\011A\347\367k\215C\211i\317\313{\336"
 283      3A0941E7 
 283      F76B8D43 
 283      8969CFCB 
 283      7BDE
 284 00c1 15CB6BF7 		.ascii	"\025\313k\367\225\302m(\302\341\026\2721\213nAO\002"
 284      95C26D28 
 284      C2E116BA 
 284      318B6E41 
 284      4F02
 285 00d3 734850F1 		.ascii	"sHP\361fq\254\264O\235\012\205\253\223\365G{v\225\225"
 285      6671ACB4 
 285      4F9D0A85 
 285      AB93F547 
 285      7B769595 
 286 00e7 5069E0CE 		.ascii	"Pi\340\316\337JC\340.\022\\\376\356m\275\332\251\372"
 286      DF4A43E0 
 286      2E125CFE 
 286      EE6DBDDA 
 286      A9FA
 287 00f9 42E9783D 		.ascii	"B\351x=\230\213\365\334di\260\374\354\300U/(\306}\025"
 287      988BF5DC 
 287      6469B0FC 
 287      ECC0552F 
 287      28C67D15 
 288 010d 41B955CE 		.ascii	"A\271U\316\213\252\327\027w\306\273\332\212<q\034\363"
 288      8BAAD717 
 288      77C6BBDA 
 288      8A3C711C 
 288      F3
 289 011e E8B9F46B 		.ascii	"\350\271\364k\\,\240\215\003\234\357\017\274f\263\340"
ARM GAS  /tmp/cczSsPeL.s 			page 22


 289      5C2CA08D 
 289      039CEF0F 
 289      BC66B3E0 
 290 012e 05958ECD 		.ascii	"\005\225\216\315\357+\355Q\200\233\322\350d\332 \023"
 290      EF2BED51 
 290      809BD2E8 
 290      64DA2013 
 291 013e 1121B6A8 		.ascii	"\021!\266\250\236\263lH\311\273ZG\236;\207\004B\026"
 291      9EB36C48 
 291      C9BB5A47 
 291      9E3B8704 
 291      4216
 292 0150 14C406F2 		.ascii	"\024\304\006\362+\215\355Z\204\337\012\212S\233\360"
 292      2B8DED5A 
 292      84DF0A8A 
 292      539BF0
 293 015f 6B2FA39C 		.ascii	"k/\243\234\232\012]\177{\362\264\3249\205I\312\233\012"
 293      9A0A5D7F 
 293      7BF2B4D4 
 293      398549CA 
 293      9B0A
 294 0171 1416D922 		.ascii	"\024\026\331\"\275O\177\314\227\243\3720\017p\017S\330"
 294      BD4F7FCC 
 294      97A3FA30 
 294      0F700F53 
 294      D8
 295 0182 09FF04EE 		.ascii	"\011\377\004\356C3r\342\306~\006\376I\213\264\320Fx"
 295      433372E2 
 295      C67E06FE 
 295      498BB4D0 
 295      4678
 296 0194 AE2E5F45 		.ascii	"\256._E\311\003\036\374\213|\030\"yL,A\2231\246\276"
 296      C9031EFC 
 296      8B7C1822 
 296      794C2C41 
 296      9331A6BE 
 297 01a8 BEBC5A3E 		.ascii	"\276\274Z>\266\313m\001u\374\337[\345\267\267*\203 "
 297      B6CB6D01 
 297      75FCDF5B 
 297      E5B7B72A 
 297      8320
 298 01ba BE50086F 		.ascii	"\276P\010oN3&\214z\213\272P6TrB\333N\306\322\266e\016"
 298      4E33268C 
 298      7A8BBA50 
 298      36547242 
 298      DB4EC6D2 
 299 01d1 39597D26 		.ascii	"9Y}&\353\\\310\236\317\344\264e\016\246\335\234\245"
 299      EB5CC89E 
 299      CFE4B465 
 299      0EA6DD9C 
 299      A5
 300 01e2 8FDBE981 		.ascii	"\217\333\351\201t\337\331s\251#\311T\362\250vr:;\244"
 300      74DFD973 
 300      A923C954 
 300      F2A87672 
 300      3A3BA4
 301 01f5 7359539B 		.ascii	"sYS\233v\306\312\270\2163\230K\232Bf\\\303\031\270\350"
ARM GAS  /tmp/cczSsPeL.s 			page 23


 301      76C6CAB8 
 301      8E33984B 
 301      9A42665C 
 301      C319B8E8 
 302 0209 2AD7767F 		.ascii	"*\327v\177\002\230\361\346\323"
 302      0298F1E6 
 302      D3
 303              		.text
 304              		.section	.gnu.lto_chPoolFree.fe2b784b36ba5592,"",%progbits
 305 0000 789C9D54 		.ascii	"x\234\235TML\\U\024\276\347\3367?\374\264\2620qaM\206"
 305      4D4C5C55 
 305      14BEE7DE 
 305      373FFCB4 
 305      B2307161 
 306 0016 05214D94 		.ascii	"\005!M\224'\033\27331\030\215\306I\033X\270l\340\365"
 306      271BBB33 
 306      31188DC6 
 306      491B58B8 
 306      6CE0F5
 307 0029 C519C3F4 		.ascii	"\305\031\303\364M\336\203\246]\36520\205hl0\246\205"
 307      4DDE83A6 
 307      5DF53230 
 307      85686C30 
 307      A685
 308 003b 366DC66A 		.ascii	"6m\306jH\321\012-T\024\332\351\364\225\012\010\264T"
 308      48D10A2D 
 308      5414DAE9 
 308      F4950A08 
 308      B454
 309 004d 0C361A12 		.ascii	"\0146\032\0222\035*\265\352\002L\215\272\020<\347\316"
 309      321D2AB5 
 309      EA024C8D 
 309      BA103CE7 
 309      CE
 310 005e D07466AA 		.ascii	"\320tf\252\215}\233\271?\347|\347\273\3379\337h\014"
 310      8D7D9BB9 
 310      3FE77CE7 
 310      BBDF39DF 
 310      680C
 311 0070 187D573C 		.ascii	"\030}W<\214\275\211\313\247q\015\202\001\357\236c\254"
 311      8CBD89CB 
 311      A7710D82 
 311      01EF9E63 
 311      AC
 312 0081 CDCF0168 		.ascii	"\315\317\001h!\375\300\016r8\010\277\363\2779\214w\256"
 312      21FDC00E 
 312      723808BF 
 312      F3BF398C 
 312      77AE
 313 0093 8CF1EDA7 		.ascii	"\214\361\355\247%~\351\276L\255\354w!.\030\333\340\012"
 313      257EE9BE 
 313      4CADEC77 
 313      212E18DB 
 313      E00A
 314 00a5 89C169D8 		.ascii	"\211\301i\330\216Q\363\035\347N\210{<.\0004\334\256"
 314      8E51F31D 
 314      E74E887B 
ARM GAS  /tmp/cczSsPeL.s 			page 24


 314      3C2E0034 
 314      DCAE
 315 00b7 5D3FBEBC 		.ascii	"]?\276\274\225\266\034\002\270\375it\262\313/^\005\206"
 315      95B61C02 
 315      B8FD6974 
 315      B2CB2F5E 
 315      0586
 316 00c9 EB5BE9B5 		.ascii	"\353[\351\265g\252\373\244\214I\371\276)K\342B\300\247"
 316      67AAFBA4 
 316      8C49F9BE 
 316      294BE242 
 316      C0A7
 317 00db 20100E3E 		.ascii	" \020\016>\201m\320\017\333\030\03618\003\325\030|\267"
 317      816DD00F 
 317      DB181E31 
 317      3803D518 
 317      7CB7
 318 00ed A3BBEB09 		.ascii	"\243\273\353\011\361\272J\274yr)Y\232\313\034Q\231\032"
 318      F1BA4ABC 
 318      79722959 
 318      9ACB1C51 
 318      991A
 319 00ff 7C5698A9 		.ascii	"|V\230\2511\030\200j\012\317\014\255\037\331\342\355"
 319      3118806A 
 319      0ACF0CAD 
 319      1FD9E2ED 
 320 010f 20DE812C 		.ascii	" \336\201,[\030\004/\275\377l\275+76\332\245\234\257"
 320      5B18042F 
 320      BDFF6CBD 
 320      2B3736DA 
 320      A59CAF
 321 0122 3D5C5D82 		.ascii	"=\\]\202\214\261\226\006\224\347E\004\224f\025\243I"
 321      8CB19606 
 321      94E74504 
 321      946615A3 
 321      49
 322 0133 8835CEE9 		.ascii	"\2105\316\351Wd VA\220w\222\235\013 v*6#\251\357{K\253"
 322      57642056 
 322      41907792 
 322      9D0B2076 
 322      2A3623A9 
 323 014b 3E2636E9 		.ascii	">&6\351\305CoL\365\035\222\335m\376\270\360\302\331"
 323      C5436F4C 
 323      F51D92DD 
 323      6DFEB8F0 
 323      C2D9
 324 015d 7C4E4AA4 		.ascii	"|NJ\244sP\2059\235w\345%\215T\361B\000\206\360\356\016"
 324      73508539 
 324      9D77E525 
 324      8D54F142 
 324      0086F0EE 
 325 0172 C4323DEF 		.ascii	"\3042=\357\256\364z\363\371\272\323\023B\261\335\340"
 325      AEF47AF3 
 325      F9BAD313 
 325      42B1DDE0 
 326 0182 50F01477 		.ascii	"P\360\024w(\221\004\017\203a\272\344\205\227#\357\365"
 326      2891040F 
ARM GAS  /tmp/cczSsPeL.s 			page 25


 326      8361BAE4 
 326      859723EF 
 326      F5
 327 0193 838F8A31 		.ascii	"\203\217\21218O\001\242H\010\370\034\274\310g\204\224"
 327      384F01A2 
 327      4808F81C 
 327      BCC86784 
 327      94
 328 01a4 00364A0D 		.ascii	"\0006J\015\376(1\374gi\3454O\310\336@\\\370(e`\371\242"
 328      FE2831FC 
 328      6769E534 
 328      4FC8DE40 
 328      5CF82865 
 329 01bb F46BA802 		.ascii	"\364k\250\002|\001\225\214NV\177]X\344x\002_\202\246"
 329      7C01958C 
 329      4E567F5D 
 329      58E47802 
 329      5F82A6
 330 01ce A8331855 		.ascii	"\2503\030U\235\356O]\375\261\274\362Z.\333O\261\277"
 330      9DEE4F5D 
 330      FDB1BCF2 
 330      5A2EDB4F 
 330      B1BF
 331 01e0 0D0E7F57 		.ascii	"\015\016\177W\246\262\307(\033.\200\3062\300\225\012"
 331      A6B2C728 
 331      1B2E80C6 
 331      32C0950A 
 332 01f0 0C57B1F4 		.ascii	"\014W\261\364\355\014\320\36306\325\365a\217'+\243\373"
 332      ED0CD0F3 
 332      3036D5F5 
 332      618F272B 
 332      A3FB
 333 0202 C161714C 		.ascii	"\301aqL\272\035\201\207\214\204\022\361\"T\265\343h"
 333      BA1D8187 
 333      8C8412F1 
 333      2254B5E3 
 333      68
 334 0213 2080DB33 		.ascii	" \200\3333\267\011p\352\370_\351\255E\000E\223\241\000"
 334      B70970EA 
 334      F85FE9AD 
 334      45004593 
 334      A100
 335 0225 9204A029 		.ascii	"\222\004\240)\200\261\331\247\362\245\221\347O\010\012"
 335      80B1D9A7 
 335      F2A591E7 
 335      4F080A
 336 0234 A02A39ED 		.ascii	"\240*9\3555z\314\342\017K\243\345b!\333\210#K\356\031"
 336      357ACCE2 
 336      0F4BA3E5 
 336      6221DB88 
 336      234BEE19 
 337 0248 7FAE1822 		.ascii	"\177\256\030\"\344\212y U\\\254@x\270L\260\227\224\370"
 337      E48A7920 
 337      555CAC40 
 337      78B84CB0 
 337      9794F8
 338 025b 2E8A7F39 		.ascii	".\212\1779Ke\005b\027\326\356\215{\350\254]\320{\216"
ARM GAS  /tmp/cczSsPeL.s 			page 26


 338      4B650562 
 338      17D6EE8D 
 338      7BE8AC5D 
 338      D07B8E
 339 026e C6C76FF8 		.ascii	"\306\307o\370hF\204\252\370\307\324LWy\002N\266!HE\\"
 339      684684AA 
 339      F8C7D44C 
 339      5779024E 
 339      B6214845 
 340 0283 94A00070 		.ascii	"\224\240\000p\205J\340]\337\355\330\240O\177\216\010"
 340      854AE05D 
 340      DFEDD8A0 
 340      4F7F8E08 
 341 0293 8C4302D6 		.ascii	"\214C\002\326Iq\252\000WA'\344\243\247\236$\334\007"
 341      4971AA00 
 341      574127E4 
 341      A3A79E24 
 341      DC07
 342 02a5 413D0F03 		.ascii	"A=\017\003-E&\360U\036\350\200\222d\013%L(h\310AO\202"
 342      2D4526F0 
 342      551EE880 
 342      92640B25 
 342      4C2868C8 
 343 02bc 8E3C09FD 		.ascii	"\216<\011\375\333wn\016\276\230\303\1774\313,`\031\001"
 343      DB776E0E 
 343      BE98C37F 
 343      34CB2C60 
 343      1901
 344 02ce 4EE571FD 		.ascii	"N\345q\375\232\000\263=9\226m\252\352\000\015\214\332"
 344      9A00B33D 
 344      39966DAA 
 344      EA000D8C 
 344      DA
 345 02df 24733353 		.ascii	"$s3SQl\272=\2170\335\2642\335\375\267\323\304\317\374"
 345      516CBA3D 
 345      8F30DDB4 
 345      32DDFDB7 
 345      D3C4CFFC 
 346 02f3 97E92637 		.ascii	"\227\351&7M\347)\266\315,u\256\310\212\277\220\025\257"
 346      4DE729B6 
 346      CD2C75AE 
 346      C88ABF90 
 346      15AF
 347 0305 518AB7D8 		.ascii	"Q\212\267\330\212\263h\305i\352\372\365\177\261\342"
 347      8AB368C5 
 347      69EAFAF5 
 347      7FB1E2
 348 0314 9C9A861B 		.ascii	"\234\232\206\033\017Xq=q+U\266\351\262\031\345\262o"
 348      0F58713D 
 348      712B55B6 
 348      E9B219E5 
 348      B26F
 349 0326 94CB0A2D 		.ascii	"\224\313\012-5\277i)*\300~FKM,\227\020y\365\362Ul\027"
 349      35BF6929 
 349      2AC07E46 
 349      4B4D2C97 
 349      1079F5F2 
ARM GAS  /tmp/cczSsPeL.s 			page 27


 350 033d FE6F61F8 		.ascii	"\376oa\370\313z\310\212\230z\3104Z,[\337e[o\331\215"
 350      CB7AC88A 
 350      987AC834 
 350      5A2C5BDF 
 350      655B6FD9 
 351 0352 1147378D 		.ascii	"\021G7\215\346p\3241\365\272P\270)\274\263aw\355\013"
 351      E670D431 
 351      F5BA50B8 
 351      29BCB361 
 351      77ED0B
 352 0365 35B5353B 		.ascii	"5\2655;t\313\321\355\026\335\261\015\335\010E\314H\324"
 352      74CBD1ED 
 352      16DDB10D 
 352      DD0845CC 
 352      48D4
 353 0377 B29A9D1A 		.ascii	"\262\232\235\032\203\361HT\263\232\336\216z\36656\267"
 353      83F14854 
 353      B39ADE8E 
 353      7AF63536 
 353      B7
 354 0388 9AC1C780 		.ascii	"\232\301\307\200\214Zv\213\243\277T\037\254\013\356"
 354      8C5A768B 
 354      A3BF541F 
 354      AC0BEE
 355 0397 476CC3B2 		.ascii	"Gl\303\262\315\335\373vDjBl\327\377E3\367\267\350u\301"
 355      CDDDFB76 
 355      446A426C 
 355      D7FF4533 
 355      F7B7E875 
 356 03ac 86D71AF4 		.ascii	"\206\327\032\364\360^\243\271u\217\251+4#\362J\353^"
 356      F05EA3B9 
 356      758FA92B 
 356      3423F24A 
 356      EB5E
 357 03be 0301EB1E 		.ascii	"\003\001\353\036\203\336}\244\220s\300A\214\212`C}\240"
 357      83DE7DA4 
 357      9073C041 
 357      8C8A6043 
 357      7DA0
 358 03d0 A9D131A3 		.ascii	"\251\3211\243v\370\331@\325\363\214\333\314\207\202"
 358      76F8D940 
 358      D5F38CDB 
 358      CC8782
 359 03df 58F60126 		.ascii	"X\366\001&\242\241\350?\324b]\274"
 359      A2A1E83F 
 359      D4625DBC 
 360              		.text
 361              		.section	.gnu.lto_.symbol_nodes.fe2b784b36ba5592,"",%progbits
 362 0000 789C55C8 		.ascii	"x\234U\310\273\021\2000\014\004\321;Y\024B\243\034%"
 362      BB118030 
 362      0C04D13B 
 362      591442A3 
 362      1C25
 363 0012 D08B330A 		.ascii	"\320\2133\012\200\314\225\220\330|b\224j\223\235y\016"
 363      80CC9590 
 363      D87C6294 
 363      6A939D79 
ARM GAS  /tmp/cczSsPeL.s 			page 28


 363      0E
 364 0023 6241649D 		.ascii	"bAd\235\002\266\006\304\366u\016\031\024\263\334\224"
 364      02B606C4 
 364      F6750E19 
 364      14B3DC94 
 365 0033 6579A892 		.ascii	"ey\250\222\345\245<\313GMI\334P\217\313\340\005\365"
 365      E5A53CCB 
 365      474D49DC 
 365      508FCBE0 
 365      05F5
 366 0045 8CE30765 		.ascii	"\214\343\007e\210!\200"
 366      882180
 367              		.text
 368              		.section	.gnu.lto_.refs.fe2b784b36ba5592,"",%progbits
 369 0000 789C6361 		.ascii	"x\234ca`\004B \000\000\0009\000\007"
 369      60044220 
 369      00000039 
 369      0007
 370              		.text
 371              		.section	.gnu.lto_.decls.fe2b784b36ba5592,"",%progbits
 372 0000 789CA557 		.ascii	"x\234\245WkP\024\331\025\356\333=28\017p\321\244\374"
 372      6B5014D9 
 372      15EEDB3D 
 372      32380F70 
 372      D1A4FC
 373 0013 C156591B 		.ascii	"\301VY\033,\311\017\031\215\217MU\362\003\343FcE#\265"
 373      2CC90F19 
 373      8D8F4D55 
 373      F203E346 
 373      634523B5 
 374 0027 AE9B3FA9 		.ascii	"\256\233?\251\232\014\303\254\220\005\206\314\214\233"
 374      9A0CC3AC 
 374      900586CC 
 374      8C9B
 375 0035 257FD23C 		.ascii	"%\177\322<TTP\036>\000_\003\262*\012\010\242\"\":\242"
 375      5454501E 
 375      3E005F03 
 375      B22A0A08 
 375      A222223A 
 376 004a 022A28A2 		.ascii	"\002*(\242\240<\344\341\003\0371\002\212\">s\356\243"
 376      A03CE4E1 
 376      031F3102 
 376      8A223E73 
 376      EEA3
 377 005c A79B9171 		.ascii	"\247\233\221qc\266\213;\335\347\366\271\337\371\276"
 377      63B68B3B 
 377      DDE7F6B9 
 377      DFF9BE
 378 006b 73CFBD7D 		.ascii	"s\317\275}Qq\210\303\327\223\011\034\327+p\\\003\317"
 378      517188C3 
 378      D793091C 
 378      D72B705C 
 378      03CF
 379 007d 71EFE052 		.ascii	"q\357\340RC\337\327\320\360\333\303\034\275|\2405Ak"
 379      43DFD7D0 
 379      F0DBC31C 
 379      BD7CA035 
ARM GAS  /tmp/cczSsPeL.s 			page 29


 379      416B
 380 008f 85D60EAD 		.ascii	"\205\326\016\255\023Z/\264\333\334\373\027\366\363e"
 380      135A2FB4 
 380      DBDCFB17 
 380      F6F365
 381 009e 1801D026 		.ascii	"\030\001\320&Ak\204V\302\360\032\240\235\202\006!\271"
 381      416B8456 
 381      C2F01AA0 
 381      9D820621 
 381      B9
 382 00af 73D0EAA0 		.ascii	"s\320\352\240\325\262xM\354\376\304\003\023\307\365"
 382      D5B2784D 
 382      ECFEC403 
 382      13C7F5
 383 00be 1B037339 		.ascii	"\033\003s9\303]\3120_B{\213\261\001D\005\355$\213\007"
 383      C35DCA30 
 383      5F427B8B 
 383      B1014405 
 383      ED248B07 
 384 00d2 D238178B 		.ascii	"\3228\027\2135\236\341\371 \312\177<\334\265\320>AT"
 384      359EE1F9 
 384      20CA7F3C 
 384      DCB5D03E 
 384      4154
 385 00e4 D344B8FF 		.ascii	"\323D\270\377\014Q\036\201h4\017\254]\247\340\260\234"
 385      0C511E81 
 385      68340FAC 
 385      5DA7E0B0 
 385      9C
 386 00f5 F1C0B1CB 		.ascii	"\361\300\261\313\030\017\034\357$\323\212\271\225BS"
 386      180F1CEF 
 386      24D38AB9 
 386      954253
 387 0104 31AD2EA6 		.ascii	"1\255.\246\265\216\351lg\367_x\304\301\371\365\377\221"
 387      B58EE96C 
 387      67F75F78 
 387      C4C1F9F5 
 387      FF91
 388 0116 384AADFF 		.ascii	"8J\255\377kL5\303VjnWh\366\274p>\306\232\313\345\214"
 388      6B4C35C3 
 388      566A6E57 
 388      68F6BC70 
 388      3EC69ACB 
 389 012c 8B149757 		.ascii	"\213\024\227W\304Bl\034\276\377\322\003\023\347[\373"
 389      C4426C1C 
 389      BEFFD203 
 389      13E75BFB 
 390 013c 01BCB134 		.ascii	"\001\274\2614)\261\325\334\207\347\314\363z\303\243"
 390      29B1D5DC 
 390      87E7CCF3 
 390      7AC3A3
 391 014b EE917D0B 		.ascii	"\356\221}\013B\212D\270\322E\221\347\345\027W\222K\267"
 391      428A44B8 
 391      D24591E7 
 391      E5175792 
 391      4BB7
 392 015d 0B433C0A 		.ascii	"\013C<\012\320 \025\230\203\215\271\267\375\300\234"
ARM GAS  /tmp/cczSsPeL.s 			page 30


 392      D0201598 
 392      838DB9B7 
 392      FDC09C
 393 016c A44153C0 		.ascii	"\244AS\300\274Y_x\000\277]\252AxQ\370C\327\301G\225"
 393      BC595F78 
 393      00BF5DAA 
 393      417851F8 
 393      43D7C147 
 394 0181 237ADA85 		.ascii	"#z\332\205\307\027\214\364W\350\004-~\346\235i\305\017"
 394      C7178CF4 
 394      57E8042D 
 394      7EE69D69 
 394      C50F
 395 0193 C6A160CD 		.ascii	"\306\241`\315\036\034\247\247\245\347\323\203\2428\001"
 395      1E1CA7A7 
 395      A5E7D383 
 395      A23801
 396 01a2 95200D2A 		.ascii	"\225 \015*B\002\332\213Bp>\226j\3407E\024\023\305\364"
 396      4202DA8B 
 396      42703E96 
 396      6AE03745 
 396      1413C5F4 
 397 01b6 2431A0DE 		.ascii	"$1\240\336\217C\205(\020\355C\201\034*F\301\030\026"
 397      8F438528 
 397      10ED4381 
 397      1C2A46C1 
 397      1816
 398 01c8 3BA203D0 		.ascii	";\242\003\320\271\037:!\304\215\023\015C\202\0128\023"
 398      B91F3A21 
 398      C48D130D 
 398      43820A38 
 398      13
 399 01d9 A87015EE 		.ascii	"\250p\025\356K\037\310O\326O\336B\004%\211STh\271\316"
 399      4B1FC84F 
 399      D64FDE42 
 399      04258953 
 399      5468B9CE 
 400 01ed 8DC3A152 		.ascii	"\215\303\241R4\031~\017\"\025\325x\361q\251S\255['\307"
 400      34197E0F 
 400      2215D578 
 400      F171A953 
 400      AD5B27C7 
 401 0201 C40E0AF7 		.ascii	"\304\016\012\3672\244c\354\300\271\274k\303\031\275"
 401      32A463EC 
 401      C0B9BC6B 
 401      C319BD
 402 0210 F0672228 		.ascii	"\360g\"([L\270(\240`\035\025\224\263fn!\026t\030\334"
 402      5B4CB828 
 402      A0601D15 
 402      94B3666E 
 402      21167418 
 403 0225 0FC98260 		.ascii	"\017\311\202`4\334\274\241\243r\020%\007\300\203q\022"
 403      34DCBCA1 
 403      A3721025 
 403      07C08371 
 403      12
 404 0236 139EBB34 		.ascii	"\023\236\2734\035\250\015aU\023\310\\ D\177\021i\034"
ARM GAS  /tmp/cczSsPeL.s 			page 31


 404      1DA80D61 
 404      5513C85C 
 404      20447F11 
 404      691C
 405 0248 6DC48407 		.ascii	"m\304\204\007\236cKQ\352B\222#\263y\351\221s\203\221"
 405      9E634B51 
 405      EA429223 
 405      B379E991 
 405      738391
 406 025b 3F369E6C 		.ascii	"?6\236li\344\" 2:b\203\250\315\006sR\004^\016\300Li"
 406      69E42220 
 406      323A6283 
 406      A8CD0673 
 406      52045E0E 
 407 0272 80028FD2 		.ascii	"\200\002\217\322ep2g\267&$\225\332\233\243'\"\205\""
 407      65703267 
 407      B7262495 
 407      DA9BA327 
 407      228522
 408 0285 44CA26B5 		.ascii	"D\312&\265.u\265\212\314)\316&\235\323\222\227M*\367"
 408      2E75B58A 
 408      CC29CE26 
 408      9DD39297 
 408      4D2AF7
 409 0298 345720D2 		.ascii	"4W \322\227[5ta\034-O_0\267\215\344\374E\250\246\020"
 409      975B3574 
 409      611C2D4F 
 409      5F30B78D 
 409      E4FC45A8 
 410 02ae 7535D55B 		.ascii	"u5\325[\375\204\006j\244\264%]\325\011\327\250\221\235"
 410      FD84066A 
 410      A4B4255D 
 410      D509D7A8 
 410      919D
 411 02c0 59548984 		.ascii	"YT\211\204Nb\250\256e\326\031\320D]Pp\006+\026\0219"
 411      4E62A8AE 
 411      65D619D0 
 411      445D5070 
 411      062B1611 
 412 02d5 1435570D 		.ascii	"\0245W\015\023y\022M\304\323\203N\303T\271P\020\341"
 412      1379124D 
 412      C4D3834E 
 412      C354B950 
 412      10E1
 413 02e7 AB9C4FFC 		.ascii	"\253\234O\374^\256\226Sd\276\271|\354\320Sv\371\267"
 413      5EAE9653 
 413      64BEB97C 
 413      ECD05376 
 413      F9B7
 414 02f9 C70F89E2 		.ascii	"\307\017\211\342Z\037\334\215N007\272\001\017\230\011"
 414      5A1FDC8D 
 414      4E303037 
 414      BA010F98 
 414      09
 415 030a 3F1C2921 		.ascii	"?\034)!\327\240I\024}\261\013\307\352\201\245\346\325"
 415      D7A04914 
 415      7DB10BC7 
ARM GAS  /tmp/cczSsPeL.s 			page 32


 415      EA81A5E6 
 415      D5
 416 031b FD4D6D88 		.ascii	"\375Mm\210\312\304\345\221X\325\226\341OWa\017~}\250"
 416      CAC4E591 
 416      58D596E1 
 416      4F57610F 
 416      7E7DA8
 417 032e 35F98456 		.ascii	"5\371\204V(\343\261\240qG\272\313+\325(((hb0\341\340"
 417      28E3B1A0 
 417      7147BACB 
 417      2BD52828 
 417      28686230 
 418 0344 CA5AFD69 		.ascii	"\312Z\375i\216\350J\026\010\205*\240P?6\005\352\235"
 418      8EE84A16 
 418      08852AA0 
 418      503F3605 
 418      EA9D
 419 0356 531B48BD 		.ascii	"S\033H\275q\342\317zzW\"\017\367M\265:1\335D\246\344"
 419      71E2CF7A 
 419      7A57220F 
 419      F74DB53A 
 419      31DD44A6 
 420 036b F898D085 		.ascii	"\370\230\320\205x\004\227\301\266\026\222\3343\340P"
 420      780497C1 
 420      B61692DC 
 420      33E050
 421 037a 4380EA59 		.ascii	"C\200\352Yf\317Cf\317\241 T\007\255\226e\230f$\003\360"
 421      66CF4366 
 421      CFA12054 
 421      07AD9665 
 421      98662403 
 422 038f 2125F5EF 		.ascii	"!%\365\357\245\244y\313\271\003j\241\232h\346\323R\256"
 422      A5A479CB 
 422      B9036AA1 
 422      9A68E6D3 
 422      52AE
 423 03a1 75E850F0 		.ascii	"u\350P\360D:fG-\302c\032\000\374\202\274\0161\204\027"
 423      443A6647 
 423      2DC2631A 
 423      00FC82BC 
 423      0E318417 
 424 03b5 22E822C4 		.ascii	"\"\350\"\304\377\020\027\210\267\366\315\345\"\335\250"
 424      FF101788 
 424      B7F6CDE5 
 424      22DDA8
 425 03c4 4DA261D4 		.ascii	"M\242a\324\2647\322i\007\317\315yU\003\032R\250\320"
 425      B437D269 
 425      07CFCD79 
 425      55031A52 
 425      A8D0
 426 03d6 878ED142 		.ascii	"\207\216\321B=[\177>O\243\334\220\276\376\271b\360e"
 426      3D5B7F3E 
 426      4FA3DC90 
 426      BEFEB962 
 426      F065
 427 03e8 B2215D92 		.ascii	"\262!]\2226\244\304\324\212\255\302gN\321Y*\366T\264"
 427      36A4C4D4 
ARM GAS  /tmp/cczSsPeL.s 			page 33


 427      8AADC267 
 427      4ED1592A 
 427      F654B4
 428 03fb 2EE9C515 		.ascii	".\351\305\025\004\003U\330\017\035\225%\301#\276\035"
 428      040355D8 
 428      0F1D9525 
 428      C123BE1D 
 429 040b 411DB0A4 		.ascii	"A\035\260\244\232\320g0t\250 \373\254FH\027\220\267"
 429      9AD06730 
 429      74A820FB 
 429      AC464817 
 429      90B7
 430 041d 9DF1466F 		.ascii	"\235\361Fo\315\003\272\214`Kl\246\344\362\237\324\317"
 430      CD03BA8C 
 430      604B6CA6 
 430      E4F29FD4 
 430      CF
 431 042e 7013BE4A 		.ascii	"p\023\276J\373\312\262\235\353\365^\011\267\020\302"
 431      FBCAB29D 
 431      EBF55E09 
 431      B710C2
 432 043d D724C2ED 		.ascii	"\327$\302\355\033_4#J\330\225Y\007\025\221 \212\241"
 432      1B5F3423 
 432      4AD89559 
 432      07159120 
 432      8AA1
 433 044f D8095D91 		.ascii	"\330\011]\221\331^Q\262m%lo_\277u_/8)\333\324\222\336"
 433      D95E51B2 
 433      6D256C6F 
 433      5FBF755F 
 433      2F3829DB 
 434 0466 215F370D 		.ascii	"!_7\015\312vsa\352-\225\327}\274\215\260\270!\261xt"
 434      CA767361 
 434      EA2D95D7 
 434      7DBC8DB0 
 434      B821B178 
 435 047b B969B71A 		.ascii	"\271i\267\032X\364\000\213\301:\001\227\261(&\360\330"
 435      58F4008B 
 435      C13A0197 
 435      B12826F0 
 435      D8
 436 048c 0D5D9779 		.ascii	"\015]\227y\\W\362h'<N?[\233\246\021\212)\017\261\177"
 436      5C57F268 
 436      273C4E3F 
 436      5B9BA611 
 436      8A290FB1 
 437 04a1 DF569E89 		.ascii	"\337V\236\211i\277 \211\301 \0352H\207\022\244\223\200"
 437      69BF2089 
 437      C1201D32 
 437      488712A4 
 437      9380
 438 04b3 0C1EDFF3 		.ascii	"\014\036\337\363T\020*)HI\321\253R\215\224f\252%\363"
 438      54102A29 
 438      4849D1AB 
 438      528D9466 
 438      AA25F3
 439 04c6 55E30EDE 		.ascii	"U\343\016\336\255\257\213\246\371\356\256\204\362\361"
ARM GAS  /tmp/cczSsPeL.s 			page 34


 439      ADAF8BA6 
 439      F9EEAE84 
 439      F2F1
 440 04d4 5ED3DC43 		.ascii	"^\323\334C\004vK\002\037&\277:\357\307\004V\254\227"
 440      04764B02 
 440      1F26BF3A 
 440      EFC70456 
 440      AC97
 441 04e6 05821BBA 		.ascii	"\005\202\033\272)s\273\251\344\326K\270e\025\236JU\011"
 441      2973BBA9 
 441      E4D64BB8 
 441      65159E4A 
 441      5509
 442 04f8 E728B70D 		.ascii	"\347(\267\015\205\307_J0\231\227\210@g(\001\271%\203"
 442      85C75F4A 
 442      30999788 
 442      40672801 
 442      B92583
 443 050b DC5282DC 		.ascii	"\334R\202\334& \367Z\356\346 \241\211\202\244\324u\265"
 443      2620F75A 
 443      EEE620A1 
 443      8982A4D4 
 443      75B5
 444 051d B02DE913 		.ascii	"\260-\351\0230\213\032\353:\005\272%\245 \260\363\032"
 444      308B1AEB 
 444      3A05BA25 
 444      A520B0F3 
 444      1A
 445 052e 9F6ED108 		.ascii	"\237n\321\010]\324\267y\240a\207\226\372N\300\233\266"
 445      5DD4B779 
 445      A0618796 
 445      FA4EC09B 
 445      B6
 446 053f B8BA44D0 		.ascii	"\270\272D\320\2440\315x)\301\013Y\364\003\004G\000\330"
 446      A430CD78 
 446      29C10B59 
 446      F4030447 
 446      00D8
 447 0551 3CD07DFA 		.ascii	"<\320}\372}oyQ\375R'\334#P\252\362\304\356<?\024\034"
 447      7D6F7951 
 447      FD5227DC 
 447      2350AAF2 
 447      C4EE3C3F 
 448 0567 88C01DD1 		.ascii	"\210\300\035\321\223\004>\261p\3501T\370C\302\231\\"
 448      93043EB1 
 448      70E83154 
 448      F843C299 
 448      5C
 449 0578 B922E00F 		.ascii	"\271\"\340\017\374\013w\303\263/\271\223S\305@\276\350"
 449      FC0B77C3 
 449      B32FB993 
 449      53C540BE 
 449      E8
 450 0589 339943B3 		.ascii	"3\231C\263\002\321\014X\370\377\206\305\376\230\304"
 450      02D10C58 
 450      F8FF86C5 
 450      FE98C4
ARM GAS  /tmp/cczSsPeL.s 			page 35


 451 0598 FB0F003E 		.ascii	"\373\017\000>\242\001Og\017<\367\013Hg\330\241\210`"
 451      A2014F67 
 451      0F3CF70B 
 451      4867D8A1 
 451      8860
 452 05aa F7C1FBBB 		.ascii	"\367\301\373\273\204_?\012\220X\222\332\257kH\366\321"
 452      845F3F0A 
 452      905892DA 
 452      AF6B48F6 
 452      D1
 453 05bb 30ECF41F 		.ascii	"0\354\364\037\303\276\224\334q\301_\211=\360!\354\315"
 453      C3BE94DC 
 453      71C15F89 
 453      3DF021EC 
 453      CD
 454 05cc 79CDAAA9 		.ascii	"y\315\252\251\273\305&\247\350\252\252E\011NW\302\024"
 454      BBC526A7 
 454      E8AAAA45 
 454      094E57C2 
 454      14
 455 05dd 348802D0 		.ascii	"4\210\002\320=\230'X\357\212\201w\240\347+H\303\023"
 455      3D982758 
 455      EF8A8177 
 455      A0E72B48 
 455      C313
 456 05ef 3455712E 		.ascii	"4Uq.\233\366\376\271l\032=\2275o|R\240\026\036\221\244"
 456      9BF6FEB9 
 456      6C1A3D97 
 456      356F7C52 
 456      A0161E91 
 457 0604 F2B569E5 		.ascii	"\362\265i\345\207\264\356\203Yw\367\027\031k \247h\030"
 457      87B4EE83 
 457      5977F717 
 457      196B20A7 
 457      6818
 458 0616 A83D932B 		.ascii	"\250=\223+b\232\367\223\331s\220:\215\235\314\206\240"
 458      629AF793 
 458      D973903A 
 458      8D9DCC86 
 458      A0
 459 0627 F329155B 		.ascii	"\363)\025[X\220\221\357#\234T\221 9\207\367\017k\334"
 459      589091EF 
 459      239C5491 
 459      203987F7 
 459      0F6BDC
 460 063a 4176F585 		.ascii	"Av\365\205\326\256\302A^B\220\027r\220a\344=\312\310"
 460      D6AEC241 
 460      5E429017 
 460      729061E4 
 460      3DCAC8
 461 064d 1851F078 		.ascii	"\030Q\360x\210tdG\353N\255\367\222z%\225\324\014\302"
 461      88746447 
 461      EB4EADF7 
 461      927A2595 
 461      D40CC2
 462 0660 EBDCBB61 		.ascii	"\353\334\273a\227?\255G^Q\236\223hy\336\030\356\036"
 462      973FAD47 
ARM GAS  /tmp/cczSsPeL.s 			page 36


 462      5E519E93 
 462      6879DE18 
 462      EE1E
 463 0672 D6B32972 		.ascii	"\326\263)rI\323\377\006\260^\023\254\267d\212\010\""
 463      49D3FF06 
 463      B05E13AC 
 463      B7648A08 
 463      22
 464 0683 3160C49D 		.ascii	"1`\304\235W\305\307\375(\236\017\230\375\267\207o\371"
 464      57C5C7FD 
 464      289E0F98 
 464      FDB7876F 
 464      F9
 465 0694 7A2723F2 		.ascii	"z'#\362\214\314;\232\245\241u\253\206\331\021[\015\346"
 465      8CCC3B9A 
 465      A5A175AB 
 465      86D9115B 
 465      0DE6
 466 06a6 BEBEED1B 		.ascii	"\276\276\355\033t\224\315\257\301\\\355\334\322\257"
 466      7494CDAF 
 466      C15CEDDC 
 466      D2AF
 467 06b4 F52CC644 		.ascii	"\365,\306D>\020%\360\030,\211\017\220 \211\201\2177"
 467      3E1025F0 
 467      182C890F 
 467      90208981 
 467      8F37
 468 06c6 0D95CFB4 		.ascii	"\015\225\317\264\243\276T\370\303/\307O\346\311\227"
 468      A3BE54F8 
 468      C32FC74F 
 468      E6C997
 469 06d5 0ADFB1F7 		.ascii	"\012\337\261\367\375\022\275\2204\216\024Ef\321_a[p"
 469      FD12BD90 
 469      348E1445 
 469      66D15F61 
 469      5B70
 470 06e7 C157A7F4 		.ascii	"\301W\247\364\362\342\314$\261\036b\006\221\215a\025"
 470      F2E2CC24 
 470      B11E6206 
 470      918D6115 
 471 06f7 EF9E2178 		.ascii	"\357\236!x\2247\206\325<\336\030RW\355OP\013i\024\344"
 471      943786D5 
 471      3CDE1852 
 471      57ED4F50 
 471      0B6914E4 
 472 070b CDF96DB9 		.ascii	"\315\371m\271\274\327\035-\205\307;Z8\333\320*\367\255"
 472      BCD71D2D 
 472      85C73B5A 
 472      38DBD02A 
 472      F7AD
 473 071d 1D56B190 		.ascii	"\035V\261\220]\017\303:\350\207\256F\205\335\320\032"
 473      5D0FC33A 
 473      E887AE46 
 473      85DDD01A 
 474 072d 39E61A65 		.ascii	"9\346\032e\314\265$\346\236\341\027\353\375\204\016"
 474      CCB524E6 
 474      9EE117EB 
ARM GAS  /tmp/cczSsPeL.s 			page 37


 474      FD840E
 475 073c 1A336BEF 		.ascii	"\0323k\357\301U\032\206\223\333\037:2\012g\235\214\263"
 475      C1551A86 
 475      93DB1F3A 
 475      320A679D 
 475      8CB3
 476 074e 4E89B39E 		.ascii	"N\211\263\236\340\\\357\253\211\020\312}\010\314\376"
 476      E05CEFAB 
 476      8910CA7D 
 476      08CCFE
 477 075d E29DA57E 		.ascii	"\342\235\245~\302ij\254\2579\263\335\007\266k\224F\006"
 477      C2696AAC 
 477      AF39B3DD 
 477      07B66B94 
 477      4606
 478 076f 41CF9A47 		.ascii	"A\317\232G\005\255t\003\177\351\376\234\266\265\346"
 478      05AD7403 
 478      7FE9FE9C 
 478      B6B5E6
 479 077e CFF22A36 		.ascii	"\317\362*6\235\210\335\3103\265\033\007R{\325\214\345"
 479      9D88DDC8 
 479      33B51B07 
 479      527BD58C 
 479      E5
 480 078f A9E761A9 		.ascii	"\251\347a\251\273\273REg\242\030Z\317cO\224*\361D\033"
 480      BBBB5245 
 480      67A2185A 
 480      CF634F94 
 480      2AF1441B 
 481 07a3 7815B664 		.ascii	"x\025\266d\252\031\204j\323\343\252T\255\340T\023zU"
 481      AA19846A 
 481      D3E3AA54 
 481      ADE05413 
 481      7A55
 482 07b5 3BFBFFCE 		.ascii	";\373\377\316\260\272\037\306u\336\270#\212\231\242"
 482      B0BA1FC6 
 482      75DEB823 
 482      8A99A2
 483 07c4 988CA8E6 		.ascii	"\230\214\250\346LYs\246\022(\213\000"
 483      4C5973A6 
 483      12288B00 
 484 07d0 F5ECBA97 		.ascii	"\365\354\272\227\245\027\212(\320\236\344\023;\265r"
 484      A5178A28 
 484      D09EE413 
 484      3BB572
 485 07df EE5E8FCA 		.ascii	"\356^\217\312\335&\031g\223\022g3\3019PP\322\342+\034"
 485      DD261967 
 485      93126733 
 485      C1395050 
 485      D2E22B1C 
 486 07f3 A33847FB 		.ascii	"\2438G\373\316\327jh\335\212\370\013P\362d\250\304\207"
 486      CED76A68 
 486      DD8AF80B 
 486      50F264A8 
 486      C487
 487 0805 9635DE7F 		.ascii	"\2265\336\177\372\352\007_\177`\205\346H\213\"\233'"
 487      FAEA075F 
ARM GAS  /tmp/cczSsPeL.s 			page 38


 487      7F6085E6 
 487      488B229B 
 487      27
 488 0816 8BC2F9B0 		.ascii	"\213\302\371\260\375\240\312\263\354\267\362\364\243"
 488      FDA0CAB3 
 488      ECB7F2F4 
 488      A3
 489 0823 C0A15C52 		.ascii	"\300\241\\R\366d\020\366\356\271\373|\277\336sW\365"
 489      F66410F6 
 489      EEB9FB7C 
 489      BFDE7357 
 489      F5
 490 0834 EA7D3573 		.ascii	"\352}5s\244\203m\253p\274\262\224%\272\304\244P\264"
 490      A4836DAB 
 490      70BCB294 
 490      25BAC4A4 
 490      50B4
 491 0846 8DA7FB2A 		.ascii	"\215\247\373*\234L\024C\267\360t_\335\316\343}5\253"
 491      9C4C1443 
 491      B7F0745F 
 491      DDCEE37D 
 491      35AB
 492 0858 F871AEAF 		.ascii	"\370q\256\257PK\005\357~Xy\206\375\357\241\007\2633"
 492      504B05EF 
 492      7E587986 
 492      FDEFA107 
 492      B333
 493 086a 7FD30F2A 		.ascii	"\177\323\017*\252\377>~\275:\273\266b\274w\301NIp\015"
 493      AAFF3E7E 
 493      BD3ABBB6 
 493      62BC77C1 
 493      4E49700D 
 494 087e DB05BAEE 		.ascii	"\333\005\272\356\006y\352\335\0054v\222e\236G\0248%"
 494      0679EADD 
 494      05347692 
 494      659E4714 
 494      3825
 495 0890 0555C73B 		.ascii	"\005U\307;\333\306y\352\365\352\375hs\326\021-\373\214"
 495      DBC679EA 
 495      F5EAFD68 
 495      73D6112D 
 495      FB8C
 496 08a2 BC589852 		.ascii	"\274X\230R\012\237\303|&\026\216?\212q;\230\330\335"
 496      0A9FC37C 
 496      26168E3F 
 496      8A713B98 
 496      D8DD
 497 08b4 446CF991 		.ascii	"Dl\371\221\256$\177\341\032\025{\275-\271\222}\356\265"
 497      AE247FE1 
 497      1A157BBD 
 497      2DB9927D 
 497      EEB5
 498 08c6 602675BC 		.ascii	"`&u\274\255\361\367.n\217$\356\007:\233I\342\2327\310"
 498      ADF1F72E 
 498      6E8F24EE 
 498      073A9B49 
 498      E29A37C8 
ARM GAS  /tmp/cczSsPeL.s 			page 39


 499 08da 539DFC6F 		.ascii	"S\235\374o\300^\302w\217\304\367XZQ\265\217\247:\257"
 499      C05EC277 
 499      8FC4F758 
 499      5A51B58F 
 499      A73AAF
 500 08ed DEA7F7E6 		.ascii	"\336\247\367\346\327\3701u'\377H\324\355c\352\340\354"
 500      D7F83175 
 500      27FF48D4 
 500      ED63EAE0 
 500      EC
 501 08fe A31857C0 		.ascii	"\243\030W\300\324\025\362S9\337\205\177Z>e\376\314\231"
 501      D415F253 
 501      39DF857F 
 501      5A3E65FE 
 501      CC99
 502 0910 9C8F3DEA 		.ascii	"\234\217=\352\237\026\243\343\013\2035\316aXa6O7\331"
 502      9F16A3E3 
 502      0B8335CE 
 502      61586136 
 502      4F37D9
 503 0923 62A6C75A 		.ascii	"b\246\307Zc-\323-\246\360(CtT8\3565\214\356\235\023"
 503      632DD32D 
 503      A6F02843 
 503      745438EE 
 503      358CEE9D 
 504 0938 323B64A6 		.ascii	"2;d\246!*\326\034\2752\302b\260;\"\",\337\204Dr\272"
 504      212AD61C 
 504      BD32C262 
 504      B03B2222 
 504      2CDF8444 
 505 094e 184BCC0A 		.ascii	"\030K\314\012\213\343\233\225\261f\243c\241!\322\032"
 505      8BE39B95 
 505      B166A363 
 505      A121D21A 
 506 095e 6331445A 		.ascii	"c1DZ\314\016\253\315\020f\263\256\260\231b\354\006\213"
 506      CC0EABCD 
 506      1066B3AE 
 506      B09962EC 
 506      068B
 507 0970 393A2ACE 		.ascii	"9:*\316n1\314\217\214\012\217Z\272\3148sn\310\314\220"
 507      6E31CC8F 
 507      8C0A8F5A 
 507      BACC3873 
 507      6EC8CC90 
 508 0984 CF0D56BB 		.ascii	"\317\015V\273\301\346p#\232#\001\311l\265Y\000t\202"
 508      C1E67023 
 508      9A2301C9 
 508      6CB55900 
 508      7482
 509 0996 3932CC6A 		.ascii	"92\314j\215^\032\3767@Z\024\033\345\360\213\2113Z\211"
 509      8D5E1AFE 
 509      37405A14 
 509      1BE5F08B 
 509      89335A89 
 510 09aa 65C4DCD5 		.ascii	"e\304\334\325`\306Z\276w\250\343\"\311]\033\007\336"
 510      60C65ABE 
 510      77A8E322 
ARM GAS  /tmp/cczSsPeL.s 			page 40


 510      C95D1B07 
 510      DE
 511 09bb C6488B29 		.ascii	"\306H\213)\302b\373\303O\345\200\261\354@B\013A\342"
 511      C262FBC3 
 511      4FE580B1 
 511      EC40420B 
 511      41E2
 512 09cd 6CD6EFA2 		.ascii	"l\326\357\242\000T\017\375V[\274\221\304\201\304}|\010"
 512      00540FFD 
 512      565BBC91 
 512      C481C47D 
 512      7C08
 513 09df BBCDAC84 		.ascii	"\273\315\254\2047s\376T\343b\253)b\236\315f\212\327"
 513      3773FE54 
 513      E362AB29 
 513      629ECD66 
 513      8AD7
 514 09f1 517B5E74 		.ascii	"Q{^t\264\325\274H\2530\330\363\002\233\305\262H#?\353"
 514      B4D5BC48 
 514      AB30D8F3 
 514      029BC5B2 
 514      48233FEB 
 515 0a05 8D469274 		.ascii	"\215F\222tc\310\3349\263g\370J\226\312\034i\262i\214"
 515      63C8DC39 
 515      B367F84A 
 515      96CA1C69 
 515      B2698C
 516 0a18 C69551B1 		.ascii	"\306\225Q\261\216Y\2772:\026x\231\344\321\226\224\200"
 516      8E59BF32 
 516      3A167899 
 516      E4D19694 
 516      80
 517 0a29 18933932 		.ascii	"\030\22392*\326b0\302\344\232VF;\214\216\3708\013N\206"
 517      2AD66230 
 517      C2E49A56 
 517      463B8C8E 
 517      F8380B4E 
 518 0a3e AF84F79B 		.ascii	"\257\204\367\233\217\302\263\307\333\015F\250\025\030"
 518      8FC2B3C7 
 518      DB0D46A8 
 518      1518
 519 0a4c 0C20E399 		.ascii	"\014 \343\231\252\210\010xZ\026o_l5\177;\377'M\027\340"
 519      AA880878 
 519      5A166F5F 
 519      6C357F3B 
 519      FF274D17 
 520 0a61 63DC38AB 		.ascii	"c\3348\253\315a\204T}\273\344\377@\303\203\355\206y"
 520      CD618454 
 520      7DBBE4FF 
 520      40C383ED 
 520      8679
 521 0a73 5F2E99BF 		.ascii	"_.\231\277\344{\200\304%h\374\356\363\030\300\205\024"
 521      E47B80C4 
 521      2568FCEE 
 521      F318C085 
 521      14
 522 0a84 DB2D0EE3 		.ascii	"\333-\016\343\357\346-\373}\330\227\213\364\246\350"
ARM GAS  /tmp/cczSsPeL.s 			page 41


 522      EFE62DFB 
 522      7DD8978B 
 522      F4A6E8
 523 0a93 7F98E2ED 		.ascii	"\177\230\342\355\306\250\330hHQ\330\307F\20225\314_"
 523      C6A8D868 
 523      4851D8C7 
 523      46823235 
 523      CC5F
 524 0aa5 B26CD132 		.ascii	"\262l\3212\231>\216d\216Y\000\363\206\313\215\244dy"
 524      993E8E64 
 524      8E5900F3 
 524      86CB8DA4 
 524      6479
 525 0ab7 2C96A125 		.ascii	",\226\241%\202V\222\347Q\363<Wi\315\231\255\264\346"
 525      825692E7 
 525      51F33C57 
 525      69CD99AD 
 525      B4E6
 526 0ac9 CEFE2F3C 		.ascii	"\316\376/<\245\222Y"
 526      A59259
 527              		.text
 528              		.section	.gnu.lto_.symtab.fe2b784b36ba5592,"",%progbits
 529 0000 6368506F 		.ascii	"chPoolObjectInit\000"
 529      6F6C4F62 
 529      6A656374 
 529      496E6974 
 529      00
 530 0011 00       		.ascii	"\000"
 531 0012 00       		.ascii	"\000"
 532 0013 00       		.ascii	"\000"
 533 0014 00000000 		.ascii	"\000\000\000\000\000\000\000\000"
 533      00000000 
 534 001c D0000000 		.ascii	"\320\000\000\000"
 535 0020 6368506F 		.ascii	"chPoolLoadArray\000"
 535      6F6C4C6F 
 535      61644172 
 535      72617900 
 536 0030 00       		.ascii	"\000"
 537 0031 00       		.ascii	"\000"
 538 0032 00       		.ascii	"\000"
 539 0033 00000000 		.ascii	"\000\000\000\000\000\000\000\000"
 539      00000000 
 540 003b D6000000 		.ascii	"\326\000\000\000"
 541 003f 6368506F 		.ascii	"chPoolAllocI\000"
 541      6F6C416C 
 541      6C6F6349 
 541      00
 542 004c 00       		.ascii	"\000"
 543 004d 00       		.ascii	"\000"
 544 004e 00       		.ascii	"\000"
 545 004f 00000000 		.ascii	"\000\000\000\000\000\000\000\000"
 545      00000000 
 546 0057 DA000000 		.ascii	"\332\000\000\000"
 547 005b 6368506F 		.ascii	"chPoolAlloc\000"
 547      6F6C416C 
 547      6C6F6300 
 548 0067 00       		.ascii	"\000"
ARM GAS  /tmp/cczSsPeL.s 			page 42


 549 0068 00       		.ascii	"\000"
 550 0069 00       		.ascii	"\000"
 551 006a 00000000 		.ascii	"\000\000\000\000\000\000\000\000"
 551      00000000 
 552 0072 DC000000 		.ascii	"\334\000\000\000"
 553 0076 6368506F 		.ascii	"chPoolFreeI\000"
 553      6F6C4672 
 553      65654900 
 554 0082 00       		.ascii	"\000"
 555 0083 00       		.ascii	"\000"
 556 0084 00       		.ascii	"\000"
 557 0085 00000000 		.ascii	"\000\000\000\000\000\000\000\000"
 557      00000000 
 558 008d E1000000 		.ascii	"\341\000\000\000"
 559 0091 6368506F 		.ascii	"chPoolFree\000"
 559      6F6C4672 
 559      656500
 560 009c 00       		.ascii	"\000"
 561 009d 00       		.ascii	"\000"
 562 009e 00       		.ascii	"\000"
 563 009f 00000000 		.ascii	"\000\000\000\000\000\000\000\000"
 563      00000000 
 564 00a7 E3000000 		.ascii	"\343\000\000\000"
 565              		.text
 566              		.section	.gnu.lto_.opts,"",%progbits
 567 0000 272D666D 		.ascii	"'-fmath-errno' '-fsigned-zeros' '-ftrapping-math' '"
 567      6174682D 
 567      6572726E 
 567      6F272027 
 567      2D667369 
 568 0033 2D666E6F 		.ascii	"-fno-trapv' '-fno-openmp' '-fno-openacc' '-mcpu=cor"
 568      2D747261 
 568      70762720 
 568      272D666E 
 568      6F2D6F70 
 569 0066 7465782D 		.ascii	"tex-m4' '-mfloat-abi=hard' '-mfpu=fpv4-sp-d16' '-mn"
 569      6D342720 
 569      272D6D66 
 569      6C6F6174 
 569      2D616269 
 570 0099 6F2D7468 		.ascii	"o-thumb-interwork' '-mthumb' '-ggdb' '-O2' '-fomit-"
 570      756D622D 
 570      696E7465 
 570      72776F72 
 570      6B272027 
 571 00cc 6672616D 		.ascii	"frame-pointer' '-falign-functions=16' '-ffunction-s"
 571      652D706F 
 571      696E7465 
 571      72272027 
 571      2D66616C 
 572 00ff 65637469 		.ascii	"ections' '-fdata-sections' '-fno-common' '-flto' '-"
 572      6F6E7327 
 572      20272D66 
 572      64617461 
 572      2D736563 
 573 0132 6673696E 		.ascii	"fsingle-precision-constant'\000"
 573      676C652D 
ARM GAS  /tmp/cczSsPeL.s 			page 43


 573      70726563 
 573      6973696F 
 573      6E2D636F 
 574              		.text
 575              		.comm	__gnu_lto_v1,1,1
 576              		.comm	__gnu_lto_slim,1,1
 577              		.ident	"GCC: (GNU Tools for ARM Embedded Processors) 5.4.1 20160919 (release) [ARM/embedded-5-bran
ARM GAS  /tmp/cczSsPeL.s 			page 44


DEFINED SYMBOLS
                            *ABS*:00000000 chmempools.c
                            *COM*:00000001 __gnu_lto_v1
                            *COM*:00000001 __gnu_lto_slim

NO UNDEFINED SYMBOLS
