ARM GAS  /tmp/ccusPyvC.s 			page 1


   1              		.syntax unified
   2              		.cpu cortex-m4
   3              		.eabi_attribute 27, 1
   4              		.eabi_attribute 28, 1
   5              		.fpu fpv4-sp-d16
   6              		.eabi_attribute 20, 1
   7              		.eabi_attribute 21, 1
   8              		.eabi_attribute 23, 3
   9              		.eabi_attribute 24, 1
  10              		.eabi_attribute 25, 1
  11              		.eabi_attribute 26, 1
  12              		.eabi_attribute 30, 2
  13              		.eabi_attribute 34, 1
  14              		.eabi_attribute 18, 4
  15              		.thumb
  16              		.syntax unified
  17              		.file	"chregistry.c"
  18              		.text
  19              	.Ltext0:
  20              		.section	.gnu.lto_.profile.2b912e3171978238,"",%progbits
  21 0000 789C6361 		.ascii	"x\234ca`d`a`\000\222\262B\000\000\266\000:"
  21      60646061 
  21      600092B2 
  21      420000B6 
  21      003A
  22              		.text
  23              		.section	.gnu.lto_.icf.2b912e3171978238,"",%progbits
  24 0000 789C6361 		.ascii	"x\234ca`d\000\001\021\006\004`f\270\336}\342$\023\323"
  24      60640001 
  24      11060460 
  24      66B8DE7D 
  24      E22413D3 
  25 0014 FABB533A 		.ascii	"\372\273S:Y\231w\335\335\263\224\215\001\000^\241\010"
  25      599977DD 
  25      DDB3948D 
  25      01005EA1 
  25      08
  26 0025 C3       		.ascii	"\303"
  27              		.text
  28              		.section	.gnu.lto_.jmpfuncs.2b912e3171978238,"",%progbits
  29 0000 789C6361 		.ascii	"x\234ca`d\000\001A\006\004`\002aFF\306z&\246J\260\000"
  29      60640001 
  29      41060460 
  29      02614646 
  29      C67A26A6 
  30 0017 000A9101 		.ascii	"\000\012\221\001\032"
  30      1A
  31              		.text
  32              		.section	.gnu.lto_.inline.2b912e3171978238,"",%progbits
  33 0000 789C6361 		.ascii	"x\234ca`d\000\001}\006\004`b`\340\344`d`\342y\020\313"
  33      60640001 
  33      7D060460 
  33      6260E0E4 
  33      606460E2 
  34 0017 C0B6409E 		.ascii	"\300\266@\236\011\"\306+\012\024\342_P\302\300\336\241"
  34      0922C62B 
  34      0A14E25F 
ARM GAS  /tmp/ccusPyvC.s 			page 2


  34      50C2C0DE 
  34      A1
  35 0028 0E11E266 		.ascii	"\016\021\342f``\234\340\307\000\000\2010\005I"
  35      60609CE0 
  35      C7000081 
  35      300549
  36              		.text
  37              		.section	.gnu.lto_.pureconst.2b912e3171978238,"",%progbits
  38 0000 789C6361 		.ascii	"x\234ca`d`g```b\330\305\310\264\213\021\000\005\324"
  38      60646067 
  38      60606062 
  38      D8C5C8B4 
  38      8B110005 
  39 0015 0187     		.ascii	"\001\207"
  40              		.text
  41              		.section	.gnu.lto_chRegFirstThread.2b912e3171978238,"",%progbits
  42 0000 789C7D93 		.ascii	"x\234}\223MLTW\024\307\357\377\3367\037\316\240a_\027"
  42      4D4C5457 
  42      14C7EFFF 
  42      DE371FCE 
  42      A0615F17 
  43 0014 C38285A9 		.ascii	"\303\202\205\251\372\232&\246.\032\323\306\304\264\013"
  43      FA9A26A6 
  43      2E1AD3C6 
  43      C4B40B
  44 0023 16855557 		.ascii	"\026\205UW\215L'2\321q\310\233\201Hc\302e\340\211\223"
  44      8D4C2732 
  44      D171C89B 
  44      814863C2 
  44      65E08993 
  45 0037 348D5D94 		.ascii	"4\215]\224\342G3\251\255\001?@@\261\242@\247\002R)j"
  45      E24733A9 
  45      AD013F40 
  45      40B1A240 
  45      A7025229 
  46 004c B09A98B0 		.ascii	"\260\232\230\260\001\024H-i\244i\323\232T\3509w\030"
  46      0114482D 
  46      69A469D3 
  46      9A54E839 
  46      7718
  47 005e E5233099 		.ascii	"\345#0\231\231\367\336=\347\177\317\377\234\373{\226"
  47      99F7DE3D 
  47      E77FCFFF 
  47      9CFB7B96 
  48 006e 80E04FD6 		.ascii	"\200\340O\326\022\342\017\272\276A?(\001y\342\236\020"
  48      12E20FBA 
  48      BE413F28 
  48      0179E29E 
  48      10
  49 007f 757E09F0 		.ascii	"u~\011\360\215\366C\324J\324\342o\371Rb\254\241\343"
  49      8DF643D4 
  49      4AD4E26F 
  49      F95262AC 
  49      A1E3
  50 0091 8CFA4BBA 		.ascii	"\214\372K\272\224f\321\343\374\335SO\266\360#\020\242"
  50      9466D1E3 
  50      FCDD534F 
ARM GAS  /tmp/ccusPyvC.s 			page 3


  50      B6F02310 
  50      A2
  51 00a2 C7D3FA41 		.ascii	"\307\323\372A\332\267\255E\353\224\236\230>\373\361"
  51      DAB7AD45 
  51      EB949E98 
  51      3EFBF1
  52 00b1 97F5EE07 		.ascii	"\227\365\356\007\256\222bQ\012\264b+Z\260\225K\234\307"
  52      AE926251 
  52      0AB4622B 
  52      5AB0954B 
  52      9CC7
  53 00c3 3641C983 		.ascii	"6A\311\203\323\377=\010*\033|_w\361\364\231\202\342"
  53      D3FF3D08 
  53      2A1B7C5F 
  53      77F1F499 
  53      82E2
  54 00d5 EF58983D 		.ascii	"\357X\230=9\262\345\244\3166\204H\211\013P+\305\202"
  54      39B2E5A4 
  54      CE368448 
  54      890B502B 
  54      C582
  55 00e7 B3A73A17 		.ascii	"\263\247:\027\276\332\354m\320\364\011\341\"\212\271"
  55      BEDAEC6D 
  55      D0F409E1 
  55      228AB9
  56 00f6 00ED7B09 		.ascii	"\000\355{\011^j\010\274r\2714\253\027\027\353u\366\353"
  56      5E6A08BC 
  56      72B934AB 
  56      1717EB75 
  56      F6EB
  57 0108 C0C8E396 		.ascii	"\300\310\343\226M~\262K\253\226p\225\362\360\237\020"
  57      4D7EB24B 
  57      AB967095 
  57      F2F09F10 
  58 0118 CF49C2ED 		.ascii	"\317I\302\355\315K\311W5\205T!\357=\333\333\370\020"
  58      CD4BC957 
  58      35855421 
  58      EF3DDBDB 
  58      F810
  59 012a EA6DE3AA 		.ascii	"\352m\343\252\273\377qs \347jb~\362\335K]Z\247\337s"
  59      BBFF7173 
  59      20E76A62 
  59      7EF2DD4B 
  59      5D5AA7DF 
  60 013f 9585B6B5 		.ascii	"\225\205\266\265\266\320\216b\2224\376\246\373,\036"
  60      B6D08E62 
  60      9234FEA6 
  60      FB2C1E
  61 014e 8885102E 		.ascii	"\210\205\020.Sl\026\251\251\276\306\231f\357J\337\331"
  61      536C16A9 
  61      A9BEC699 
  61      66EF4ADF 
  61      D9
  62 015f F4B0348E 		.ascii	"\364\2604\216\027%V\265\224\355k\352\205G\240\203\203"
  62      172556B5 
  62      94ED6BEA 
  62      8547A083 
ARM GAS  /tmp/ccusPyvC.s 			page 4


  62      83
  63 0170 72757072 		.ascii	"rupr\3403.%\320\311a\265z\034\002]\360\222\233+<\013"
  63      E0332E25 
  63      D0C961B5 
  63      7A1C025D 
  63      F0929B2B 
  64 0186 885F41F1 		.ascii	"\210_A\361\263\231\256\177\003EO\221\321\3154T\017K"
  64      B399AE7F 
  64      03454F91 
  64      D1CD3454 
  64      0F4B
  65 0198 DA9EDCD4 		.ascii	"\332\236\334\324~\213F\200\253(23}>\367p\\\322\012\272"
  65      7E8B4680 
  65      AB283233 
  65      7D3EF770 
  65      5CD20ABA 
  66 01ac 6119E302 		.ascii	"a\031\343\002\327\314\021\267\366\017L\027\024\315."
  66      D7CC11B7 
  66      F60F4C17 
  66      14CD2E
  67 01bb A9BD9CFB 		.ascii	"\251\275\234\373g{\327\243\240Q\377\300j\\\207%\246"
  67      677BD7A3 
  67      A051FFC0 
  67      6A5C8725 
  67      A6
  68 01cc 20CD0C84 		.ascii	" \315\014\204\230A\352F\317\213\326\002\356\256^)\312"
  68      9841EA46 
  68      CF8BD602 
  68      EEAE5E29 
  68      CA
  69 01dd 6F726FDD 		.ascii	"oro\335\367\361P|\246\327\236\236\271q_\355K}\\\353"
  69      F7F1507C 
  69      A6D79E9E 
  69      B9715FED 
  69      4B7D5CEB 
  70 01f1 425A4BAB 		.ascii	"BZK\253\334\251>\033}4\030\310\340\233:m\326\375\270"
  70      DCA93E1B 
  70      7D3418C8 
  70      E09B3A6D 
  70      D6FDB8
  71 0204 41D0F5B0 		.ascii	"A\320\365\260\023\012~q\275#\355\267\333\270G\275\313"
  71      130A7E71 
  71      BD23EDB7 
  71      DBB847BD 
  71      CB
  72 0215 559B7013 		.ascii	"U\233p\023\031,\310% \206>\037\373>\037\375\210\271"
  72      192CC825 
  72      20863E1F 
  72      FB3E1FFD 
  72      88B9
  73 0227 E985BD20 		.ascii	"\351\205\275 \231n\364\301&o)\275\331\340A\020\220%"
  73      996EF4C1 
  73      266F29BD 
  73      D9E04110 
  73      9025
  74 0239 63717EB4 		.ascii	"cq~\2644\347\320Z\3560w\032\377\014\217\034/ +pU\200"
  74      34E7D05A 
ARM GAS  /tmp/ccusPyvC.s 			page 5


  74      EE30771A 
  74      FF0C8F1C 
  74      2F202B70 
  75 024f F2D1BFE4 		.ascii	"\362\321\277\344\342\334\323T\273\317\336\341\252 ~"
  75      E2DCD354 
  75      BBCFDEE1 
  75      AA207E
  76 025e 34F50D77 		.ascii	"4\365\015wY*1\203\372\246cs\310\355\350\311m\332\335"
  76      592A3183 
  76      FAA66373 
  76      C8EDE8C9 
  76      6DDADD
  77 0271 38DA19E0 		.ascii	"8\332\031\340M\203\000~\242-\250l\223IYV\202\273\325"
  77      4D83007E 
  77      A22DA86C 
  77      93495956 
  77      82BBD5
  78 0284 C1F5EBDC 		.ascii	"\301\365\353\334z]g\0006\355-\362\244\256\240\363\333"
  78      7A5D6700 
  78      36ED2DF2 
  78      A4AEA0F3 
  78      DB
  79 0295 3D1BD339 		.ascii	"=\033\3239h\350|\325\246Ep\014m@\347\235\273y:\255\265"
  79      68E87CD5 
  79      A645700C 
  79      6D40E79D 
  79      BB793AAD 
  80 02aa 84DD66C2 		.ascii	"\204\335f\302\3260\373;3;\314\022\317\032f\307\217\262"
  80      D630FB3B 
  80      333BCC12 
  80      CF1A66C7 
  80      8FB2
  81 02bc 01819FD7 		.ascii	"\001\201\237\327a\366\216avd\031\263\013\231\311\376"
  81      61F68E61 
  81      766419B3 
  81      0B99C9FE 
  82 02cc 601EC721 		.ascii	"`\036\307!\203\343/\006\307\325\354\215\346\331\343"
  82      83E32F06 
  82      C7D5EC8D 
  82      E6D9E3
  83 02db 02E21952 		.ascii	"\002\342\031R\023\347Z\306\226\316\201\301\242\027\035"
  83      13E75AC6 
  83      96CE81C1 
  83      A2171D
  84 02ea FC829362 		.ascii	"\374\202\223b\273]\021\217E\354\362xy\364`\334\016W"
  84      BB5D118F 
  84      45ECF278 
  84      79F460DC 
  84      0E57
  85 02fc 44CBA3F1 		.ascii	"D\313\243\361\204M_'i'\2340\2558\221\003\321D\322\251"
  85      844D5F27 
  85      69279C30 
  85      AD389103 
  85      D144D2A9 
  86 0310 D9191632 		.ascii	"\331\031\0262Y\351\251\336\177\250*\262k\003Ue\334I"
  86      59E9A9DE 
  86      7FA82AB2 
ARM GAS  /tmp/ccusPyvC.s 			page 6


  86      6B035565 
  86      DC49
  87 0322 26ECF74B 		.ascii	"&\354\367KK\366\226\034\241P8\356D>\251~'\266\263B\354"
  87      4BF6961C 
  87      A15038EE 
  87      443EA97E 
  87      27B6B342 
  88 0337 5E4F1539 		.ascii	"^O\0259\222\264\367\226\224}XfG\017\207\017U}\032\261"
  88      92B4F796 
  88      947D5866 
  88      470F870F 
  88      557D1AB1 
  89 034b 8D2A1CDB 		.ascii	"\215*\034\333Wu8L\30277(\367JQ\221\250IPnaIYi\250|\177"
  89      5775384C 
  89      C2373728 
  89      F74A5191 
  89      A849506E 
  90 0366 2252E944 		.ascii	"\"R\351D\267\207\212\337\022\322\021\276X$\026wj\304"
  90      B7878ADF 
  90      12D211BE 
  90      58241677 
  90      6AC4
  91 0378 FF81C5EA 		.ascii	"\377\201\305\352["
  91      5B
  92              		.text
  93              		.section	.gnu.lto_chRegNextThread.2b912e3171978238,"",%progbits
  94 0000 789C7D54 		.ascii	"x\234}T\317OTW\024\276\337\275o~0\014\224?\200\305\260"
  94      CF4F5457 
  94      14BEDFBD 
  94      6F7E300C 
  94      943F80C5 
  95 0015 20C6D4FA 		.ascii	" \306\324\372\332&\326.\232\246\215I\323.\330\300\252"
  95      DA26D62E 
  95      9AA68D49 
  95      D32ED8C0 
  95      AA
  96 0026 AB46C649 		.ascii	"\253F\306I\231T\03023\030i\233p\235a\212\023\233\376"
  96      99541832 
  96      3318699B 
  96      709D618A 
  96      139BFE
  97 0039 5894D06A 		.ascii	"X\224\320jC\332j\320*\010T*(\342(\264\026\212\012\006"
  97      43DA6AD0 
  97      2A08542A 
  97      28E228B4 
  97      168A0A06 
  98 004d AA964501 		.ascii	"\252\226E\001\013Z\305DH\033K\242\320s\356\200\002S"
  98      0B5AC544 
  98      481B4BA2 
  98      D073EE80 
  98      0253
  99 005f 789999F7 		.ascii	"x\231\231\367\336\275\367;\337w\316\371\316X\002\202"
  99      DEBDF73B 
  99      DF77CEF9 
  99      CE580282 
 100 006f AF530E21 		.ascii	"\257S\016!\346\350\276\215\276p\010\310\317\256\010"
 100      E6E8BE8D 
ARM GAS  /tmp/ccusPyvC.s 			page 7


 100      BE7008C8 
 100      CFAE08
 101 007e B1CF2DA5 		.ascii	"\261\317-\245\225\202\320\03654(\204\366*X\351u\013"
 101      9582D01E 
 101      35342884 
 101      F62A58E9 
 101      750B
 102 0090 E007ED86 		.ascii	"\340\007\355\206\250\221\312B\015\376\221\217%\206k"
 102      A891CA42 
 102      0DFE918F 
 102      25866B
 103 009f 5B0FA9BF 		.ascii	"[\017\251\277eB\011X\364:{\371\253[\271\374\012\370"
 103      65420958 
 103      F43A7BF9 
 103      AB5BB9FC 
 103      0AF8
 104 00b1 E8F5A0BE 		.ascii	"\350\365\240\276\226tmn\322:\246\307\247Z\336\376<\236"
 104      96746D6E 
 104      D23AA6C7 
 104      A75ADEFE 
 104      3C9E
 105 00c3 7833A1A4 		.ascii	"x3\241\244X\224\002G\221\217&\3443\3711l\246\263}S\217"
 105      58940247 
 105      918F26E4 
 105      33F9316C 
 105      A6B37D53 
 106 00d8 AE652B1B 		.ascii	"\256e+\033\202\236\0175\215\037\316\332t\204q\372`@"
 106      829E0F35 
 106      8D1FCEDA 
 106      748471FA 
 106      6040
 107 00ea 671108DF 		.ascii	"g\021\010\337C\255\304q\034\034\307&>~c\244\345X\266"
 107      43ADC471 
 107      1C1CC726 
 107      3E7E63A4 
 107      E558B6
 108 00fd 7AD14027 		.ascii	"z\321@'?\376\355\274*\374\216\241\251\371\201\334/u"
 108      3FFEEDBC 
 108      2AFC8EA1 
 108      A9F981DC 
 108      2F75
 109 010f AAD6C7F0 		.ascii	"\252\326\307\360\023\253\341|\361\351\266\205/r\234"
 109      13ABE17C 
 109      F1E9B685 
 109      2F729C
 110 011e B59A2E1F 		.ascii	"\265\232.\037\232Q\230T\202\325\221\250\0268\251N\340"
 110      9A519854 
 110      82D591A8 
 110      1638A94E 
 110      E0
 111 012f C593C529 		.ascii	"\305\223\305)\275\270\030\327\251\207\236\233\235g\262"
 111      BDB818D7 
 111      A9879E9B 
 111      9D67B2
 112 013e BC10BCEA 		.ascii	"\274\020\274\352\000\323;\315\263\213\344(7\377\010"
 112      00D33BCD 
 112      B38BE428 
ARM GAS  /tmp/ccusPyvC.s 			page 8


 112      37FF08
 113 014d F180E05C 		.ascii	"\361\200\340\\\251Y)\371\256&\021\313c\252\333\335u"
 113      A95929F9 
 113      AE2611CB 
 113      63AADBDD 
 113      75
 114 015e 23502F19 		.ascii	"#P/\031\221\035=7\032<i\221\343\363\023\257\234h\327"
 114      911D3D37 
 114      1A3C6991 
 114      E3F313AF 
 114      9C68D7
 115 0171 3AF95A82 		.ascii	":\371Z\202\252z2S%ZQH\220\272\277\3649\213+k\301\207"
 115      AA7A3253 
 115      255A5148 
 115      90BABFF4 
 115      398B2B6B 
 116 0187 36DABB8D 		.ascii	"6\332\273\215\330\344h\335t\203su\032\251\344\037\322"
 116      D8E468DD 
 116      74837375 
 116      1AA9E41F 
 116      D2
 117 0198 A85F9458 		.ascii	"\250_\224X\223a\352~}7w\272\2357\345\332\315\331\336"
 117      9361EA7E 
 117      7D3777BA 
 117      9D37E5DA 
 117      CDD9DE
 118 01ab F7994AE0 		.ascii	"\367\231J\340\007\336Vk\253#p\012NR\323\301u\201\270"
 118      07DE566B 
 118      AB23700A 
 118      4E52D3C1 
 118      7581B8
 119 01be 0EDAFFB6 		.ascii	"\016\332\377\266\261\375_O\301\0354\352\006\252\261"
 119      B1FD5F4F 
 119      C11D34EA 
 119      06AAB1
 120 01cd 8321CDB7 		.ascii	"\203!\315\267\316j\267E%\300\217(0%~032&i\005\247a\031"
 120      CE6AB745 
 120      25C08F28 
 120      30257E30 
 120      33322669 
 121 01e5 E1029DC6 		.ascii	"\341\002\235\306+G{z\247\274\005\367\226\320N>;\327"
 121      2B477B7A 
 121      A7BC05F7 
 121      96D04E3E 
 121      3BD7
 122 01f7 D23E9A6D 		.ascii	"\322>\232m\320]\214\306\031Xb\022\322\324@\210i\304"
 122      D05D8CC6 
 122      19586212 
 122      D2D44088 
 122      69C4
 123 0209 CE74CD1F 		.ascii	"\316t\315\037\317\345\354\342\212\363\256O\\\274\352"
 123      CFE5ECE2 
 123      8AF3AE4F 
 123      5CBCEA
 124 0218 E2A2A473 		.ascii	"\342\242\244s}xi`\277\267\021_\357c\305\333\251\035"
 124      7D786960 
 124      BFB7115F 
ARM GAS  /tmp/ccusPyvC.s 			page 9


 124      EF63C5DB 
 124      A91D
 125 022a AEB872E0 		.ascii	"\256\270r\340,s\322\356\221?c-.\3739>\334\215F,HS\335"
 125      2C73D2EE 
 125      913F632D 
 125      2EFB393E 
 125      DC8D462C 
 126 0241 73B08922 		.ascii	"s\260\211\"\246\2371\035\247^Rd1\201\332\337\343M\365"
 126      A69F311D 
 126      A75E5264 
 126      3181DADF 
 126      E34DF5
 127 0254 CEFF6172 		.ascii	"\316\377ar\033\246\256\256\2311W\315c\275_\353<ZK*\030"
 127      1BA6AEAE 
 127      993157CD 
 127      63BD5FEB 
 127      3C5A4B2A 
 128 0269 8ABB83A3 		.ascii	"\212\273\203\243}\236%\001\264\236\205\3634'=K\374\237"
 128      7D9E2501 
 128      B49E85F3 
 128      34273D4B 
 128      FC9F
 129 027b 74B626DD 		.ascii	"t\266&\335v3k\323\037$\224\007)\243\002i'\036\030\352"
 129      76336BD3 
 129      1F249407 
 129      29A30269 
 129      271E18EA 
 130 028f F934371D 		.ascii	"\37147\035QW%T6.\2200\201\213\2501.\230\245\216\320"
 130      51572554 
 130      362E9030 
 130      818BA831 
 130      2E98A58E 
 131 02a4 442AAE41 		.ascii	"D*\256A\333LL\245\225\271V$\015\223\25633]/z\015\221"
 131      DB4C4CA5 
 131      95B95624 
 131      0D93AE33 
 131      335D2F7A 
 132 02ba B1751F45 		.ascii	"\261u\037E\235F\274\376\243>\231\016\341NG\351\250\033"
 132      9D46BCFE 
 132      A33E990E 
 132      E14E47E9 
 132      A81B
 133 02cc 6CF3707E 		.ascii	"l\363p~^\000?Q\010\"\252\007\037Y[\327\027\304\372D"
 133      5E003F51 
 133      0822AA07 
 133      1F595BD7 
 133      17C4FA44 
 134 02e0 3F3F25BA 		.ascii	"??%\272\004\233\202\033\345\326\3239H\027\030by(V\015"
 134      049B821B 
 134      E5D6D339 
 134      48171862 
 134      7928560D 
 135 02f4 C237AF6E 		.ascii	"\3027\257n<\010\277\230Ax\322\011\213|\330\277\301 "
 135      3C08BF98 
 135      4178D209 
 135      8B7CD8BF 
 135      C120
ARM GAS  /tmp/ccusPyvC.s 			page 10


 136 0306 F4DF5F1E 		.ascii	"\364\337_\036\004+\323\314\003l\346\214\361\270\307"
 136      042BD3CC 
 136      036CE68C 
 136      F1B8C7
 137 0315 E3F12B43 		.ascii	"\343\361+C\034\031\3431\366!\013\020\030\\g<.\233\361"
 137      1C19E331 
 137      F6210B10 
 137      185C673C 
 137      2E9BF1
 138 0328 B8B2623C 		.ascii	"\270\262b<\026\032'z\262\227\235\337o\234\177\3258\177"
 138      161A277A 
 138      B2979DDF 
 138      6F9C7FD5 
 138      387F
 139 033a ADCD8796 		.ascii	"\255\315\207\226m\316\004\342\016j\307\017\2376\265"
 139      6DCE04E2 
 139      0E6AC70F 
 139      9F36B5
 140 0349 CFB45ACE 		.ascii	"\317\264Z\316\242d\232a\262\005y;\241r\305]\304R\303"
 140      A2649A61 
 140      B205793B 
 140      A172C55D 
 140      C452C3
 141 035c 0772D2DD 		.ascii	"\007r\322\335d3\315Q\007\2517\262\373\346.j\223zt=\237"
 141      6433CD51 
 141      07A937B2 
 141      FBE62E6A 
 141      937A743D 
 142 0371 FE93C03D 		.ascii	"\376\223\300= \306-vY\250<`\227\206J\203\357\205l\177"
 142      20C62D76 
 142      59A83C60 
 142      97864A83 
 142      EF856C7F 
 143 0385 59B03418 		.ascii	"Y\2604\030\212\330\364\011G\355H\330O+\341\300\273\301"
 143      8AD8F409 
 143      47ED48D8 
 143      4F2BE1C0 
 143      BBC1
 144 0397 48345CBD 		.ascii	"H4\\\275\325/d\264RUD+\035{v\356\256\012l\333\000Y\031"
 144      D52F64B4 
 144      5255442B 
 144      1D7B76EE 
 144      AE0A6CDB 
 145 03ae 0A4723F6 		.ascii	"\012G#\366\353\305E;\212\366\322\226?\024\016\274\263"
 145      EBC5453B 
 145      8AF6D296 
 145      3F140EBC 
 145      B3
 146 03bf 677BF9D6 		.ascii	"g{\371\3262\361\362z\250\300\336\250\275\243\250\344"
 146      32F1F27A 
 146      A8C0DEA8 
 146      BDA3A8E4 
 147 03cf AD123B58 		.ascii	"\255\022;X\341\337]\265+`\033\224\277\374\215\252\012"
 147      E1DF5DB5 
 147      2B601B94 
 147      BFFC8DAA 
 147      0A
ARM GAS  /tmp/ccusPyvC.s 			page 11


 148 03e0 3F019FDD 		.ascii	"?\001\237\335\200\356\011\242,R\035\241\263yE%\305\276"
 148      80EE09A2 
 148      2C521DA1 
 148      B3794525 
 148      C5BE
 149 03f2 D29D9140 		.ascii	"\322\235\221@e8\270\305W\370\274\220a\341*\017\224\207"
 149      6538B8C5 
 149      57F8BC90 
 149      61E12A0F 
 149      9487
 150 0404 C2D5E23F 		.ascii	"\302\325\342?\361\310=\332"
 150      F1C83DDA 
 151              		.text
 152              		.section	.gnu.lto_ch_debug.2b912e3171978238,"",%progbits
 153 0000 789C2DCE 		.ascii	"x\234-\316MK\002Q\024\306\361y\356\314\224\346\230\006"
 153      4D4B0251 
 153      14C6F179 
 153      EECC94E6 
 153      9806
 154 0012 112DA63E 		.ascii	"\021-\246>C\271r\331G\023r\"\"\202\240U(H-\324\254\234"
 154      43B972D9 
 154      47137222 
 154      2282A055 
 154      28482DD4 
 155 0028 5E7D4328 		.ascii	"^}C(\311EQ\213\312\2406e\204\245\240ba\210T\3269\335"
 155      C945518B 
 155      CAA03665 
 155      84A5A062 
 155      618854D6 
 156 003e 19B8FCE7 		.ascii	"\031\270\374\3477\347\336\313h\012\024~\032\024\371"
 156      37E7DECB 
 156      680A147E 
 156      1A14F9
 157 004d A6283F02 		.ascii	"\246(?\002\351f\256\357\355\012K\245\217\304\374|\312"
 157      E966AEEF 
 157      ED0A4BA5 
 157      8FC4FC7C 
 157      CA
 158 005e 76384DDC 		.ascii	"v8M\334\250_\235\353\222S\304l\261\025\2202I\355p\255"
 158      A85F9DEB 
 158      9253C46C 
 158      B1159032 
 158      49ED70AD 
 159 0072 EA919C24 		.ascii	"\352\221\234$\276\177G3n\311q\342M\3472\352L\375\304"
 159      BE7F4733 
 159      6EC971E2 
 159      4DE732EA 
 159      4CFDC4
 160 0085 AFFADA03 		.ascii	"\257\372\332\003$\015\342z\241{\341\\\354\"F\236J\217"
 160      240DE27A 
 160      A17BE15C 
 160      EC22469E 
 160      4A8F
 161 0097 CED933FE 		.ascii	"\316\3313\376\215\353\260\035Q\2455\342r\257{\2521\201"
 161      8DEBB01D 
 161      51A535E2 
 161      72AF7BAA 
ARM GAS  /tmp/ccusPyvC.s 			page 12


 161      3181
 162 00a9 F20CF9B3 		.ascii	"\362\014\371\263\277\324v\266O\020+\231f\342\1777\375"
 162      BFD476B6 
 162      4F102B99 
 162      66E27F37 
 162      FD
 163 00ba 139F2E7D 		.ascii	"\023\237.}\330q\203\255B%v6_\026\0149n\360\270\374\333"
 163      D87183AD 
 163      42257636 
 163      5F160C39 
 163      6EF0B8FC 
 164 00cf 3BF1C9B1 		.ascii	";\361\311\261 \336\277\326\212\0369~\346qe%RuI\267\330"
 164      20DEBFD6 
 164      8A1E397E 
 164      E6716525 
 164      527549B7 
 165 00e4 AB56F24E 		.ascii	"\253V\362N\004\217C\213\261\320\234\245j\2305\221\203"
 165      048F438B 
 165      B1D09CA5 
 165      6A983591 
 165      83
 166 00f5 8980892C 		.ascii	"\211\200\211,%C\353\230\326\021\255C\230|\240\320\273"
 166      2543EB98 
 166      D611AD43 
 166      987CA0D0 
 166      BB
 167 0106 7D833C10 		.ascii	"}\203<\020\323-U\037\010\005y\004\007\002\210\303\034"
 167      D32D551F 
 167      08057904 
 167      070288C3 
 167      1C
 168 0117 0881038E 		.ascii	"\010\201\003\216\212}\216\206=\216.3\004\2333\2144\307"
 168      8A7D8E86 
 168      3D8E2E33 
 168      049B338C 
 168      34C7
 169 0129 855D8E1B 		.ascii	"\205]\216\033;\234\021ls<Hq\014y\231\027[\234Q$9>$8"
 169      3B9C116C 
 169      733C4871 
 169      0C799917 
 169      5B9C5124 
 170 0141 7E391BE3 		.ascii	"~9\033\343(( \250\374\001\223\311\251\267"
 170      282820A8 
 170      FC0193C9 
 170      A9B7
 171              		.text
 172              		.section	.gnu.lto_.symbol_nodes.2b912e3171978238,"",%progbits
 173 0000 789C6361 		.ascii	"x\234ca`d\010`\000\002\246O\214\365\014\014\023\316"
 173      60640860 
 173      0002A64F 
 173      8CF50C0C 
 173      13CE
 174 0012 313000A9 		.ascii	"10\000\251]\015\212\014\014\254_\030\031\024@2\237\031"
 174      5D0D8A0C 
 174      0CAC5F18 
 174      19144032 
 174      9F19
ARM GAS  /tmp/ccusPyvC.s 			page 13


 175 0024 EB195165 		.ascii	"\353\031Qe>226\012\001\245\030\2771\3263\201\245\030"
 175      3E323236 
 175      0A01A518 
 175      BF31D633 
 175      81A518
 176 0037 181A1A80 		.ascii	"\030\032\032\200\212\231\231X\030\236\264\277\221g\000"
 176      8A999958 
 176      189EB4BF 
 176      916700
 177 0046 000B9512 		.ascii	"\000\013\225\022\313"
 177      CB
 178              		.text
 179              		.section	.gnu.lto_.refs.2b912e3171978238,"",%progbits
 180 0000 789C6361 		.ascii	"x\234ca`d\340f`\000\222\014\214,\214LL\214l\014\000"
 180      6064E066 
 180      6000920C 
 180      8C2C8C4C 
 180      4C8C6C0C 
 181 0015 016B0023 		.ascii	"\001k\000#"
 182              		.text
 183              		.section	.gnu.lto_.decls.2b912e3171978238,"",%progbits
 184 0000 789CB55B 		.ascii	"x\234\265[yTT\351\225\257\357}E\001E\001\216:==g\310"
 184      795454E9 
 184      95AFEF7D 
 184      45014501 
 184      8E3A3D3D 
 185 0016 397DFA98 		.ascii	"9}\372\230\016g2i\332\266\273\323\311\311$v:\323I\347"
 185      0E673269 
 185      DAB6BBD3 
 185      C9C92476 
 185      3AD349E7 
 186 002a A4737A7A 		.ascii	"\244szz\311I2'\251F,\2254[\027e\253\371'\017\304\005"
 186      C9493227 
 186      A9462C95 
 186      345B1765 
 186      ABF9270F 
 187 0040 44014590 		.ascii	"D\001E\220U\024\027\024\021\024\004\001\221\022\020"
 187      55141714 
 187      11140401 
 187      911210
 188 004f 71651310 		.ascii	"qe\023\020\220EQ\\pa\223]\231\373-\257\336\253\342\225"
 188      9045515C 
 188      7061935D 
 188      99FB2DAF 
 188      DEABE295 
 189 0063 9A33933A 		.ascii	"\2323\223:^\336\273\357\375\336\275\367\273\337\275"
 189      5EDEBBEF 
 189      FDDEBDF7 
 189      BBDFBD
 190 0072 F75BDE53 		.ascii	"\367[\336S\253A\032\362\353\376\221F\223\355\246\321"
 190      AB411AF2 
 190      EBFE9146 
 190      93EDA6D1 
 191 0082 9C027616 		.ascii	"\234\002v\026~Z\270\366;\215\374\303@)p/\003h\017\220"
 191      7E5AB8F6 
 191      3B8DFCC3 
 191      4029702F 
ARM GAS  /tmp/ccusPyvC.s 			page 14


 191      03680F90 
 192 0096 00FCBFC0 		.ascii	"\000\374\277\300\237/\004\215\335\217`\014p\234\017"
 192      9F2F048D 
 192      DD8F600C 
 192      709C0F
 193 00a5 B410C808 		.ascii	"\264\020\310\010\274\017\034\213\211<\300\376\021\350"
 193      BC0F1C8B 
 193      893CC0FE 
 193      11E8
 194 00b3 7F805E01 		.ascii	"\177\200^\001\232\202{_\001=\345\362\347\303\2651\340"
 194      9A827B5F 
 194      013DE5F2 
 194      E7C3B531 
 194      E0
 195 00c4 3701E9B8 		.ascii	"7\001\351\270\254?\303\265\257\200V\000\255\002\372"
 195      AC3FC3B5 
 195      AF805600 
 195      AD02FA
 196 00d3 0B10E2BA 		.ascii	"\013\020\342\272\225?b\227\367\013\364\022]J\335_\013"
 196      953F6297 
 196      F70BF412 
 196      5D4ADD5F 
 196      0B
 197 00e4 4C77101C 		.ascii	"Lw\020\034\263\020\263!\0261;\210\015\256\\\256\232"
 197      B310B321 
 197      16313B88 
 197      0DAE5CAE 
 197      9A
 198 00f5 0D920FC2 		.ascii	"\015\222\017\302\205\271\266\020\237\020\373\211\376"
 198      85B9B610 
 198      9F10FB89 
 198      FE
 199 0102 37800C88 		.ascii	"7\200\014\210\331\364c\270\376\271\300l\374\004\216"
 199      D9F463B8 
 199      FEB9C06C 
 199      FC048E
 200 0111 4B817E02 		.ascii	"K\201~\002\364\021\320/\200\376\023\350\347@\277\005"
 200      F411D02F 
 200      80FE13E8 
 200      E740BF05 
 201 0121 FA19D04F 		.ascii	"\372\031\320O\201~\015\364!\320\177\001\375\012\350"
 201      817E0DF4 
 201      21D07F01 
 201      FD0AE8
 202 0130 97401F03 		.ascii	"\227@\037\003\375\006\350\003\007\275\322\357\251\200"
 202      FD06E803 
 202      07BDD2EF 
 202      A980
 203 013e F223C6AC 		.ascii	"\362#\306\254\372N\324\216\210\273\346\321\253\010\261"
 203      FA4ED48E 
 203      88BBE6D1 
 203      AB08B1
 204 014d BF889286 		.ascii	"\277\210\222\206\021e\341D\240\1775\362%$\0019/H\247"
 204      1165E144 
 204      A07F35F2 
 204      25240139 
 204      2F48A7
ARM GAS  /tmp/ccusPyvC.s 			page 15


 205 0160 1A9B30FA 		.ascii	"\032\2330\372\217?Oc\206\376\250\020Y:\342\0171\236"
 205      8F3F4F63 
 205      86FEA810 
 205      593AE20F 
 205      319E
 206 0172 3FAC9134 		.ascii	"?\254\2214\010\262\002\316J\017(\3441s\2718\331f[\233"
 206      08B202CE 
 206      4A0F28E4 
 206      3173B938 
 206      D9665B9B 
 207 0186 90D4E827 		.ascii	"\220\324\350''\316\034\323a\001\221\363\236\311\234"
 207      27CE1CD3 
 207      610191F3 
 207      9EC99C
 208 0195 8FDE3C22 		.ascii	"\217\336<\"\302/^\024\205\357\313\236i\214*H\307\243"
 208      C22F5E14 
 208      85EFCB9E 
 208      698C2A48 
 208      C7A3
 209 01a7 029AAF47 		.ascii	"\002\232\257GZ`\207.\247\366y\001\273P\217^\003\266"
 209      5A60872E 
 209      A7F67901 
 209      BB508F5E 
 209      03B6
 210 01b9 E4516E89 		.ascii	"\344Qn\211'\273k%\350\234\376\364m\006\306\277\017\354"
 210      27BB6B25 
 210      E89CFEF4 
 210      6D06C6BF 
 210      0FEC
 211 01cb A6F5536D 		.ascii	"\246\365SmZ\354C5t\325\035\312%\202\276\247G\304No\342"
 211      5AEC4335 
 211      74D51DCA 
 211      2582BEA7 
 211      47C44E6F 
 212 01e0 F507A593 		.ascii	"\365\007\245\223\236\354\022A4\305\015\357s\305\337"
 212      9EEC1241 
 212      34C50DEF 
 212      73C5DF
 213 01ef 23E742ED 		.ascii	"#\347B\355\326\302\343\036\310W\177\200\230\324\333"
 213      D6C2E31E 
 213      C8577F80 
 213      98D4DB
 214 01fe B2DF502A 		.ascii	"\262\337P*\212\363P!\322\243c\010\243C\350M\322\220"
 214      8AF35021 
 214      D2A36308 
 214      A343E84D 
 214      D290
 215 0210 EFE9E1EF 		.ascii	"\357\351\341\357fQ\214\024\343\327\213\363\353\2744"
 215      66518C14 
 215      E3D78BF3 
 215      EBBC34
 216 021f 2817F9A0 		.ascii	"(\027\371\240\303\310G\203\216#_\"\226\000Q\001\\\314"
 216      C3C84783 
 216      8E235F22 
 216      96005101 
 216      5CCC
 217 0231 878BA0E2 		.ascii	"\207\213\240\342\320\276\204\275:\274\011Q\035)E\207"
ARM GAS  /tmp/ccusPyvC.s 			page 16


 217      D0BE84BD 
 217      3ABC0951 
 217      1D294587 
 218 0241 C7F5361D 		.ascii	"\307\3656\035\2151\357\034!:\212AG\221\254\003T:UrB"
 218      8D31EF1C 
 218      213A8A41 
 218      4791AC03 
 218      543A5572 
 219 0256 5D899838 		.ascii	"]\211\2308\275\333\023w0%i\311\225\025.H\357\253.\241"
 219      BDDB1377 
 219      302569C9 
 219      95152E48 
 219      EFAB2EA1 
 220 026a 54450233 		.ascii	"TE\0023gg\334/\0327AW\240\223`O\211lO1\265\007\264\\"
 220      6767DC2F 
 220      1A374157 
 220      A093604F 
 220      896C4F31 
 221 0282 7F9CB451 		.ascii	"\177\234\264Q\207\263Y\367\245\226\217^pa~w\003v\362"
 221      87B359F7 
 221      A5968F5E 
 221      70617E77 
 221      0376F2
 222 0295 E440BA0E 		.ascii	"\344@\272\016\347\261{\027n&v\011\270\2101R\207-\344"
 222      E7B17B17 
 222      6E267609 
 222      B8883152 
 222      872DE4
 223 02a8 1D96315D 		.ascii	"\035\2261]t\326\003\237b7\217\217n\371W\\\303\316k\372"
 223      74D6039F 
 223      62378F8F 
 223      6EF9575C 
 223      C3CE6BFA 
 224 02bc 9AEB5CF0 		.ascii	"\232\353\\\360E\306l)\214\332\243\305\327\031S\266\363"
 224      45C66C29 
 224      8CDAA3C5 
 224      D71953B6 
 224      F3
 225 02cd D44337DC 		.ascii	"\324C7\334\307\2303O\333\323\365x\2041M\203\2272<\230"
 225      C798334F 
 225      DBD3F578 
 225      84314D83 
 225      97323C98 
 226 02e1 15F3802D 		.ascii	"\025\363\200-\356?_\253g\272D\004\374\314\376\372kn"
 226      EE3F5FAB 
 226      67BA4404 
 226      FCCCFEFA 
 226      6B6E
 227 02f3 789A61CB 		.ascii	"x\232a\313KN\325r\213\337\00266^<\347\201\2430\275W"
 227      4B4ED572 
 227      8BDF0236 
 227      365E3CE7 
 227      81A330BD 
 228 0308 1B1715AB 		.ascii	"\033\027\025\253\307q\224\021\216\367\247e\270K\275"
 228      C7719411 
 228      8EF7A765 
 228      B84BBD
ARM GAS  /tmp/ccusPyvC.s 			page 17


 229 0317 644DD281 		.ascii	"dM\322\201K.\201K.8\272D\335\301\027\325\273\250\266"
 229      4B2E814B 
 229      2E38BA44 
 229      DDC117D5 
 229      BBA8B6
 230 032a F7E9B037 		.ascii	"\367\351\2607Nc\3526l\315K&v\352Xd\272\302\245[\203"
 230      4E63EA36 
 230      6CCD4B26 
 230      76EA5864 
 230      BAC2A55B 
 231 033f 53C55A76 		.ascii	"S\305Zv\211\250]K<\225r\375\230\027\336\303\214\252"
 231      89A85D4B 
 231      3C9572FD 
 231      9817DEC3 
 231      8CAA
 232 0351 1CCFAF75 		.ascii	"\034\317\257u\223\303\363\351\207\353E\021\241&\260"
 232      93C3F3E9 
 232      87EB4511 
 232      A126B0
 233 0360 AB41B64B 		.ascii	"\253A\266K\307\315\022\347\232\325\010f\351\270Y\365"
 233      C7CD12E7 
 233      9AD50866 
 233      E9B859F5 
 234 0370 70F10A33 		.ascii	"p\361\0123kxr\260H\213s\231\216\212\230\007\025\356"
 234      6B7872B0 
 234      488B7399 
 234      8E8A9807 
 234      15EE
 235 0382 8AF07C33 		.ascii	"\212\360|3\227\204g\013\350h\226u4!\347J\256\252+i\213"
 235      9784670B 
 235      E8689675 
 235      3421E74A 
 235      AEAA2B69 
 236 0397 6DEED4E1 		.ascii	"m\356\324\341B\356\335\350\366\024\036\236*\022\256"
 236      42EEDDE8 
 236      F6141E9E 
 236      2A12AE
 237 03a6 A948E0E1 		.ascii	"\251H\340\341Y\317\303\263\015\354i\225\355i\221\302"
 237      59CFC3B3 
 237      0DEC6995 
 237      ED6991C2 
 238 03b6 336DA4EB 		.ascii	"3m\244\353\236;\353__`\343F\022\332\\p)s\270TD\346\263"
 238      9E3BEB5F 
 238      5F60E346 
 238      12DA5C70 
 238      2973B854 
 239 03cd 229211D7 		.ascii	"\"\222\021\327R\214q\015\273\027}$\272\326\013_a\314"
 239      528C710D 
 239      BB177D24 
 239      BAD60B5F 
 239      61CC
 240 03df DECAF207 		.ascii	"\336\312\362\007\256\270\233?\325\032\331\247\307\017"
 240      AEB89B3F 
 240      D51AD9A7 
 240      C70F
 241 03ed 1973E3FA 		.ascii	"\031s\343\372\271\002/<\304\230\362\361\264ro<\301\230"
 241      B9022F3C 
ARM GAS  /tmp/ccusPyvC.s 			page 18


 241      C498F2F1 
 241      B4726F3C 
 241      C198
 242 03ff CB7DB3C3 		.ascii	"\313}\263\303z<\313\230\306\210=\020\253\033\265\354"
 242      7A3CCB98 
 242      C6883D10 
 242      AB1BB5EC 
 243 040f 19713AC5 		.ascii	"\031q:\305\200c)#\224\307tui\2356\274\337Y\303\255\251"
 243      80632923 
 243      94C77475 
 243      699D36BC 
 243      DF59C3AD 
 244 0424 24006F43 		.ascii	"$\000oC\243o\2514\372\312P\314\2147\336\316\324m\331"
 244      A36FA934 
 244      FACA50CC 
 244      8C37DECE 
 244      D46DD9
 245 0437 F9F08017 		.ascii	"\371\360\200\027Ne\314\364\335\304v\304\232l\0006\262"
 245      4E65CCF4 
 245      DDC476C4 
 245      9A6C0036 
 245      B2
 246 0448 BC3DC19B 		.ascii	"\274=\301\233\245F/\215\307\372\254\0217|\220aK\023"
 246      A5462F8D 
 246      C7FAAC11 
 246      377C9061 
 246      4B13
 247 045a B683D179 		.ascii	"\266\203\321y\214\351\336\265\245\334\003[\031s:n\370"
 247      8CE9DEB5 
 247      A5DC035B 
 247      19733A6E 
 247      F8
 248 046b A43B3EC7 		.ascii	"\244;>\307\230M\0237\013\274q\203\326.\235\026\262t"
 248      984D1337 
 248      0BBC7183 
 248      D62E9D16 
 248      B274
 249 047d 7A1475BB 		.ascii	"z\024u\273\227g\342\253\300f_\255\036v\301m\014\232"
 249      9767E2AB 
 249      C0665FAD 
 249      1E76C16D 
 249      0C9A
 250 048f BFE1D621 		.ascii	"\277\341\326!7\270\347\003\341\216\024U\330\207U\341"
 250      37B8E703 
 250      E18E1455 
 250      D88755E1 
 251 049f 22EB489E 		.ascii	"\"\353H\236\026w3/5\026\266\237\225c\260\345\311\007"
 251      1677332F 
 251      3516B69F 
 251      9563B0E5 
 251      C907
 252 04b1 34CEC7A1 		.ascii	"4\316\307\241\371O\344\346\373\330\322op\257\250{U\203"
 252      F94FE4E6 
 252      FBD8D26F 
 252      70AFA87B 
 252      5583
 253 04c3 96F8A0B7 		.ascii	"\226\370\240\267\300\211c\340D\037\356\304Qp\342\010"
ARM GAS  /tmp/ccusPyvC.s 			page 19


 253      C08963E0 
 253      441FEEC4 
 253      5170E208 
 254 04d3 AFC1BB73 		.ascii	"\257\301\273sj<\361]\246\340a\342\300f\254\010r\037"
 254      6A3CF15D 
 254      A6E061E2 
 254      C066AC08 
 254      721F
 255 04e5 1AE453A0 		.ascii	"\032\344S\240`BV0\216\234h\230T\327\020\271\243\371"
 255      60425630 
 255      8E9C6898 
 255      54D710B9 
 255      A3F9
 256 04f7 883B1E64 		.ascii	"\210;\036d\032\022\363\362r\345T\335\031\367\263\012"
 256      1A12F3F2 
 256      72E554DD 
 256      19F7B30A 
 257 0507 A2E12968 		.ascii	"\242\341)h\230\2265L9\3230\243\256A\212\356\205,\272"
 257      9896354C 
 257      39D330A3 
 257      AE418AEE 
 257      852CBA
 258 051a 6B724ABB 		.ascii	"krJ\273=\361\004\357\367\330g\371\030\213.T\373xEv\221"
 258      3DF104EF 
 258      F7D867F9 
 258      188B2E54 
 258      FB784576 
 259 052f 5CBD26D0 		.ascii	"\\\275&\320<\024)@M\021^\2549BP\325\\\261q8\014o\246"
 259      3C142940 
 259      4D115EAC 
 259      394250D5 
 259      5CB17138 
 260 0546 C2D1BEEA 		.ascii	"\302\321\276\352\374FW\034\3174=\355yX\342e\3234\005"
 260      FC46571C 
 260      CF343DED 
 260      7958E265 
 260      D33405
 261 0559 9A3682A6 		.ascii	"\2326\202\246\250\227\320\264A]\323\356\212\306CZ\234"
 261      A897D0B4 
 261      415DD3EE 
 261      8AC6435A 
 261      9C
 262 056a C254B54C 		.ascii	"\302T\265LTL\031p\026e\264\205\221={@\225\017\0020b"
 262      544C1970 
 262      1665B485 
 262      913D7B40 
 262      950F0230 
 263 057f 0AC9AC41 		.ascii	"\012\311\254A\203bA\343f\001K\023\253T\021\264\015\376"
 263      836241E3 
 263      66014B13 
 263      AB5411B4 
 263      0DFE
 264 0591 8D5C8673 		.ascii	"\215\\\206s7zT\321\037\015\372\311-\015\332\"\370\240"
 264      377A54D1 
 264      1F0DFAC9 
 264      2D0DDA22 
 264      F8A0
ARM GAS  /tmp/ccusPyvC.s 			page 20


 265 05a3 18816AEF 		.ascii	"\030\201j\3578w)J\247\347\350\370\027\241\007r\373["
 265      3877294A 
 265      A7E7E8F8 
 265      17A10772 
 265      FB5B
 266 05b5 BD0C31F2 		.ascii	"\275\0141\362\020\200\266\202)R:k\3206\301\300\3473"
 266      1080B682 
 266      29523A6B 
 266      D036C1C0 
 266      E733
 267 05c7 BBAF9576 		.ascii	"\273\257\225vk\361~\326\252>\261\272Y\300y\214\311\313"
 267      6BF17ED6 
 267      AA3EB1BA 
 267      59C0798C 
 267      C9CB
 268 05d9 EEDEEF8E 		.ascii	"\356\336\357\216O0\246\242c\373]O\\\316\030)[\347\363"
 268      4F30A6A2 
 268      63FB5D4F 
 268      5CCE1829 
 268      5BE7F3
 269 05ec 6CED3EFA 		.ascii	"l\355>\372\354\224\016W\262\233\273\257\017\345\271"
 269      EC940E57 
 269      B29BBBAF 
 269      0FE5B9
 270 05fb E22AD609 		.ascii	"\342*\326\011w\022\016\024B\206\373*-\371\335+r]I\006"
 270      77120E14 
 270      4286FB2A 
 270      2DF9DD2B 
 270      725D4906 
 271 060f E3BF34F0 		.ascii	"\343\2774\360\036a\021Y\362hU\372iQ|\015%\011\006\264"
 271      1E611159 
 271      F26855FA 
 271      69517C0D 
 271      250906B4 
 272 0623 53EEAE2F 		.ascii	"S\356\256/\015\314\340\222\033;+y!\275F\370\336\310"
 272      0DCCE092 
 272      1B3B2B79 
 272      21BD46F8 
 272      DEC8
 273 0635 DA6637FC 		.ascii	"\332f7\374\224)\037ztu\306\023G\350(\323\334\277'\212"
 273      94291F7A 
 273      7475C613 
 273      47E828D3 
 273      DCBF278A 
 274 0649 4FBE1AE8 		.ascii	"O\276\032\350<d\362t\207\016o`7;wN\364\272\343\315\214"
 274      3C64F274 
 274      870E6F60 
 274      373B774E 
 274      F4BAE3CD 
 275 065e D972F644 		.ascii	"\331r\366D-\237\324\325\021\276\256eK\245\026oa7\017"
 275      2D9FD4D5 
 275      11BEAE65 
 275      4BA5166F 
 275      61370F
 276 0671 5EEC155D 		.ascii	"^\354\025]\3606\306\234\212\2718\343\206\023\030\223"
 276      F036C69C 
 276      8AB938E3 
ARM GAS  /tmp/ccusPyvC.s 			page 21


 276      86131893 
 277 0681 5AB62952 		.ascii	"Z\266)R\217\023\031\323z\241#\306\003'3\246\252eo\275"
 277      8F1319D3 
 277      7AA123C6 
 277      032733A6 
 277      AA656FBD 
 278 0695 0B4E63CC 		.ascii	"\013Nc\314\216\221\211#\010\357f\314\355\343\235\227"
 278      8E918923 
 278      08EF66CC 
 278      EDE39D97 
 279 06a5 5D713663 		.ascii	"]q6c\262J{\316\353\360A\306\014\237K_\203s\331\371\346"
 279      B24A7BCE 
 279      EBF041C6 
 279      0C9F4B5F 
 279      8373D9F9 
 280 06ba A28EED7A 		.ascii	"\242\216\355z\234\317\230\354\262\007g0.d\314\324\246"
 280      9CCF98EC 
 280      B2076730 
 280      2E64CCD4 
 280      A6
 281 06cb 63B1EEB8 		.ascii	"c\261\356\270\2041w.l]\202\313\331y\372\275Y\013\256"
 281      8431772E 
 281      6C5D82CB 
 281      D979FABD 
 281      590BAE
 282 06de 64E747FA 		.ascii	"d\347G\372\312O\273\342j\306\354\352>\026\245\305\347"
 282      CA4FBBE2 
 282      6AC6ECEA 
 282      3E16A5C5 
 282      E7
 283 06ef 18D39639 		.ascii	"\030\323\22695\345\201/2\246gk\367\037q=;\257l\215\231"
 283      35E5812F 
 283      32A6676B 
 283      F71F713D 
 283      3BAF6C8D 
 284 0704 31E066C6 		.ascii	"1\340f\306\344\316\216\304\031p\033c.d\217U\361\231"
 284      E4CE8EC4 
 284      19701B63 
 284      2E648F55 
 284      F199
 285 0716 C92DC24F 		.ascii	"\311-\302O\036\033\032uc\271\236\245{*\374[u\372\356"
 285      1E1B1A75 
 285      63B99EA5 
 285      7B2AFC5B 
 285      75FAEE
 286 0729 240FB468 		.ascii	"$\017\264h\301\"\265\237/\320^\322\371\275\311\343k"
 286      C122B59F 
 286      2FD05ED2 
 286      F9BDC9E3 
 286      6B
 287 073a EB9A6E89 		.ascii	"\353\232n\211\342v\003\355\331\303\320\263%\302\002"
 287      E27603ED 
 287      D9C3D0B3 
 287      25C202
 288 0749 39143A69 		.ascii	"9\024:i`.&\213\236\004\236A\"\262\300\244\022\242\272"
 288      602E268B 
 288      9E049E41 
ARM GAS  /tmp/ccusPyvC.s 			page 22


 288      22B2C0A4 
 288      12A2BA
 289 075c 08A21A15 		.ascii	"\010\242\032\025\362' \036\320e\210\233\032a\021\252"
 289      F227201E 
 289      D065889B 
 289      1A6111AA 
 290 076c 063A0574 		.ascii	"\006:\005t\006\250\024\250\026\250\001\250\014\250\030"
 290      06A814A8 
 290      16A801A8 
 290      0CA818
 291 077b E822D025 		.ascii	"\350\"\320%\240\263@\225@u@\347\201*\200.\000U\001\235"
 291      A0B34095 
 291      407540E7 
 291      812A802E 
 291      0055019D 
 292 078f 033A0D54 		.ascii	"\003:\015T\017d\005:\011t\005\250\\XD\263\226\232o\275"
 292      0F64053A 
 292      097405A8 
 292      5C5844B3 
 292      969A6FBD 
 293 07a3 DE6410E3 		.ascii	"\336d\020\343\375\251\351\251\216\246\357\022l\2463"
 293      FDA9E9A9 
 293      8EA6EF12 
 293      6CA633
 294 07b2 70920C3E 		.ascii	"p\222\014>\352\010>\213\034\300\35128\327\021<D\301"
 294      EA083E8B 
 294      1CC0E932 
 294      38D7113C 
 294      44C1
 295 07c4 B948460F 		.ascii	"\271HF\017\312\350DG\364\016G;"
 295      CAE84447 
 295      F40E473B 
 296 07d0 B6CBE002 		.ascii	"\266\313\340\002Gp\271\243\035\247dp\266#8o\216\035"
 296      4770B9A3 
 296      1DA76470 
 296      B623386F 
 296      8E1D
 297 07e2 AD327AB7 		.ascii	"\2552z\267#:SpD\027\313\350\003\216\350:GC:dp\272#8"
 297      233A5370 
 297      4417CBE8 
 297      038EE83A 
 297      47433A64 
 298 07fa 6D8EE844 		.ascii	"m\216\350D\031\235\257\336F%\272IF\357qD\037\231\203"
 298      199DAFDE 
 298      4625BA49 
 298      46EF7144 
 298      1F9983
 299 080d 8E97D1C7 		.ascii	"\216\227\321\307\034\321~\216\340g\3656\360qU\260\242"
 299      1CD17E8E 
 299      E067F536 
 299      F07155B0 
 299      A2
 300 081e 8945B2E0 		.ascii	"\211E\262\340\203\216\330\3669f\354\222\321y\352\341"
 300      838ED8F6 
 300      3966EC92 
 300      D179EAE1 
 301 082e A4445F95 		.ascii	"\244D_\225\321Y\352=\2430\344\244\014\336\257\3361J"
ARM GAS  /tmp/ccusPyvC.s 			page 23


 301      D159EA3D 
 301      A330E4A4 
 301      0CDEAFDE 
 301      314A
 302 0840 D165327A 		.ascii	"\321e2z\237z\210(D7\310\340\275\352\256V\200\013d\360"
 302      9F7A8828 
 302      4437C8E0 
 302      BDEAAE56 
 302      800B64F0 
 303 0854 21F5CAA0 		.ascii	"!\365\312\240\264\343\270\214\316Qw\037\025\315\206"
 303      B4E3B88C 
 303      CE51771F 
 303      15CD86
 304 0863 FEE93883 		.ascii	"\376\3518\203\010\203-\2004|,\221\263\272\247ia\212"
 304      08832D80 
 304      347C2C91 
 304      B3BAA769 
 304      618A
 305 0875 68856516 		.ascii	"h\205e\026\021\225\242\236\327J\305\327d\305\031\352"
 305      1195A29E 
 305      D74AC5D7 
 305      64C519EA 
 306 0885 A1A96853 		.ascii	"\241\251hS\252\014>\242\236\330\024Ljw\314\206+:\273"
 306      AA0C3EA2 
 306      9ED8144C 
 306      6A77CC86 
 306      2B3ABB
 307 0898 E15A0986 		.ascii	"\341Z\011\206\345\221m\270.\231\275?\350\202S\\Ie\306"
 307      E5916DB8 
 307      2E99BD3F 
 307      E882535C 
 307      4965C6
 308 08ab E2B6D9DB 		.ascii	"\342\266\331\333\356Py}Y\205-y\364\351\241nVa\341\001"
 308      EE50797D 
 308      59852D79 
 308      F4E9A16E 
 308      5661E101 
 309 08bf B41D745E 		.ascii	"\264\035t^U\017\302\004>\311\247\005\326v\277\211?@"
 309      550FC204 
 309      3EC9A705 
 309      D676BF89 
 309      3F40
 310 08d1 0A6C0B14 		.ascii	"\012l\013\024\330f^\000\231\033\013c\250\033\257\332"
 310      D8665E00 
 310      991B0B63 
 310      A81BAFDA 
 311 08e1 BB912C65 		.ascii	"\273\221,e\256\237\271/\340=\324$4\320\237\333*\340"
 311      AE9FB92F 
 311      E03DD424 
 311      34D09FDB 
 311      2AE0
 312 08f3 1CC6A4F7 		.ascii	"\034\306\244\367Tu\363\241\272\206\360\305=\211\321"
 312      5475F3A1 
 312      BA86F0C5 
 312      3D89D1
 313 0902 063E7290 		.ascii	"\006>r\220\315\223\332\306\331\323\356\3708\003\027"
 313      CD93DAC6 
ARM GAS  /tmp/ccusPyvC.s 			page 24


 313      D9D3EEF8 
 313      380317
 314 0911 CE1EDA88 		.ascii	"\316\036\332\210q\031e~\262u\246\363$i\331\"\303\002"
 314      7119657E 
 314      B275A6F3 
 314      2469D922 
 314      C302
 315 0923 32B01860 		.ascii	"2\260\030`\024!'\276\276\344\000\177\027\302\005\270"
 315      142127BE 
 315      BEE4007F 
 315      17C205B8 
 316 0933 05C38BC1 		.ascii	"\005\303\213\301\340\313\207\031i\304\361]\344k\220"
 316      E0CB8719 
 316      69C4F15D 
 316      E46B90
 317 0942 5C92FC2C 		.ascii	"\\\222\374,\354\340\301\215\244\027vb\003:\005\023\334"
 317      ECE0C18D 
 317      A4177662 
 317      033A0513 
 317      DC
 318 0953 2E67F5C1 		.ascii	".g\365\301n\320\251\005\004\311,t\216?B|\222\210}\321"
 318      6ED0A905 
 318      04C92C74 
 318      8E3F427C 
 318      92887DD1 
 319 0967 0EBC0875 		.ascii	"\016\274\010u\303\340p\335np\2300\211\321:\324\003N"
 319      C3E070DD 
 319      6E709830 
 319      89D13AD4 
 319      034E
 320 0979 AF505741 		.ascii	"\257PWA\275\256\354\337^\273\376%O2\237\332Y\321\016"
 320      BDAEECDF 
 320      5EBBFE25 
 320      4F329FDA 
 320      59D10E
 321 098c 43DF3532 		.ascii	"C\33752\364m\007\3157\271\025\011p\036\017V\304\001"
 321      F46D07CD 
 321      37B91509 
 321      701E0F56 
 321      C401
 322 099e 6D03DA0A 		.ascii	"m\003\332\012\024\013\264\005(\006(\032h3\320&\240'"
 322      140BB405 
 322      2806281A 
 322      6833D026 
 322      A027
 323 09b0 60E963A0 		.ascii	"`\351c\240\273@w\200\372\201n\001\365\001\335P\266\240"
 323      BB407780 
 323      FA816E01 
 323      F501DD50 
 323      B6A0
 324 09c2 F7F4ECD2 		.ascii	"\367\364\354\322\316\343\"i\005L\307: \020n:IWu\003"
 324      CEE32269 
 324      054CC73A 
 324      20106E3A 
 324      49577503 
 325 09d6 DBF813FF 		.ascii	"\333\370\023\3770\003\255\315\255>,S\311\376\317Q\344"
 325      3003ADCD 
ARM GAS  /tmp/ccusPyvC.s 			page 25


 325      AD3E2C53 
 325      C9FECF51 
 325      E4
 326 09e7 60E0DCF1 		.ascii	"`\340\334\361\251<\351;\014\177\033|[\246\216\237\323"
 326      A93CE93B 
 326      0C7F1B7C 
 326      5BA68E9F 
 326      D3
 327 09f8 2B5D76BD 		.ascii	"+]v\275r\233e\035\223\227!\351'\233-\347\035\3459\224"
 327      729B651D 
 327      939721E9 
 327      279B2DE7 
 327      1DE53994 
 328 0a0c 4A4897F8 		.ascii	"JH\227\370V\232\374d;\340\262:z\261\014\236\370\234"
 328      569AFC64 
 328      3BE0B23A 
 328      7AB10C9E 
 328      F89C
 329 0a1e 60EF01A6 		.ascii	"`\357\001\246\203cO\003\266\334\241\234\331\271\336"
 329      83634F03 
 329      B6DCA19C 
 329      D9B9DE
 330 0a2d 06780499 		.ascii	"\006x\004\231:\300]\377\020\316\037\200\353\356\333"
 330      3AC05DFF 
 330      10CE1F80 
 330      EBEEDB
 331 0a3c B96E640B 		.ascii	"\271nd\013w\005\011\263*P0\340d\034c\012\254\016\012"
 331      770509B3 
 331      2A5030E0 
 331      641C630A 
 331      AC0E0A
 332 0a4f CEF0279C 		.ascii	"\316\360'\234+\030\274H\333J\304[U\305+\252q\317\026"
 332      2B18BC48 
 332      DB4AC45B 
 332      55C52BAA 
 332      71CF16
 333 0a62 5A4606EC 		.ascii	"ZF\006\354\313\010\233\372O\356\375 u{\004L\375\211"
 333      CB089BFA 
 333      4FEEFD20 
 333      757B044C 
 333      FD89
 334 0a74 27AAE5D5 		.ascii	"'\252\345\325(\001sW\365V\316\206]\031fEn\020P\327\035"
 334      28017357 
 334      F556CE86 
 334      5D196645 
 334      6E1050D7 
 335 0a89 7DDB3927 		.ascii	"}\3339'\245\035\313\334(\264a\230\267g\004\316\207\354"
 335      A51DCBDC 
 335      28B46198 
 335      B76704CE 
 335      87EC
 336 0a9b E34CE92C 		.ascii	"\343L\351,\322\232\341\277\247\204v\361\007\034e\263"
 336      D29AE1BF 
 336      A78476F1 
 336      071C65B3 
 337 0aab B637B2B6 		.ascii	"\2667\262\266\017\253\267\375\343\224x\322v\322\252"
 337      0FABB7FD 
ARM GAS  /tmp/ccusPyvC.s 			page 26


 337      E39478D2 
 337      76D2AA
 338 0aba 6EB9EDC3 		.ascii	"n\271\355\303vm\377\225\324\3661a!\352Qo;5o\273\232"
 338      766DFF95 
 338      D4F63161 
 338      21EA516F 
 338      3B356FBB 
 339 0acf 791AFA18 		.ascii	"y\032\372\030\261m#\344\350\006\310\277(\240\365@\263"
 339      B16D23E4 
 339      E806C8BF 
 339      28A0F540 
 339      B3
 340 0ae0 D0A79340 		.ascii	"\320\247\223@\023@\343v\3768\335L\373\226D}/\350#\002"
 340      1340E376 
 340      FE38DD4C 
 340      FB96447D 
 340      2FE82302 
 341 0af4 9CCE6A76 		.ascii	"\234\316jv\357P\344\334\215\027\241g\330\3608\005\330"
 341      EF50E4DC 
 341      8D17A167 
 341      D8F03805 
 341      D8
 342 0b05 9BCEB1CA 		.ascii	"\233\316\261\312\364\234\266K\317)\226\236vYq\037\356"
 342      F49CB64B 
 342      CF29969E 
 342      7659711F 
 342      EE
 343 0b16 DE2302EE 		.ascii	"\336#\002\356\202\304i\336\021\317\240#\236B\303f\344"
 343      82C469DE 
 343      11CFA023 
 343      9E42C366 
 343      E4
 344 0b27 868133CB 		.ascii	"\206\2013\313\017\254KbC\003\331\275\352\343x'\323c"
 344      0FAC4B62 
 344      4303D9BD 
 344      EAE37827 
 344      D363
 345 0b39 E8BC0E17 		.ascii	"\350\274\016\027R\035Id\336\341X[\2068\306x\373\036"
 345      521D4964 
 345      DEE1585B 
 345      8638C678 
 345      FB1E
 346 0b4b 44FA795A 		.ascii	"D\372yZe\306A\342\367\302(\353C\021\206\244\201\227"
 346      65C641E2 
 346      F7C228EB 
 346      431186A4 
 346      8197
 347 0b5d 6B790440 		.ascii	"ky\004@\345\226\303\203\232\347\214'(\022zW\036R\244"
 347      E596C383 
 347      9AE78C27 
 347      28127A57 
 347      1E52A4
 348 0b70 F8F2DF75 		.ascii	"\370\362\337u\215,\253\211\250\007r|\365P/J\266\255"
 348      8D2CAB89 
 348      A807727C 
 348      F5502F4A 
 348      B6AD
ARM GAS  /tmp/ccusPyvC.s 			page 27


 349 0b82 3DCF6D83 		.ascii	"=\317m\203Q\340\341s;\020\232y\254\211\227DR\344\036"
 349      51E0E173 
 349      3B109A79 
 349      AC899744 
 349      52E41E
 350 0b95 BD08CDD7 		.ascii	"\275\010\315\327\"\004\373\3309\2269\360I=u `\346N\331"
 350      2204FBD8 
 350      399639F0 
 350      493D7520 
 350      60E64ED9 
 351 0ba9 32EA7D92 		.ascii	"2\352}\222Ek\004\246[V\303<\005\370^\010\233U\015*\206"
 351      456B04A6 
 351      5B56C33C 
 351      05F85E08 
 351      9B550D2A 
 352 0bbe 81EDF51E 		.ascii	"\201\355\365\036b\301Wt\223iV\015\373L\201\235\272B"
 352      62C15774 
 352      9369560D 
 352      FB4C819D 
 352      BA42
 353 0bd0 B1649B68 		.ascii	"\261d\233h\275\240\202U\016/-\333x\250o\003?or\034/"
 353      BDA08255 
 353      0E2F2DDB 
 353      78A86F03 
 353      3F6F721C 
 354 0be5 879043AC 		.ascii	"\207\220C\254\027_\261U\3108G\360\334\031|\221\214\216"
 354      175FB155 
 354      C83847F0 
 354      DC197C91 
 354      8C8E
 355 0bf7 57472B7B 		.ascii	"WG+{\341\012\357\0052uKp\204\317]\001e2\341d\030mUG"
 355      E10AEF05 
 355      32754B70 
 355      84CF5D01 
 355      6532E164 
 356 0c0f 2BEC4EDB 		.ascii	"+\354N\333\3460t\334t2t\360u\357\025\273\201`.X\321"
 356      E63074DC 
 356      743274F0 
 356      75EF15BB 
 356      81602E58 
 357 0c24 C73BB7D1 		.ascii	"\307;\267\321bxS\275\030\256;Hw\323IXw\312{@7\025\305"
 357      627853BD 
 357      18AE3B48 
 357      77D34958 
 357      77CA7B40 
 358 0c3b 30F9D9A7 		.ascii	"0\371\331\247\311\007Ei\334\254\344\363.\24799\342O"
 358      C9074569 
 358      DCACE4F3 
 358      2EA73939 
 358      E24F
 359 0c4d B475D96B 		.ascii	"\264u\331kSfP\022V\026\227\235xnq\261M\012\223!\277"
 359      53665012 
 359      5616979D 
 359      786E71B1 
 359      4D0A9321 
 360 0c62 9E3729E4 		.ascii	"\2367)\344U\3406\015b\"\267F\316\267.\332\004\262w\023"
 360      55E0360D 
ARM GAS  /tmp/ccusPyvC.s 			page 28


 360      6222B746 
 360      CEB72EDA 
 360      04B27713 
 361 0c76 B37B52FB 		.ascii	"\263{R\373j\022\257\323\257i\251\327d\003v\341W\341"
 361      6A12AFD3 
 361      AF69A9D7 
 361      640376E1 
 361      57E1
 362 0c88 EF322D03 		.ascii	"\3572-\003G\236\271P\240}=K\314*\020{G\016\376!\247"
 362      479EB950 
 362      A07D3D4B 
 362      CC2A107B 
 362      470EFE21 
 363 0c9d 18B274BE 		.ascii	"\030\262t\276\226\200P\216,\033N\311\341 \014\004\032"
 363      9680508E 
 363      2C1B4EC9 
 363      E1200C04 
 363      1A
 364 0cae 94825F87 		.ascii	"\224\202_\207\0073\263z\243\334\361\001w:\305\036\237"
 364      0733B37A 
 364      A3DCF101 
 364      773AC51E 
 364      9F
 365 0cbf 1E48F7D2 		.ascii	"\036H\367\322\012|\302\011\262\311\276b\374d\234\340"
 365      0A7CC209 
 365      B2C9BE62 
 365      FC649CE0 
 366 0ccf DC8C746A 		.ascii	"\334\214tjF\032\346v\014_>\321\207\230\035\326\261\013"
 366      461AE676 
 366      0C5F3ED1 
 366      87981DD6 
 366      B10B
 367 0ce1 D0D911A2 		.ascii	"\320\331\021\242\270\224\200P*\266\231\001\247\262\031"
 367      B8948050 
 367      2AB69901 
 367      A7B219
 368 0cf0 19D48CE9 		.ascii	"\031\324\214\351\350\033\223\006\\\354\334\214\270S"
 368      E81B9306 
 368      5CECDC8C 
 368      B853
 369 0cfe D57F525A 		.ascii	"\325\177RZ\241\330$\324\240,j\304n\311\210\272\336\330"
 369      A1D824D4 
 369      A02C6AC4 
 369      6EC988BA 
 369      DED8
 370 0d10 7662442F 		.ascii	"vbD/\211\202\243\177H)\270%n\236OQ(S\266\"\023\263}"
 370      8982A37F 
 370      4829B825 
 370      6E9E4F51 
 370      2853B622 
 371 0d27 57B4875A 		.ascii	"W\264\207Z\3206:^\245\307#\314\202\201GM\223|\003\363"
 371      D0363A5E 
 371      A5C723CC 
 371      8281474D 
 371      937C03F3 
 372 0d3b 1A26BB9B 		.ascii	"\032&\273\233\271\347N\360\267\270\326\357\220\355\267"
 372      B9E74EF0 
ARM GAS  /tmp/ccusPyvC.s 			page 29


 372      B7B8D6EF 
 372      90EDB7
 373 0d4a 1B9B9AF5 		.ascii	"\033\233\232\365\354\376\004\301'E\247\367j\371\206"
 373      ECFE04C1 
 373      2745A7F7 
 373      6AF986
 374 0d59 A700FCE3 		.ascii	"\247\000\374\343{OF\371BF|\005\370\331{\355\331|\241"
 374      7B4F46F9 
 374      42467C05 
 374      F8D97BED 
 374      D97CA1
 375 0d6c 3348B7FF 		.ascii	"3H\267\377\262\312\276\203\307\230\256\321\035\035="
 375      B2CABE83 
 375      C798AED1 
 375      1D1D3D
 376 0d7b 5E789231 		.ascii	"^x\2221\367\362\232\2331\026\351\233\005a{\335\343%"
 376      F7F29A9B 
 376      3116E99B 
 376      05617BDD 
 376      E325
 377 0d8d 4EDF84E6 		.ascii	"N\337\204\346a\247oB\353\177B\267\354\217`=\312\305"
 377      61A76F42 
 377      EB7F42B7 
 377      EC8F603D 
 377      CAC5
 378 0d9f 735E84E2 		.ascii	"s^\204\342\372\250\242>\204`\261\244:E\321\240\243\230"
 378      FAA8A23E 
 378      8460B1A4 
 378      3A45D1A0 
 378      A398
 379 0db1 456E0168 		.ascii	"En\001h\310\307\312E\300\261\343\376\311lH$\262\017"
 379      C8C7CA45 
 379      C0B1E3FE 
 379      C96C4824 
 379      B20F
 380 0dc3 83ECA3F8 		.ascii	"\203\354\243\3709\031<d\"\361\015\020\207\005\341P\366"
 380      39193C64 
 380      22F10D10 
 380      8705E150 
 380      F6
 381 0dd4 DD161D2E 		.ascii	"\335\026\035.d\215<\3360~\010#\337\005|-\356\011I]\010"
 381      648D3CDE 
 381      307E0823 
 381      DF057C2D 
 381      EE09495D 
 382 0de9 428FC986 		.ascii	"B\217\311\206\023\001\316\346S\307\301F5{I\237\364_"
 382      1301CEE6 
 382      53C7C146 
 382      357B499F 
 382      F45F
 383 0dfb 1E76C735 		.ascii	"\036v\3075\354%\315\343\033\353\367y\343z\306d]\334"
 383      EC25CDE3 
 383      1BEBF779 
 383      E37AC664 
 383      5DDC
 384 0e0d 7CC51D37 		.ascii	"|\305\03573\246 >\"\002\343>\306D\212\003q.d\235\275"
 384      33A6203E 
ARM GAS  /tmp/ccusPyvC.s 			page 30


 384      2202E33E 
 384      C6448A03 
 384      712E649D 
 385 0e22 FE05DBE2 		.ascii	"\376\005\333\342\370q\303>=Z\340\273H\335\254b\260\276"
 385      F871C33E 
 385      3D5AE0BB 
 385      48DDAC62 
 385      B0BE
 386 0e34 949B5506 		.ascii	"\224\233U\006f\225cE\342\3030\372\351\203\0022\324\226"
 386      66956345 
 386      E2C330FA 
 386      E9830232 
 386      D496
 387 0e46 62870940 		.ascii	"b\207\011@\324z\321z\"\355\015\276\220\201\201\270\204"
 387      D47AD17A 
 387      22ED0DBE 
 387      908181B8 
 387      84
 388 0e57 0B52F131 		.ascii	"\013R\3611yA\027\375$_\213\0372G\236\033\236\232q\223"
 388      794117FD 
 388      245F8B1F 
 388      32479E1B 
 388      9E9A7193 
 389 0e6b 1C0915F2 		.ascii	"\034\011\025\362\017\031t\272x\032\236>%;\263\3649\316"
 389      0F1974BA 
 389      781A9E3E 
 389      253BB3F4 
 389      39CE
 390 0e7d AC004BD5 		.ascii	"\254\000K\325\254&{\272\273\356E{\342\031\346\245M\035"
 390      AC267BBA 
 390      BBEE457B 
 390      E219E6A5 
 390      4D1D
 391 0e8f 676A3DF1 		.ascii	"gj=\361z\017\312\304\235\350\234\361\306\261\224\021"
 391      7A0FCAC4 
 391      9DE89CF1 
 391      C6B19411 
 392 0e9f 66C7FA4F 		.ascii	"f\307\372O\350\235\206l\265\263\220\265\266\035\242"
 392      E89D866C 
 392      B5B390B5 
 392      B61DA2
 393 0eae A5B00AA2 		.ascii	"\245\260\012\242\352\314\334\210E7bo^@8\211)\214\257"
 393      EACCDC88 
 393      4537626F 
 393      5E403889 
 393      298CAF
 394 0ec1 CCAA70C5 		.ascii	"\314\252p\305\231\2149zd\272@OK\305\227R\245\270\266"
 394      998C397A 
 394      64BA404F 
 394      4BC59752 
 394      A5B8B6
 395 0ed4 E16AA6E0 		.ascii	"\341j\246\340\264T\234\243\245\242V*\025\342n1N\260"
 395      B4549CA3 
 395      A5A2562A 
 395      15E26E31 
 395      4EB0
 396 0ee6 DB580180 		.ascii	"\333X\001\200\002^\207\245Y\022\200sJ\022s=\360\001"
ARM GAS  /tmp/ccusPyvC.s 			page 31


 396      025E87A5 
 396      59128073 
 396      4A12733D 
 396      F001
 397 0ef8 D6D46DE5 		.ascii	"\326\324m\345Yg\334\221\257\2015`r\343B\322\200\213"
 397      5967DC91 
 397      AF813560 
 397      72E342D2 
 397      808B
 398 0f0a 003F2F37 		.ascii	"\000?/7\240\216\016\022\316\244\243\013\340\017;\005"
 398      A08E0E12 
 398      CEA4A30B 
 398      E00F3B05 
 399 0f1a 43633B7A 		.ascii	"Cc;z\275q>k\232\265\250\254\320\200K\03034\223Q\302"
 399      BD713E6B 
 399      9AB5A8AC 
 399      D0804B18 
 399      33349351 
 400 0f2f 0BC84260 		.ascii	"\013\310B`\237\366\304\307\273\362\215\022\362Jr\344"
 400      9FF6C4C7 
 400      BBF28D12 
 400      F24A72E4 
 401 0f3f 7C4FB407 		.ascii	"|O\264\007\256\343\017N\237\3544\340z\312\350k\366\037"
 401      AEE30F4E 
 401      9FEC34E0 
 401      7ACAE86B 
 401      F61F
 402 0f51 BE0E814A 		.ascii	"\276\016\201J\366=\014\213l\361\312\007\254z\354\203"
 402      F63D0C8B 
 402      6CF1CA07 
 402      AC7AEC83 
 403 0f61 AE60B0E4 		.ascii	"\256`\260\3442\330\334\304{\276\003\254\272\012\003"
 403      32D8DCC4 
 403      7BBE03AC 
 403      BA0A03
 404 0f70 560B5033 		.ascii	"V\013P3\3205\240N\2732\000S\324.\276\314 =f\345\017"
 404      D035A04E 
 404      BB320053 
 404      D42EBECC 
 404      203D66E5 
 405 0f85 3B9F2594 		.ascii	";\237%\224&\363YB\033\264\366\222#\334q\336_\326\306"
 405      26F35942 
 405      1BB4F692 
 405      23DC71DE 
 405      5FD6C6
 406 0f98 268280AD 		.ascii	"&\202\200\255Q\305\262\031"
 406      51C5B219 
 407 0fa0 856D5994 		.ascii	"\205mY\224N\227\204\355\000k\224]\337D\343\\\351\372"
 407      4E9784ED 
 407      006B945D 
 407      DF44E35C 
 407      E9FA
 408 0fb2 76BBF1BB 		.ascii	"v\273\361\273\015\033\224\015Z+5\210\364\340Y\365\006"
 408      0D1B940D 
 408      5A2B3588 
 408      F4E059F5 
 408      06
ARM GAS  /tmp/ccusPyvC.s 			page 32


 409 0fc3 A96C03D9 		.ascii	"\251l\003\331\034\330\012N{\031\007\262h)I\246S\233"
 409      1CD80A4E 
 409      7B1907B2 
 409      682949A6 
 409      539B
 410 0fd5 26C7F4A7 		.ascii	"&\307\364\247\353K\311W\020\320\015\216\206(&w\320\321"
 410      EB4BC957 
 410      10D00D8E 
 410      86282677 
 410      D0D1
 411 0fe7 FBCF8C59 		.ascii	"\373\317\214Y\365\270\207\365zqT\377So<F\031\335\243"
 411      F5B887F5 
 411      7A7154FF 
 411      536F3C46 
 411      19DDA3
 412 0ffa 8EF8AF10 		.ascii	"\216\370\257\020\335\354"
 412      DDEC
 413 1000 5AC0D752 		.ascii	"Z\300\327R\366>\355s\342S\006N\350\3403F\251w\373\236"
 413      F63EED73 
 413      E253064E 
 413      E8E03346 
 413      A977FB9E 
 414 1014 DBBB938E 		.ascii	"\333\273\223\216\275;W\272\002}L)\274K]\270\242\203"
 414      BD3B57BA 
 414      027D4C29 
 414      BC4B5DB8 
 414      A283
 415 1026 ADE3CC57 		.ascii	"\255\343\314W}\366\276R\237w]\347\342H/\334\204^\350"
 415      7DF6BE52 
 415      9F775DE7 
 415      E2482FDC 
 415      845EE8
 416 1039 25F32EA0 		.ascii	"%\363.\240\036\240\033r1\333q\341\370}W\034i\240y|~"
 416      1EA01B72 
 416      31DB71E1 
 416      F87D571C 
 416      69A0797C 
 417 104e F6583986 		.ascii	"\366X9\206J\256.\261\037\244\274H\242\024\210\337\244"
 417      4AAE2EB1 
 417      1FA4BC48 
 417      A21488DF 
 417      A4
 418 105f 179040BC 		.ascii	"\027\220@\274\015\360[r \366a>\237;Y\361\360m\226\301"
 418      0DF05B72 
 418      20F6613E 
 418      9F3B59F1 
 418      F06D96C1 
 419 1073 3EC09575 		.ascii	">\300\225u\015Y=\370\007\015$\203\013\256lK\367\304"
 419      0D593DF8 
 419      070D2483 
 419      0BAE6C4B 
 419      F7C4
 420 1085 BB0CEC85 		.ascii	"\273\014\354\205\340\263s\325P\342\030Sa\0359\255\305"
 420      E0B373D5 
 420      50E21853 
 420      611D39AD 
 420      C5
ARM GAS  /tmp/ccusPyvC.s 			page 33


 421 1096 07189352 		.ascii	"\007\030\223RYp\016\343\243\214y\274w\337]\001\0271"
 421      59700EE3 
 421      A38C79BC 
 421      77DF5D01 
 421      1731
 422 10a8 26212AEB 		.ascii	"&!*\353\2167.gL^B\304\016\001W3\346h\344\315\263\256"
 422      8E372E67 
 422      4C5E42C4 
 422      0E015733 
 422      E668E4CD 
 423 10be B891326E 		.ascii	"\270\2212n\361i\225\267\350\306\251\342\315[\345\354"
 423      F16995B7 
 423      E8C6A9E2 
 423      CD5BE5EC 
 424 10ce EF07F8B2 		.ascii	"\357\007\370\262\216L\270\006\301\370a\254\276Z\261"
 424      8E4CB806 
 424      C1F861AC 
 424      BE5AB1
 425 10dd F3D25D88 		.ascii	"\363\322]\210\376;$\372\037\363'\210\227\236\200\227"
 425      FE3B24FA 
 425      1FF32788 
 425      979E8097 
 426 10ed 46C13BE3 		.ascii	"F\301;\343@#@c@\023@CX\261\270\266\266w(\026%\017\034"
 426      40234063 
 426      40134043 
 426      58B1B8B6 
 426      B6772816 
 427 1104 153A2C4A 		.ascii	"\025:,J\000\337\364Gi\"\377\210\203\235N\344\033S\331"
 427      00DFF447 
 427      6922FF88 
 427      839D4EE4 
 427      1B53D9
 428 1117 268A5A72 		.ascii	"&\212Zr\365\244*\226+\003\216j\347\274yk\351P\354)>"
 428      F5A42A96 
 428      2B038E6A 
 428      E7BC796B 
 428      E950EC29 
 429 112c 54B75201 		.ascii	"T\267R\001\037RJ\277\257.\2355\012z\345\326\343\244"
 429      1F524ABF 
 429      AF2E9D35 
 429      0A7AE5D6 
 429      E3A4
 430 113e 7B5ADCC9 		.ascii	"{Z\334\311\202pbs|\222\253c\020\332\334;\015.}Y\367"
 430      82706273 
 430      7C92AB63 
 430      10DADC3B 
 430      0D2E7D59 
 431 1153 DAD647A9 		.ascii	"\332\326G\2513d\2061\005\217M\312\3018,\005c\303hv\264"
 431      33648631 
 431      058F4DCA 
 431      C1382C05 
 431      63C36876 
 432 1168 0EDF6501 		.ascii	"\016\337e\001\022\325\020\361c<\314\316\317\215\334"
 432      12D510F1 
 432      633CCCCE 
 432      CF8DDC
 433 1177 6DE603CD 		.ascii	"m\346\003\315\367\201\335\232t{\265^\361\311\017\271"
ARM GAS  /tmp/ccusPyvC.s 			page 34


 433      F781DD9A 
 433      747BB55E 
 433      F1C90FB9 
 434 1187 2E17D159 		.ascii	".\027\321YL>+\360\363A\3170\375\252\340\341\376+\307"
 434      4C3E2BF0 
 434      F341CF30 
 434      FDAAE0E1 
 434      FE2BC7
 435 119a C9C3BE7A 		.ascii	"\311\303\276z\3647\305\2072\276l\332\220\236p3\331\035"
 435      F437C587 
 435      32BE6CDA 
 435      909E7033 
 435      D91D
 436 11ac 4778D216 		.ascii	"Gx\322\026\357<4\261W\220f\012Y\353\305\327#\216\371"
 436      EF3C34B1 
 436      5790660A 
 436      59EBC5D7 
 436      238EF9
 437 11bf 28F614A3 		.ascii	"(\366\024\243\264\276\3441:U\210\320\372 Q+\315n[\036"
 437      B4BEE431 
 437      3A5588D0 
 437      FA20512B 
 437      CD6E5B1E 
 438 11d3 7AD24F1B 		.ascii	"z\322O\033\327k\365(Rkk\231/\237*l\212\312\211\363\300"
 438      D76BF528 
 438      526B6B99 
 438      2F9F2A6C 
 438      8ACA89F3 
 439 11e8 B14C4966 		.ascii	"\261LIf\302X\271\336\271\222MN\2254\306\374\224~\333"
 439      C258B9DE 
 439      B9924D4E 
 439      9534C6FC 
 439      947EDB
 440 11fb B811946C 		.ascii	"\270\021\224l\220\225\200N\246\245;\277\263F\213w2-"
 440      9095804E 
 440      A6A53BBF 
 440      B3468B77 
 440      322D
 441 120d 55C5ED43 		.ascii	"U\305\355C:\347Zb\234j)y\264*\343*\351\245hP\263YV\263"
 441      3AE75A62 
 441      9C6A2979 
 441      B42AE32A 
 441      E9A56850 
 442 1225 5152B373 		.ascii	"QR\263sj\352\224a~<\017\212\245\273\274(\362 \304\305"
 442      6AEA9461 
 442      7E3C0F8A 
 442      A5BBBC28 
 442      F220C4C5 
 443 1239 014CFCBF 		.ascii	"\001L\374\277E;_\352\005\222\3335\211\373w\271\322\262"
 443      453B5FEA 
 443      0592DB35 
 443      89FB77B9 
 443      D2B2
 444 124b 0F03FD22 		.ascii	"\017\003\375\"iK\360\3673\240-~\243\201\240\321S\210"
 444      694BF0F7 
 444      33A02D7E 
 444      A381A0D1 
ARM GAS  /tmp/ccusPyvC.s 			page 35


 444      5388
 445 125d 8578ED02 		.ascii	"\205x\355\002\233\014\264\037;l\027\234\350\366\211"
 445      9B0CB41F 
 445      3B6C179C 
 445      E8F689
 446 126c 607B7410 		.ascii	"`{t\020:\225\034n\253\207Cs2\363\352\237If\222ux\021"
 446      3A951C6E 
 446      AB874373 
 446      32F3EA9F 
 446      49669275 
 447 1282 07DB36FD 		.ascii	"\007\3336\375\347lcww\323Q\210\314\357\017q\260-=r\260"
 447      E76C6377 
 447      77D35188 
 447      CCEF0F71 
 447      B02D3D72 
 448 1297 DA18BB0B 		.ascii	"\332\030\273\013\346\217\373\300\326lb\353\014\177\206"
 448      E68FFBC0 
 448      D66C62EB 
 448      0C7F86
 449 12a6 BE4400AF 		.ascii	"\276D\000\257n\327.B[\201v\000m\003\212\003\212\325"
 449      6ED72E42 
 449      5B817600 
 449      6D038A03 
 449      8AD5
 450 12b8 2A07DA9D 		.ascii	"*\007\332\235\231\264\026\300C\016\265\000\356eH\015"
 450      99B416C0 
 450      430EB500 
 450      EE65480D 
 451 12c8 2539728F 		.ascii	"%9r\217\213\266\345\234\343\356\324)f:\231M\237p4\275"
 451      8BB6E59C 
 451      E3EED429 
 451      663A994D 
 451      9F7034BD 
 452 12dc DD3EB32B 		.ascii	"\335>\263+6D\215y\342,\026\034i\223i\227\274\025\263"
 452      36448D79 
 452      E22C161C 
 452      69936997 
 452      BC15B3
 453 12ef F20F3247 		.ascii	"\362\0172G\351\267+\360|\242\334\343\304@\247\315\336"
 453      E9B72BF0 
 453      7CA2DCE3 
 453      C440A7CD 
 453      DE
 454 1300 094D7DD9 		.ascii	"\011M}\331f\223\365\344\205=\261\336\337\315\246\253"
 454      6693F5E4 
 454      853DB1DE 
 454      DFCDA6AB 
 455 1310 DFCAD95F 		.ascii	"\337\312\331_E\257\277(\212{\014T\343^V\011l\2425\344"
 455      45AFBF28 
 455      8A7B0C54 
 455      E35E5609 
 455      6CA235E4 
 456 1324 0AFC4DD6 		.ascii	"\012\374M\326~\227|\2245p>J\207\217P\273\321\223\311"
 456      7E977C94 
 456      35703E4A 
 456      878F50BB 
 456      D193C9
ARM GAS  /tmp/ccusPyvC.s 			page 36


 457 1337 9847BC0E 		.ascii	"\230G\274\016\220\005\354\325=\311\275|\270* \303UC"
 457      9005ECD5 
 457      3DC9BD7C 
 457      B82A20C3 
 457      5543
 458 1349 62559B1B 		.ascii	"bU\233\033>\301\260\322\307s\013\331\307s\033\357\224"
 458      3EC1B0D2 
 458      C7730BD9 
 458      C7731BEF 
 458      94
 459 135a D5205CE3 		.ascii	"\325 \\\343i\367\211\353B\366\211kiU\033\314?\032\330"
 459      69F789EB 
 459      42F6896B 
 459      69551BCC 
 459      3F1AD8
 460 136d BDBAF6CD 		.ascii	"\275\272\366\315\027\275q\027c\266\317\304&h\361}\306"
 460      17BD7117 
 460      63B6CFC4 
 460      2668F17D 
 460      C6
 461 137e 489F452F 		.ascii	"H\237E/d\237E\357\035J\253\326\341)v\257c\377\276\026"
 461      649F45EF 
 461      1D4AABD6 
 461      E12976AF 
 461      63FFBE16 
 462 1392 84377A51 		.ascii	"\2047zQ&\266-\347\222\036\357`L\331\351M\367=p\026c"
 462      26B62DE7 
 462      921EEF60 
 462      4CD9E94D 
 462      F73D7016 
 463 13a7 4EDFAF8A 		.ascii	"N\337\257\212\3028\2271uM\271w\264\270\2041-\305%\211"
 463      C2389731 
 463      754DB977 
 463      B4B88431 
 463      2DC52589 
 464 13bb AEF82C63 		.ascii	"\256\370,c\006[\256&\271\343F\306\234\235\035\267\362"
 464      065BAE26 
 464      B9E346C6 
 464      9C9D1DB7 
 464      F2
 465 13cc 653F59C5 		.ascii	"e?Y\305\237/:*\272\340\353\354\336\376\251\351A\362"
 465      9F2F3A2A 
 465      BAE0EBEC 
 465      DEFEA9E9 
 465      41F2
 466 13de 09D01BE4 		.ascii	"\011\320\033\344\243W\254\250no\260\352Vy\361\374\001"
 466      A357ACA8 
 466      6E6FB0EA 
 466      5679F1FC 
 466      01
 467 13ef 03BE43C1 		.ascii	"\003\276C\301\302>k\344\006$\225\004XL\352s\240C3!\371"
 467      C23E6BE4 
 467      06249504 
 467      584CEA73 
 467      A0433321 
 468 1404 7321F9D1 		.ascii	"s!\371\3211\350\3047xE8\012\027\363\024\305\355\327"
 468      31E8C437 
ARM GAS  /tmp/ccusPyvC.s 			page 37


 468      7845380A 
 468      17F314C5 
 468      EDD7
 469 1416 F483C102 		.ascii	"\364\203\301\002H\363|9<\336\340\365\340tBg\277\036"
 469      48F37C39 
 469      3CDEE0F5 
 469      E0744267 
 469      BF1E
 470 1428 0F331D87 		.ascii	"\0173\035\207\006/\035\361v\252\243\310\251\216\306"
 470      062F1DF1 
 470      76AAA3C8 
 470      A98EC6
 471 1437 9837686D 		.ascii	"\2307hm+\004\035\307e\035\005R\321\3119\260\336\252"
 471      2B041DC7 
 471      651D0552 
 471      D1C939B0 
 471      DEAA
 472 1449 C5D3ACD5 		.ascii	"\305\323\254\325\325\375YI\036x\2757e\356\316\216\016"
 472      D5FD5949 
 472      1E78BD37 
 472      65EECE8E 
 472      0E
 473 145a 0B780B63 		.ascii	"\013x\013c\252\206\013\016\362\217\247\2107\036\217"
 473      AA860B0E 
 473      F28FA788 
 473      371E8F
 474 1469 EF8D7673 		.ascii	"\357\215vs>R\224j\371HqRKG\212\202\035\005\025\256\274"
 474      3E52946A 
 474      F9487152 
 474      4B478A82 
 474      1D0515AE 
 475 147e B259C5A5 		.ascii	"\262Y\305\245\210~\011'\303\313ha+\225L*\352\251\315"
 475      887E0927 
 475      C3CB6861 
 475      2B954C2A 
 475      EAA9CD
 476 1491 77C72954 		.ascii	"w\307)T\361\302\203\015\345\361\002R\371\214\210Mu{"
 476      F1C2830D 
 476      E5F10252 
 476      F98C884D 
 476      757B
 477 14a3 D3A6D7B5 		.ascii	"\323\246\327\265\366m \033\265\344\253\310\023\320\302"
 477      F66D201B 
 477      B5E4ABC8 
 477      13D0C2
 478 14b2 7AAD6DA3 		.ascii	"z\255m\243\326\317qOw\364O\342z\035E\036\262G\262\321"
 478      D6CF714F 
 478      77F44FE2 
 478      7A1D451E 
 478      B247B2D1 
 479 14c6 7D89E275 		.ascii	"}\211\342u\204\015\271_\015i\267Ql\203\036P\203*\347"
 479      840DB95F 
 479      0D69B751 
 479      6C831E50 
 479      832AE7
 480 14d9 DAD76DD0 		.ascii	"\332\327m\320b\025K\225\310\202Z\017\251Q\345\366\320"
 480      62154B95 
ARM GAS  /tmp/ccusPyvC.s 			page 38


 480      C8825A0F 
 480      A951E5F6 
 480      D0
 481 14ea B3730C18 		.ascii	"\263s\014\030\263I\315Q3\000\242\304\006\215\227\305"
 481      B349CD51 
 481      3300A2C4 
 481      068D97C5 
 482 14fa 66AB61F7 		.ascii	"f\253a\367*\260\3036\261\207\325\240\312\017\213d\251"
 482      2AB0C336 
 482      B187D5A0 
 482      CA0F8B64 
 482      A9
 483 150b 7BD48C55 		.ascii	"{\324\214U@\007\375\305\015:\032\215G8\322\026\304~"
 483      4007FDC5 
 483      0D3A1A8D 
 483      4738D216 
 483      C47E
 484 151d 8EBBF5BB 		.ascii	"\216\273\365\273d\261\273\325\304*\033\226$c\263\324"
 484      64B1BBD5 
 484      C42A1B96 
 484      2463B3D4 
 485 152d B08AAE4D 		.ascii	"\260\212\256M\225\241\031j\320t\205\330g6\037\354S\363"
 485      95A1196A 
 485      D07485D8 
 485      67361FEC 
 485      53F3
 486 153f C1A062E9 		.ascii	"\301\240b\351\322N\367\277\352\347\014>\344%E\255\027"
 486      D24EF7BF 
 486      EAE70C3E 
 486      E42545AD 
 486      17
 487 1550 7B494104 		.ascii	"{IA\004\245\251\351T\216\261\035.D'$\005*\341P\247\313"
 487      A5A9E954 
 487      8EB11D2E 
 487      44272405 
 487      2AE150A7 
 488 1565 AB099B79 		.ascii	"\253\011\233y\007\325\314c-\221\007\032\263\006\245"
 488      07D5CC63 
 488      2D91071A 
 488      B306A5
 489 1574 82B753C8 		.ascii	"\202\267S\310e\212&\303\303E\250\035\227aP\261\002\235"
 489      658A26C3 
 489      C345A81D 
 489      976150B1 
 489      029D
 490 1586 02AA05AA 		.ascii	"\002\252\005\252\001\252\000\252\002\272\002T\011t\032"
 490      01AA00AA 
 490      02BA0254 
 490      09741A
 491 1595 E8025035 		.ascii	"\350\002P5\320Y\240:\240s@\347\201.\001\235\221\007"
 491      D059A03A 
 491      A07340E7 
 491      812E019D 
 491      9107
 492 15a7 A5D6E186 		.ascii	"\245\326\341\206|\035n\245\031,\034\031\353*\025l[~"
 492      7C1D6EA5 
 492      192C1C19 
ARM GAS  /tmp/ccusPyvC.s 			page 39


 492      EB2A156C 
 492      5B7E
 493 15b9 85B574EF 		.ascii	"\205\265t\357\247\011\2247\310\345\250\336aDT\030\212"
 493      A7099437 
 493      C8E5A8DE 
 493      61445418 
 493      8A
 494 15ca 1AC1BE7F 		.ascii	"\032\301\276\177\240\255)\267\207/j\027p\325V\247\252"
 494      A0AD29B7 
 494      872F6A17 
 494      70D556A7 
 494      AA
 495 15db 35FFDF7A 		.ascii	"5\377\337z\333\012\206\356\351`\340.\310\"{\370\037"
 495      DB0A86EE 
 495      E960E02E 
 495      C8227BF8 
 495      1F
 496 15ec A45E8B12 		.ascii	"\244^\213\022\305\371\250\031\264\355b~Qt\025\271\362"
 496      C5F9A819 
 496      B4ED627E 
 496      517415B9 
 496      F2
 497 15fd 85A04157 		.ascii	"\205\240AW\351\310}\"\2435\323\303y\361m\221\212\357"
 497      E9C87D22 
 497      A335D3C3 
 497      79F16D91 
 497      8AEF
 498 160f 5BB4F65E 		.ascii	"[\264\366^\033\357\031\367t\254\275R\316iP+\255\275"
 498      1BEF19F7 
 498      74ACBD52 
 498      CE69502B 
 498      ADBD
 499 1621 F419CA90 		.ascii	"\364\031\312\220\265\312t^\031\377\377\007:R\353\373"
 499      B5CA745E 
 499      19FFFF07 
 499      3A52EBFB 
 500 1631 C66F3EA7 		.ascii	"\306o>\247\326_\223\324\265\261Z?\032\263a\234\177<"
 500      D65F93D4 
 500      B5B15A3F 
 500      1AB3619C 
 500      7F3C
 501 1643 4BFEABC8 		.ascii	"K\376\253\310\306\254\244\307\036\362\244\226\251\207"
 501      C6ACA4C7 
 501      1EF2A496 
 501      A987
 502 1651 2A83DAA9 		.ascii	"*\203\332\251\372\016\252\376\032S\337A\325\027oj\272"
 502      FA0EAAFE 
 502      1A53DF41 
 502      D5176F6A 
 502      BA
 503 1662 65BF4997 		.ascii	"e\277I\227\244U\356\345tj\351^\0169\222)\301\206\303"
 503      A455EEE5 
 503      746AE95E 
 503      0E399229 
 503      C186C3
 504 1675 11AEB897 		.ascii	"\021\256\270\227\215RO\317\247\245:\337\014\354\322"
 504      8D524FCF 
ARM GAS  /tmp/ccusPyvC.s 			page 40


 504      A7A53ADF 
 504      0CECD2
 505 1684 2ADFA194 		.ascii	"*\337\241\224\346D\217\223w(\326\002\261\267h\366\277"
 505      E6448F93 
 505      7728D602 
 505      B1B768F6 
 505      BF
 506 1695 E9E72EA2 		.ascii	"\351\347.\242X\245%0t]\016M8\325\330^_tk\311\313\203"
 506      58A52530 
 506      745D0E4D 
 506      38D5D85E 
 506      5F746BC9 
 507 16ab 03E3135B 		.ascii	"\003\343\023[\274p\322<\266z?\230\277A\317\345$\215"
 507      BC70D23C 
 507      B67A3F98 
 507      BF41CFE5 
 507      248D
 508 16bd 2F9DB493 		.ascii	"/\235\264\223\323#\313\351Q\312\351\245r\332\372\253"
 508      D323CBE9 
 508      51CAE9A5 
 508      72DAFAAB 
 509 16cd 96E32C26 		.ascii	"\226\343,&\346p^f\201\027>\312\230-U\325\351:-t\370"
 509      E6705E66 
 509      81173ECA 
 509      982D55D5 
 509      E93A2D74 
 510 16e2 4DFA1059 		.ascii	"M\372\020Y\350<\330\327*\320\235O\362\037\260\330\326"
 510      E83CD8D7 
 510      2AD09D4F 
 510      F21FB0D8 
 510      D6
 511 16f3 677BEBDE 		.ascii	"g{\353\336%N\033{\2336\366\226\226\2676n0\366\206+\267"
 511      254E1B7B 
 511      9B36F696 
 511      96B7366E 
 511      30F6862B 
 512 1708 7232FBB3 		.ascii	"r2\373\263\330\354\356X1+R\\Z'\020$\272!\331\211\372"
 512      D8ECEE58 
 512      312B525C 
 512      5A271024 
 512      BA21D989 
 513 171d B45AC2C9 		.ascii	"\264Z\302\311\246\366SS\033\036\225\307z\340'\314\274"
 513      A6F65353 
 513      1B1E95C7 
 513      7AE027CC 
 513      BC
 514 172e F2CCC7DF 		.ascii	"\362\314\307\337pY'f\277\271~\215l&\210b\024bm\276#"
 514      70592766 
 514      BFB97E8D 
 514      6C268862 
 514      14626DBE 
 515 1743 B7F98E52 		.ascii	"\267\371\216R\320]*\250w\367\235\035\2368\342\237\250"
 515      D05D2AA8 
 515      77F79D1D 
 515      9E38E29F 
 515      A8
 516 1754 A00351A7 		.ascii	"\240\003Q\2472=d\337\315\330\371\356\236,\347\236R\316"
ARM GAS  /tmp/ccusPyvC.s 			page 41


 516      323D64DF 
 516      CDD8F9EE 
 516      9E2CE79E 
 516      52CE
 517 1766 7D2AC73A 		.ascii	"}*\307:\221\230\342j\027%Sv;~\003<J\006h\2244T_u@g\331"
 517      9198E26A 
 517      17255376 
 517      3B7E033C 
 517      4A066894 
 518 1781 6DFC3EE0 		.ascii	"m\374>\340\350\007\024}\270'\323\352\206\2672\033\367"
 518      E807147D 
 518      B827D3EA 
 518      86B7321B 
 518      F7
 519 1792 5C1E49D2 		.ascii	"\\\036I\322\3434\306\034\035\036=\252c\301M\376\207"
 519      E334C61C 
 519      1D1E3DAA 
 519      63C14DFE 
 519      87
 520 17a3 5E7FDDD0 		.ascii	"^\177\335\320\314s2qPJ\215\307,5\262\356w\344k\035s"
 520      CC733271 
 520      504A8DC7 
 520      2C35B2EE 
 520      77E46B1D 
 521 17b8 415A6CC1 		.ascii	"AZl\301j\213\346\302\2404\015\352\275=v\330S\211\336"
 521      6A8BE6C2 
 521      A0340DEA 
 521      BD3D76D8 
 521      5389DE
 522 17cb FA3CF4B1 		.ascii	"\372<\364\261{"
 522      7B
 523 17d0 037BF550 		.ascii	"\003{\365PN\032h9Yw\344\260\270\271\200\354\213\300"
 523      4E1A6839 
 523      5977E4B0 
 523      B8B980EC 
 523      8BC0
 524 17e2 28F2081C 		.ascii	"(\362\010\034\231\201_W<\373\220\327\223\021\355w5\363"
 524      99815F57 
 524      3CFB90D7 
 524      9311ED77 
 524      35F3
 525 17f4 02567D66 		.ascii	"\002V}fZ\371Q\2409\334\362\305*\263\311\177\271\333"
 525      5AF951A0 
 525      39DCF2C5 
 525      2AB3C97F 
 525      B9DB
 526 1806 2F7FFBE5 		.ascii	"/\177\373\345k\037.^\254\321\207\031\201\017\0123\007"
 526      6B1F2E5E 
 526      ACD18719 
 526      810F0A33 
 526      07
 527 1817 86EA8DC6 		.ascii	"\206\352\215\306\325\201!\226%o\033-_\370\255\012\015"
 527      D5812196 
 527      256F1B2D 
 527      5FF8AD0A 
 527      0D
 528 1828 36F92D0B 		.ascii	"6\371-\013]\026\370u\250\237%44(\334oe@\300\017\374"
ARM GAS  /tmp/ccusPyvC.s 			page 42


 528      5D16F875 
 528      A89F2534 
 528      3428DC6F 
 528      6540C00F 
 529 183d CDC13F08 		.ascii	"\315\301?\010\011\0151\375\300\344\277,\320\317\236"
 529      090D31FD 
 529      C0E4BF2C 
 529      D0CF9E
 530 184c 0B0C0908 		.ascii	"\013\014\011\010Z\275\334\344\027\354\037\260*0\304"
 530      5ABDDCE4 
 530      17EC1FB0 
 530      2A30C4
 531 185b E4675C6E 		.ascii	"\344g\\nZ\341\277:\310b\264\254\0133\205\277\271J\343"
 531      5AE1BF3A 
 531      C862B4AC 
 531      0B3385BF 
 531      B94AE3
 532 186e 2649FFF8 		.ascii	"&I\377\370\377 =|]\270\2371\334\262\034D\201HW\0131"
 532      FF203D7C 
 532      5DB89F31 
 532      DCB21C44 
 532      8148570B 
 533 1883 DC68596A 		.ascii	"\334hYj'\021\364/\013\014\015\367\203\177f\213_X\250"
 533      2711F42F 
 533      0B0C0DF7 
 533      837F668B 
 533      5F58A8
 534 1896 D912EEF7 		.ascii	"\331\022\356\367\301g\237|\370\311Z\277\200\320\340"
 534      C1679F7C 
 534      F8C95ABF 
 534      80D0E0
 535 18a5 B0C02093 		.ascii	"\260\300 \2239\334\357\227\037~\010@\3116\3670c\260"
 535      39DCEF97 
 535      1F7E0840 
 535      C936F730 
 535      63B0
 536 18b7 656D5060 		.ascii	"emP`\270E\027l\0141\255\265\270\006\033C\327\204\230"
 536      B845176C 
 536      0C31ADB5 
 536      B8061B43 
 536      D78498
 537 18ca CC70FC66 		.ascii	"\314p\374f\265i\265I\027F/\203#\215\026\352\301p\333"
 537      B569B549 
 537      17462F83 
 537      238D16EA 
 537      C170DB
 538 18dd F530B3E9 		.ascii	"\3650\263\351[o\273\213Fx|\265\305\264\326hq\003<=\005"
 538      5B6FBB8B 
 538      46787CB5 
 538      C5B4D668 
 538      71033C3D 
 539 18f2 3F9BC24C 		.ascii	"?\233\302L!`\367J\017\323\267\246\020K\260\177\370\327"
 539      2160F74A 
 539      0FD3B7A6 
 539      104BB07F 
 539      F8D7
 540 1904 468B0BE8 		.ascii	"F\213\013\350\015_\351n4r\327\270\362\243\013\\5Z\364"
ARM GAS  /tmp/ccusPyvC.s 			page 43


 540      0D5FE96E 
 540      3472D7B8 
 540      F2A30B5C 
 540      355AF4
 541 1917 F42E1509 		.ascii	"\364.\025\011\006\256\361\017\264\300\343\336\012\023"
 541      06AEF10F 
 541      B4C0E3DE 
 541      0A13
 542 1925 88C15E4A 		.ascii	"\210\301^J\306h\301a\306\325:\323\032\"^\267\306\002"
 542      C668C161 
 542      C6D53AD3 
 542      1A225EB7 
 542      C602
 543 1937 8D0A8343 		.ascii	"\215\012\203C\270)8\314%\334\030\020bq\001\0025\334"
 543      B82938CC 
 543      25DC1810 
 543      62710102 
 543      35DC
 544 1949 5003C882 		.ascii	"P\003\310\202{\376a\253B\315&\2275\026\2139l>\023\007"
 544      7BFE61AB 
 544      42CD2697 
 544      35168B39 
 544      6C3E1307 
 545 195d 51B1C264 		.ascii	"Q\261\302d6\205\004@c@@\350\262\277\204\271\231\326"
 545      36850440 
 545      634040E8 
 545      B2BF84B9 
 545      99D6
 546 196f 065A0242 		.ascii	"\006Z\002B\227\233t\346\345\353\300.\035\011\235\025"
 546      979B74E6 
 546      E5EBC02E 
 546      1D099D15 
 547 197f E1EE2C6C 		.ascii	"\341\356,l\336\007\251\322\321B\256\3031\314\270\"\310"
 547      DE07A9D2 
 547      D142AEC3 
 547      31CCB822 
 547      C8
 548 1990 7F65B8AB 		.ascii	"\177e\270\253%\030\236\242|\270\305\337br\263\320\003"
 548      25189EA2 
 548      7CB8C5DF 
 548      6272B3D0 
 548      03
 549 19a1 0806A7FA 		.ascii	"\010\006\247\372\007\233\264\001\253\374\315p34h\271"
 549      079BB401 
 549      ABFCCD70 
 549      333468B9 
 550 19b1 891C434C 		.ascii	"\211\034CLkLf\360L\200e-6/^\"\004\231\335\314\246\225"
 550      6B4C66F0 
 550      4C80652D 
 550      362F5E22 
 550      0499DDCC 
 551 19c7 100F46CB 		.ascii	"\020\017F\313\342\227\356\350U\001\320$\350Y\220\260"
 551      E297EEE8 
 551      5501D024 
 551      E85990B0 
 552 19d7 18E82DC1 		.ascii	"\030\350-\301\374#\301\374\276`\376\241`~O0\277+\230"
 552      FC23C1FC 
ARM GAS  /tmp/ccusPyvC.s 			page 44


 552      BE60FEA1 
 552      607E4F30 
 552      BF2B98
 553 19ea DFC1E14B 		.ascii	"\337\301\341K\026\003\275\205\303\337\376\021\320\373"
 553      1603BD85 
 553      C3DFFE11 
 553      D0FB
 554 19f8 403F047A 		.ascii	"@?\004z\017\350] \270\377\366\022\240\267\201\000\367"
 554      0FE85D20 
 554      B8FFF612 
 554      A0B78100 
 554      F7
 555 1a09 36E01603 		.ascii	"6\340\026\003n1\340\026\003n\361{\036D!\3518\260\363"
 555      6E31E016 
 555      036EF17B 
 555      1E4421E9 
 555      38B0F3
 556 1a1c DDBFCF2E 		.ascii	"\335\277\317.\343\267?\014&\341\033\020\032\002\261"
 556      E3B73F0C 
 556      26E11B10 
 556      1A02B1
 557 1a2b 61A14114 		.ascii	"a\241A\024\030\352n\353YpBp\030\344\205\033\357\014"
 557      18EA6EEB 
 557      59704270 
 557      18E4851B 
 557      EF0C
 558 1a3d CBF79F23 		.ascii	"\313\367\237#_J\215\200U\320\333 \365?^\012\033\036"
 558      5F4A8D80 
 558      55D0DB20 
 558      F53F5E0A 
 558      1B1E
 559 1a4f B06A3980 		.ascii	"\260j9\200\337z9\360\272p)S^\316\022\010\252\027X\022"
 559      DF7A39F0 
 559      BA702953 
 559      5ECE1208 
 559      AA175812 
 560 1a63 6E0E802B 		.ascii	"n\016\200+\320\257\020\265\346uo\006h\274i\215\372-"
 560      D0AF10B5 
 560      E6756F06 
 560      68BC698D 
 560      FA2D
 561 1a75 B8839528 		.ascii	"\270\203\225(\210\315/V-\377\314\024d\362\0177\371\275"
 561      88CD2F56 
 561      2DFFCC14 
 561      64F20F37 
 561      F9BD
 562 1a87 94D6E5EB 		.ascii	"\224\326\345\353 \234\002\003@\263\020\260J\260\004"
 562      209C0203 
 562      40B310B0 
 562      4AB004
 563 1a96 EB4257AC 		.ascii	"\353BW\254\0107Y\\\315\026\032\365\377\376RB,\304\362"
 563      0837595C 
 563      CD161AF5 
 563      FFFE5242 
 563      2CC4F2
 564 1aa9 79966063 		.ascii	"y\226`c\200\177P\3402\263\277%04\004R1\330\037z\232"
 564      807F50E0 
ARM GAS  /tmp/ccusPyvC.s 			page 45


 564      32B3BF25 
 564      30340452 
 564      31D81F7A 
 565 1abe 1A86972F 		.ascii	"\032\206\227/\243IH\234b\012\2062\267l\365J\3670\377"
 565      A349489C 
 565      620A8632 
 565      B76CF54A 
 565      F730FF
 566 1ad1 90C00092 		.ascii	"\220\300\000\222\255^\312\313\020\342\337ZH^\272}k\201"
 566      AD5ECACB 
 566      10E2DF5A 
 566      485EBA7D 
 566      6B81
 567 1ae3 2B41167F 		.ascii	"+A\026\177wr;0\230d\003\\\"\245\203\034W\254\016\011"
 567      77723B30 
 567      9864035C 
 567      22A5831C 
 567      57AC0E09 
 568 1af7 000839B0 		.ascii	"\000\0109\260\033R\255\3716\320lY\355\037d$\217\230"
 568      1B52ADF9 
 568      36D06C59 
 568      ED1F6424 
 568      8F98
 569 1b09 75E4097F 		.ascii	"u\344\011\177\263\267\335E\243\345\025G\034+\005\036"
 569      B3B7DD45 
 569      A3E51547 
 569      1C2B051E 
 570 1b19 800EF20F 		.ascii	"\200\016\362\017\267\220K\377\254r\037\212\214\231\034"
 570      B7904BFF 
 570      AC721F8A 
 570      8C991C
 571 1b28 5DCD3CF1 		.ascii	"]\315<\361\314<\361\314$\361tf\032\222p\221\026\012"
 571      CC3CF1CC 
 571      24F17466 
 571      1A927091 
 571      160A
 572 1b3a 4FD041DA 		.ascii	"O\320A\332\276\216>\352\016\220\325f\250\016\026\203"
 572      BE8E3EEA 
 572      0E90D566 
 572      A80E1683 
 573 1b4a 7CD16871 		.ascii	"|\321hq\2679\305+py\220\211\3072\324->\262\274\367\016"
 573      B739C52B 
 573      70799089 
 573      C732D42D 
 573      3EB2BCF7 
 574 1b5f 1444E944 		.ascii	"\024D\351D\037n\371\032\034\274\022|\353!;\223\026L"
 574      1F6EF91A 
 574      1CBC127C 
 574      EB213B93 
 574      164C
 575 1b71 EA3AAF80 		.ascii	"\352:\257\200\025F\350>\342\"(^\200a,\251,\006~N\213"
 575      1546E83E 
 575      E222285E 
 575      80612CA9 
 575      2C067E4E 
 576 1b86 8BC4D092 		.ascii	"\213\304\320\222\342mc\276\016\012\014\016\264=E\252"
 576      E26D63BE 
ARM GAS  /tmp/ccusPyvC.s 			page 46


 576      0E0A0C0E 
 576      B43D45AA 
 577 1b96 8C04A48D 		.ascii	"\214\004\244\215\225\030\332b=g\240\331\0366\255\201"
 577      9518DA62 
 577      3D67A0D9 
 577      1E36AD81 
 578 1ba6 A19E72A1 		.ascii	"\241\236r\241\015\374\253\211\030I\274G\316\365p\036"
 578      0DFCAB89 
 578      1849BC47 
 578      CEF5701E 
 579 1bb6 66314BA7 		.ascii	"f1K\247\337\202K!Hx+\027\277\307[IN\\I\323\000F\216"
 579      DF824B21 
 579      48782B17 
 579      BFC75B49 
 579      4E5C49D3 
 580 1bcd 7F3599A9 		.ascii	"\1775\231\251\314\300\345\340\270\300\025\201&\263\244"
 580      CCC0E5E0 
 580      B8C01581 
 580      26B3A4
 581 1bdc 8DC87DB9 		.ascii	"\215\310}\271D\264\345\013\014Y\020\357,\306\340\354"
 581      44B4E50B 
 581      0C5910EF 
 581      2CC6E0EC 
 582 1bec F375E1BF 		.ascii	"\363u\341\277\011\015\370\372%\223s\035\033\362H\371"
 582      090DF8FA 
 582      2593731D 
 582      1BF248F9 
 583 1bfc 0A82A73C 		.ascii	"\012\202\247<\2150\010X\214?\377\340\363\377\372\364"
 583      8D300858 
 583      8C3FFFE0 
 583      F3FFFAF4 
 584 1c0c B38F3DFD 		.ascii	"\263\217=\375\203\326\370\257\013\207\302\026\004\303"
 584      83D6F8AF 
 584      0B87C216 
 584      04C3
 585 1c1a F8FBCE24 		.ascii	"\370\373\316$B\200\372}\370\311\347\037\177.\013&\205"
 585      4280FA7D 
 585      F8C9E71F 
 585      7F2E0B26 
 585      85
 586 1c2b 2D20F823 		.ascii	"- \370#\010b\020\357A\215\3722\204(`\225ru\010WF\303"
 586      086210EF 
 586      418DFA32 
 586      84286095 
 586      72750857 
 587 1c41 DCF8E67B 		.ascii	"\334\370\346{\357\276\363\216\233\304\375/5\242\335"
 587      EFBEF38E 
 587      9BC4FD2F 
 587      35A2DD
 588 1c50 26       		.ascii	"&"
 589              		.text
 590              		.section	.gnu.lto_.symtab.2b912e3171978238,"",%progbits
 591 0000 63685265 		.ascii	"chRegFirstThread\000"
 591      67466972 
 591      73745468 
 591      72656164 
 591      00
ARM GAS  /tmp/ccusPyvC.s 			page 47


 592 0011 00       		.ascii	"\000"
 593 0012 00       		.ascii	"\000"
 594 0013 00       		.ascii	"\000"
 595 0014 00000000 		.ascii	"\000\000\000\000\000\000\000\000"
 595      00000000 
 596 001c 99010000 		.ascii	"\231\001\000\000"
 597 0020 63685265 		.ascii	"chRegNextThread\000"
 597      674E6578 
 597      74546872 
 597      65616400 
 598 0030 00       		.ascii	"\000"
 599 0031 00       		.ascii	"\000"
 600 0032 00       		.ascii	"\000"
 601 0033 00000000 		.ascii	"\000\000\000\000\000\000\000\000"
 601      00000000 
 602 003b 9D010000 		.ascii	"\235\001\000\000"
 603 003f 63685F64 		.ascii	"ch_debug\000"
 603      65627567 
 603      00
 604 0048 00       		.ascii	"\000"
 605 0049 00       		.ascii	"\000"
 606 004a 00       		.ascii	"\000"
 607 004b 00000000 		.ascii	"\000\000\000\000\000\000\000\000"
 607      00000000 
 608 0053 54020000 		.ascii	"T\002\000\000"
 609 0057 636800   		.ascii	"ch\000"
 610 005a 00       		.ascii	"\000"
 611 005b 02       		.ascii	"\002"
 612 005c 00       		.ascii	"\000"
 613 005d 00000000 		.ascii	"\000\000\000\000\000\000\000\000"
 613      00000000 
 614 0065 17020000 		.ascii	"\027\002\000\000"
 615 0069 63685468 		.ascii	"chThdRelease\000"
 615      6452656C 
 615      65617365 
 615      00
 616 0076 00       		.ascii	"\000"
 617 0077 02       		.ascii	"\002"
 618 0078 00       		.ascii	"\000"
 619 0079 00000000 		.ascii	"\000\000\000\000\000\000\000\000"
 619      00000000 
 620 0081 A1010000 		.ascii	"\241\001\000\000"
 621              		.text
 622              		.section	.gnu.lto_.opts,"",%progbits
 623 0000 272D666D 		.ascii	"'-fmath-errno' '-fsigned-zeros' '-ftrapping-math' '"
 623      6174682D 
 623      6572726E 
 623      6F272027 
 623      2D667369 
 624 0033 2D666E6F 		.ascii	"-fno-trapv' '-fno-openmp' '-fno-openacc' '-mcpu=cor"
 624      2D747261 
 624      70762720 
 624      272D666E 
 624      6F2D6F70 
 625 0066 7465782D 		.ascii	"tex-m4' '-mfloat-abi=hard' '-mfpu=fpv4-sp-d16' '-mn"
 625      6D342720 
 625      272D6D66 
ARM GAS  /tmp/ccusPyvC.s 			page 48


 625      6C6F6174 
 625      2D616269 
 626 0099 6F2D7468 		.ascii	"o-thumb-interwork' '-mthumb' '-ggdb' '-O2' '-fomit-"
 626      756D622D 
 626      696E7465 
 626      72776F72 
 626      6B272027 
 627 00cc 6672616D 		.ascii	"frame-pointer' '-falign-functions=16' '-ffunction-s"
 627      652D706F 
 627      696E7465 
 627      72272027 
 627      2D66616C 
 628 00ff 65637469 		.ascii	"ections' '-fdata-sections' '-fno-common' '-flto' '-"
 628      6F6E7327 
 628      20272D66 
 628      64617461 
 628      2D736563 
 629 0132 6673696E 		.ascii	"fsingle-precision-constant'\000"
 629      676C652D 
 629      70726563 
 629      6973696F 
 629      6E2D636F 
 630              		.text
 631              		.comm	__gnu_lto_v1,1,1
 632              		.comm	__gnu_lto_slim,1,1
 633              		.ident	"GCC: (GNU Tools for ARM Embedded Processors) 5.4.1 20160919 (release) [ARM/embedded-5-bran
ARM GAS  /tmp/ccusPyvC.s 			page 49


DEFINED SYMBOLS
                            *ABS*:00000000 chregistry.c
                            *COM*:00000001 __gnu_lto_v1
                            *COM*:00000001 __gnu_lto_slim

NO UNDEFINED SYMBOLS
