ARM GAS  /tmp/ccL7XiLk.s 			page 1


   1              		.syntax unified
   2              		.cpu cortex-m4
   3              		.eabi_attribute 27, 1
   4              		.eabi_attribute 28, 1
   5              		.fpu fpv4-sp-d16
   6              		.eabi_attribute 20, 1
   7              		.eabi_attribute 21, 1
   8              		.eabi_attribute 23, 3
   9              		.eabi_attribute 24, 1
  10              		.eabi_attribute 25, 1
  11              		.eabi_attribute 26, 1
  12              		.eabi_attribute 30, 2
  13              		.eabi_attribute 34, 1
  14              		.eabi_attribute 18, 4
  15              		.thumb
  16              		.syntax unified
  17              		.file	"crt1.c"
  18              		.text
  19              	.Ltext0:
  20              		.section	.gnu.lto_.profile.8082b665e19b25a4,"",%progbits
  21 0000 789C6361 		.ascii	"x\234ca`d`a`\000\222\222\242\000\000\261\0009"
  21      60646061 
  21      60009292 
  21      A20000B1 
  21      0039
  22              		.text
  23              		.section	.gnu.lto_.icf.8082b665e19b25a4,"",%progbits
  24 0000 789C6361 		.ascii	"x\234ca`d\000\0015\006\004`cX?\363A\013\023#\230d\002"
  24      60640001 
  24      35060460 
  24      63583FF3 
  24      410B1323 
  25 0017 93CC8DB7 		.ascii	"\223\314\215\267O\375\344g9\362d\372[\026\326\213\337"
  25      4FFDE467 
  25      39F264FA 
  25      5B16D68B 
  25      DF
  26 0028 36F6F031 		.ascii	"6\366\3601\000\000S4\021\273"
  26      00005334 
  26      11BB
  27              		.text
  28              		.section	.gnu.lto_.jmpfuncs.8082b665e19b25a4,"",%progbits
  29 0000 789C6361 		.ascii	"x\234ca`d\000\001A\006\004`\005b\240(\023\003\0033\003"
  29      60640001 
  29      41060460 
  29      0562A028 
  29      13030333 
  30 0015 030B9003 		.ascii	"\003\013\220\003\000\003d\000&"
  30      00036400 
  30      26
  31              		.text
  32              		.section	.gnu.lto_.inline.8082b665e19b25a4,"",%progbits
  33 0000 789C6361 		.ascii	"x\234ca`d\000\201x\006\004`e``fbd`\0022\331\026\310"
  33      60640081 
  33      78060460 
  33      65606066 
  33      62646002 
ARM GAS  /tmp/ccL7XiLk.s 			page 2


  34 0018 8328A022 		.ascii	"\203(\240\"t\021&\014\021f \017\"\302\002&\201\224\310"
  34      7411260C 
  34      1166200F 
  34      22C20226 
  34      8194C8
  35 002b 4A0EA088 		.ascii	"J\016\240\210\322\246\347\215\214pe\014\000\000\232"
  35      D2A6E78D 
  35      8C70650C 
  35      00009A
  36 003a 06B8     		.ascii	"\006\270"
  37              		.text
  38              		.section	.gnu.lto_.pureconst.8082b665e19b25a4,"",%progbits
  39 0000 789C6361 		.ascii	"x\234ca`d\340f```e\220`\224`\222`6a\221\002\000\004"
  39      6064E066 
  39      60606065 
  39      90609460 
  39      92603661 
  40 0018 2200B6   		.ascii	"\"\000\266"
  41              		.text
  42              		.section	.gnu.lto___core_init.8082b665e19b25a4,"",%progbits
  43 0000 789C6361 		.ascii	"x\234ca`d\000\201j \216\006bi fdf`d\232p\216\201\241"
  43      60640081 
  43      6A208E06 
  43      62692066 
  43      64666064 
  44 0019 91838991 		.ascii	"\221\203\211\221\021\304h\340`d\250gb\254g\374\312\364"
  44      11C468E0 
  44      6064A867 
  44      62AC67FC 
  44      CAF4
  45 002b 9789F150 		.ascii	"\227\211\361P\373\263\235L\232\313\033\200\340A\353"
  45      FBB39D4C 
  45      9ACB1B80 
  45      E041EB
  46 003a 32C38615 		.ascii	"2\303\206\025\007\030[\231\031\030\3763\201Mb`\\\316"
  46      07185B99 
  46      1918FE33 
  46      814D6260 
  46      5CCE
  47 004c A8C90054 		.ascii	"\250\311\000T\366h\343\277\251\274l- e\012\020I\306"
  47      F668E3BF 
  47      A9BC6C2D 
  47      20650A10 
  47      49C6
  48 005e 158C6C20 		.ascii	"\025\214l \353\326\007\035h\370\377\277\271\241\341"
  48      EBD6071D 
  48      68F8FFBF 
  48      B9A1E1
  49 006d A3C13C55 		.ascii	"\243\301<U\240\304\007 \006Y\363\221\211\011D3\277b"
  49      A0C40720 
  49      0659F391 
  49      89094433 
  49      BF62
  50 007f 64022905 		.ascii	"d\002)\005\233\366\201\211\021$\006T\021\251\237\221"
  50      9BF68189 
  50      11240654 
  50      11A99F91 
ARM GAS  /tmp/ccL7XiLk.s 			page 3


  51 008f 9F9BAA9F 		.ascii	"\237\233\252\237\221\232\\\222_\244\037P\224\237^\224"
  51      919A5C92 
  51      5FA41F50 
  51      949F5E94 
  52 009f 985BAC9F 		.ascii	"\230[\254\237\232\234\223YP\234\252\357\234\221\231"
  52      9A9C9359 
  52      509CAAEF 
  52      9C9199
  53 00ae 94E91F1C 		.ascii	"\224\351\037\034oh\246g\250g\256\237_\254\237\234\237"
  53      6F68A667 
  53      A867AE9F 
  53      5FAC9F9C 
  53      9F
  54 00bf 9B9B9FA7 		.ascii	"\233\233\237\247_\220_TR\254\357\030\344\353\354[\001"
  54      5F905F54 
  54      52ACEF18 
  54      E4EBEC5B 
  54      01
  55 00d0 122BC8CC 		.ascii	"\022+\310\314I-*\326wwv\326O.*1\324Kf\000\000o)K\367"
  55      492D2AD6 
  55      777776D6 
  55      4F2E2A31 
  55      D44B6600 
  56              		.text
  57              		.section	.gnu.lto___early_init.8082b665e19b25a4,"",%progbits
  58 0000 789C6361 		.ascii	"x\234ca`d\000\201* \216\006bi fdf`d\232p\216\201\241"
  58      60640081 
  58      2A208E06 
  58      62692066 
  58      64666064 
  59 0019 91838991 		.ascii	"\221\203\211\221\021\304h\340`d\250gb\254g\374\312\364"
  59      11C468E0 
  59      6064A867 
  59      62AC67FC 
  59      CAF4
  60 002b 9789F150 		.ascii	"\227\211\361P\373\263\235L\232\313\033\200\340\301\323"
  60      FBB39D4C 
  60      9ACB1B80 
  60      E0C1D3
  61 003a 75860D2B 		.ascii	"u\206\015+\0160\266230\374g\002\233\304\300\270\234"
  61      0E30B632 
  61      3330FC67 
  61      029BC4C0 
  61      B89C
  62 004c 519301A8 		.ascii	"Q\223\001\250\354\321\306\177Sy\331Z@\312\024 \222\214"
  62      ECD1C67F 
  62      5379D95A 
  62      40CA1420 
  62      928C
  63 005e 2B18D940 		.ascii	"+\030\331@\326\255\017:\320\360\377\177sC\303g\005F"
  63      D6AD0F3A 
  63      D0F0FF7F 
  63      7343C367 
  63      0546
  64 0070 A0F80720 		.ascii	"\240\370\007 \006\331\362\221\211\011D3\277bd\002\251"
  64      06D9F291 
  64      89094433 
ARM GAS  /tmp/ccL7XiLk.s 			page 4


  64      BF626402 
  64      A9
  65 0081 041BF681 		.ascii	"\004\033\366\201\211\021$\006T\021\251\237\221\237\233"
  65      89112406 
  65      5411A99F 
  65      919F9B
  66 0090 AA9F919A 		.ascii	"\252\237\221\232\\\222_\244\037P\224\237^\224\230[\254"
  66      5C925FA4 
  66      1F50949F 
  66      5E94985B 
  66      AC
  67 00a1 9F9A9C93 		.ascii	"\237\232\234\223YP\234\252\357\234\221\231\224\351\037"
  67      59509CAA 
  67      EF9C9199 
  67      94E91F
  68 00b0 1C6F68A6 		.ascii	"\034oh\246g\250g\256\237_\254\237\234\237\233\233\237"
  68      67A867AE 
  68      9F5FAC9F 
  68      9C9F9B9B 
  68      9F
  69 00c1 A75F905F 		.ascii	"\247_\220_TR\254\357\030\344\353\354[\001\022+\310\314"
  69      5452ACEF 
  69      18E4EBEC 
  69      5B01122B 
  69      C8CC
  70 00d3 492D2AD6 		.ascii	"I-*\326wwv\326O.*1\324Kf\000\000.fK\216"
  70      777776D6 
  70      4F2E2A31 
  70      D44B6600 
  70      002E664B 
  71              		.text
  72              		.section	.gnu.lto___late_init.8082b665e19b25a4,"",%progbits
  73 0000 789C6361 		.ascii	"x\234ca`d\000\201* \216\006bi fdf`d\232p\216\201\241"
  73      60640081 
  73      2A208E06 
  73      62692066 
  73      64666064 
  74 0019 91838991 		.ascii	"\221\203\211\221\021\304h\340`d\250gb\254g\374\312\364"
  74      11C468E0 
  74      6064A867 
  74      62AC67FC 
  74      CAF4
  75 002b 9789F150 		.ascii	"\227\211\361P\373\263\235L\232\313\033\200\340\301\322"
  75      FBB39D4C 
  75      9ACB1B80 
  75      E0C1D2
  76 003a 6D860D2B 		.ascii	"m\206\015+\0160\266230\374g\002\233\304\300\270\234"
  76      0E30B632 
  76      3330FC67 
  76      029BC4C0 
  76      B89C
  77 004c 519301A8 		.ascii	"Q\223\001\250\354\321\306\177Sy\331Z@\312\024 \222\214"
  77      ECD1C67F 
  77      5379D95A 
  77      40CA1420 
  77      928C
  78 005e 2B18D940 		.ascii	"+\030\331@\326\255\017:\320\360\377\177sC\303G\005F"
ARM GAS  /tmp/ccL7XiLk.s 			page 5


  78      D6AD0F3A 
  78      D0F0FF7F 
  78      7343C347 
  78      0546
  79 0070 A0F80720 		.ascii	"\240\370\007 \006\331\362\221\211\011D3\277bd\002\251"
  79      06D9F291 
  79      89094433 
  79      BF626402 
  79      A9
  80 0081 041BF681 		.ascii	"\004\033\366\201\211\021$\006T\021\251\237\221\237\233"
  80      89112406 
  80      5411A99F 
  80      919F9B
  81 0090 AA9F919A 		.ascii	"\252\237\221\232\\\222_\244\037P\224\237^\224\230[\254"
  81      5C925FA4 
  81      1F50949F 
  81      5E94985B 
  81      AC
  82 00a1 9F9A9C93 		.ascii	"\237\232\234\223YP\234\252\357\234\221\231\224\351\037"
  82      59509CAA 
  82      EF9C9199 
  82      94E91F
  83 00b0 1C6F68A6 		.ascii	"\034oh\246g\250g\256\237_\254\237\234\237\233\233\237"
  83      67A867AE 
  83      9F5FAC9F 
  83      9C9F9B9B 
  83      9F
  84 00c1 A75F905F 		.ascii	"\247_\220_TR\254\357\030\344\353\354[\001\022+\310\314"
  84      5452ACEF 
  84      18E4EBEC 
  84      5B01122B 
  84      C8CC
  85 00d3 492D2AD6 		.ascii	"I-*\326wwv\326O.*1\324Kf\000\000\002rKT"
  85      777776D6 
  85      4F2E2A31 
  85      D44B6600 
  85      0002724B 
  86              		.text
  87              		.section	.gnu.lto___default_exit.8082b665e19b25a4,"",%progbits
  88 0000 789C6361 		.ascii	"x\234ca`d\000\201J \216\006bS fde`d\232p\216\201\241"
  88      60640081 
  88      4A208E06 
  88      62532066 
  88      64656064 
  89 0019 91838991 		.ascii	"\221\203\211\221\031\304`dfd\201\010\260@\004\034\031"
  89      19C46064 
  89      66648108 
  89      B040041C 
  89      19
  90 002a 19EA9998 		.ascii	"\031\352\231\230Y\030\201\004\003\004|e\372\313\304"
  90      59188104 
  90      03047C65 
  90      FACBC4
  91 0039 78A8FDD9 		.ascii	"x\250\375\331N&\315\345\015@\360\340\350n\303\206\025"
  91      4E26CDE5 
  91      0D40F0E0 
  91      E86EC386 
ARM GAS  /tmp/ccL7XiLk.s 			page 6


  91      15
  92 004a 07185B81 		.ascii	"\007\030[\201\012\3763A\3240.g\324d\000*{\264\361\337"
  92      0AFE3341 
  92      D4302E67 
  92      D464002A 
  92      7BB4F1DF 
  93 005e 545EB616 		.ascii	"T^\266\026\2202\005\210$\343\012F6\220C\326\007\035"
  93      90320588 
  93      24E30A46 
  93      369043D6 
  93      071D
  94 0070 68F8FFBF 		.ascii	"h\370\377\277\271\241\341\273\301oU\240\300\007\240"
  94      B9A1E1BB 
  94      C16F55A0 
  94      C007A0
  95 007f 24239064 		.ascii	"$#\220d\002:\341\003\320.\240\335\214\037\230X\2404"
  95      023AE103 
  95      D02EA0DD 
  95      8C1F9858 
  95      A034
  96 0091 C4E991FA 		.ascii	"\304\351\221\372\031\371\271\251\372\031\251\311%\371"
  96      19F9B9A9 
  96      FA19A9C9 
  96      25F9
  97 009f 45FA0145 		.ascii	"E\372\001E\371\351E\211\271\305\372\251\3119\231\005"
  97      F9E94589 
  97      B9C5FAA9 
  97      C9399905 
  98 00af C5A9FACE 		.ascii	"\305\251\372\316\031\231I\231\376\301\361\206fz\206"
  98      19994999 
  98      FEC1F186 
  98      667A86
  99 00be 7AE6FAF9 		.ascii	"z\346\372\371\305\372\311\371\271\271\371y\372\005\371"
  99      C5FAC9F9 
  99      B9B9F979 
  99      FA05F9
 100 00cd 4525C5FA 		.ascii	"E%\305\372\216A\276\316\276\025 \261\202\314\234\324"
 100      8E41BECE 
 100      BE1520B1 
 100      82CC9CD4 
 101 00dd A2627D77 		.ascii	"\242b}wgg\375\344\242\022C\275d\006\000\215UN\325"
 101      6767FDE4 
 101      A21243BD 
 101      6406008D 
 101      554ED5
 102              		.text
 103              		.section	.gnu.lto___init_ram_areas.8082b665e19b25a4,"",%progbits
 104 0000 789C8D54 		.ascii	"x\234\215TMl[E\020\336\331}\357\371\371='v\225p+R\016"
 104      4D6C5B45 
 104      10DED97D 
 104      EFF9F93D 
 104      27769570 
 105 0017 E4D04B1E 		.ascii	"\344\320K\036\346\000\210\013\252r\340T~\312\011\011"
 105      E600880B 
 105      AA72E054 
 105      7ECA0909 
 106 0027 D4163722 		.ascii	"\324\0267\"\021Mm\331\251\304\001\311/\261\003\264 "
ARM GAS  /tmp/ccL7XiLk.s 			page 7


 106      114D6DD9 
 106      A9C401C9 
 106      2FB103B4 
 106      20
 107 0038 9408B50A 		.ascii	"\224\010\265\012\371!B\025jh\332\374\264\3744IK\235"
 107      F9214215 
 107      6A68DAFC 
 107      B4FC3449 
 107      4B9D
 108 004a 101A1AA5 		.ascii	"\020\032\032\245\201FUO\010\201\021\221\032\020\262"
 108      8146554F 
 108      08811191 
 108      1A10B2
 109 0059 E354888A 		.ascii	"\343T\210\212&\314\314:\302I)\252%\277\335\235\235\371"
 109      26CCCC3A 
 109      C24929AA 
 109      25BFDD9D 
 109      9DF9
 110 006b E69B6F77 		.ascii	"\346\233ow\307\020 \350\327a\011q\020\307O\360\017!"
 110      C71020E8 
 110      D7610971 
 110      10C74FF0 
 110      0F21
 111 007d 01B26B51 		.ascii	"\001\262kQ\210v[\202\322\023\005\246\236\030z2m\233"
 111      88765B82 
 111      D21305A6 
 111      9E187A32 
 111      6D9B
 112 008f D2786F4E 		.ascii	"\322xoN\010\337\261\262\001\341\207,\260\311\016\001"
 112      08DFB1B2 
 112      01E1872C 
 112      B0C90E01 
 113 009f 3D4EDBB6 		.ascii	"=N\333\266\014\350\375 \357\007\245;2KK'\037\304\245"
 113      0CE8FD20 
 113      EF07A53B 
 113      324B4B27 
 113      1FC4A5
 114 00b2 AB81773B 		.ascii	"\253\201w;\0004\3726\210\264T\206i\005\354\240\353@"
 114      0034FA36 
 114      88B45486 
 114      6905ECA0 
 114      EB40
 115 00c4 DA500272 		.ascii	"\332P\002r\006\242\321\207\010\232B\377\354\362x[\336"
 115      06A2D187 
 115      089A42FF 
 115      ECF2785B 
 115      DE
 116 00d5 9530F3F6 		.ascii	"\2250\363\366\362\204\334u\312\307\337O\235\371\250"
 116      F284DC75 
 116      CAC7DF4F 
 116      9DF9A8
 117 00e4 3F94834E 		.ascii	"?\224\203N%\304\206\324>p\012v\011t\273\236\035\353"
 117      25C486D4 
 117      3E700A76 
 117      0974BB9E 
 117      1DEB
 118 00f6 576BB253 		.ascii	"Wk\262S\001\030\270,^\353\375\245\232\226\022\352p\231"
ARM GAS  /tmp/ccL7XiLk.s 			page 8


 118      0118B82C 
 118      5EEBFDA5 
 118      9A9612EA 
 118      7099
 119 0108 1D1C1A35 		.ascii	"\035\034\0325\324\313@\236\247\377\272~L\325\237\364"
 119      D4CB409E 
 119      A7FFBA7E 
 119      4CD59FF4 
 120 0118 FD0E3F77 		.ascii	"\375\016?w\374\375\207?\364s\331\272N\245\3404(\004"
 120      FCFD873F 
 120      F473D9BA 
 120      4EA5E034 
 120      2804
 121 012a 854F6127 		.ascii	"\205Oa'\014\301N\006G\357\374\370\372\361*+K\351\353"
 121      0CC14E06 
 121      47EFFCF8 
 121      FAF12A2B 
 121      4BE9EB
 122 013d 6018EA75 		.ascii	"`\030\352ub8\003\026\212\252\310\202N\263\277\376\275"
 122      62380316 
 122      8AAAC882 
 122      4EB3BFFE 
 122      BD
 123 014e E4AAFD0C 		.ascii	"\344\252\375\014\337>\334\327\037*\303\367-\206\313"
 123      DF3EDCD7 
 123      1F2AC3F7 
 123      2D86CB
 124 015d F0069CBD 		.ascii	"\360\006\234\275\027\036F8z!wt\324Q1\216^_\272U0\313"
 124      171E4638 
 124      7A217774 
 124      D451318E 
 124      5E5FBA55 
 125 0173 D1FD8B21 		.ascii	"\321\375\213!\277\253\335\246\340\321\377\010\036\203"
 125      BFABDDA6 
 125      E0D1FF08 
 125      1E83
 126 0181 FAD1BD39 		.ascii	"\372\321\2759\177c#\343\347\272\253/\365\374\021|\010"
 126      7F6323E3 
 126      E7BAAB2F 
 126      F5FC117C 
 126      08
 127 0192 0411920C 		.ascii	"\004\021\222\014\254\330\303\340\257\315_\207\355.\317"
 127      ACD8C3E0 
 127      AFCD5F87 
 127      ED2ECF
 128 01a1 430261AB 		.ascii	"C\002a\253\360c\206y\035\341\275\035d\255aC-C\011Q\300"
 128      F0638679 
 128      1DE1BD1D 
 128      64AD6143 
 128      2D430951 
 129 01b6 720B4214 		.ascii	"r\013B\024\245\304A\345\241\2034\343\362u\351':g\276"
 129      A5C441E5 
 129      A18334E3 
 129      F275E927 
 129      3A67BE
 130 01c9 0B90D016 		.ascii	"\013\220\320\026\363\317\334\271\\\252N\337\365{|?\202"
 130      F3CFDCB9 
ARM GAS  /tmp/ccL7XiLk.s 			page 9


 130      5CAA4EDF 
 130      F57B7C3F 
 130      82
 131 01da B6A34AAB 		.ascii	"\266\243J\253x\265w\370\365A\030h\357bs\000\316A\032"
 131      78B577F8 
 131      F5411868 
 131      EF627300 
 131      CE411A
 132 01ed C6A910DC 		.ascii	"\306\251\020\334\333X97\022\324!~7\020\320y\030Dq\341"
 132      DB583937 
 132      12D4217E 
 132      3710D079 
 132      184471E1 
 133 0201 33480BCA 		.ascii	"3H\013\312\254D6@\231#L)\243@,C\307d\361JIm?\037,\201"
 133      AC443640 
 133      99234C29 
 133      A3402C43 
 133      C764F14A 
 134 021b B8F3F120 		.ascii	"\270\363\361 \300\347`e\224SIR1\311?\347\346\337\011"
 134      C0E76065 
 134      94534952 
 134      31C93FE7 
 134      E6DF09
 135 022e 111D8ADA 		.ascii	"\021\035\212\332\2075\333\010\012_\224\371|\324s\241"
 135      8735DB08 
 135      0A5F94F9 
 135      7CD473A1 
 136 023e 54ED9D25 		.ascii	"T\355\235%\242A\370\022\251\254\363U\203\013\340\011"
 136      A241F812 
 136      A9ACF355 
 136      830BE009 
 137 024e 64E13F4D 		.ascii	"d\341?M\270\224\012\261\231I\367\234\322\251\334\355"
 137      B8940AB1 
 137      9949F79C 
 137      D2A9DCED 
 138 025e D8AFFC2F 		.ascii	"\330\257\374/\366\004c\323\333\204\311-\330c\204\355"
 138      F60463D3 
 138      DB84C92D 
 138      D86384ED 
 139 026e 0AB10AB0 		.ascii	"\012\261\012\260UR\324\376\221MUa\012\322r(\220Q\265"
 139      5552D4FE 
 139      914D5561 
 139      0AD27228 
 139      9051B5
 140 0281 EEC2EDFD 		.ascii	"\356\302\355\375(\223!\360-*$t\347\330\315\211'5\243"
 140      289321F0 
 140      2D2A2474 
 140      E7D8CD89 
 140      2735A3
 141 0294 AACAE28D 		.ascii	"\252\312\342\215-\305\243\322N\006\237\307E\242\006"
 141      2DC5A3D2 
 141      4E069FC7 
 141      45A206
 142 02a3 9748728C 		.ascii	"\227Hr\214=\361q\025En/$\314\316\252\354\374\025:#6"
 142      3DF17115 
 142      456E2F24 
 142      CCCEAAEC 
ARM GAS  /tmp/ccL7XiLk.s 			page 10


 142      FC153A23 
 143 02b8 FA67FADF 		.ascii	"\372g\372\337\372q\342Q\235+L\016t;\363 \377-#\254\275"
 143      FA71E251 
 143      9D2B4C0E 
 143      743BF320 
 143      FF2D23AC 
 144 02cd 96271ED3 		.ascii	"\226'\036\323^\021\312Y\351\305BF\370\240M\201}\242"
 144      5E11CA59 
 144      E9C54246 
 144      F8A04D81 
 144      7DA2
 145 02df 7CD21CAC 		.ascii	"|\322\034\254\204^\260\217\324\307\276p\336\324H\241"
 145      845EB08F 
 145      D4C7BE70 
 145      DED448A1 
 146 02ef ADC5DC5F 		.ascii	"\255\305\334_\347\313\2543?\333\034\352\3743d\0273\207"
 146      E7CBAC33 
 146      3FDB1CEA 
 146      FC336417 
 146      3387
 147 0301 35864218 		.ascii	"5\206B\030:\334U\220x\232\352\207\342\233\310\305X("
 147      3ADC5590 
 147      789AEA87 
 147      E29BC8C5 
 147      5828
 148 0313 1D5C05DC 		.ascii	"\035\\\005\334r\325\357d\010\033\027K$\260E\367\020"
 148      72D5EF64 
 148      081B174B 
 148      24B045F7 
 148      10
 149 0324 5D319332 		.ascii	"]1\2232\001\015\201M\305\327\0127N\252\373\353f\224"
 149      010D814D 
 149      C5D70A37 
 149      4EAAFBEB 
 149      6694
 150 0336 759B4622 		.ascii	"u\233F\"\225\007\342\340{\235\301\035V\350\346dY\307"
 150      9507E2E0 
 150      7B9DC11D 
 150      56E8E664 
 150      59C7
 151 0348 1A0AB847 		.ascii	"\032\012\270G\307\032V\310&\205\240B!\203E\031\277\261"
 151      C71A56C8 
 151      2685A042 
 151      21834519 
 151      BFB1
 152 035a 29CA8E07 		.ascii	")\312\216\007\025\345k\026\205/\322\3546Q\014\204\321"
 152      15E56B16 
 152      852FD2EC 
 152      36510C84 
 152      D1
 153 036b A2E0CCB6 		.ascii	"\242\340\314\266\360\250k\002g\370\212\005I\001f\233"
 153      F0A86B02 
 153      67F88A05 
 153      4901669B 
 154 037b 7F4AFBD6 		.ascii	"\177J\373\326b\002\204^*,\014\270\272\373F\340\233\012"
 154      6202845E 
 154      2A2C0CB8 
ARM GAS  /tmp/ccL7XiLk.s 			page 11


 154      BAFB46E0 
 154      9B0A
 155 038d EEFC606B 		.ascii	"\356\374`k5\374\324\200\242\207\211k\214\350\235Z\233"
 155      35FCD480 
 155      A287896B 
 155      8CE89D5A 
 155      9B
 156 039e 3729C205 		.ascii	"7)\302\005\373\301\373\306\\E\337\350\236\357[1\243"
 156      FBC1FBC6 
 156      5C45DFE8 
 156      9EEF5B31 
 156      A3
 157 03af A33EEEF9 		.ascii	"\243>\356\371G\260T\370\026K\202+\272=\342\376\273\277"
 157      47B054F8 
 157      164B822B 
 157      BA3DE2FE 
 157      BBBF
 158 03c1 DDFA3E5C 		.ascii	"\335\372>\\\356+/\320\323\277\012Q\254v\236\273\012"
 158      EE2B2FD0 
 158      D3BF0A51 
 158      AC769EBB 
 158      0A
 159 03d2 3536577C 		.ascii	"56W|`AQ:\324\330V\260\261\025\237\325}\2037\001\255"
 159      6041513A 
 159      D4D856B0 
 159      B1159FD5 
 159      7D833701 
 160 03e7 78655EF2 		.ascii	"xe^\362\232\343\255M^sS\254-\236\364\236O\306_K\036"
 160      9AE3AD4D 
 160      5E7353AC 
 160      2D9EF49E 
 160      4FC65F4B 
 161 03fc 684D794D 		.ascii	"hMyM\261C-\211T\223\327\330\334\362j\313s/\356\213>"
 161      B1432D89 
 161      5493D7D8 
 161      DCF26ACB 
 161      732FEE8B 
 162 0411 DE106D78 		.ascii	"\336\020mx\302\213\247\274X\274\2655~\330K\304\223m"
 162      C28BA7BC 
 162      58BCB535 
 162      7ED84BC4 
 162      936D
 163 0423 296FF7DE 		.ascii	")o\367\336=\215{\336 [\242\345PS2\345=\323\330\350\305"
 163      3D8D7BDE 
 163      205BA2E5 
 163      505332E5 
 163      3DD3D8E8 
 164 0438 926DD186 		.ascii	"\222m\321\206\230P\311\003\011\331\226\200\304?\217"
 164      9850C903 
 164      09D99680 
 164      C43F8F
 165 0447 7F3FB5   		.ascii	"\177?\265"
 166              		.text
 167              		.section	.gnu.lto_ram_areas.8082b665e19b25a4,"",%progbits
 168 0000 789C75D1 		.ascii	"x\234u\321\277O\024A\024\300\361y;w,(\202\212\277\320"
 168      BF4F1441 
 168      14C0F179 
ARM GAS  /tmp/ccL7XiLk.s 			page 12


 168      3B772C28 
 168      828ABFD0 
 169 0014 53FF839B 		.ascii	"S\377\203\233\234\205\\C\002\271\202\212H\2642\026F"
 169      9C855C43 
 169      02B9828A 
 169      48B43216 
 169      46
 170 0025 361BEF12 		.ascii	"6\033\357\022\316\275\354^aw[\260\012\364TXP@@\371\341"
 170      CEBDEC5E 
 170      61775BB0 
 170      0AF45458 
 170      504040F9 
 171 003a 210ADE29 		.ascii	"!\012\336)r\242\247\342o\004+\033\012Bee $\374tv\337"
 171      72A2A7E2 
 171      6F042B1B 
 171      0A426565 
 171      2024FC74 
 172 0050 16BA9737 		.ascii	"\026\272\2277\305~\2237\223\311'\263!\006\314]\255a"
 172      C57E9337 
 172      93C927B3 
 172      2106CC5D 
 172      AD61
 173 0062 C66E305C 		.ascii	"\306n0\\{\012\024\012\277\177\251\271=\273\307\266W"
 173      7B0A140A 
 173      BF7FA9B9 
 173      3DBBC7B6 
 173      57
 174 0073 87B73B54 		.ascii	"\207\267;T\207\263^^\261eO\203\267\001\025\033\2267"
 174      87B35E5E 
 174      B1654F83 
 174      B701151B 
 174      9637
 175 0085 572AE635 		.ascii	"W*\3465\336\234{\363\315\365\265\371\352\370\214\335"
 175      DE9C7BF3 
 175      CDF5B5F9 
 175      EAF88CDD 
 176 0095 3368B738 		.ascii	"3h\2678\034\366\025\006\217 \267\257\000<t\243\300\250"
 176      1CF61506 
 176      8F20B7AF 
 176      003C74A3 
 176      C0A8
 177 00a7 1B0E2390 		.ascii	"\033\016#\220s\217o\3649[|Cq\270\002\352\377\267\226"
 177      738F6FF4 
 177      395B7C43 
 177      71B802EA 
 177      FFB796
 178 00ba E6EE377B 		.ascii	"\346\3567{\367\206(`\230\000V\021@\225\002\346\021\370"
 178      F7862860 
 178      98005611 
 178      409502E6 
 178      11F8
 179 00cc 18819308 		.ascii	"\030\201\223\010\234@\340\332\316D\261\016\201U\001"
 179      9C40E0DA 
 179      CE44B10E 
 179      815501
 180 00db E0AC0FAC 		.ascii	"\340\254\017\254\246\2005\004\360\020\001<L\001g\020"
 180      A6803504 
ARM GAS  /tmp/ccL7XiLk.s 			page 13


 180      F010013C 
 180      4C016710 
 181 00eb F80C814F 		.ascii	"\370\014\201O\0218\215\300\305\241\342n-\002\303\001"
 181      11388DC0 
 181      C5A1E26E 
 181      2D02C301 
 182 00fb E0940FAC 		.ascii	"\340\224\017\254\245\200G\010`\035\001\254\247\200/"
 182      A5804708 
 182      601D01AC 
 182      A7802F
 183 010a 11F80281 		.ascii	"\021\370\002\201E\004\026\020\270\324\235\177\340\377"
 183      45041610 
 183      B8D49D7F 
 183      E0FF
 184 0118 E2500038 		.ascii	"\342P\0008\340\003\217R\300c\004\3608\001l\240\200\013"
 184      E0038F52 
 184      C06304F0 
 184      38016CA0 
 184      800B
 185 012a 087C8DC0 		.ascii	"\010|\215\300\022\002\347\021\270\360'?\342\277 \017"
 185      1202E711 
 185      B8F0273F 
 185      E2BF200F 
 186 013a 00FB7DE0 		.ascii	"\000\373}\340\011\012x\222\000\236\"\200\247)\340\007"
 186      090A7892 
 186      009E2280 
 186      A729E007 
 187 014a 04BE47E0 		.ascii	"\004\276G\340;\004\226\021X>\330*\325#P\011\000\017"
 187      3B049611 
 187      583ED82A 
 187      D5235009 
 187      000F
 188 015c EE21F00C 		.ascii	"\356!\360\014\005l$\200g\011\3409\012\370\025\201_\020"
 188      056C2480 
 188      6709E039 
 188      0AF81581 
 188      5F10
 189 016e F819819F 		.ascii	"\370\031\201\237\020\370\257h\307\027E(\321yBt\201\020"
 189      10F8AF68 
 189      C7174528 
 189      D1794274 
 189      8110
 190 0180 5DA444CB 		.ascii	"]\244D\313(\372\201\242%\024}GQ\367@y[\305\3436w8\207"
 190      28FA81A2 
 190      25147D47 
 190      51F74079 
 190      5BC5E336 
 191 0197 58045620 		.ascii	"X\004V \016\227\"\360M\346#D`Q\366\255\354\033\331W"
 191      0E9722F0 
 191      4DE62344 
 191      6051F6AD 
 191      EC1BD957 
 192 01ab B273B2CF 		.ascii	"\262s\262\317ege\237\310N\311\216\313\216A\234\301O"
 192      6567659F 
 192      C84EC98E 
 192      CB8E419C 
 192      C14F
ARM GAS  /tmp/ccL7XiLk.s 			page 14


 193 01bd F9B92E92 		.ascii	"\371\271.\222FZ\027I]\313\032\246\3500\215\333\346\255"
 193      465A1749 
 193      5DCB1AA6 
 193      E8308DDB 
 193      E6AD
 194 01cf B42574AD 		.ascii	"\264%t\255+\225\261t\221H\246:SW\256\335\214]\216\306"
 194      2B95B174 
 194      9148A63A 
 194      5357AEDD 
 194      8C5D8EC6 
 195 01e3 A24DC2B0 		.ascii	"\242M\302\260\204f\244\323\306\035\2211\314\254%Z\257"
 195      8466A4D3 
 195      C61D9131 
 195      CCAC255A 
 195      AF
 196 01f4 B627DAEF 		.ascii	"\266'\332\357\272\263L\252K7-\321\226H\010\315\314\306"
 196      BAB34CAA 
 196      4B372DD1 
 196      964808CD 
 196      CCC6
 197 0206 A21AFB0B 		.ascii	"\242\032\373\0134e(\277"
 197      346528BF 
 198              		.text
 199              		.section	.gnu.lto_.symbol_nodes.8082b665e19b25a4,"",%progbits
 200 0000 789C55CD 		.ascii	"x\234U\315WR\002Q\000D\321\276\023\014\030\020P\024"
 200      57520251 
 200      0044D1BE 
 200      130C1810 
 200      5014
 201 0012 5184C5B9 		.ascii	"Q\204\305\271\2167\006\314 (\346\270\016\027\301\206"
 201      8E3706CC 
 201      2028E6B8 
 201      0E17C186 
 202 0022 300DFD43 		.ascii	"0\015\375C\315\327\251\272\325U\235\010\355#)\372V\220"
 202      CDD7A9BA 
 202      D5559D08 
 202      ED2329FA 
 202      5690
 203 0034 06634DF9 		.ascii	"\006cM\371\312:y\371Q\240X~\025\242b\371S\210g\245\222"
 203      CA3A79F9 
 203      51A0587E 
 203      15A262F9 
 203      538867A5 
 204 0049 978C9014 		.ascii	"\227\214\220\0246\351D\312\252R\234\036@;\277J\017\211"
 204      36E944CA 
 204      AA529C1E 
 204      403BBF4A 
 204      0F89
 205 005b EC11B13D 		.ascii	"\354\021\261=&\261]R{\302\234=e\336\236\261`\317Y\264"
 205      26B15D52 
 205      7BC29C3D 
 205      65DE9EB1 
 205      60CF59B4 
 206 006f 1794EC25 		.ascii	"\027\224\354%K\366\212e\333c\305\366Y\265\327\224\355"
 206      4BF68A65 
 206      DB63C5F6 
 206      59B5D794 
ARM GAS  /tmp/ccL7XiLk.s 			page 15


 206      ED
 207 0080 80353BA4 		.ascii	"\2005;\244bo\250\332[jv\304\272\275c\303\336S\267\017"
 207      626FA8DA 
 207      5B6A76C4 
 207      BABD63C3 
 207      DE53B70F 
 208 0094 6CDA47B6 		.ascii	"l\332G\266\354\023\015\373\314\266}\241i_\331\261o\354"
 208      EC130DFB 
 208      CCB67DA1 
 208      695FD9B1 
 208      6FEC
 209 00a6 DA775AF6 		.ascii	"\332wZ\366\203=\373I{\252\376\001\213\3221\357"
 209      833DFB49 
 209      7BAAFE01 
 209      8BD231EF 
 210              		.text
 211              		.section	.gnu.lto_.refs.8082b665e19b25a4,"",%progbits
 212 0000 789C05C1 		.ascii	"x\234\005\301\013\026BP\024\000\300\333\034O\037*\351"
 212      0B164250 
 212      1400C0DB 
 212      1C4F1F2A 
 212      E9
 213 0011 23858456 		.ascii	"#\205\204V\323\376\367c&\213M\374#B&\221\2061\311m\355"
 213      D3FEF763 
 213      268B4DFC 
 213      23422691 
 213      8631C96D 
 214 0026 EC1D144A 		.ascii	"\354\035\024JG'g\225\213\332\325\315\335C\343\251\365"
 214      47276795 
 214      8BDAD5CD 
 214      DD43E3A9 
 214      F5
 215 0037 F2D6E90D 		.ascii	"\362\326\351\015>F_\223\331\342\027+|\302\003\232"
 215      3E465F93 
 215      D9E2172B 
 215      7CC2039A 
 216              		.text
 217              		.section	.gnu.lto_.decls.8082b665e19b25a4,"",%progbits
 218 0000 789C9596 		.ascii	"x\234\225\226kP\024W\026\307\373\316\035a\030\306\201"
 218      6B501457 
 218      16C7FBCE 
 218      1D6118C6 
 218      81
 219 0011 422A656D 		.ascii	"B*em\231\204\244Li\325\256L\360\371a\277d\313\255\370"
 219      9984A44C 
 219      69D5AE4C 
 219      F0F961BF 
 219      64CBADF8 
 220 0025 29BBA9CD 		.ascii	")\273\251\315n\252\362\251\013q6R\013\214\005\343\256"
 220      6EAAF2A9 
 220      0B713652 
 220      0B8C05E3 
 220      AE
 221 0036 7EDA0644 		.ascii	"~\332\006D\005%\014AE\036>@\003B@\020\004\205A\035Q"
 221      05250C41 
 221      451E3E40 
 221      03424010 
ARM GAS  /tmp/ccL7XiLk.s 			page 16


 221      0485411D 
 222 004b 09F212C4 		.ascii	"\011\362\022\304\027\357\227\032EPy\010\"*{\356\271"
 222      17EF971A 
 222      45507908 
 222      222A7BEE 
 222      B9
 223 005c 3DCF1E76 		.ascii	"=\317\036vk\273\370\367\364\3559\277\377\271\367\334"
 223      6BBBF8F7 
 223      F4ED39BF 
 223      FFB9F7DC 
 224 006c D3CDA805 		.ascii	"\323\315\250\005\"\260\343\243@A\310\242\202\260G%\010"
 224      22B0E3A3 
 224      4041C8A2 
 224      82B04725 
 224      08
 225 007d 0B70F8C2 		.ascii	"\013p\370\302\275o\005\347\261\004T\006\252\000U\201"
 225      BD6F05E7 
 225      B1045406 
 225      AA005581 
 226 008d 6A4175A0 		.ascii	"jAu\240O@\375\240A\3200\350!\3501\350\011h\0244\006"
 226      4F40FDA0 
 226      41D030E8 
 226      21E831E8 
 226      09681434 
 227 00a2 7A0E7A09 		.ascii	"z\016z\011\232\004M\203f@\257Ao@oA\357Y\002\230\206"
 227      9A044D83 
 227      6640AF41 
 227      6F406F41 
 227      EF590298 
 228 00b7 0AA406F9 		.ascii	"\012\244\006\371\2004 -H\007\322\203\002AA\240`\320"
 228      8034202D 
 228      4807D283 
 228      024141A0 
 228      60D0
 229 00c9 07A0E5A0 		.ascii	"\007\240\345\240\337\200V\200>\"\202\333Q\306\355\034"
 229      DF805680 
 229      3E2282DB 
 229      51C6ED1C 
 230 00d9 F327F23D 		.ascii	"\363'\362=\317\243\302K\\\205\227\270*/qU^\342j\275"
 230      CFA3C24B 
 230      5C8597B8 
 230      2A2F7155 
 230      5EE26ABD 
 231 00ed C4D57A89 		.ascii	"\304\325z\211cu\323\311qA\240`\320\307\020\334\002\237"
 231      6375D3C9 
 231      7141A060 
 231      D0C710DC 
 231      029F
 232 00ff AB402170 		.ascii	"\253@!p\335\007\237\275\240O\340\272\031>\277\006\251"
 232      DD079FBD 
 232      A04FE0BA 
 232      193EBF06 
 232      A9
 233 0110 41F7419D 		.ascii	"A\367A\235\240;\240\333r\216:\371\263\337#O\277\314"
 233      A03BA0DB 
 233      728E3AF9 
 233      B3DF234F 
ARM GAS  /tmp/ccL7XiLk.s 			page 17


 233      BFCC
 234 0122 B4C85E2C 		.ascii	"\264\310^,O\337\">\354\010\021x-W\310\265].\327:X\256"
 234      4FDF223E 
 234      EC081178 
 234      2D57C8B5 
 234      5D2ED73A 
 235 0138 7DA0BC17 		.ascii	"}\240\274\027:yo4\362^\251\345\275c\223`{\311\366\224"
 235      3A796F34 
 235      F25EA9E5 
 235      BD639360 
 235      7BC9F694 
 236 014c ED2DDB63 		.ascii	"\355-\333c\266\327l\317\331\336\263\036`\275\300z\202"
 236      B6D76CCF 
 236      D9DEB31E 
 236      60BDC07A 
 236      82
 237 015d F506EB11 		.ascii	"\365\006\353\021\326+\254gX\357\014z\314\377\235\212"
 237      D62BAC67 
 237      58EF0C7A 
 237      CCFF9D8A 
 238 016d 94C5CFD8 		.ascii	"\224\305\317\330\264=\244\213@[\222@^U\302\317\004%"
 238      B43DA48B 
 238      405B9240 
 238      5E55C2CF 
 238      0425
 239 017f 70E1102E 		.ascii	"p\341\020.Tx\026\234\267\210=P\036\253\354\227\202\303"
 239      5478169C 
 239      B7883D50 
 239      1EABEC97 
 239      82C3
 240 0191 0CFF641E 		.ascii	"\014\377d\036{\037\017\276\036\207;\221!>\266\357\257"
 240      7B1F0FBE 
 240      1E873B91 
 240      213EB6EF 
 240      AF
 241 01a2 3D83CA99 		.ascii	"=\203\312\231@\036\332\001\027?>]\331\3169g\307\232"
 241      401EDA01 
 241      173F3E5D 
 241      D9CE3967 
 241      C79A
 242 01b4 887DD117 		.ascii	"\210}\321\027\272\323~\361\241PQ\270n\355\035/YB\365"
 242      BAD37EF1 
 242      A15051B8 
 242      6EED1D2F 
 242      5942F5
 243 01c7 785D9EFB 		.ascii	"x]\236\373\266C\243\206%\026\021\312#\007\346\316|\031"
 243      B643A386 
 243      251611CA 
 243      2307E6CE 
 243      7C19
 244 01d9 5A22C161 		.ascii	"Z\"\301a\221$\325o\235u\353\330S\236K\247U$HK\3240\234"
 244      9124D56F 
 244      9D75EBD8 
 244      539E4BA7 
 244      5524484B 
 245 01f0 68CD1ED1 		.ascii	"h\315\036\321\3030XKB`\370\356fN\266j\371\021\344\022"
 245      C330584B 
ARM GAS  /tmp/ccL7XiLk.s 			page 18


 245      4260F8EE 
 245      664EB66A 
 245      F911E412 
 246 0204 A51035F9 		.ascii	"\245\0205\371\366\003RJV\220\022\262\002\246q\226,\207"
 246      F603524A 
 246      569012B2 
 246      02A67196 
 246      2C87
 247 0216 F3563577 		.ascii	"\363V5wJ,h\375\367\247'\245\223'\245\301\271\301\340"
 247      4A2C68FD 
 247      F7A727A5 
 247      9327A5C1 
 247      B9C1E0
 248 0229 23895223 		.ascii	"#\211R#\244\012aA\344\014\241\344g\022\012\301\305D"
 248      A40A6141 
 248      E40CA1E4 
 248      67120AC1 
 248      C544
 249 023b CD466C11 		.ascii	"\315Fl\021\205\244\007\226UF>ei\307\323\332\002\350"
 249      85A40796 
 249      55463E65 
 249      69C7D3DA 
 249      02E8
 250 024d 3F1799FC 		.ascii	"?\027\231\374lc\375\230?\267\266\3154\351$K\236$}\201"
 250      6C63FD98 
 250      3FB7B6CD 
 250      34E9244B 
 250      9E247D81 
 251 0261 C6E50EE3 		.ascii	"\306\345\016\343s`\\\356j\\\201\306/\356\274\354\247"
 251      73605CEE 
 251      6A5C81C6 
 251      2FEEBCEC 
 251      A7
 252 0272 34912CE2 		.ascii	"4\221,\342|\256\373}\276Jv\256hvu\256t8\237\007\347"
 252      7CAEFB7D 
 252      BE4A76AE 
 252      687675AE 
 252      74389F07 
 253 0287 4A57E72A 		.ascii	"JW\347*t.\352zU\357O\323\270\363\211\233\303y:z\234"
 253      742EEA7A 
 253      55EF4FD3 
 253      B8F3899B 
 253      C3793A7A 
 254 029c 0F9E3EB9 		.ascii	"\017\236>\271\323\023\300\322\\\260\247\031I\356\250"
 254      D313C0D2 
 254      5CB0A719 
 254      49EEA8
 255 02ab F3B32726 		.ascii	"\363\263'&\027\211\232\335\254\2741\274\205\245\316"
 255      17899ADD 
 255      ACBC31BC 
 255      85A5CE
 256 02ba 936CBD6E 		.ascii	"\223l\275n\251\253\035\251k u\265k\352ZL\335~\364\300"
 256      A9AB1DA9 
 256      6B2075B5 
 256      6BEA5A4C 
 256      DD7EF4C0 
 257 02ce 5E420B79 		.ascii	"^B\013y\266\304\253\361\005j\346S.\331,m\340\023o\367"
ARM GAS  /tmp/ccL7XiLk.s 			page 19


 257      B6C4ABF1 
 257      056AE653 
 257      2ED92C6D 
 257      E0136FF7 
 258 02e2 B1DA7D04 		.ascii	"\261\332}\004v\3514\251C\223\232\266\214kzz\221\233"
 258      76E934A9 
 258      43939AB6 
 258      8C6B7A7A 
 258      919B
 259 02f4 543FBED9 		.ascii	"T?\276\331\240\345] \021\266\357\367\236]'\274\015$"
 259      A0E55D20 
 259      11B6EFF7 
 259      9E5D27BC 
 259      0D24
 260 0306 0D8CA753 		.ascii	"\015\214\247S\222f\345.\361\205\241u\270=A\247\335/"
 260      9266E52E 
 260      F185A175 
 260      B83D41A7 
 260      DD2F
 261 0318 B74550A3 		.ascii	"\267EP\243\236}\341\354\213\253D\013g\303\012b\203!"
 261      9E7DE1EC 
 261      8BAB440B 
 261      67C30A62 
 261      8321
 262 032a 84675BA7 		.ascii	"\204g[\247\233\226p\232\231\355\233\272\236\240\246"
 262      9B96709A 
 262      99ED9BBA 
 262      9EA0A6
 263 0339 F53C735F 		.ascii	"\365<s_c\321\317\314y\225\226\260\346\017`\217\362X"
 263      63D1CFCC 
 263      799596B0 
 263      E60F608F 
 263      F258
 264 034b CDDC527E 		.ascii	"\315\334R~\213E\334N\233<\355K[1\\\325\220ZY\341OVk"
 264      8B45DC4E 
 264      9B3CED4B 
 264      5B315CD5 
 264      905A59E1 
 265 0362 0B58EEC1 		.ascii	"\013X\356\301\211\266?\246\357\203~&\215DK\032\234\313"
 265      89B63FA6 
 265      EF837E26 
 265      8D444B1A 
 265      9CCB
 266 0374 5D05F905 		.ascii	"]\005\371\005\230^\202<=\30119\362\013Y\315\214Y \271"
 266      985E823C 
 266      3DC13139 
 266      F20B59CD 
 266      8C5920B9 
 267 0388 0137AFF3 		.ascii	"\0017\257\363)\026\235N\317\367\241'\360QRe\235/\236"
 267      29169D4E 
 267      CFF7A127 
 267      F0515265 
 267      9D2F9E
 268 039b D53A929C 		.ascii	"\325:\222\234\313X\017\017N i\206\0347\2359\032\311"
 268      CB580F0F 
 268      4E206986 
 268      1C379D39 
ARM GAS  /tmp/ccL7XiLk.s 			page 20


 268      1AC9
 269 03ad E2499ABC 		.ascii	"\342I\232\274'\221\356\036\017\326\2458\011\264t\226"
 269      2791EE1E 
 269      0FD6A538 
 269      09B47496 
 270 03bd AD85E8E4 		.ascii	"\255\205\350\344\207\262\271%\365\262/}\310\037l\313"
 270      87B2B925 
 270      F5B22F7D 
 270      C81F6CCB 
 271 03cd F3DC4BFE 		.ascii	"\363\334K\376\3649\037\334~\331r\314\237\2272\320e\337"
 271      F4391FDC 
 271      7ED972CC 
 271      9F9732D0 
 271      65DF
 272 03df 82E57DBB 		.ascii	"\202\345}\27356{QK\337a\254\317\351\370\370vJV\256\\"
 272      35367B51 
 272      4BDF61AC 
 272      CFE9F8F8 
 272      764A56AE 
 273 03f4 B97AD9CA 		.ascii	"\271z\331\312|\226\025\236\313o2\340\271\374\234\245"
 273      7C96159E 
 273      CB6F32E0 
 273      B9FC9CA5 
 274 0404 221DB096 		.ascii	"\"\035\260\226{d\231s\326\3658\213Rv\0260\336\326k\224"
 274      7B649973 
 274      D6F5388B 
 274      52761630 
 274      DED66B94 
 275 0418 927D30B8 		.ascii	"\222}0\270\3253\330\340\031\333\357\210\275\346\335"
 275      D533D8E0 
 275      19DBEF88 
 275      BDE6DD
 276 0427 388CC562 		.ascii	"8\214\305bIm]FI\322\260\030A\256&;\322\345\267\223D"
 276      496D5D46 
 276      49D2B018 
 276      41AE263B 
 276      D2E5B793 
 277 043c CC026907 		.ascii	"\314\002i\007\366\026b\314\011\202\310]\250\351}\262"
 277      F61662CC 
 277      0982C85D 
 277      A8E97DB2 
 278 044c 927482EE 		.ascii	"\222t\202\356\200n\223\225\210\361\354=OI\226d\333C"
 278      806E9395 
 278      88F1EC3D 
 278      4F499664 
 278      DB43
 279 045e 71026D5E 		.ascii	"q\002m^'\213\371\2414\367\036t4\370\321\024\212[=9S"
 279      278BF9A1 
 279      34F71E74 
 279      34F8D114 
 279      8A5B3D39 
 280 0473 F6504D96 		.ascii	"\366PM\226\255\366\232\234tC\316\377\225\237\257hj)"
 280      ADF69A9C 
 280      7443CEFF 
 280      959FAF68 
 280      6A29
 281 0485 74611784 		.ascii	"ta\027\204>pv\010[\037f\314\275\334\\\240\017\262\310"
ARM GAS  /tmp/ccL7XiLk.s 			page 21


 281      3E707608 
 281      5B1F66CC 
 281      BDDC5CA0 
 281      0FB2C8
 282 0498 29BE3063 		.ascii	")\2760c\340\025Hr\031W\330C\202\354\017\015\213\036"
 282      E0154872 
 282      1957D843 
 282      82EC0F0D 
 282      8B1E
 283 04aa 9A1EEB54 		.ascii	"\232\036\353T-\223'd[tB\202\327\331\260\177\012\373"
 283      2D932764 
 283      5B744282 
 283      D7D9B07F 
 283      0AFB
 284 04bc 9F8EFAB8 		.ascii	"\237\216\372\270f\353\375o\331f\012\207+\311g\247\244"
 284      66EBFD6F 
 284      D9660A87 
 284      2BC967A7 
 284      A4
 285 04cd 767803CE 		.ascii	"vx\003\316\355\3758^\262\251I\037\011\"\227\370:\\@"
 285      EDFD385E 
 285      B2A9491F 
 285      092297F8 
 285      3A5C40
 286 04e0 76E7AFF0 		.ascii	"v\347\257\360\016\353'\237\00179\235z>\200fc\025\311"
 286      0EEB279F 
 286      0137399D 
 286      7A3E8066 
 286      6315C9
 287 04f3 E9FC1B87 		.ascii	"\351\374\033\207\265`2\010;\221\336\020\234%\325\253"
 287      B5603208 
 287      3B91DE10 
 287      9C25D5AB 
 288 0503 B1B70764 		.ascii	"\261\267\007d\023g\217\017\260\027\021\031D\213\321"
 288      13678F0F 
 288      B0171119 
 288      448BD1
 289 0512 D4BB0B01 		.ascii	"\324\273\013\001\264\224[X3\323{\011\267\220r\214{\374"
 289      B4945B58 
 289      33D37B09 
 289      B790728C 
 289      7BFC
 290 0524 901F52F0 		.ascii	"\220\037R\360C\310\017#_\360\376N\265\017\265r~*\353"
 290      43C80F23 
 290      5FF0FE4E 
 290      B50FB572 
 290      7E2AEB
 291 0537 563995F9 		.ascii	"V9\225\371.;?\242\340G\220\177\210|V\361x\226\2266q"
 291      2E3B3FA2 
 291      E047907F 
 291      887C56F1 
 291      78969636 
 292 054c BE401A49 		.ascii	"\276@\032I\261\363Y\015:\233\205\240\303#\205\303#t"
 292      B1F3590D 
 292      3A9B85A0 
 292      C32385C3 
 292      2374
ARM GAS  /tmp/ccL7XiLk.s 			page 22


 293 055e 788C0E8F 		.ascii	"x\214\016\217\2565\016ih7w\030H\274\236\240\227\213"
 293      AE350E69 
 293      68377718 
 293      48BC9EA0 
 293      978B
 294 0570 90E95284 		.ascii	"\220\351R\204_\025\026\277\242\305\023\264Hx\231y\316"
 294      5F1516BF 
 294      A2C513B4 
 294      48789979 
 294      CE
 295 0581 9F8E738B 		.ascii	"\237\216s\213\003U%6\352Y\204\247\012\376)\362\243\310"
 295      03552536 
 295      EA5984A7 
 295      0AFE29F2 
 295      A3C8
 296 0593 77D8AA8A 		.ascii	"w\330\252\212}\351<\347\317\214\377\316\263\004\317"
 296      7DE93CE7 
 296      CF8CFFCE 
 296      B304CF
 297 05a2 14F433A4 		.ascii	"\024\3643\244\307\220~<r\360\234\017MQ#}\364\310\345"
 297      C7907E3C 
 297      72F09C0F 
 297      4D51237D 
 297      F4C8E5
 298 05b5 BB7A6509 		.ascii	"\273ze\011\306\025\016\343\350\360\034\035zO\024\316"
 298      C6150EE3 
 298      E8F01C1D 
 298      7A4F14CE 
 299 05c5 E9683677 		.ascii	"\351h6wh\274\364\374\220\257\\\202c.%x\241\260x\201"
 299      68BCF4FC 
 299      90AF5C82 
 299      632E2578 
 299      A1B07881 
 300 05d9 162FD122 		.ascii	"\026/\321\"\263\266\345\202/-\345\026\371\3115\267\265"
 300      B3B6E582 
 300      2F2DE516 
 300      F9C935B7 
 300      B5
 301 05ea 9E259850 		.ascii	"\236%\230P\360\023\310O\"\277\320v\242UE\255\234\037"
 301      F013C84F 
 301      22BFD076 
 301      A25545AD 
 301      9C1F
 302 05fc 58B854E4 		.ascii	"X\270T\344\343Y\204)\005?\205\3744\362Mu?Z\241\0178"
 302      E3598429 
 302      053F85FC 
 302      34F24D75 
 302      3F5AA10F 
 303 0611 DF74BD2F 		.ascii	"\337t\275/\315K\037\274R8\274B\207\031t8z0\371C\332"
 303      CD4B1FBC 
 303      5238BC42 
 303      87197438 
 303      7A30F943 
 304 0626 CD0D0E55 		.ascii	"\315\015\016U\367\024\007\3105\250t\251\301\254\302"
 304      F71407C8 
 304      35A874A9 
 304      C1ACC2
ARM GAS  /tmp/ccL7XiLk.s 			page 23


 305 0635 61161D5E 		.ascii	"a\026\035^\363g\341lM\225\037\035\347\026\263-\023G"
 305      F367E16C 
 305      4D951F1D 
 305      E716B32D 
 305      1347
 306 0647 15359853 		.ascii	"\0255\230S\360s\310\277A~>o\256XM\3479_RS]\250\361\254"
 306      F073C8BF 
 306      417E3E6F 
 306      AE584DE7 
 306      395F5253 
 307 065f C1BC829F 		.ascii	"\301\274\202\237G\376-\3629\271\307\255:\232\262\004"
 307      47FE2DF2 
 307      39B9C7AD 
 307      3A9AB204 
 308 066f F9CE81BE 		.ascii	"\371\316\201\276~\225\262\006\357\024\016\357\320\341"
 308      7E95B206 
 308      EF140EEF 
 308      D0E1
 309 067d 3D3A9CBD 		.ascii	"=:\234\275\334W\353G\263\271\303d]Y\302R\271\0105.E"
 309      DC57EB47 
 309      B3B9C364 
 309      5D59C252 
 309      B908352E 
 310 0692 5850582C 		.ascii	"XPX,\240\205\244b\026I\257\367\346hh)\267\350jH\253"
 310      A085A462 
 310      1649AFF7 
 310      E6686829 
 310      B7E86A48 
 311 06a7 5214215E 		.ascii	"R\024!^\345\311\303\0358' \337\220\231z\336\237Z9\177"
 311      E5C9C31D 
 311      382720DF 
 311      90997ADE 
 311      9F5A397F 
 312 06bb F882F460 		.ascii	"\370\202\364`\211g\021\022\025|\"\362{\220\377i\332"
 312      89671112 
 312      157C22F2 
 312      7B90FF69 
 312      DA
 313 06cc 72534D9B 		.ascii	"rSM\2338\237\375Ss\023Q\026!I\341\220\204\016{\321!"
 313      389FFD53 
 313      73135116 
 313      2149E190 
 313      840E7BD1 
 314 06e1 F96A4191 		.ascii	"\371jA\221\226vs\207\326\226\252<\271\225lW\\\212\260"
 314      96767387 
 314      D696AA3C 
 314      B9956C57 
 314      5C8AB0
 315 06f4 4F61B10F 		.ascii	"Oa\261\017-\366\243E\355\231\262Ix!p\213\322\211Q\213"
 315      2DF6A345 
 315      ED99B249 
 315      7821708B 
 315      D289518B 
 316 0708 9F671192 		.ascii	"\237g\021\222\025|2\362)\310_\034\357~\355C\3479o}3"
 316      157C32F2 
 316      29C85F1C 
 316      EF7EED43 
ARM GAS  /tmp/ccL7XiLk.s 			page 24


 316      E7396F7D 
 317 071d 7A4DF156 		.ascii	"zM\361V<\240\340\017 \177\020\371\251f\013<\015)>\310"
 317      3CA0E00F 
 317      207F10F9 
 317      A9660B3C 
 317      0D293EC8 
 318 0731 1FBCD27E 		.ascii	"\037\274\322~L\253,B\252\302!\025\035~@\007k\335\374"
 318      4CAB2C42 
 318      AAC22115 
 318      1D7E4007 
 318      6BDDFC
 319 0744 87349B1B 		.ascii	"\2074\233\033\014=\031\311\227w\301v\327\245\006i\012"
 319      0C3D19C9 
 319      9777C176 
 319      D7A50669 
 319      0A
 320 0755 873474B0 		.ascii	"\2074t\260\240\203\245,\357-4\002\267\230\373\341@\206"
 320      A083A52C 
 320      EF2D3402 
 320      B798FBE1 
 320      4086
 321 0767 E23F43BA 		.ascii	"\342?C\272\202OG\376G\276\206\316\222\373K\251\225\363"
 321      824F47FE 
 321      47BE86CE 
 321      92FB4BA9 
 321      95F3
 322 0779 8543A71E 		.ascii	"\205C\247\036i=k\220\241\3403\220?\204\374`Uu\231\236"
 322      693D6B90 
 322      A1E03390 
 322      3F84FC60 
 322      5575999E 
 323 078d 3671FE5E 		.ascii	"6q\376^Ob\273\227\327\342a\205\303at8\202\016\245\226"
 323      4F62BB97 
 323      D7E26185 
 323      C3617438 
 323      820EA596 
 324 07a1 914C5FDA 		.ascii	"\221L_\332\315\035\222r\273'\375\345\"\364\270\024!"
 324      CD1D9272 
 324      BB27FDE5 
 324      22F4B814 
 324      21
 325 07b2 53619189 		.ascii	"Sa\221\211\026G\321\"\273\363\020\374l\037\347\026\231"
 325      1647D122 
 325      BBF310FC 
 325      6C1FE716 
 325      99
 326 07c3 F589A7D4 		.ascii	"\365\211\247\324\236E\310R\360Y\310g#"
 326      9E45C852 
 326      F059C867 
 326      23
 327 07d0 3FB66FA0 		.ascii	"?\266o\240\037\032\201\363{\027\252;\024\257\204\034"
 327      1F1A81F3 
 327      7B17AA3B 
 327      14AF841C 
 328 07e0 059F837C 		.ascii	"\005\237\203|.\362\231So\022\241\021|\221\177\\u\276"
 328      2EF29953 
 328      6F12A111 
ARM GAS  /tmp/ccL7XiLk.s 			page 25


 328      7C917F5C 
 328      75BE
 329 07f2 C6CB6BF1 		.ascii	"\306\313k\361\230\302\341\030:\034G\207\266\306\352"
 329      98C2E118 
 329      3A1C4787 
 329      B6C6EA
 330 0801 076AB71F 		.ascii	"\007j\267\037\274\275.\277\312\004rB\205?x\331'\253"
 330      BCBD2EBF 
 330      CA047242 
 330      853F78D9 
 330      27AB
 331 0813 73FBA9B3 		.ascii	"s\373\251\263\304-\232\375\016qF\237\224\243ObtRMz\221"
 331      C42D9AFD 
 331      0E71469F 
 331      94A34F62 
 331      74524D7A 
 332 0828 C61E6D59 		.ascii	"\306\036mY\364\3074\311\003\312_\024#L\261F12&\322\254"
 332      F4C734C9 
 332      03CA5F14 
 332      234CB146 
 332      313226D2 
 333 083d FE9731FC 		.ascii	"\376\2271\374\037\232-\177\372[\310\346\2600\341;\303"
 333      1F9A2D7F 
 333      FA5BC8E6 
 333      B030E13B 
 333      C3
 334 084e 7653B4D1 		.ascii	"vS\264\321\260\335\030a6\305\032\276\2165}\037\033\036"
 334      B0DD1861 
 334      36C51ABE 
 334      8E357D1F 
 334      1B1E
 335 0860 1D673046 		.ascii	"\035g0FDE\356\2103\0326o\217\334\032\371\347o\304\260"
 335      4445EE88 
 335      331A366F 
 335      8FDC1AF9 
 335      E76FC4B0 
 336 0874 8DA161A1 		.ascii	"\215\241a\241\233\014\2468C\204):\332\024c\330a\212"
 336      9B0CA638 
 336      4384293A 
 336      DA1463D8 
 336      618A
 337 0886 35C719FE 		.ascii	"5\307\031\376\360\227\2576\177\265\213\335\333\021\031"
 337      F097AF36 
 337      7FB58BDD 
 337      DB1119
 338 0895 658C8D33 		.ascii	"e\214\2153l\331\274\331\020\021k\016\013\215\020t\242"
 338      6CD9BCD9 
 338      10116B0E 
 338      0B8D1074 
 338      A2
 339 08a6 680C8F8D 		.ascii	"h\014\217\215\332\215Ia\002Q\341f>\001\275(n3\376=|"
 339      DA8D4961 
 339      0251E166 
 339      3E01BD28 
 339      6E33FE3D 
 340 08bb 67945934 		.ascii	"g\224Y4\356\2124kb`f\346\235\2611\201\"~-\302\004\304"
 340      EE8A346B 
ARM GAS  /tmp/ccL7XiLk.s 			page 26


 340      626066E6 
 340      9DB13181 
 340      227E2DC2 
 341 08d1 F0586378 		.ascii	"\360Xcx\234\237\343J\033\021\005^x\255\025\305\235\221"
 341      9C9FE34A 
 341      1B11055E 
 341      78AD15C5 
 341      9D91
 342 08e3 31E6756B 		.ascii	"1\346ukE\363\227\006\323\016\263\341\373\210\2105\341"
 342      45F39706 
 342      D30EB3E1 
 342      FB888835 
 342      E1
 343 08f4 B1D16B62 		.ascii	"\261\321kbL1\3065\306\360\255\221\006\367QdLD\324\316"
 343      4C31C635 
 343      C6F0AD91 
 343      06F75164 
 343      4C44D4CE 
 344 0908 6D464374 		.ascii	"mFCtx\304\366\310\030\243\301\221\334\274{\2071.t\273"
 344      78C4F6C8 
 344      18A3C191 
 344      DCBC7B87 
 344      312E74BB 
 345 091c A0B1FBFD 		.ascii	"\240\261\373\375\376\377\362\213\333\035g\020\343\314"
 345      FEFFF28B 
 345      DB1D6710 
 345      E3CC
 346 092a DB000613 		.ascii	"\333\000\006\023?\234:\233\240\036\257\314\306]|\250"
 346      3F9C3A9B 
 346      A01EAFCC 
 346      C65D7CA8 
 347 093a 8B31898E 		.ascii	"\2131\211\216\357\002\330\212\034#\321\034$\262\325"
 347      EF02D88A 
 347      1C23D11C 
 347      24B2D5
 348 0949 7E2E3A11 		.ascii	"~.:\021q\251\353-Q/\217\370\372\305\000y\030c\342_s"
 348      71A9EB2D 
 348      512F8FF8 
 348      FAC50079 
 348      1863E25F 
 349 095e 3E4CC987 		.ascii	">L\311\207\271\361a\356|\230\007\277V\311\257u\343\327"
 349      B9F161EE 
 349      7C9807BF 
 349      56C9AF75 
 349      E3D7
 350 0970 BAF36B3D 		.ascii	"\272\363k=\370uJ~\235\033\277\316\235_\347\301\257W"
 350      F8754A7E 
 350      9D1BBFCE 
 350      9D5FE7C1 
 350      AF57
 351 0982 F2EBDDF8 		.ascii	"\362\353\335\370\365\356\374z\017~\203\222\337\340\306"
 351      F5EEFC7A 
 351      0F7E8392 
 351      DFE0C6
 352 0991 6F70E737 		.ascii	"op\3477x\360\033\225\374F7~\243;\277\321\203\337\244"
 352      78F01B95 
 352      FC46377E 
ARM GAS  /tmp/ccL7XiLk.s 			page 27


 352      A33BBFD1 
 352      83DFA4
 353 09a4 E437B9F1 		.ascii	"\3447\271\361\233\334\371M\016\376?\3307X\327"
 353      9BDCF94D 
 353      0EFE3FD8 
 353      3758D7
 354              		.text
 355              		.section	.gnu.lto_.symtab.8082b665e19b25a4,"",%progbits
 356 0000 5F5F636F 		.ascii	"__core_init\000"
 356      72655F69 
 356      6E697400 
 357 000c 00       		.ascii	"\000"
 358 000d 01       		.ascii	"\001"
 359 000e 00       		.ascii	"\000"
 360 000f 00000000 		.ascii	"\000\000\000\000\000\000\000\000"
 360      00000000 
 361 0017 AF000000 		.ascii	"\257\000\000\000"
 362 001b 5F5F6561 		.ascii	"__early_init\000"
 362      726C795F 
 362      696E6974 
 362      00
 363 0028 00       		.ascii	"\000"
 364 0029 01       		.ascii	"\001"
 365 002a 00       		.ascii	"\000"
 366 002b 00000000 		.ascii	"\000\000\000\000\000\000\000\000"
 366      00000000 
 367 0033 B2000000 		.ascii	"\262\000\000\000"
 368 0037 5F5F6C61 		.ascii	"__late_init\000"
 368      74655F69 
 368      6E697400 
 369 0043 00       		.ascii	"\000"
 370 0044 01       		.ascii	"\001"
 371 0045 00       		.ascii	"\000"
 372 0046 00000000 		.ascii	"\000\000\000\000\000\000\000\000"
 372      00000000 
 373 004e B5000000 		.ascii	"\265\000\000\000"
 374 0052 5F5F6465 		.ascii	"__default_exit\000"
 374      6661756C 
 374      745F6578 
 374      697400
 375 0061 00       		.ascii	"\000"
 376 0062 01       		.ascii	"\001"
 377 0063 00       		.ascii	"\000"
 378 0064 00000000 		.ascii	"\000\000\000\000\000\000\000\000"
 378      00000000 
 379 006c BA000000 		.ascii	"\272\000\000\000"
 380 0070 5F5F696E 		.ascii	"__init_ram_areas\000"
 380      69745F72 
 380      616D5F61 
 380      72656173 
 380      00
 381 0081 00       		.ascii	"\000"
 382 0082 00       		.ascii	"\000"
 383 0083 00       		.ascii	"\000"
 384 0084 00000000 		.ascii	"\000\000\000\000\000\000\000\000"
 384      00000000 
 385 008c BC000000 		.ascii	"\274\000\000\000"
ARM GAS  /tmp/ccL7XiLk.s 			page 28


 386 0090 5F5F7261 		.ascii	"__ram0_init_text__\000"
 386      6D305F69 
 386      6E69745F 
 386      74657874 
 386      5F5F00
 387 00a3 00       		.ascii	"\000"
 388 00a4 02       		.ascii	"\002"
 389 00a5 00       		.ascii	"\000"
 390 00a6 00000000 		.ascii	"\000\000\000\000\000\000\000\000"
 390      00000000 
 391 00ae E0000000 		.ascii	"\340\000\000\000"
 392 00b2 5F5F7261 		.ascii	"__ram0_init__\000"
 392      6D305F69 
 392      6E69745F 
 392      5F00
 393 00c0 00       		.ascii	"\000"
 394 00c1 02       		.ascii	"\002"
 395 00c2 00       		.ascii	"\000"
 396 00c3 00000000 		.ascii	"\000\000\000\000\000\000\000\000"
 396      00000000 
 397 00cb E2000000 		.ascii	"\342\000\000\000"
 398 00cf 5F5F7261 		.ascii	"__ram0_clear__\000"
 398      6D305F63 
 398      6C656172 
 398      5F5F00
 399 00de 00       		.ascii	"\000"
 400 00df 02       		.ascii	"\002"
 401 00e0 00       		.ascii	"\000"
 402 00e1 00000000 		.ascii	"\000\000\000\000\000\000\000\000"
 402      00000000 
 403 00e9 E4000000 		.ascii	"\344\000\000\000"
 404 00ed 5F5F7261 		.ascii	"__ram0_noinit__\000"
 404      6D305F6E 
 404      6F696E69 
 404      745F5F00 
 405 00fd 00       		.ascii	"\000"
 406 00fe 02       		.ascii	"\002"
 407 00ff 00       		.ascii	"\000"
 408 0100 00000000 		.ascii	"\000\000\000\000\000\000\000\000"
 408      00000000 
 409 0108 E6000000 		.ascii	"\346\000\000\000"
 410 010c 5F5F7261 		.ascii	"__ram1_init_text__\000"
 410      6D315F69 
 410      6E69745F 
 410      74657874 
 410      5F5F00
 411 011f 00       		.ascii	"\000"
 412 0120 02       		.ascii	"\002"
 413 0121 00       		.ascii	"\000"
 414 0122 00000000 		.ascii	"\000\000\000\000\000\000\000\000"
 414      00000000 
 415 012a E8000000 		.ascii	"\350\000\000\000"
 416 012e 5F5F7261 		.ascii	"__ram1_init__\000"
 416      6D315F69 
 416      6E69745F 
 416      5F00
 417 013c 00       		.ascii	"\000"
ARM GAS  /tmp/ccL7XiLk.s 			page 29


 418 013d 02       		.ascii	"\002"
 419 013e 00       		.ascii	"\000"
 420 013f 00000000 		.ascii	"\000\000\000\000\000\000\000\000"
 420      00000000 
 421 0147 EA000000 		.ascii	"\352\000\000\000"
 422 014b 5F5F7261 		.ascii	"__ram1_clear__\000"
 422      6D315F63 
 422      6C656172 
 422      5F5F00
 423 015a 00       		.ascii	"\000"
 424 015b 02       		.ascii	"\002"
 425 015c 00       		.ascii	"\000"
 426 015d 00000000 		.ascii	"\000\000\000\000\000\000\000\000"
 426      00000000 
 427 0165 EC000000 		.ascii	"\354\000\000\000"
 428 0169 5F5F7261 		.ascii	"__ram1_noinit__\000"
 428      6D315F6E 
 428      6F696E69 
 428      745F5F00 
 429 0179 00       		.ascii	"\000"
 430 017a 02       		.ascii	"\002"
 431 017b 00       		.ascii	"\000"
 432 017c 00000000 		.ascii	"\000\000\000\000\000\000\000\000"
 432      00000000 
 433 0184 EE000000 		.ascii	"\356\000\000\000"
 434 0188 5F5F7261 		.ascii	"__ram2_init_text__\000"
 434      6D325F69 
 434      6E69745F 
 434      74657874 
 434      5F5F00
 435 019b 00       		.ascii	"\000"
 436 019c 02       		.ascii	"\002"
 437 019d 00       		.ascii	"\000"
 438 019e 00000000 		.ascii	"\000\000\000\000\000\000\000\000"
 438      00000000 
 439 01a6 F0000000 		.ascii	"\360\000\000\000"
 440 01aa 5F5F7261 		.ascii	"__ram2_init__\000"
 440      6D325F69 
 440      6E69745F 
 440      5F00
 441 01b8 00       		.ascii	"\000"
 442 01b9 02       		.ascii	"\002"
 443 01ba 00       		.ascii	"\000"
 444 01bb 00000000 		.ascii	"\000\000\000\000\000\000\000\000"
 444      00000000 
 445 01c3 F2000000 		.ascii	"\362\000\000\000"
 446 01c7 5F5F7261 		.ascii	"__ram2_clear__\000"
 446      6D325F63 
 446      6C656172 
 446      5F5F00
 447 01d6 00       		.ascii	"\000"
 448 01d7 02       		.ascii	"\002"
 449 01d8 00       		.ascii	"\000"
 450 01d9 00000000 		.ascii	"\000\000\000\000\000\000\000\000"
 450      00000000 
 451 01e1 F4000000 		.ascii	"\364\000\000\000"
 452 01e5 5F5F7261 		.ascii	"__ram2_noinit__\000"
ARM GAS  /tmp/ccL7XiLk.s 			page 30


 452      6D325F6E 
 452      6F696E69 
 452      745F5F00 
 453 01f5 00       		.ascii	"\000"
 454 01f6 02       		.ascii	"\002"
 455 01f7 00       		.ascii	"\000"
 456 01f8 00000000 		.ascii	"\000\000\000\000\000\000\000\000"
 456      00000000 
 457 0200 F6000000 		.ascii	"\366\000\000\000"
 458 0204 5F5F7261 		.ascii	"__ram3_init_text__\000"
 458      6D335F69 
 458      6E69745F 
 458      74657874 
 458      5F5F00
 459 0217 00       		.ascii	"\000"
 460 0218 02       		.ascii	"\002"
 461 0219 00       		.ascii	"\000"
 462 021a 00000000 		.ascii	"\000\000\000\000\000\000\000\000"
 462      00000000 
 463 0222 F8000000 		.ascii	"\370\000\000\000"
 464 0226 5F5F7261 		.ascii	"__ram3_init__\000"
 464      6D335F69 
 464      6E69745F 
 464      5F00
 465 0234 00       		.ascii	"\000"
 466 0235 02       		.ascii	"\002"
 467 0236 00       		.ascii	"\000"
 468 0237 00000000 		.ascii	"\000\000\000\000\000\000\000\000"
 468      00000000 
 469 023f FA000000 		.ascii	"\372\000\000\000"
 470 0243 5F5F7261 		.ascii	"__ram3_clear__\000"
 470      6D335F63 
 470      6C656172 
 470      5F5F00
 471 0252 00       		.ascii	"\000"
 472 0253 02       		.ascii	"\002"
 473 0254 00       		.ascii	"\000"
 474 0255 00000000 		.ascii	"\000\000\000\000\000\000\000\000"
 474      00000000 
 475 025d FC000000 		.ascii	"\374\000\000\000"
 476 0261 5F5F7261 		.ascii	"__ram3_noinit__\000"
 476      6D335F6E 
 476      6F696E69 
 476      745F5F00 
 477 0271 00       		.ascii	"\000"
 478 0272 02       		.ascii	"\002"
 479 0273 00       		.ascii	"\000"
 480 0274 00000000 		.ascii	"\000\000\000\000\000\000\000\000"
 480      00000000 
 481 027c FE000000 		.ascii	"\376\000\000\000"
 482 0280 5F5F7261 		.ascii	"__ram4_init_text__\000"
 482      6D345F69 
 482      6E69745F 
 482      74657874 
 482      5F5F00
 483 0293 00       		.ascii	"\000"
 484 0294 02       		.ascii	"\002"
ARM GAS  /tmp/ccL7XiLk.s 			page 31


 485 0295 00       		.ascii	"\000"
 486 0296 00000000 		.ascii	"\000\000\000\000\000\000\000\000"
 486      00000000 
 487 029e 00010000 		.ascii	"\000\001\000\000"
 488 02a2 5F5F7261 		.ascii	"__ram4_init__\000"
 488      6D345F69 
 488      6E69745F 
 488      5F00
 489 02b0 00       		.ascii	"\000"
 490 02b1 02       		.ascii	"\002"
 491 02b2 00       		.ascii	"\000"
 492 02b3 00000000 		.ascii	"\000\000\000\000\000\000\000\000"
 492      00000000 
 493 02bb 02010000 		.ascii	"\002\001\000\000"
 494 02bf 5F5F7261 		.ascii	"__ram4_clear__\000"
 494      6D345F63 
 494      6C656172 
 494      5F5F00
 495 02ce 00       		.ascii	"\000"
 496 02cf 02       		.ascii	"\002"
 497 02d0 00       		.ascii	"\000"
 498 02d1 00000000 		.ascii	"\000\000\000\000\000\000\000\000"
 498      00000000 
 499 02d9 04010000 		.ascii	"\004\001\000\000"
 500 02dd 5F5F7261 		.ascii	"__ram4_noinit__\000"
 500      6D345F6E 
 500      6F696E69 
 500      745F5F00 
 501 02ed 00       		.ascii	"\000"
 502 02ee 02       		.ascii	"\002"
 503 02ef 00       		.ascii	"\000"
 504 02f0 00000000 		.ascii	"\000\000\000\000\000\000\000\000"
 504      00000000 
 505 02f8 06010000 		.ascii	"\006\001\000\000"
 506 02fc 5F5F7261 		.ascii	"__ram5_init_text__\000"
 506      6D355F69 
 506      6E69745F 
 506      74657874 
 506      5F5F00
 507 030f 00       		.ascii	"\000"
 508 0310 02       		.ascii	"\002"
 509 0311 00       		.ascii	"\000"
 510 0312 00000000 		.ascii	"\000\000\000\000\000\000\000\000"
 510      00000000 
 511 031a 08010000 		.ascii	"\010\001\000\000"
 512 031e 5F5F7261 		.ascii	"__ram5_init__\000"
 512      6D355F69 
 512      6E69745F 
 512      5F00
 513 032c 00       		.ascii	"\000"
 514 032d 02       		.ascii	"\002"
 515 032e 00       		.ascii	"\000"
 516 032f 00000000 		.ascii	"\000\000\000\000\000\000\000\000"
 516      00000000 
 517 0337 0A010000 		.ascii	"\012\001\000\000"
 518 033b 5F5F7261 		.ascii	"__ram5_clear__\000"
 518      6D355F63 
ARM GAS  /tmp/ccL7XiLk.s 			page 32


 518      6C656172 
 518      5F5F00
 519 034a 00       		.ascii	"\000"
 520 034b 02       		.ascii	"\002"
 521 034c 00       		.ascii	"\000"
 522 034d 00000000 		.ascii	"\000\000\000\000\000\000\000\000"
 522      00000000 
 523 0355 0C010000 		.ascii	"\014\001\000\000"
 524 0359 5F5F7261 		.ascii	"__ram5_noinit__\000"
 524      6D355F6E 
 524      6F696E69 
 524      745F5F00 
 525 0369 00       		.ascii	"\000"
 526 036a 02       		.ascii	"\002"
 527 036b 00       		.ascii	"\000"
 528 036c 00000000 		.ascii	"\000\000\000\000\000\000\000\000"
 528      00000000 
 529 0374 0E010000 		.ascii	"\016\001\000\000"
 530 0378 5F5F7261 		.ascii	"__ram6_init_text__\000"
 530      6D365F69 
 530      6E69745F 
 530      74657874 
 530      5F5F00
 531 038b 00       		.ascii	"\000"
 532 038c 02       		.ascii	"\002"
 533 038d 00       		.ascii	"\000"
 534 038e 00000000 		.ascii	"\000\000\000\000\000\000\000\000"
 534      00000000 
 535 0396 10010000 		.ascii	"\020\001\000\000"
 536 039a 5F5F7261 		.ascii	"__ram6_init__\000"
 536      6D365F69 
 536      6E69745F 
 536      5F00
 537 03a8 00       		.ascii	"\000"
 538 03a9 02       		.ascii	"\002"
 539 03aa 00       		.ascii	"\000"
 540 03ab 00000000 		.ascii	"\000\000\000\000\000\000\000\000"
 540      00000000 
 541 03b3 12010000 		.ascii	"\022\001\000\000"
 542 03b7 5F5F7261 		.ascii	"__ram6_clear__\000"
 542      6D365F63 
 542      6C656172 
 542      5F5F00
 543 03c6 00       		.ascii	"\000"
 544 03c7 02       		.ascii	"\002"
 545 03c8 00       		.ascii	"\000"
 546 03c9 00000000 		.ascii	"\000\000\000\000\000\000\000\000"
 546      00000000 
 547 03d1 14010000 		.ascii	"\024\001\000\000"
 548 03d5 5F5F7261 		.ascii	"__ram6_noinit__\000"
 548      6D365F6E 
 548      6F696E69 
 548      745F5F00 
 549 03e5 00       		.ascii	"\000"
 550 03e6 02       		.ascii	"\002"
 551 03e7 00       		.ascii	"\000"
 552 03e8 00000000 		.ascii	"\000\000\000\000\000\000\000\000"
ARM GAS  /tmp/ccL7XiLk.s 			page 33


 552      00000000 
 553 03f0 16010000 		.ascii	"\026\001\000\000"
 554 03f4 5F5F7261 		.ascii	"__ram7_init_text__\000"
 554      6D375F69 
 554      6E69745F 
 554      74657874 
 554      5F5F00
 555 0407 00       		.ascii	"\000"
 556 0408 02       		.ascii	"\002"
 557 0409 00       		.ascii	"\000"
 558 040a 00000000 		.ascii	"\000\000\000\000\000\000\000\000"
 558      00000000 
 559 0412 18010000 		.ascii	"\030\001\000\000"
 560 0416 5F5F7261 		.ascii	"__ram7_init__\000"
 560      6D375F69 
 560      6E69745F 
 560      5F00
 561 0424 00       		.ascii	"\000"
 562 0425 02       		.ascii	"\002"
 563 0426 00       		.ascii	"\000"
 564 0427 00000000 		.ascii	"\000\000\000\000\000\000\000\000"
 564      00000000 
 565 042f 1A010000 		.ascii	"\032\001\000\000"
 566 0433 5F5F7261 		.ascii	"__ram7_clear__\000"
 566      6D375F63 
 566      6C656172 
 566      5F5F00
 567 0442 00       		.ascii	"\000"
 568 0443 02       		.ascii	"\002"
 569 0444 00       		.ascii	"\000"
 570 0445 00000000 		.ascii	"\000\000\000\000\000\000\000\000"
 570      00000000 
 571 044d 1C010000 		.ascii	"\034\001\000\000"
 572 0451 5F5F7261 		.ascii	"__ram7_noinit__\000"
 572      6D375F6E 
 572      6F696E69 
 572      745F5F00 
 573 0461 00       		.ascii	"\000"
 574 0462 02       		.ascii	"\002"
 575 0463 00       		.ascii	"\000"
 576 0464 00000000 		.ascii	"\000\000\000\000\000\000\000\000"
 576      00000000 
 577 046c 1E010000 		.ascii	"\036\001\000\000"
 578              		.text
 579              		.section	.gnu.lto_.opts,"",%progbits
 580 0000 272D666D 		.ascii	"'-fmath-errno' '-fsigned-zeros' '-ftrapping-math' '"
 580      6174682D 
 580      6572726E 
 580      6F272027 
 580      2D667369 
 581 0033 2D666E6F 		.ascii	"-fno-trapv' '-fno-openmp' '-fno-openacc' '-mcpu=cor"
 581      2D747261 
 581      70762720 
 581      272D666E 
 581      6F2D6F70 
 582 0066 7465782D 		.ascii	"tex-m4' '-mfloat-abi=hard' '-mfpu=fpv4-sp-d16' '-mn"
 582      6D342720 
ARM GAS  /tmp/ccL7XiLk.s 			page 34


 582      272D6D66 
 582      6C6F6174 
 582      2D616269 
 583 0099 6F2D7468 		.ascii	"o-thumb-interwork' '-mthumb' '-ggdb' '-O2' '-fomit-"
 583      756D622D 
 583      696E7465 
 583      72776F72 
 583      6B272027 
 584 00cc 6672616D 		.ascii	"frame-pointer' '-falign-functions=16' '-ffunction-s"
 584      652D706F 
 584      696E7465 
 584      72272027 
 584      2D66616C 
 585 00ff 65637469 		.ascii	"ections' '-fdata-sections' '-fno-common' '-flto' '-"
 585      6F6E7327 
 585      20272D66 
 585      64617461 
 585      2D736563 
 586 0132 6673696E 		.ascii	"fsingle-precision-constant'\000"
 586      676C652D 
 586      70726563 
 586      6973696F 
 586      6E2D636F 
 587              		.text
 588              		.comm	__gnu_lto_v1,1,1
 589              		.comm	__gnu_lto_slim,1,1
 590              		.ident	"GCC: (GNU Tools for ARM Embedded Processors) 5.4.1 20160919 (release) [ARM/embedded-5-bran
ARM GAS  /tmp/ccL7XiLk.s 			page 35


DEFINED SYMBOLS
                            *ABS*:00000000 crt1.c
                            *COM*:00000001 __gnu_lto_v1
                            *COM*:00000001 __gnu_lto_slim

NO UNDEFINED SYMBOLS
