ARM GAS  /tmp/ccYH3caS.s 			page 1


   1              		.syntax unified
   2              		.cpu cortex-m4
   3              		.eabi_attribute 27, 1
   4              		.eabi_attribute 28, 1
   5              		.fpu fpv4-sp-d16
   6              		.eabi_attribute 20, 1
   7              		.eabi_attribute 21, 1
   8              		.eabi_attribute 23, 3
   9              		.eabi_attribute 24, 1
  10              		.eabi_attribute 25, 1
  11              		.eabi_attribute 26, 1
  12              		.eabi_attribute 30, 2
  13              		.eabi_attribute 34, 1
  14              		.eabi_attribute 18, 4
  15              		.thumb
  16              		.syntax unified
  17              		.file	"hal.c"
  18              		.text
  19              	.Ltext0:
  20              		.section	.gnu.lto_.profile.8a67ce9c94a178a9,"",%progbits
  21 0000 789C6361 		.ascii	"x\234ca`d`a`\000\222\205\274\000\001Y\000\211"
  21      60646061 
  21      60009285 
  21      BC000159 
  21      0089
  22              		.text
  23              		.section	.gnu.lto_.icf.8a67ce9c94a178a9,"",%progbits
  24 0000 789C6361 		.ascii	"x\234ca`d\000\001\016\006\004`d\230|\352\362\006.\006"
  24      60640001 
  24      0E060460 
  24      64987CEA 
  24      F2062E06 
  25 0014 000E2202 		.ascii	"\000\016\"\002\371"
  25      F9
  26              		.text
  27              		.section	.gnu.lto_.jmpfuncs.8a67ce9c94a178a9,"",%progbits
  28 0000 789C6361 		.ascii	"x\234ca`d\000\001\003\006\004`Db301\376ebl\376\265\377"
  28      60640001 
  28      03060460 
  28      44623330 
  28      31FE6562 
  29 0018 335FFDDF 		.ascii	"3_\375\337\206\031\015\015\002\255\314\014\235\314 "
  29      86190D0D 
  29      02ADCC0C 
  29      9DCC20
  30 0027 55CB19EB 		.ascii	"U\313\031\353\031\030Y\200,\000\367\243\012\\"
  30      19185980 
  30      2C00F7A3 
  30      0A5C
  31              		.text
  32              		.section	.gnu.lto_.inline.8a67ce9c94a178a9,"",%progbits
  33 0000 789C6361 		.ascii	"x\234ca`d\000\001_\006\004\000\212\360\177\004\222L"
  33      60640001 
  33      5F060400 
  33      8AF07F04 
  33      924C
  34 0012 4036DB02 		.ascii	"@6\333\002y&\260\030\027\011\004\0237\310\0200\223\001"
ARM GAS  /tmp/ccYH3caS.s 			page 2


  34      7926B018 
  34      17090413 
  34      37C81030 
  34      9301
  35 0024 00A79F02 		.ascii	"\000\247\237\002\232"
  35      9A
  36              		.text
  37              		.section	.gnu.lto_.pureconst.8a67ce9c94a178a9,"",%progbits
  38 0000 789C6361 		.ascii	"x\234ca`d`f`\000\222\022\000\000p\000\""
  38      60646066 
  38      60009212 
  38      00007000 
  38      22
  39              		.text
  40              		.section	.gnu.lto_halInit.8a67ce9c94a178a9,"",%progbits
  41 0000 789C75D2 		.ascii	"x\234u\322\275/\004A\024\000\360\367f\316\336!'J\011"
  41      BD2F0441 
  41      1400F0F7 
  41      66CEDE21 
  41      274A09
  42 0013 8546A1B9 		.ascii	"\205F\241\271\245\241\023\211NC\370\003\204\313\306"
  42      A5A11389 
  42      4E43F803 
  42      84CBC6
  43 0022 5E90933B 		.ascii	"^\220\223;\375\016k\203N\004\221KP\372\276\363\315%"
  43      FD0E6B83 
  43      4E04914B 
  43      50FABEF3 
  43      CD25
  44 0034 C446A7A1 		.ascii	"\304F\247\241\023\242\021\205\210(|6\222\263\336,\221"
  44      13A21185 
  44      88287C36 
  44      92B3DE2C 
  44      91
  45 0045 2DCC249B 		.ascii	"-\314$\233\331\235\367\333\367\336$/\004\010r\3553\200"
  45      D99DF7DB 
  45      F7DE242F 
  45      040872ED 
  45      3380
  46 0057 66DA2BE9 		.ascii	"f\332+\351A\016\310&\317\001\206#\014Q\276\210\010\202"
  46      410EC826 
  46      CF018623 
  46      0C51BE88 
  46      0882
  47 0069 C5D0C20F 		.ascii	"\305\320\302\017V`x:v\237g\265K\202\326\255\263\300"
  47      5660783A 
  47      769F67B5 
  47      4B82D6AD 
  47      B3C0
  48 007b C5B28B0E 		.ascii	"\305\262\213\016\007\360\230\237\011p\011k\201\330\335"
  48      07F0989F 
  48      0970096B 
  48      81D8DD
  49 008a D6D74C54 		.ascii	"\326\327LT\033\225\254\372'\210\313\250\311r\271\016"
  49      1B95ACFA 
  49      2788CBA8 
  49      C972B90E 
ARM GAS  /tmp/ccYH3caS.s 			page 3


  50 009a 57789E2D 		.ascii	"Wx\236-\304u\335BM\024\340\231\202\262\314\013cr\347"
  50      C475DD42 
  50      4D14E099 
  50      82B2CC0B 
  50      6372E7
  51 00ad 0F68BB85 		.ascii	"\017h\273\205\250\3242O>\377t\023\266\012b\\\210r\207"
  51      A8D4324F 
  51      3EFF7413 
  51      B60A625C 
  51      887287
  52 00c0 A3C72805 		.ascii	"\243\307(\005\256\240\005\016g\360\200\243\356\224\366"
  52      AEA0050E 
  52      67F080A3 
  52      EE94F6
  53 00cf 3FE51EE5 		.ascii	"?\345\036\345\003\\%J\261Y\347\364\"\374\316\034\036"
  53      035C254A 
  53      B159E7F4 
  53      22FCCE1C 
  53      1E
  54 00e0 42F9697F 		.ascii	"B\371i\177\236\274\225\021\235\363ih\202. \217\3172"
  54      9EBC9511 
  54      9DF36968 
  54      822E208F 
  54      CF32
  55 00f2 6B7D8B38 		.ascii	"k}\2138?<\351\037\027\341:]z\015\253\374\230\367\270"
  55      3F3CE91F 
  55      17E13A5D 
  55      7A0DABFC 
  55      98F7B8
  56 0105 9D2DA65F 		.ascii	"\235-\246_*d\216\015\\D\277,f\321r\270\006\262\351K"
  56      2A648E0D 
  56      5C44BF2C 
  56      66D172B8 
  56      06B2E94B 
  57 0119 4527D434 		.ascii	"E'\3244\345\307\334_\323\266\373\252\246!\242\233\001"
  57      E5C7DC5F 
  57      D3B6FBAA 
  57      A621A29B 
  57      01
  58 012a FAA5A645 		.ascii	"\372\245\246ED\267\002t:\254\244\032\321\355\000\335"
  58      44B70274 
  58      3AACA41A 
  58      D1ED00DD 
  59 013a 54D330D1 		.ascii	"T\3230\321\235\000=R\323\010\321\335\000\275R\323b\242"
  59      9D003D52 
  59      D308D1DD 
  59      00BD52D3 
  59      62A2
  60 014c 7B019A29 		.ascii	"{\001\232)Q\322\022\242\373\001z\250\246\245D\017~\351"
  60      51D212A2 
  60      FB017AA8 
  60      A6A5440F 
  60      7EE9
  61 015e 238EB8C7 		.ascii	"#\216\270\307\255>\225\353\231&\205\306\211f\240I7\223"
  61      AD3E95EB 
  61      992685C6 
  61      8966A049 
ARM GAS  /tmp/ccYH3caS.s 			page 4


  61      3793
  62 0170 03866E1A 		.ascii	"\003\206n\032\361\241dJoO%{S\335\003i\335\210\367'\006"
  62      F1A1644A 
  62      6F4F257B 
  62      53DD0369 
  62      DD88F727 
  63 0185 D386DE62 		.ascii	"\323\206\336b&z\022m\235]\365\015\261\372X\243\236L"
  63      267A126D 
  63      9D5DF50D 
  63      B1FA58A3 
  63      9E4C
  64 0197 EB6677BF 		.ascii	"\353fw\277\236N\305\345\036\213\3037\006d\010\323"
  64      9E4EC5E5 
  64      1E8BC337 
  64      066408D3 
  65              		.text
  66              		.section	.gnu.lto_.symbol_nodes.8a67ce9c94a178a9,"",%progbits
  67 0000 789C55C9 		.ascii	"x\234U\311\273\015\302@\020E\321\267o\3757=\000\025"
  67      BB0DC240 
  67      1045D1B7 
  67      6FFD373D 
  67      0015
  68 0012 50E238B0 		.ascii	"P\3428\260\210\315\037\014\341VA\354\230\032@\332\220"
  68      88CD1F0C 
  68      E15641EC 
  68      981A40DA 
  68      90
  69 0023 1A10CB44 		.ascii	"\032\020\313DLt\245s38\254\034\000\016\024`x\000)\367"
  69      4C74A573 
  69      3338AC1C 
  69      000E1460 
  69      780029F7 
  70 0037 6E09E43B 		.ascii	"n\011\344;b\221\216\273Q\234\036\240\353\222\270+\205"
  70      62918EBB 
  70      519C1EA0 
  70      EB92B82B 
  70      85
  71 0048 06468A37 		.ascii	"\006F\2127p\241d\006\316\224\334\300\211R\0308RJ\003"
  71      70A16406 
  71      CE94DCC0 
  71      89521838 
  71      524A03
  72 005b 074A6560 		.ascii	"\007Je`O\251\015l)\215\201\015\245\375\007\217\031\302"
  72      4FA90D6C 
  72      298D810D 
  72      A5FD078F 
  72      19C2
  73 006d F3E33C5A 		.ascii	"\363\343<ZL\332\006Q[\243\177\375Z!hKL\332\002Q\233"
  73      4CDA0651 
  73      5BA37FFD 
  73      5A21684B 
  73      4CDA0251 
  74 0082 A35FBFE7 		.ascii	"\243_\277\347\036\031\202\326c\322\0221\025_n\275H\263"
  74      1E1982D6 
  74      63D21231 
  74      155F6EBD 
  74      48B3
ARM GAS  /tmp/ccYH3caS.s 			page 5


  75              		.text
  76              		.section	.gnu.lto_.refs.8a67ce9c94a178a9,"",%progbits
  77 0000 789C6361 		.ascii	"x\234ca`d`c`\000\222L\214L\014\000\000\243\000\022"
  77      60646063 
  77      6000924C 
  77      8C4C0C00 
  77      00A30012 
  78              		.text
  79              		.section	.gnu.lto_.decls.8a67ce9c94a178a9,"",%progbits
  80 0000 789CA556 		.ascii	"x\234\245VoPSW\026\177\367\335\020B\010\352\350\316"
  80      6F505357 
  80      167FF7DD 
  80      104208EA 
  80      E8CE
  81 0012 AE1F988E 		.ascii	"\256\037\230\216\323I\247|\2217`\247\2733\273\263\263"
  81      D349A77C 
  81      913760A7 
  81      BB33BBB3 
  81      B3
  82 0023 16B5E38C 		.ascii	"\026\265\343\214[imm;\375\220\011I4\231\001\222I\302"
  82      5B696D6D 
  82      3BFD9009 
  82      49349901 
  82      9249C2
  83 0036 AE9DFDB0 		.ascii	"\256\235\375\260\017I\205\332\012q\265V\300:\265X\005"
  83      0F4985DA 
  83      0A71B556 
  83      C03AB558 
  83      05
  84 0047 8B60415C 		.ascii	"\213`A\\\004\273M\265-`E\021\012\376\341\217H\005\001"
  84      04BB4DB5 
  84      2D604511 
  84      0AFEE18F 
  84      480501
  85 005a 51C21F21 		.ascii	"Q\302\037!\010\310\236{\357{y!\225i+o8\357\276\363\356"
  85      08C89E7B 
  85      EF7B7921 
  85      95692B6F 
  85      38EFBEF3 
  86 006f EFF73BE7 		.ascii	"\357\367;\347\236{\356\013*\016q\344zF\307qc*\216\273"
  86      9E7BEE0B 
  86      2A0E71E4 
  86      7A46C771 
  86      632A8EBB 
  87 0083 04CF7370 		.ascii	"\004\317sp\3610n\005#\263=\034\273\000\302\365\201\365"
  87      F1306E05 
  87      23B33D1C 
  87      BB00C2F5 
  87      81F5
  88 0095 830D820D 		.ascii	"\203\015\202\015\201=\000\363\203\215\202\215\203M\200"
  88      813D00F3 
  88      838D828D 
  88      834D80
  89 00a4 05C066C0 		.ascii	"\005\300f\300\036K|)D\360\"\032\221\262>\314\365\302"
  89      1E4B7C29 
  89      44F0221A 
  89      91B23ECC 
ARM GAS  /tmp/ccYH3caS.s 			page 6


  89      F5C2
  90 00b6 C82316E7 		.ascii	"\310#\026\3476\330tX\274\307\222^@\322\037\227\342\371"
  90      36D87458 
  90      BCC7925E 
  90      40D21F97 
  90      E2F9
  91 00c8 A5F84352 		.ascii	"\245\370CR>\375\013\304\233\345\321U\317\251Cx\234G"
  91      3EFD0BC4 
  91      9BE5D155 
  91      CFA94378 
  91      9C47
  92 00da CBB54805 		.ascii	"\313\265H\005\356Hc\301OK\300\375\235\026\255\002\267"
  92      EE4863C1 
  92      4F4BC0FD 
  92      9D16AD02 
  92      B7
  93 00eb B4B1AE43 		.ascii	"\264\261\256C\232\315A\340W\177u?\221\271\261\340\325"
  93      9ACD41E0 
  93      577F753F 
  93      91B9B1E0 
  93      D5
  94 00fc 748EF8A2 		.ascii	"t\216\370\242\031\270\233\314\316\015\334(\212b\323"
  94      19B89BCC 
  94      CE0DDC28 
  94      8A62D3
  95 010b 7EA2BDBB 		.ascii	"~\242\275\273j_\321R\014\013\200\347\007\236\336\356"
  95      6A5FD152 
  95      0C0B80E7 
  95      079EDEEE 
  96 011b 6836B712 		.ascii	"h6\267\022\334f\377\245O$w\031\270\035\357\357:\254"
  96      DC66FFA5 
  96      4F247719 
  96      B81DEFEF 
  96      3AAC
  97 012d C65114D9 		.ascii	"\306Q\024\331Y_\362\005\211\371\274\026\221z/\205W\345"
  97      595FF205 
  97      89F9BC16 
  97      917A2F85 
  97      57E5
  98 013f 4367A762 		.ascii	"Cg\247b\330+\202\2705U\274!\276T\204\313+\212\3743\312"
  98      D82B82B8 
  98      3555BC21 
  98      BE5484CB 
  98      2B8AFC33 
  99 0154 629AF346 		.ascii	"b\232\363F\217F\342?\020\020\377\375\236\312\212h\024"
  99      8F46E23F 
  99      1010FFFD 
  99      9ECA8A68 
  99      14
 100 0165 A73D4670 		.ascii	"\247=Fp\335\037}\256;+\212\313\320\031\244E\247\021"
 100      DD1F7DAE 
 100      3B2B8ACB 
 100      D019A445 
 100      A711
 101 0177 4695289E 		.ascii	"F\225(\236\224\343y-\334sDq\247\350\315\022\227\327"
 101      94E3792D 
 101      DC734471 
ARM GAS  /tmp/ccYH3caS.s 			page 7


 101      A7E8CD12 
 101      97D7
 102 0189 2FE15031 		.ascii	"/\341P1\212E\307Q,\207\252P\034\211G\200\250\002^~\011"
 102      8A45C751 
 102      2C87AA50 
 102      1C894780 
 102      A8025E7E 
 103 019e 2F2144C9 		.ascii	"/!D\311\321\275\237\251\261\215\206\310?}bR\033\014"
 103      D1BD9FA9 
 103      B18D86C8 
 103      3F7D6252 
 103      1B0C
 104 01b0 D19AFD42 		.ascii	"\321\232\375B)\011q\026B\374W\011\001\021\027\214Q\375"
 104      29097116 
 104      42FC5709 
 104      0111178C 
 104      51FD
 105 01c2 E4183D35 		.ascii	"\344\030=5\035\231<.Ct\261\005\265\343\027#X\2454\340"
 105      1D993C2E 
 105      4374B105 
 105      B5E31723 
 105      58A534E0 
 106 01d6 0EEFFBAE 		.ascii	"\016\357\373\256\221\307\025l\256\357zV\276\032W3\307"
 106      91C7156C 
 106      AEEF7A56 
 106      BE1A5733 
 106      C7
 107 01e7 3B7B4354 		.ascii	";{CTc\037s\366\014\007\216\250p\035sndM\266\305\340"
 107      631F73F6 
 107      0C078EA8 
 107      701D736E 
 107      644DB6C5 
 108 01fc 46EA4495 		.ascii	"F\352D\225M}pG\207\364\372\025z}\234^\257\377\214$\326"
 108      4D7D7047 
 108      87F4FA15 
 108      7A7D9C5E 
 108      AFFF8C24 
 109 0211 DD7AF9DF 		.ascii	"\335z\371\337\373\216\357\022\275F\232}\015d\177\001"
 109      FB8EEF12 
 109      BD469A7D 
 109      0D647F01 
 110 0221 AD50F22C 		.ascii	"\255P\362,\207\033\207\022\340\306Q\274o\342\212N\006"
 110      871B8712 
 110      E0C651BC 
 110      6FE28A4E 
 110      06
 111 0232 7F150EAE 		.ascii	"\177\025\016\256U\300{\245=\022\221\233C_\000\340\004"
 111      55C07BA5 
 111      3D12919B 
 111      435F00E0 
 111      04
 112 0243 9D237058 		.ascii	"\235#pX3\372\036\226\377-\322\243:\260\363`\365`\337"
 112      33FA1E96 
 112      FF2DD2A3 
 112      3AB0F360 
 112      F560DF
 113 0256 8035807D 		.ascii	"\2005\200}\207\364tWY\274.%\336\327\341\361\204\260"
ARM GAS  /tmp/ccYH3caS.s 			page 8


 113      87F47457 
 113      59BC2E25 
 113      DED7E1F1 
 113      84B0
 114 0268 DC0E3407 		.ascii	"\334\0164\007\261\276pl\231\222\033\3354_;\010\213\032"
 114      B1BE706C 
 114      99921BDD 
 114      345F3B08 
 114      8B1A
 115 027a 02E2A40D 		.ascii	"\002\342\244\015S\202\216]\211\315\027}\036L\245\376"
 115      53828E5D 
 115      89CD177D 
 115      1E4CA5FE 
 116 028a F7C4B0C5 		.ascii	"\367\304\260\305H\211\373H\311\361\334\223k\022\212"
 116      4889FB48 
 116      C9F1DC93 
 116      6B128A
 117 0299 FE8F92E5 		.ascii	"\376\217\222\345\251'\227\233\241a\373\276~\354iR\343"
 117      A927979B 
 117      A161FBBE 
 117      7EEC6952 
 117      E3
 118 02aa 627A8EF8 		.ascii	"bz\216\370\254\243#{5(n\005K?\277\031\221\364/\001\373"
 118      ACA3237B 
 118      35286E05 
 118      4B3FBF19 
 118      91F42F01 
 119 02bf A2D27264 		.ascii	"\242\322rd5\013\024\037\375\0005\377-\365\207\370-}"
 119      350B141F 
 119      FD0035FF 
 119      2DF587F8 
 119      2D7D
 120 02d1 473C3AD6 		.ascii	"G<:\326\201M\304\317\315\253\374R\213k\331\271.\356"
 120      814DC4CF 
 120      CDABFC52 
 120      8B6BD9B9 
 120      2EEE
 121 02e3 3B942B4D 		.ascii	";\224+M\376\011\334\252\306\352\256\010|\236\315u\214"
 121      FE09DCAA 
 121      C6EAAE08 
 121      7C9ECD75 
 121      8C
 122 02f4 B66547E3 		.ascii	"\266eG\343\006\346\224\317\354?\256\306M\314\031+\256"
 122      06E694CF 
 122      EC3FAEC6 
 122      4DCC192B 
 122      AE
 123 0305 38AC61AC 		.ascii	"8\254a\254b\362\345\370$\333wZ\372\222\370\264$\344"
 123      62F2E5F8 
 123      24DB775A 
 123      FA92F8B4 
 123      24E4
 124 0317 6453B616 		.ascii	"dS\266\026_\243`\315\321\312\226=\030A\277\222+n\336"
 124      5FA360CD 
 124      D1CA963D 
 124      1841BF92 
 124      2B6EDE
ARM GAS  /tmp/ccYH3caS.s 			page 9


 125 032a B27E8465 		.ascii	"\262~\204e\265\320j\265Ik\352\2045]\207\374o\200\335"
 125      B5D06AB5 
 125      496BEA84 
 125      355D87FC 
 125      6F80DD
 126 033d 04EB006B 		.ascii	"\004\353\000k\007\273\246\364\023\251[Kl&\335ZR\271"
 126      07BBA6F4 
 126      13A95B4B 
 126      6C26DD5A 
 126      52B9
 127 034f 56A81CA1 		.ascii	"V\250\034\241\007kT2\177\267\000\337\364\032\331,\002"
 127      076B5432 
 127      7FB700DF 
 127      F41AD92C 
 127      02
 128 0360 6E0E07CF 		.ascii	"n\016\007\317k?\200^\017B\257\206C\313~\246\353\017"
 128      6B3F805E 
 128      0F42AF86 
 128      43CB7EA6 
 128      EB0F
 129 0372 829BC2C1 		.ascii	"\202\233\302\301WP\230\260w\213\214=\031\216-\015\307"
 129      575098B0 
 129      778B8C3D 
 129      198E2D0D 
 129      C7
 130 0383 0682BA97 		.ascii	"\006\202\272\227\303\261\215!I\260&\252m\246g\240m\376"
 130      C3B18D21 
 130      49B026AA 
 130      6DA667A0 
 130      6DFE
 131 0395 19805DF8 		.ascii	"\031\200]\370fj\350\275\245\270\2135\336\256\366\203"
 131      666AE8BD 
 131      A5B88B35 
 131      DEAEF683 
 132 03a5 17F860E3 		.ascii	"\027\370`\343=l\241\215\327\015\312]J\343\265\375\274"
 132      3D6CA18D 
 132      D70DCA5D 
 132      4AE3B5FD 
 132      BC
 133 03b6 F1E41D42 		.ascii	"\361\344\035B\267`c~\355&\221\276j\331}u\311\012I\312"
 133      B760637E 
 133      ED2691BE 
 133      6AD97D75 
 133      C90A49CA 
 134 03ca B7A014F7 		.ascii	"\267\240\024\367K:\207\253\216\214\253t\273\225\317"
 134      4B3A87AB 
 134      8E8CAB74 
 134      BB95CF
 135 03d9 2FBA1D72 		.ascii	"/\272\035r\3248\324\203t\364\207\021F\322\244\231\023"
 135      D438D483 
 135      74F48711 
 135      46D2A499 
 135      13
 136 03ea 3E6D3BE8 		.ascii	">m;\350\301\257<ZF5\020\373\341\204\201\030\307\214"
 136      C1AF3C5A 
 136      463510FB 
 136      E1848118 
ARM GAS  /tmp/ccYH3caS.s 			page 10


 136      C78C
 137 03fc BAF0C0D3 		.ascii	"\272\360\300\323;\247\274B2P\362y\371\221\013\212\321"
 137      3BA7BC42 
 137      3250F279 
 137      F9910B8A 
 137      D1
 138 040d 3F894FFF 		.ascii	"?\211O\377\243\240\027\025Q\324\221Db\276D\346\344\010"
 138      A3A01715 
 138      51D49144 
 138      62BE44E6 
 138      E408
 139 041f BC124072 		.ascii	"\274\022@reB\210\036KW\222Sr\016\256\011\311%\362W\212"
 139      6542881E 
 139      4B579253 
 139      720EAE09 
 139      C925F257 
 140 0434 3D5ADCCF 		.ascii	"=Z\334\317N\346lCa\001\277\362\000\255{\226\270J\205"
 140      4EE66C43 
 140      6101BFF2 
 140      00AD7B96 
 140      B84A85
 141 0447 B6FE3EA4 		.ascii	"\266\376>\244Z\275h%\334ST\214X\222WZ\020\363\354\247"
 141      5ABD6825 
 141      DC53548C 
 141      5892575A 
 141      10F3ECA7 
 142 045b E2A7A7C4 		.ascii	"\342\247\247\304\356\253\037\377\345@\226X\017\264U"
 142      EEAB1FFF 
 142      E5409658 
 142      0FB455
 143 046a 0485EE28 		.ascii	"\004\205\356(]\001\217d\370\011\266\206C}\350Y`fW<\270"
 143      5D018F64 
 143      F809B686 
 143      437DE859 
 143      6066573C 
 144 047f 1581CB31 		.ascii	"\025\201\3131\0159\360\341\235\0325\310t\303\217hg\341"
 144      0D39F0E1 
 144      9D1A35C8 
 144      74C38F68 
 144      67E1
 145 0491 9B9945BB 		.ascii	"\233\231E\273|^Dc\241\273\212\312]\252\002\017\375T"
 145      7C5E4463 
 145      A1BB8ACA 
 145      5DAA020F 
 145      FD54
 146 04a3 E1525FE7 		.ascii	"\341R_\347\277p\200\011\334\233\356n\323I\002\373{\034"
 146      BF708009 
 146      DC9BEE6E 
 146      D34902FB 
 146      7B1C
 147 04b5 273F5704 		.ascii	"'?W\004\006\024\201\001Y`\220\012\034\232,\254\342q"
 147      06148101 
 147      5960900A 
 147      1C9A2CAC 
 147      E271
 148 04c7 BB8A2A7C 		.ascii	"\273\212*|8U\365^\214\244p\340\356\337\312*DO\024\345"
 148      3855F55E 
ARM GAS  /tmp/ccYH3caS.s 			page 11


 148      8CA470E0 
 148      EEDFCA2A 
 148      444F14E5 
 149 04db DF53F8F7 		.ascii	"\337S\370\367d\376\020\345WN\345\024\"|2\202\362O\326"
 149      64FE10E5 
 149      574EE514 
 149      227C3282 
 149      F24FD6
 150 04ee 7D206A24 		.ascii	"} j$\376\315{\311\205!K\270\257(\334\227\025\036P\205"
 150      FECD7BC9 
 150      85214BB8 
 150      AF28DC97 
 150      151E5085 
 151 0502 6F5B0773 		.ascii	"o[\007s\"p\200)\274\237\373\260I^\203w\324Q\037\314"
 151      22708029 
 151      BC9FFBB0 
 151      495E8377 
 151      D4511FCC 
 152 0516 6058E10F 		.ascii	"`X\341\017\313|?\345_\271X4\023\203/\250)\377\246g\346"
 152      CB7C3FE5 
 152      5FB95834 
 152      13832FA8 
 152      29FFA667 
 153 052b 9A5CC4D3 		.ascii	"\232\\\304\323\023\216\206 \177D\341\217\310\374Q\312"
 153      138E8620 
 153      7F44E18F 
 153      C8FC51CA 
 154 053b 0F9CDD5F 		.ascii	"\017\234\335_\247\305\336H\312?\337\225\033\334\004"
 154      A7C5DE48 
 154      CA3FDF95 
 154      1BDC04
 155 054a FFA31D3F 		.ascii	"\377\243\035?\004\371c\012\177L\346\217S~m\303p\263"
 155      04F9630A 
 155      7F4CE68F 
 155      537E6DC3 
 155      70B3
 156 055c 0AB7337E 		.ascii	"\012\2673~^\201w2J\256\340\234\2656\310\177\250\360"
 156      5E817732 
 156      4AAEE09C 
 156      B536C87F 
 156      A8F0
 157 056e 1FCAFC09 		.ascii	"\037\312\374\011\306o\273\374\016>\246\241\364\346\314"
 157      C66FBBFC 
 157      0E3EA6A1 
 157      F4E6CC
 158 057d 83D97201 		.ascii	"\203\331r\001\317\025\275]\022\244O*\364I\231\036\240"
 158      CF15BD5D 
 158      12A44F2A 
 158      F449991E 
 158      A0
 159 058e F413A5F9 		.ascii	"\364\023\245\371\275Qx\204\361\253\366]\274\256R\361"
 159      BD517884 
 159      F1ABF65D 
 159      BCAE52F1 
 160 059e EC209306 		.ascii	"\354 \223\006\205w;\257\005\246\227,\330\312\323\264"
 160      85773BAF 
 160      05A6972C 
ARM GAS  /tmp/ccYH3caS.s 			page 12


 160      D8CAD3B4 
 161 05ae 951F21A9 		.ascii	"\225\037!\251\227\213\316\014\216\313\365\377\361\262"
 161      978BCE0C 
 161      8ECBF5FF 
 161      F1B2
 162 05bc E5204D00 		.ascii	"\345 M\0000hJI`JN`\206&\220\1778\357\024\306s,\001O"
 162      30684A49 
 162      604A4E60 
 162      8626907F 
 162      38EF14C6 
 163 05d4 CDE480CC 		.ascii	"\315\344\200\314\257>\361jqH\017\316*\012\263\262\302"
 163      AF3EF16A 
 163      71480FCE 
 163      2A0AB3B2 
 163      C2
 164 05e5 63AA507F 		.ascii	"c\252P\177\241l\"\032\337f\377\367\236\031<\027@\317"
 164      A16C221A 
 164      DF66FFF7 
 164      9E193C17 
 164      40CF
 165 05f7 15897EF2 		.ascii	"\025\211~\362\277d\256\341\240\337#\346,\247_\2539&"
 165      BF64AEE1 
 165      A0DF23E6 
 165      2CA75FAB 
 165      3926
 166 0609 10F26B37 		.ascii	"\020\362k7Gt\220\310?\007\274\351\336\362\273\272y_"
 166      477490C8 
 166      3F07BCE9 
 166      DEF2BBBA 
 166      795F
 167 061b 38125459 		.ascii	"8\022TYh&\317\276p0\002\272\377X]\253f\036zz\036z\247"
 167      6826CFBE 
 167      703002BA 
 167      FF585DAB 
 167      661E7A7A 
 168 0632 8426A33A 		.ascii	"\204&\243:y\375:\243\333\2502ns\246j^~\345\215UI\011"
 168      79FD3AA3 
 168      DBA8326E 
 168      73A66A5E 
 168      7EE58D55 
 169 0648 099CD660 		.ascii	"\011\234\326`\310\260\245\273\327$\032\334\033\004\273"
 169      C8B0A5BB 
 169      D7241ADC 
 169      1B04BB
 170 0657 C32D6C37 		.ascii	"\303-l7\231V\033\235i\253\323\355\351\226\325\026c\212"
 170      99561B9D 
 170      69ABD3ED 
 170      E996D516 
 170      638A
 171 0669 4D98EFD9 		.ascii	"M\230\357\331\322M\251\031f\213\220f4Ym\351\026\301"
 171      D24DA919 
 171      668B9066 
 171      34596DE9 
 171      16C1
 172 067b 60B66C33 		.ascii	"`\266l3f\244\272\015\356w\035\026W\274\225\323\310z"
 172      66A4BA0D 
 172      EE771D16 
ARM GAS  /tmp/ccYH3caS.s 			page 13


 172      57BC95D3 
 172      C87A
 173 068d 7FFE4D7A 		.ascii	"\177\376Mz\256w]\202\301\3456\003\031D\260\335\354\214"
 173      AE775D82 
 173      C1E53603 
 173      1944B0DD 
 173      EC8C
 174 069f 706438CC 		.ascii	"pd8\314\316H\273\313a\261\230\235j;\011\340\214H\263"
 174      CE48BBCB 
 174      61B1989D 
 174      6A3B09E0 
 174      8C48B3
 175 06b2 9B2D4EB2 		.ascii	"\233-N\262\006\353\033\202\325\236f\021\254\026\223"
 175      06EB1B82 
 175      D59E6611 
 175      AC1693
 176 06c1 DBEE1492 		.ascii	"\333\356\024\222\235\366\355Nc\232K\260\230Rm\016\227"
 176      9DF6ED4E 
 176      639A4BB0 
 176      98526D0E 
 176      97
 177 06d2 4548B2DA 		.ascii	"EH\262\332Rl\233\267\030\022^\214O\210\377\243`w\011"
 177      526C9BB7 
 177      18125E8C 
 177      4F88FFA3 
 177      607709
 178 06e5 5663AAE0 		.ascii	"Vc\252\340\260;\335.a\313\353\177_\223(l\332\264Nx9"
 178      B03BDD2E 
 178      61CBEB7F 
 178      5F93286C 
 178      DAB44E78 
 179 06fa 79E3E67F 		.ascii	"y\343\346\177$\012\016c\252!5\325\014\221\227\273\334"
 179      240A0E63 
 179      AA2135D5 
 179      0C9197BB 
 179      DC
 180 070b 6990FD76 		.ascii	"i\220\375v\207\315npY\334\031\016\203[\235\274\216\024"
 180      87CD6E70 
 180      59DC190E 
 180      835B9DBC 
 180      8E14
 181 071d 4E9D9CC4 		.ascii	"N\235\234\304\206\227\330\260\226\015\033\310\020\225"
 181      8697D8B0 
 181      960D1BC8 
 181      1095
 182 072b BC765392 		.ascii	"\274vS\222=}\233m{$D\331\230ns\377\365i\262s9Md\214"
 182      3D7D9B6D 
 182      7B2444D9 
 182      986E73FF 
 182      F569B273 
 183 0743 37716A97 		.ascii	"7qj\227\233\250\254}\032\225`II%\243R\354F\247\231h"
 183      9BA8AC7D 
 183      1A956049 
 183      4925A352 
 183      EC46A799 
 184 0758 BDF5345A 		.ascii	"\275\3654Z\224M\012f\2405\333\260\306\260n\343\226\244"
 184      944D0A66 
ARM GAS  /tmp/ccYH3caS.s 			page 14


 184      A035DBB0 
 184      C6B06EE3 
 184      96A4
 185 076a CD5BD7BF 		.ascii	"\315[\327\277\3666\233\203\020\221.s\006\011\260qQ\311"
 185      F6369B83 
 185      10912E73 
 185      0609B071 
 185      51C9
 186 077c 5A9C36D8 		.ascii	"Z\2346\330\204\014W\012Q\204\201(\276\264\030EI\312"
 186      840C570A 
 186      51848128 
 186      BEB41845 
 186      49CA
 187 078e E5B02D5A 		.ascii	"\345\260-Z\0124@J\355\242u\\\277\370e\222\274\034\377"
 187      0A34404A 
 187      EDA2755C 
 187      BFF86592 
 187      BC1CFF
 188 07a1 4C5B745E 		.ascii	"L[t^\240A\244l\246\214EK\201\006\225J4-^*\321\004R1"
 188      A041A46C 
 188      A68C454B 
 188      8106954A 
 188      342D5E2A 
 189 07b9 06E95019 		.ascii	"\006\351P\031l \250\263\2068\257/\366\344J\275\270c"
 189      6C20A8B3 
 189      8638AF2F 
 189      F6E44ABD 
 189      B863
 190 07cb 8760550E 		.ascii	"\207`U\016."
 190      2E
 191 07d0 09277F8C 		.ascii	"\011'\177\214L\364,\376\037\031n\\\366"
 191      4CF42CFE 
 191      1F196E5C 
 191      F6
 192              		.text
 193              		.section	.gnu.lto_.symtab.8a67ce9c94a178a9,"",%progbits
 194 0000 68616C49 		.ascii	"halInit\000"
 194      6E697400 
 195 0008 00       		.ascii	"\000"
 196 0009 00       		.ascii	"\000"
 197 000a 00       		.ascii	"\000"
 198 000b 00000000 		.ascii	"\000\000\000\000\000\000\000\000"
 198      00000000 
 199 0013 E6000000 		.ascii	"\346\000\000\000"
 200 0017 70616C5F 		.ascii	"pal_default_config\000"
 200      64656661 
 200      756C745F 
 200      636F6E66 
 200      696700
 201 002a 00       		.ascii	"\000"
 202 002b 02       		.ascii	"\002"
 203 002c 00       		.ascii	"\000"
 204 002d 00000000 		.ascii	"\000\000\000\000\000\000\000\000"
 204      00000000 
 205 0035 00010000 		.ascii	"\000\001\000\000"
 206 0039 7374496E 		.ascii	"stInit\000"
 206      697400
ARM GAS  /tmp/ccYH3caS.s 			page 15


 207 0040 00       		.ascii	"\000"
 208 0041 02       		.ascii	"\002"
 209 0042 00       		.ascii	"\000"
 210 0043 00000000 		.ascii	"\000\000\000\000\000\000\000\000"
 210      00000000 
 211 004b E8000000 		.ascii	"\350\000\000\000"
 212 004f 626F6172 		.ascii	"boardInit\000"
 212      64496E69 
 212      7400
 213 0059 00       		.ascii	"\000"
 214 005a 02       		.ascii	"\002"
 215 005b 00       		.ascii	"\000"
 216 005c 00000000 		.ascii	"\000\000\000\000\000\000\000\000"
 216      00000000 
 217 0064 EA000000 		.ascii	"\352\000\000\000"
 218 0068 73647549 		.ascii	"sduInit\000"
 218      6E697400 
 219 0070 00       		.ascii	"\000"
 220 0071 02       		.ascii	"\002"
 221 0072 00       		.ascii	"\000"
 222 0073 00000000 		.ascii	"\000\000\000\000\000\000\000\000"
 222      00000000 
 223 007b EC000000 		.ascii	"\354\000\000\000"
 224 007f 75736249 		.ascii	"usbInit\000"
 224      6E697400 
 225 0087 00       		.ascii	"\000"
 226 0088 02       		.ascii	"\002"
 227 0089 00       		.ascii	"\000"
 228 008a 00000000 		.ascii	"\000\000\000\000\000\000\000\000"
 228      00000000 
 229 0092 EE000000 		.ascii	"\356\000\000\000"
 230 0096 73706949 		.ascii	"spiInit\000"
 230      6E697400 
 231 009e 00       		.ascii	"\000"
 232 009f 02       		.ascii	"\002"
 233 00a0 00       		.ascii	"\000"
 234 00a1 00000000 		.ascii	"\000\000\000\000\000\000\000\000"
 234      00000000 
 235 00a9 F0000000 		.ascii	"\360\000\000\000"
 236 00ad 7364496E 		.ascii	"sdInit\000"
 236      697400
 237 00b4 00       		.ascii	"\000"
 238 00b5 02       		.ascii	"\002"
 239 00b6 00       		.ascii	"\000"
 240 00b7 00000000 		.ascii	"\000\000\000\000\000\000\000\000"
 240      00000000 
 241 00bf F2000000 		.ascii	"\362\000\000\000"
 242 00c3 70776D49 		.ascii	"pwmInit\000"
 242      6E697400 
 243 00cb 00       		.ascii	"\000"
 244 00cc 02       		.ascii	"\002"
 245 00cd 00       		.ascii	"\000"
 246 00ce 00000000 		.ascii	"\000\000\000\000\000\000\000\000"
 246      00000000 
 247 00d6 F4000000 		.ascii	"\364\000\000\000"
 248 00da 69637549 		.ascii	"icuInit\000"
 248      6E697400 
ARM GAS  /tmp/ccYH3caS.s 			page 16


 249 00e2 00       		.ascii	"\000"
 250 00e3 02       		.ascii	"\002"
 251 00e4 00       		.ascii	"\000"
 252 00e5 00000000 		.ascii	"\000\000\000\000\000\000\000\000"
 252      00000000 
 253 00ed F6000000 		.ascii	"\366\000\000\000"
 254 00f1 69326349 		.ascii	"i2cInit\000"
 254      6E697400 
 255 00f9 00       		.ascii	"\000"
 256 00fa 02       		.ascii	"\002"
 257 00fb 00       		.ascii	"\000"
 258 00fc 00000000 		.ascii	"\000\000\000\000\000\000\000\000"
 258      00000000 
 259 0104 F8000000 		.ascii	"\370\000\000\000"
 260 0108 5F70616C 		.ascii	"_pal_lld_init\000"
 260      5F6C6C64 
 260      5F696E69 
 260      7400
 261 0116 00       		.ascii	"\000"
 262 0117 02       		.ascii	"\002"
 263 0118 00       		.ascii	"\000"
 264 0119 00000000 		.ascii	"\000\000\000\000\000\000\000\000"
 264      00000000 
 265 0121 FC000000 		.ascii	"\374\000\000\000"
 266 0125 68616C5F 		.ascii	"hal_lld_init\000"
 266      6C6C645F 
 266      696E6974 
 266      00
 267 0132 00       		.ascii	"\000"
 268 0133 02       		.ascii	"\002"
 269 0134 00       		.ascii	"\000"
 270 0135 00000000 		.ascii	"\000\000\000\000\000\000\000\000"
 270      00000000 
 271 013d FE000000 		.ascii	"\376\000\000\000"
 272              		.text
 273              		.section	.gnu.lto_.opts,"",%progbits
 274 0000 272D666D 		.ascii	"'-fmath-errno' '-fsigned-zeros' '-ftrapping-math' '"
 274      6174682D 
 274      6572726E 
 274      6F272027 
 274      2D667369 
 275 0033 2D666E6F 		.ascii	"-fno-trapv' '-fno-openmp' '-fno-openacc' '-mcpu=cor"
 275      2D747261 
 275      70762720 
 275      272D666E 
 275      6F2D6F70 
 276 0066 7465782D 		.ascii	"tex-m4' '-mfloat-abi=hard' '-mfpu=fpv4-sp-d16' '-mn"
 276      6D342720 
 276      272D6D66 
 276      6C6F6174 
 276      2D616269 
 277 0099 6F2D7468 		.ascii	"o-thumb-interwork' '-mthumb' '-ggdb' '-O2' '-fomit-"
 277      756D622D 
 277      696E7465 
 277      72776F72 
 277      6B272027 
 278 00cc 6672616D 		.ascii	"frame-pointer' '-falign-functions=16' '-ffunction-s"
ARM GAS  /tmp/ccYH3caS.s 			page 17


 278      652D706F 
 278      696E7465 
 278      72272027 
 278      2D66616C 
 279 00ff 65637469 		.ascii	"ections' '-fdata-sections' '-fno-common' '-flto' '-"
 279      6F6E7327 
 279      20272D66 
 279      64617461 
 279      2D736563 
 280 0132 6673696E 		.ascii	"fsingle-precision-constant'\000"
 280      676C652D 
 280      70726563 
 280      6973696F 
 280      6E2D636F 
 281              		.text
 282              		.comm	__gnu_lto_v1,1,1
 283              		.comm	__gnu_lto_slim,1,1
 284              		.ident	"GCC: (GNU Tools for ARM Embedded Processors) 5.4.1 20160919 (release) [ARM/embedded-5-bran
ARM GAS  /tmp/ccYH3caS.s 			page 18


DEFINED SYMBOLS
                            *ABS*:00000000 hal.c
                            *COM*:00000001 __gnu_lto_v1
                            *COM*:00000001 __gnu_lto_slim

NO UNDEFINED SYMBOLS
