ARM GAS  /tmp/cc9nXjO4.s 			page 1


   1              		.syntax unified
   2              		.cpu cortex-m4
   3              		.eabi_attribute 27, 1
   4              		.eabi_attribute 28, 1
   5              		.fpu fpv4-sp-d16
   6              		.eabi_attribute 20, 1
   7              		.eabi_attribute 21, 1
   8              		.eabi_attribute 23, 3
   9              		.eabi_attribute 24, 1
  10              		.eabi_attribute 25, 1
  11              		.eabi_attribute 26, 1
  12              		.eabi_attribute 30, 2
  13              		.eabi_attribute 34, 1
  14              		.eabi_attribute 18, 4
  15              		.thumb
  16              		.syntax unified
  17              		.file	"hal_lld.c"
  18              		.text
  19              	.Ltext0:
  20              		.section	.gnu.lto_.profile.49441a4aa8bc92b6,"",%progbits
  21 0000 789C6361 		.ascii	"x\234ca`d`a`\000\222\245\011\000\001\264\000\340"
  21      60646061 
  21      600092A5 
  21      090001B4 
  21      00E0
  22              		.text
  23              		.section	.gnu.lto_.icf.49441a4aa8bc92b6,"",%progbits
  24 0000 789C6361 		.ascii	"x\234ca`d\000\001I\006\004`aX\374k\346$\016\306=\353"
  24      60640001 
  24      49060460 
  24      6158FC6B 
  24      E6240EC6 
  25 0016 0FCCE667 		.ascii	"\017\314\346g\232\272\346\3339N\346\266\2453\213\031"
  25      9ABAE6DB 
  25      394EE6B6 
  25      A5338B19 
  26 0026 0092370B 		.ascii	"\000\2227\013\023"
  26      13
  27              		.text
  28              		.section	.gnu.lto_.jmpfuncs.49441a4aa8bc92b6,"",%progbits
  29 0000 789C6361 		.ascii	"x\234ca`d\000\001^\006\004`\006b\260(\023\020\003\000"
  29      60640001 
  29      5E060460 
  29      0662B028 
  29      13100300 
  30 0014 02410019 		.ascii	"\002A\000\031"
  31              		.text
  32              		.section	.gnu.lto_.inline.49441a4aa8bc92b6,"",%progbits
  33 0000 789C6361 		.ascii	"x\234ca`d\000\001O\006\004`f`\020\023bd`R;\361\233\221"
  33      60640001 
  33      4F060460 
  33      66601013 
  33      62646052 
  34 0018 816D813C 		.ascii	"\201m\201<\023H\220\221A\\\003(\246\262`&\023B\214\013"
  34      13489091 
  34      415C0328 
  34      A6B26026 
ARM GAS  /tmp/cc9nXjO4.s 			page 2


  34      13428C0B 
  35 002c 46303158 		.ascii	"F01X\256f\002J\347l\230\255\002\227f\000\000g3\011:"
  35      AE66024A 
  35      E76C98AD 
  35      02976600 
  35      00673309 
  36              		.text
  37              		.section	.gnu.lto_.pureconst.49441a4aa8bc92b6,"",%progbits
  38 0000 789C6361 		.ascii	"x\234ca`d`g```f\220b\224b\222\002\000\001\254\000a"
  38      60646067 
  38      60606066 
  38      90629462 
  38      92020001 
  39              		.text
  40              		.section	.gnu.lto_hal_lld_backup_domain_init.49441a4aa8bc92b6,"",%progbits
  41 0000 789C9D53 		.ascii	"x\234\235SML\023A\024~o\366\247\005\332\206\306xA\242"
  41      4D4C1341 
  41      147E6FF6 
  41      A705DA86 
  41      C67841A2 
  42 0014 269EB8B8 		.ascii	"&\236\270\270A.\034\014Gn\\\324\273\0214\201XS#\036"
  42      412E1C0C 
  42      476E5CD4 
  42      BB113481 
  42      5853231E 
  43 0028 B831B5AD 		.ascii	"\2701\265\255\032b\214\036\304\213J=(\250@\251\377\255"
  43      1A628C1E 
  43      C48B4A3D 
  43      28A840A9 
  43      FFAD
  44 003a 20A5827A 		.ascii	" \245\202zP\210\011jB= !H\024M\233\224D\022\013\316"
  44      5088096A 
  44      423D2021 
  44      48144D9B 
  44      9444120B 
  45 004f 9B5958F0 		.ascii	"\233YX\360`\200M\367\355\356\314\227\357\373\3367\257"
  45      60804DF7 
  45      EDEECC97 
  45      EFFBDE37 
  45      AF
  46 0060 3A20D0B5 		.ascii	": \320\265\240\003\324\211g\203\270\321\005\310\256"
  46      A003D489 
  46      6783B8D1 
  46      05C8AE
  47 006f 8C0384DC 		.ascii	"\214\003\204\334\214i\261Z\340\245zn'p\217\206\272Z"
  47      8C69B15A 
  47      E0A57A6E 
  47      27708F86 
  47      BA5A
  48 0081 D6993169 		.ascii	"\326\2311i\211esp\267X6\320T\313&\"\275p7B;\323t\303"
  48      89657370 
  48      B75836D0 
  48      54CB2622 
  48      BD703742 
  49 0099 C4765C64 		.ascii	"\304v\\dE\206\231\013sIV\325\315\3055=\226\365\361\236"
  49      4586990B 
  49      734956D5 
ARM GAS  /tmp/cc9nXjO4.s 			page 3


  49      CDC5353D 
  49      96F5F19E 
  50 00ad 34463580 		.ascii	"4F5\200\025&\265\001\273\261\012\004l&\261|\315kF\010"
  50      1526B501 
  50      BBB10A04 
  50      6C26B17C 
  50      CD6B4608 
  51 00c1 B6576D62 		.ascii	"\266Wmb\017\232d0~(\315WV\302\234\017U\247\366\355\320"
  51      0F9A6430 
  51      7E28CD57 
  51      56C29C0F 
  51      55A7F6ED 
  52 00d6 21AAA141 		.ascii	"!\252\241A\305E\305M\245\214\212\207\212\227\212\217"
  52      C545C54D 
  52      A58C8A87 
  52      8A978A8F 
  53 00e6 4A39153F 		.ascii	"J9\025?\025\200\234\240#sy\306\350\251\315a&\225\037"
  53      15809CA0 
  53      237379C6 
  53      E8A9CD61 
  53      26951F
  54 00f9 DC450261 		.ascii	"\334E\002aM\027\342\235\321\314\204\253\300\242\032"
  54      4D17E29D 
  54      D1CC84AB 
  54      C0A21A
  55 0108 43F272BB 		.ascii	"C\362r\273\030\351/Q\237|:\304\011q\353\335\227\321"
  55      18E92F51 
  55      9F7C3AC4 
  55      0971EBDD 
  55      97D1
  56 011a D22EBC29 		.ascii	"\322.\274)\274kx\037+\361\036V\002a\307':\012.\253\217"
  56      BC6B781F 
  56      2BF11E56 
  56      0261C727 
  56      3A0A2EAB 
  57 012f 4742BC3C 		.ascii	"GB\274<\252\351\370\000\273pY\366\206\275h\301\034\206"
  57      AAE9F800 
  57      BB7059F6 
  57      86BD68C1 
  57      1C86
  58 0141 7F9B4AC8 		.ascii	"\177\233J\310PZ\375\363\3037J\211\034\2213\354\0234"
  58      505AFDF3 
  58      C3374A89 
  58      1C9133EC 
  58      1334
  59 0153 C24E2712 		.ascii	"\302N'\022f+:\375\216N\034-\301N4\251\253uJ\313\265"
  59      662B3AFD 
  59      8E4E1C2D 
  59      C14E34A9 
  59      AB754ACB 
  60 0168 BE294336 		.ascii	"\276)C6\225\215\277\377\341V\237<vQ65\363\266\303\253"
  60      958DBFFF 
  60      E1569F3C 
  60      76513635 
  60      F3B6C3AB 
  61 017c B44C4C08 		.ascii	"\264LL\010\255\001[k\344\362\374]/i!)=\224Jt\022\370"
  61      AD015B6B 
ARM GAS  /tmp/cc9nXjO4.s 			page 4


  61      E4F2FC5D 
  61      2F692129 
  61      3D944A74 
  62 0192 4875F4E7 		.ascii	"Hu\364\347\374$S:n%5{g6Vb\367d\342cA\363\025#\331p\205"
  62      FC24533A 
  62      6E25357B 
  62      67365662 
  62      F764E263 
  63 01ad 0D1288EB 		.ascii	"\015\022\210\353?\227*l\200\216OH\007\350<4\210\325"
  63      3F972A6C 
  63      808E4F48 
  63      07E83C34 
  63      88D5
  64 01bf D2711406 		.ascii	"\322q\024\006\206\367\330\011\330\246B4\011\325\360"
  64      86F7D809 
  64      D8A64234 
  64      09D5F0
  65 01ce 7F6B4F1D 		.ascii	"\177kO\035k\317\320\022\333\337~\365^r\331:B\350\271"
  65      6BCFD012 
  65      DBDF7EF5 
  65      5E72D93A 
  65      42E8B9
  66 01e1 4AB790DB 		.ascii	"J\267\220\333\026{\322aOI\366\265Du\004|!\233\3103}"
  66      167BD261 
  66      4F49F6B5 
  66      4475047C 
  66      219BC833 
  67 01f6 6DA4121F 		.ascii	"m\244\022\037\023\232\352\270l\323\341\016:\032C\377"
  67      139AEAB8 
  67      6CD3E10E 
  67      3A1A43FF 
  68 0206 86EB5144 		.ascii	"\206\353QD\305\330T\321X\355\211\341K\225\356\324j\272"
  68      C5D854D1 
  68      58ED89E1 
  68      4B95EED4 
  68      6ABA
  69 0218 1E01892F 		.ascii	"\036\001\211/$\227\274\012\0028\274\226\256\001\223"
  69      2497BC0A 
  69      0238BC96 
  69      AE0193
  70 0227 9672F629 		.ascii	"\226r\366)o;\363n\306\231=bi\307\333\310\306Q\366\011"
  70      6F3BF36E 
  70      C6993D62 
  70      69C7DBC8 
  70      C651F609 
  71 023b 22798AEB 		.ascii	"\"y\212\353Gw\263\264\031\207\366\025M\256ON\356\207"
  71      4777B3B4 
  71      1987F615 
  71      4DAE4F4E 
  71      EE87
  72 024d CFA8B8CB 		.ascii	"\317\250\270\313\267@5\352P\215mt\350\027D2\252\355"
  72      B74035EA 
  72      508D6D74 
  72      E8174432 
  72      AAED
  73 025f 387CEDD0 		.ascii	"8|\355\320\276!\207~\231\246)\017\372;\236K/\326\023"
  73      BE21877E 
ARM GAS  /tmp/cc9nXjO4.s 			page 5


  73      99A6290F 
  73      FA3B9E4B 
  73      2FD613
  74 0272 A10C3927 		.ascii	"\241\0149'`bY\374\021\017Z\315\301S'\254\306`c\313\311"
  74      606259FC 
  74      110F5ACD 
  74      C15327AC 
  74      C66063CB 
  75 0287 A0D5D4DC 		.ascii	"\240\325\324\334\322\330\022l\265\304\257\371X\300:"
  75      D2D8126C 
  75      B5C4AFF9 
  75      58C03A
  76 0296 1D3C73B6 		.ascii	"\035<s\266\325:|\244\241\346\200\252\3655mm\264s4\020"
  76      D53A7CA4 
  76      A1E680AA 
  76      F5356D6D 
  76      B4733410 
  77 02aa 38BEBF09 		.ascii	"8\276\277\011\376\002\314\305\251e"
  77      FE02CCC5 
  77      A965
  78              		.text
  79              		.section	.gnu.lto_hal_lld_init.49441a4aa8bc92b6,"",%progbits
  80 0000 789C9D94 		.ascii	"x\234\235\224KL\023Q\024\206\357\177\247\323NBQ\010"
  80      4B4C1351 
  80      1486EF7F 
  80      A7D34E42 
  80      5108
  81 0012 C48D2CD8 		.ascii	"\304\215,\330\270`\343\240l\215K\027&n\324\275\0214"
  81      B860E3A0 
  81      6C8D4B17 
  81      266ED4BD 
  81      1134
  82 0024 A1B1A646 		.ascii	"\241\261\246FX\260\353\305\266J\\(\032ea\242\250I\005"
  82      58B0EBC5 
  82      B64A5C28 
  82      1A6561A2 
  82      A84905
  83 0037 44AC557C 		.ascii	"D\254U|\264\276JE\300\007 +I\210\306h\202D\015\322\200"
  83      B4BE4A45 
  83      C007202B 
  83      4988C668 
  83      82440DD2 
  84 004c 8F68A0DE 		.ascii	"\217h\240\336sou\300\304\304\351M{\246\2239\375\376"
  84      736F75C0 
  84      C4C4E94D 
  84      7BA69339 
  84      FDFE
  85 005e FF3F7766 		.ascii	"\377?wf<\014\214\3267\223\261\315\362\270V~a0\360\366"
  85      3C0C8CD6 
  85      3793B1CD 
  85      F2B8567E 
  85      6130F0F6 
  86 0072 31C65A2D 		.ascii	"1\306Z-\016\320\017a\201\2059\302\370\302\0279\262G"
  86      0ED00F61 
  86      818539C2 
  86      F8C21739 
  86      B247
ARM GAS  /tmp/cc9nXjO4.s 			page 6


  87 0084 A653BCA6 		.ascii	"\246S\274\246K\310\365&\376\265Vtg\0203\030\313sEb\350"
  87      4BC8F526 
  87      FEB55674 
  87      67103318 
  87      CB734562 
  88 0099 420D936D 		.ascii	"B\015\223mo\223K\247K\275Qj\253\326\027\321\015/\311"
  88      6F934BA7 
  88      4BBD516A 
  88      ABD617D1 
  88      0D2FC9
  89 00ac 25B66744 		.ascii	"%\266gD>\037\021b\276\366\370\2725\234\305\014\230T"
  89      3E1F1162 
  89      BEF6F8BA 
  89      359CC50C 
  89      9854
  90 00be 2C2A2554 		.ascii	",*%T\374T\312\250\224S\251\240RI\205\2619I\"O9\316\351"
  90      FC54CAA8 
  90      9453A9A0 
  90      524985B1 
  90      3949224F 
  91 00d5 684C239B 		.ascii	"hL#\233N\316n v\304 {\035\261\354\270o\201\307\014\016"
  91      4ECE6E20 
  91      76C4207B 
  91      1DB1ECB8 
  91      6F81C70C 
  92 00ea B2319518 		.ascii	"\2621\225\030\375h\351Sq\276Mx\310\331\310\321\322N"
  92      FD68E953 
  92      71BE4D78 
  92      C8D9C8D1 
  92      D24E
  93 00fc 9C95AE0D 		.ascii	"\234\225\256\015\\F\025zP\305\250u\340\330\314\245R"
  93      5C46157A 
  93      50C5A875 
  93      E0D8CCA5 
  93      52
  94 010d BB4F445B 		.ascii	"\273OD[EY\314\360\240\027\235XR\251p\0056\223J\315$"
  94      4559CCF0 
  94      A0179D58 
  94      52A97005 
  94      36934ACD 
  95 0122 E382D0E7 		.ascii	"\343\202\320\347\020\256\302\226\015\257Fzz\015r\003"
  95      10AEC296 
  95      0DAF467A 
  95      7A0D7203 
  96 0132 E4E55A8D 		.ascii	"\344\345Z\215\204\374\247\0330\010{\315\301&\025\366"
  96      84FCA71B 
  96      30087BCD 
  96      C12615F6 
  97 0142 4F660F18 		.ascii	"Of\017\030\256kdzb\026z*\246\013\3077\024\232v\011\375"
  97      AE6B647A 
  97      62167A2A 
  97      A60BC737 
  97      149A7609 
  98 0157 C565BEE9 		.ascii	"\305e\276\351\020n\301..\340m\207qG2~':\361\271\220"
  98      106EC12E 
  98      2EE06D87 
  98      7147327E 
ARM GAS  /tmp/cc9nXjO4.s 			page 7


  98      273AF1B9 
  99 016c C872E127 		.ascii	"\310r\341'\245X\352\376K\027\227\350\256C\270Wl\242"
  99      A558EAFE 
  99      4B1797E8 
  99      AE43B857 
  99      6CA2
 100 017e FB0EE3C1 		.ascii	"\373\016\343\301\262D\023\013\205D%.\374<T,\203X\031"
 100      B244130B 
 100      8544252E 
 100      FC3C542C 
 100      835819
 101 0191 9528F2DD 		.ascii	"\225(\362\335\253)~\015\032J\377\230\367\353\273\214"
 101      AB297E0D 
 101      1A4AFF98 
 101      F7EBBB8C 
 102 01a1 1E3F6040 		.ascii	"\036?`@\313u\300e\362\254\243\364\010\266\344\263\031"
 102      CB75C065 
 102      F2ACA3F4 
 102      08B6E4B3 
 102      19
 103 01b2 4432933E 		.ascii	"D2\223>\302P\177*\365i\312\027^\024m\202\372\315<m\031"
 103      C2507F2A 
 103      F569CA17 
 103      5E146D82 
 103      FACD3C6D 
 104 01c7 0611968F 		.ascii	"\006\021\226\217\252W\265\276\376w\253\234\005\036\027"
 104      AA57B5BE 
 104      FE77AB9C 
 104      051E17
 105 01d6 5AD52806 		.ascii	"Z\325(\006\271\016Q\346\302\340\2202\350!\203\303+G"
 105      B90E51E6 
 105      C2E09032 
 105      E82183C3 
 105      2B47
 106 01e8 51AE41FD 		.ascii	"Q\256A\375\203\303\207-=\012`\244\3101<qT\236\322\030"
 106      83C3872D 
 106      3D0A60A4 
 106      C8313C71 
 106      549ED218 
 107 01fc CA95E1DC 		.ascii	"\312\225\341\334\320ISkU,\177\004}\352\265s\361\302"
 107      D049536B 
 107      552C7F04 
 107      7DEAB573 
 107      F1C2
 108 020e CF97A63E 		.ascii	"\317\227\246>\025\"\252^;\361d\364\275\251\345,<\227"
 108      1522AA5E 
 108      3BF164F4 
 108      BDA9E52C 
 108      3C97
 109 0220 72CF0A72 		.ascii	"r\317\012r\247\342\355\347\226\313\215*9\223\344\306"
 109      A7E2EDE7 
 109      96CB8D2A 
 109      3993E4C6 
 110 0230 5686AAD4 		.ascii	"V\206\252\324Z\271\3213\357V\351P\325\030\377+\324\177"
 110      5AB9D133 
 110      EF56E950 
 110      D518FF2B 
ARM GAS  /tmp/cc9nXjO4.s 			page 8


 110      D47F
 111 0242 CBBC7064 		.ascii	"\313\274pd&(U%\373\200C\231\316\255j\307h\315\311\355"
 111      26285525 
 111      FB804399 
 111      CEAD6AC7 
 111      68CDC9ED 
 112 0256 94AF58B9 		.ascii	"\224\257X\271Q\233\354\306\320\376\275v}\250>\260/d"
 112      519BECC6 
 112      D0FEBD76 
 112      7DA83EB0 
 112      2F64
 113 0268 373406EA 		.ascii	"74\006\352\003\241&[~\032w\007\355\003\241\203\315M"
 113      03A1265B 
 113      7E1A7707 
 113      ED03A183 
 113      CD4D
 114 027a F68E9DDB 		.ascii	"\366\216\235\333\3526\352\272\245\256\245\205\256\354"
 114      EA36EABA 
 114      A5AEA585 
 114      AEEC
 115 0288 0A06F7AC 		.ascii	"\012\006\367\254o`\277\000\304\233\365\016"
 115      6F60BF00 
 115      C49BF50E 
 116              		.text
 117              		.section	.gnu.lto_stm32_clock_init.49441a4aa8bc92b6,"",%progbits
 118 0000 789C9D56 		.ascii	"x\234\235V]L\\E\030\235o\356\376\\\226\275\273\313."
 118      5D4C5C45 
 118      189D6FEE 
 118      FE5C96BD 
 118      BBCB2E
 119 0013 50526A4A 		.ascii	"PRjJJ\212\205\030\267\265\257\306\204\027\337\364A}"
 119      4A8A8518 
 119      B7B5AFC6 
 119      8417DFF4 
 119      417D
 120 0025 37523590 		.ascii	"7R5\220b0\326\230\276\365Rv\261\321\306\370 \2151\261"
 120      6230D698 
 120      BEF55276 
 120      B1D1C6F8 
 120      208D31B1 
 121 0039 3531B1D8 		.ascii	"51\261\330Z\201Z\265P[\267\333\362\323V\212\264\265"
 121      5A815AB5 
 121      505BB7DB 
 121      F2D3568A 
 121      B4B5
 122 004b B44581F2 		.ascii	"\264E\201\362'\266(,,H\013e\235of\356\016l\023\263\273"
 122      27B6282C 
 122      2C480B65 
 122      9D6F66EE 
 122      0E6C13B3 
 123 0060 37E40C7B 		.ascii	"7\344\014{\277\311\2313\347;w\356\265\021 x\035w\023"
 123      BFC99933 
 123      E73B77EE 
 123      B5112078 
 123      1D7713
 124 0073 F21C1B9F 		.ascii	"\362\034\033\237`?\241\200\000\375\370*!\365:\005M\374"
 124      603FA180 
ARM GAS  /tmp/cc9nXjO4.s 			page 9


 124      00FDF82A 
 124      21F53A05 
 124      4DFC
 125 0085 A3D1FC83 		.ascii	"\243\321\374\203\335\204\230.[\310ILw\276\270_i\003"
 125      DD84982E 
 125      5BC8494C 
 125      77BEB85F 
 125      6903
 126 0097 BBA8DB69 		.ascii	"\273\250\333i@\324\035\274\036\020\367+\035\340\024"
 126      40D41DBC 
 126      1E10F72B 
 126      1DE014
 127 00a6 7527F58B 		.ascii	"u'\365\213\272\316\353~q\277R\207\034Q\317\241y\242"
 127      BACEEB7E 
 127      71BF5287 
 127      1C51CFA1 
 127      79A2
 128 00b8 EEE2F53C 		.ascii	"\356\342\365<q\277\322\005\271\242\236K}\242\356\346"
 128      71BFD205 
 128      B9A29E4B 
 128      7DA2EEE6 
 129 00c8 759FB85F 		.ascii	"u\237\270_\351\006C\324\015\352\025u\017\257{\305\375"
 129      E90643D4 
 129      0DEA1575 
 129      0FAF7BC5 
 129      FD
 130 00d9 4A0F008E 		.ascii	"J\017\000\216\246\016d\037\325\362m\366\200\303\351"
 130      A60E641F 
 130      D5F26DF6 
 130      80C3E9
 131 00e8 D773F25C 		.ascii	"\327s\362\\\271>\267\341\365\300>\247F\304e\227\243"
 131      B93EB7E1 
 131      F5C03EA7 
 131      46C46597 
 131      A3
 132 00f9 538E3972 		.ascii	"S\2169r\314\225\243!\307\005\372\210B\364\375\311vZ"
 132      CC95A321 
 132      C705FA88 
 132      42F4FDC9 
 132      765A
 133 010b 7ED464D7 		.ascii	"~\324d\327H\370\330\016\2639\002aF\224\240b\016\034"
 133      48F8D80E 
 133      B3390261 
 133      4694A062 
 133      0E1C
 134 011d 8572C2A6 		.ascii	"\205r\302\246\215\266\2556\031\216\020N+\021Eh\006\007"
 134      8DB6AD36 
 134      198E104E 
 134      2B114568 
 134      0607
 135 012f 1ADEF252 		.ascii	"\032\336\362R\304L$\032Lsy\373\351'\237\242$\254\201"
 135      C44C241A 
 135      4C7379FB 
 135      E9279FA2 
 135      24AC81
 136 0142 86604770 		.ascii	"\206`Gp 8\021t\004\027\202\033\301@\360 x\021\374\010"
 136      20381174 
ARM GAS  /tmp/cc9nXjO4.s 			page 10


 136      0417821B 
 136      C140F020 
 136      7811FC08 
 137 0156 01840284 		.ascii	"\001\204\002\204B\204\015\010E\010\033\021\212\0216"
 137      42840D08 
 137      45081B11 
 137      8A1136
 138 0165 2394206C 		.ascii	"#\224 lA(E\330\212P\206\260\015\241\034\241\002\201"
 138      412845D8 
 138      8A5086B0 
 138      0DA11CA1 
 138      0281
 139 0177 90592694 		.ascii	"\220Y&\224\231\030\243\224\015\332$D;b7Oj\250\274A\303"
 139      9918A394 
 139      0DDA2444 
 139      3B62374F 
 139      6AA8BC41 
 140 018c CD1F0A47 		.ascii	"\315\037\012G\373\234q\032\326(\340&\007[z\357\353\342"
 140      FB9C711A 
 140      D628E026 
 140      075B7AEF 
 140      EBE2
 141 019e A7F9C501 		.ascii	"\247\371\305\001\323\206\373\356\371\3008\002\2373O"
 141      D386FBEE 
 141      F9C03802 
 141      9F334F
 142 01ad 3438069B 		.ascii	"48\006\233\340k\330Dp\352\371\217\246\2762\202'\314"
 142      E06BD844 
 142      70EAF98F 
 142      A6BE3282 
 142      27CC
 143 01bf 50BDE90B 		.ascii	"P\275\351\013k68\016G`\225{\006\337@\220LB\303\222C"
 143      6B36380E 
 143      4760957B 
 143      06DF4090 
 143      4C42C392 
 144 01d4 ACA389A5 		.ascii	"\254\243\211\245N]\354n\344\334\300\256\023\214\205"
 144      4E5DEC6E 
 144      E4DCC0AE 
 144      138C85
 145 01e3 A9390438 		.ascii	"\2519\0048%\203U\276U\253\264@\220q\263\377bT#,\030"
 145      258355BE 
 145      55ABB440 
 145      9071B3FF 
 145      6254232C 
 146 01f8 7C776D03 		.ascii	"|wm\003srw\366tX\0019[\025g\233P\276\3228N\005\213$"
 146      737277F6 
 146      74580139 
 146      5B15679B 
 146      50BED238 
 147 0210 EA4CFC1B 		.ascii	"\352L\374\033\361\012\355\024N2\226\273\020\272\323"
 147      F10AED14 
 147      4E3296BB 
 147      10BAD3
 148 021f F0A69CC3 		.ascii	"\360\246\234\303&\264L\267?0\304\004\002\337\3412\004"
 148      26B44CB7 
 148      3F30C404 
ARM GAS  /tmp/cc9nXjO4.s 			page 11


 148      02DFE132 
 148      04
 149 0230 CDCF272C 		.ascii	"\315\317',\310\020\2436\313\375\266\241kR\2373\203]"
 149      C810A336 
 149      CBFDB6A1 
 149      6B529F33 
 149      835D
 150 0242 9FE20A31 		.ascii	"\237\342\0121k\360\275T(\275\325\005\321\271\305\360"
 150      6BF0BD54 
 150      28BDD505 
 150      D1B9C5F0 
 151 0252 7B62F595 		.ascii	"{b\365\225D\"\341\205\037\262\264\367G\265\320i\264"
 151      4422E185 
 151      1FB2B4F7 
 151      47B5D069 
 151      B4
 152 0263 5747968E 		.ascii	"WG\226\216\376!\351\206+\003\252vE\325\3015g\256\346"
 152      FE21E986 
 152      2B03AA76 
 152      45D5C135 
 152      67AEE6
 153 0276 8CA2F809 		.ascii	"\214\242\370\011\325\270x\263\355\252\331\303\243\322"
 153      D5B878B3 
 153      EDAAD9C3 
 153      A3D2
 154 0284 4C77DACD 		.ascii	"Lw\332\315>\2538\317Y\315\236\226\3333\004\321\362\324"
 154      3EAB38CF 
 154      59CD9E96 
 154      DB3304D1 
 154      F2D4
 155 0296 27B741B8 		.ascii	"'\267A\270\351\206\237E\263\007\255f\033k\272\033\220"
 155      E9869F45 
 155      B307AD66 
 155      1B6BBA1B 
 155      90
 156 02a7 DD7524BB 		.ascii	"\335u$\273;a=[\236\014\266\031Q\371;\277\276\273^A\324"
 156      3B613D5B 
 156      9E0CB619 
 156      51F93BBF 
 156      BEBB5E41 
 157 02bc 7229DC2D 		.ascii	"r)\334-\005=\000\210f\331\333\013j\231\213\350\246\027"
 157      053D0088 
 157      66D9DB0B 
 157      6A998BE8 
 157      A617
 158 02ce 59E2B313 		.ascii	"Y\342\263\023\"\220\212\250\036\2178\343\377]\354T."
 158      22908AA8 
 158      1E8F38E3 
 158      FF5DEC54 
 158      2E
 159 02df 764170ED 		.ascii	"vAp\3559bc\371\357\026\012;b\323\226\035\376\014t\366"
 159      396263F9 
 159      EF160A3B 
 159      62D3961D 
 159      FE0C74F6 
 160 02f3 289D97D6 		.ascii	"(\235\227\326\037$\001A47<\274\337#\3540\315|\270\234"
 160      1F240141 
ARM GAS  /tmp/cc9nXjO4.s 			page 12


 160      34373CBC 
 160      DF23EC30 
 160      CD7CB89C 
 161 0307 A51F57D4 		.ascii	"\245\037W\324:\277\240\037\001\236.\247J\327\214u\224"
 161      3ABFA01F 
 161      019E2EA7 
 161      4AD78C75 
 161      94
 162 0318 14A49DAE 		.ascii	"\024\244\235\256^\305y5\365()\024D\027\016\037\016Q"
 162      5EC57935 
 162      F5282914 
 162      44170E1F 
 162      0E51
 163 032a 4BBD0E7D 		.ascii	"K\275\016})\207I\341\232|\371e\276\364d\276\026\243"
 163      298749E1 
 163      9A7CF965 
 163      BEF464BE 
 163      16A3
 164 033c 52D2860C 		.ascii	"R\322\206\0146\372+\027\305\337X\375\353\015-bDY\037"
 164      36FA2B17 
 164      C5DF58FD 
 164      EB0D2D62 
 164      44591F
 165 034f C5D714ED 		.ascii	"\305\327\024\355u\364\257\210\373\227\223\364/\266h"
 165      75F4AF88 
 165      FB9793F4 
 165      2FB668
 166 035e 3D9D1BD3 		.ascii	"=\235\033\323\366\357\206\342\374-\325\277bF\364\330"
 166      F6EF86E2 
 166      FC2DD5BF 
 166      6246F4D8 
 167 036e D95BBCC6 		.ascii	"\331[\274\306\256<i\227K\332\025o}4\232E\266o\252l\017"
 167      AE3C6997 
 167      4BDA156F 
 167      7D349A45 
 167      B66FAA6C 
 168 0383 F06C2F84 		.ascii	"\360l/\204\226\346=\"\333fO\234\300-aX|v5\033\372\333"
 168      96E63D22 
 168      DB664F9C 
 168      C02D6158 
 168      7C76351B 
 169 0399 9C1EDF5B 		.ascii	"\234\036\337[p\207\323\217~\032^rI\372(\201A\311\336"
 169      7087D38F 
 169      7E1A5E72 
 169      49FA2881 
 169      41C9DE
 170 03ac 9AC886FD 		.ascii	"\232\310\206\375w\316nC\366?8\373\227\255\315\215\232"
 170      77CE6E43 
 170      F63F38FB 
 170      97ADCD8D 
 170      9A
 171 03bd 60DF0E43 		.ascii	"`\337\016C\362\301l\353\272.[\2639\203\206\017\253p"
 171      F2C16CEB 
 171      BA2E5BB3 
 171      3983860F 
 171      AB70
 172 03cf 8FACCF51 		.ascii	"\217\254\317Q\211 \352\237x\330\227cE\233e\373n\226"
ARM GAS  /tmp/cc9nXjO4.s 			page 13


 172      8920EA9F 
 172      78D89763 
 172      459B65FB 
 172      6E96
 173 03e1 C91A550B 		.ascii	"\311\032U\013\215a\262Jx\262rU\262\272\346\245\374-"
 173      8D61B24A 
 173      78B27255 
 173      B2BAE6A5 
 173      FC2D
 174 03f3 69276B5C 		.ascii	"i'k\\qN\244&\253T\020]I\034\234\261'\345\373`2%k\245"
 174      714EA426 
 174      AB54105D 
 174      491C9CB1 
 174      27E5FB60 
 175 040b 6BB2E693 		.ascii	"k\262\346\223Ys'\263\326;f\265+y\026\332\3717\325\303"
 175      597327B3 
 175      D63B66B5 
 175      2B7916DA 
 175      F937D5C3 
 176 041f 89CE0F75 		.ascii	"\211\316\017u\361\323\214\210o\252\246\225\361\030\265"
 176      F1D38C88 
 176      6FAAA695 
 176      F118B5
 177 042e 3ABA837D 		.ascii	":\272\203}\2519`\212)\377S*_>0\022\322\223\312\377\342"
 177      A939608A 
 177      29FF532A 
 177      5F3E3012 
 177      D293CAFF 
 178 0443 CAF19316 		.ascii	"\312\361\223\026\356\361\2266\365\236\275%[\352\207"
 178      EEF19636 
 178      F59EBD25 
 178      5BEA87
 179 0452 FBD659DB 		.ascii	"\373\326Y\333g\265tk\006NO\253\254\377\275\276\245e"
 179      67B5746B 
 179      064E4FAB 
 179      ACFFBDBE 
 179      A565
 180 0464 8C883F6D 		.ascii	"\214\210?m\3314\360\037E;\203\015,\343\0154\324\321"
 180      D934F01F 
 180      453B830D 
 180      2CE30D34 
 180      D4D1
 181 0476 7A634C8A 		.ascii	"zcL\212\335\226v\003g\025g,\365\305]\316\210\036{S\227"
 181      DD967603 
 181      6715672C 
 181      F5C55DCE 
 181      881E7B53 
 182 048b 338ACFCE 		.ascii	"3\212\317\316\304/\313\226\3520\227\354\236Wv\317\223"
 182      C42FCB96 
 182      EA3097EC 
 182      9E5776CF 
 182      93
 183 049c 3C58072C 		.ascii	"<X\007,A\025\031ls^=l\361,?q\026\024\305\":UA\356\301"
 183      4115196C 
 183      735E3D6C 
 183      F12C3F71 
 183      1614C522 
ARM GAS  /tmp/cc9nXjO4.s 			page 14


 184 04b5 FE48EC45 		.ascii	"\376H\354E\244\221b\201\211d\301}6X]\367\326\033\301"
 184      A4916281 
 184      8964C17D 
 184      36585DF7 
 184      D61BC1
 185 04c8 AABAAA9A 		.ascii	"\252\272\252\232\335u\301]\3255U5u{\202\354\257\372"
 185      DD75C15D 
 185      D5355535 
 185      757B82EC 
 185      AFFA
 186 04da B5DAE0DB 		.ascii	"\265\332\340\333u\357\274\273'\370\362+/\354|F\340\363"
 186      75EFBCBB 
 186      27F8F22B 
 186      2FEC7C46 
 186      E0F3
 187 04ec 3BF7EEC5 		.ascii	";\367\356\305\312\253\265\265\257?\275\213\374\007\002"
 187      CAABB5B5 
 187      AF3FBD8B 
 187      FC0702
 188 04fb 542B2D   		.ascii	"T+-"
 189              		.text
 190              		.section	.gnu.lto_.symbol_nodes.49441a4aa8bc92b6,"",%progbits
 191 0000 789C55CC 		.ascii	"x\234U\314\273\015\200P\014C\321\233\344\261\000\013"
 191      BB0D8050 
 191      0C43D19B 
 191      E4B1000B 
 192 0010 00BBB1C7 		.ascii	"\000\273\261\307\013\025-\277\005`\013\250\251\231\204"
 192      0B152DBF 
 192      05600BA8 
 192      A99984
 193 001f 21889028 		.ascii	"!\210\220(pc\351XrBh\211\350\250\031\206\013\242v_\335"
 193      7063E958 
 193      72426889 
 193      E8A81986 
 193      0BA2765F 
 194 0034 C226CDF2 		.ascii	"\302&\315\362\331\341M\310\254Y\177R\014JW\306\201,"
 194      D9E14DC8 
 194      AC597F52 
 194      0C4A57C6 
 194      812C
 195 0046 9AED9DC0 		.ascii	"\232\355\235\300\275\006\023\330\372\2732I\234\321<"
 195      BD0613D8 
 195      FABB3249 
 195      9CD13C
 196 0055 CFDB17AD 		.ascii	"\317\333\027\255"
 197              		.text
 198              		.section	.gnu.lto_.refs.49441a4aa8bc92b6,"",%progbits
 199 0000 789C6361 		.ascii	"x\234ca`\004B \000\000\0009\000\007"
 199      60044220 
 199      00000039 
 199      0007
 200              		.text
 201              		.section	.gnu.lto_.decls.49441a4aa8bc92b6,"",%progbits
 202 0000 789CAD56 		.ascii	"x\234\255VkP\024W\026\356\333wx\015\010\024X[\326\026"
 202      6B501457 
 202      16EEDB77 
 202      780D0814 
ARM GAS  /tmp/cc9nXjO4.s 			page 15


 202      585BD616 
 203 0014 B5656549 		.ascii	"\265eeI\311\037\035\201T\345O\262%\016\030\255\325\304"
 203      C91F1D81 
 203      54E54FB2 
 203      250E18AD 
 203      D5C4
 204 0026 EA2166F3 		.ascii	"\352!f\363g\247`\030WJ`,\031\266\364_#D\004_\200/D0"
 204      67A76018 
 204      574A602C 
 204      19B6F45F 
 204      2344045F 
 205 003e 0A6E5041 		.ascii	"\012nPA\204AD\020uT$\210\217 &\242 o\3017\370B4\242"
 205      84414410 
 205      75542488 
 205      8F2026A2 
 205      206FC137 
 206 0056 EEB9F776 		.ascii	"\356\271\367vO\367<\314\246v\267\2133\335\247\373\273"
 206      4FF73CCC 
 206      A676B78B 
 206      33DDA7FB 
 206      BB
 207 0067 DF39E7DE 		.ascii	"\3379\347\336\357\236\213\206C\034\271>\015\346\270"
 207      EF9E8B86 
 207      431CB93E 
 207      0DE6B8
 208 0076 5C9EE3E6 		.ascii	"\\\236\343\346\201\373\036.\015\274[\306)\027\361\217"
 208      81FB1E2E 
 208      0DBC5BC6 
 208      2917F18F 
 209 0086 801D05AB 		.ascii	"\200\035\005\253\005\253\003##Os\316\027\301\370Hcg"
 209      05AB0323 
 209      234F73CE 
 209      17C1F848 
 209      6367
 210 0098 815D026B 		.ascii	"\201]\002k\007\263\203=\001\033\007\2030\334\217`\367"
 210      07B3833D 
 210      011B0783 
 210      30DC8F60 
 210      F7
 211 00a9 258E239C 		.ascii	"%\216#\234\373E\342\370\251x\344\261\204\347)X\025\230"
 211      FB45E2F8 
 211      A978E4B1 
 211      84E72958 
 211      1598
 212 00bb 170CC660 		.ascii	"\027\014\306`\336\360|\007l\000l\004l\020l\224c\344"
 212      DEF07C07 
 212      6C006C04 
 212      6C106C94 
 212      63E4
 213 00cd 58E23A22 		.ascii	"X\342:\"\345\354z\325\272\344\253\216\363'\030\037&"
 213      E5EC7AD5 
 213      BAE4AB8E 
 213      F327181F 
 213      26
 214 00de F13F021B 		.ascii	"\361?\002\033\002\353\003{\010v\017,\004\261\374k=\360"
 214      02EB037B 
 214      08760F2C 
ARM GAS  /tmp/cc9nXjO4.s 			page 16


 214      04B1FC6B 
 214      3DF0
 215 00f0 BEE5D1D1 		.ascii	"\276\345\321\321\314\227vm\017\272\205\240^\024L\337"
 215      CC97766D 
 215      0FBA85A0 
 215      5E144CDF 
 216 0100 22C47E11 		.ascii	"\"\304~\0215\216\031u\341\201\347$>\371\025\222\201"
 216      358E1975 
 216      E181E724 
 216      3EF91592 
 216      81
 217 0111 92CFCB8F 		.ascii	"\222\317\313\217\234\203\214\376I\343\351\272\321\213"
 217      9C838CFE 
 217      49E3E9BA 
 217      D18B
 218 011f 9228EC48 		.ascii	"\222(\354H\032\304|i0'G\340\225\000\222+\017P\361\261"
 218      1AC47C69 
 218      302747E0 
 218      9500922B 
 218      0F50F1B1 
 219 0133 74253A25 		.ascii	"t%:%gGMH.\272\364f\331i\036\363\210<\367\277>\270`N"
 219      67474D48 
 219      2EBAF466 
 219      D9691EF3 
 219      883CF7BF 
 220 014b 950857BE 		.ascii	"\225\010W\276(\362\237+3s-\273\246\004\277\340Q\210"
 220      28F29F2B 
 220      33732DBB 
 220      A604BFE0 
 220      5188
 221 015d 1669C07D 		.ascii	"\026i\300}z\245x8\020\334\351Z4\023\334\267\027\367"
 221      7AA57838 
 221      10DCE95A 
 221      3413DCB7 
 221      17F7
 222 016f 14F33376 		.ascii	"\024\3633v\322qY\342L\015Z\366\007T\211\302\320a\024"
 222      D27159E2 
 222      4C0D5AF6 
 222      075489C2 
 222      D06114
 223 0182 0681AAD0 		.ascii	"\006\201\252\320\014\370M\3240\246\235\315\266^\277"
 223      0CF84DD4 
 223      30A69DCD 
 223      B65EBF
 224 0191 8FF689F6 		.ascii	"\217\366\211\366\032q\240\264qeA\226\330\006\303f\022"
 224      1A71A0B4 
 224      71654196 
 224      D806C366 
 224      12
 225 01a2 143A8830 		.ascii	"\024:\2100:\204\346\220\354\340\221\334*P\017\244}\004"
 225      3A84E690 
 225      ECE091DC 
 225      2A500FA4 
 225      7D04
 226 01b4 7D042377 		.ascii	"}\004#w\357\335Z\203\261\211&:~\177b\324\033X\366\325"
 226      EFDD5A83 
 226      B189263A 
ARM GAS  /tmp/cc9nXjO4.s 			page 17


 226      7E7F62D4 
 226      1B58F6D5 
 227 01c8 88F6BA1C 		.ascii	"\210\366\272\034\274[\264g\003\013OY\252\025\226j5\313"
 227      BC5BB467 
 227      030B4F59 
 227      AA15966A 
 227      35CB
 228 01da 51CA22DE 		.ascii	"Q\312\"\336;y;\010\257\242,\227\336\357\237@\022KG{"
 228      3B793B08 
 228      AFA22C97 
 228      DEEF9F40 
 228      124B477B 
 229 01ee 80989F29 		.ascii	"\200\230\237)\212\363(G\215\302Q\243\346\250\245\034"
 229      8AF32847 
 229      8DC251A3 
 229      E6A8A51C 
 230 01fe 17EF9EEB 		.ascii	"\027\357\236\353\3038\023Q\222\372\253\023\223\030H"
 230      C3381351 
 230      92FAAB13 
 230      931848
 231 020d 064471A0 		.ascii	"\006Dq\240.oYN\371z{>\242U#\233\302b\243,\360PG\031"
 231      2E6F594E 
 231      F97A7B3E 
 231      A255239B 
 231      C262A32C 
 232 0225 7ADB0E55 		.ascii	"z\333\016U\222\371\234\245Ed\271\202\210\370\0365\276"
 232      92F99CA5 
 232      4564B982 
 232      88F81E35 
 232      BE
 233 0236 9EC65E11 		.ascii	"\236\306^\021\332\316\255\317\016\370\3406\032\203o"
 233      DACEADCF 
 233      0EF8E036 
 233      1A836F
 234 0245 DD5C67F3 		.ascii	"\335\\g\363G\021\332\037\310\024\017t]\215-\310!\325"
 234      4711DA1F 
 234      C8140F74 
 234      5D8D2DC8 
 234      21D5
 235 0257 9E405A74 		.ascii	"\236@Zt\\\2111K\013\277\033Dq\035Y\205\220\266@\316"
 235      5C89314B 
 235      0BBF1B44 
 235      711D5985 
 235      90B640CE 
 236 026b B108A801 		.ascii	"\261\010\250\001E\020b\002D\365\360\362\030\274\204"
 236      45106202 
 236      44F5F0F2 
 236      18BC84
 237 027a 20870E14 		.ascii	" \207\016\024\224y\343\203t\361\371\335\307\016Oj\035"
 237      9479E383 
 237      74F1F9DD 
 237      C70E4F6A 
 237      1D
 238 028b 41AE6FFB 		.ascii	"A\256o\373\004\204\020\214NB\214F%\006\204\374`\220"
 238      0484108C 
 238      4E428C46 
 238      250684FC 
ARM GAS  /tmp/cc9nXjO4.s 			page 18


 238      6090
 239 029d 26CF415E 		.ascii	"&\317A^\212\307\353Ia\204Il9L\312\25790\362g\374\206"
 239      8AC7EB49 
 239      6184496C 
 239      394CCAAF 
 239      3930F267 
 240 02b3 69AEFD55 		.ascii	"i\256\375U\336x\320\307\345\342\2762\020\304)\001\004"
 240      DE78D0C7 
 240      E5E2BE32 
 240      10C42901 
 240      04
 241 02c4 B190424F 		.ascii	"\261\220BO\261\240*!\2217\315$\320i\3641\014\354h\032"
 241      B1A02A21 
 241      9137CD24 
 241      D069F431 
 241      0CEC681A 
 242 02d8 1809C41B 		.ascii	"\030\011\304\0331e\351\250\330\320\201\265\220W\326"
 242      3165E9A8 
 242      D8D081B5 
 242      9057D6
 243 02e7 EFCEABF8 		.ascii	"\357\316\253\370\344\213v/\246i_p\033\306*\033\2461"
 243      E48B762F 
 243      A6695F70 
 243      1BC62A1B 
 243      A631
 244 02f9 4DDBC9E7 		.ascii	"M\333\311\347]\215CO\002\361\026J\257\331r\250|\214"
 244      5D8D434F 
 244      02F1164A 
 244      AFD972A8 
 244      7C8C
 245 030b 47A111E1 		.ascii	"G\241\021\341\341\005T\345vQDV\016\235\003\266\2634"
 245      E10554E5 
 245      76514456 
 245      0E9D03B6 
 245      B334
 246 031d B716144A 		.ascii	"\267\026\024J\263\275\000\261~D\341\250\025\205\323"
 246      B3BD00B1 
 246      7E44E1A8 
 246      1585D3
 247 032c F56693F9 		.ascii	"\365f\223\371Kq\306\256,\262b\000\343\244\251$W\231"
 247      4B71C6AE 
 247      2CB26200 
 247      E3A4A924 
 247      5799
 248 033e 989D25DA 		.ascii	"\230\235%\332{\372\247\023\001cd\207\262\317C\221\204"
 248      7BFAA713 
 248      01636487 
 248      B2CF4391 
 248      84
 249 034f CC91BD8E 		.ascii	"\314\221\275\216\320W\222 \022\374f?(5\201\202\317x"
 249      D0579220 
 249      12FC663F 
 249      28358182 
 249      CF78
 250 0361 044786B1 		.ascii	"\004G\206\261\255Vlk9\343\203;h\005|\223m\274\326\017"
 250      AD566C6B 
 250      39E3833B 
ARM GAS  /tmp/cc9nXjO4.s 			page 19


 250      68057C93 
 250      6DBCD60F 
 251 0375 4584D284 		.ascii	"E\204\322\204\354\275\375H\024}Q;\214mS\026\227d\307"
 251      ECBDFD48 
 251      147D513B 
 251      8C6D5316 
 251      9764C7
 252 0388 711E2B44 		.ascii	"q\036+D\027\241\260\017\025\011\2616\227\227m\013\010"
 252      17A1B00F 
 252      1509B136 
 252      97976D0B 
 252      08
 253 0399 C8537441 		.ascii	"\310StA\271\225\265\273\204\002\250\374\341\016\350"
 253      B995B5BB 
 253      8402A8FC 
 253      E10EE8
 254 03a8 930DCDAD 		.ascii	"\223\015\315\255\322\324\317\005w\317\363\336\373~\314"
 254      D2D4CF05 
 254      77CFF3DE 
 254      FB7ECC
 255 03b7 8D20DBF2 		.ascii	"\215 \333\362\306\376j/|\233-\354\225\273\265\235>x"
 255      C6FE6A2F 
 255      7C9B2DEC 
 255      95BBB59D 
 255      3E78
 256 03c9 883972DF 		.ascii	"\2109r\337\011a}\247\340\374\304s\177\374\200}\033\313"
 256      09617DA7 
 256      E0FCC473 
 256      7FFC807D 
 256      1BCB
 257 03db 1E19F067 		.ascii	"\036\031\360g\337f\220q\271\205;x<.\215\3538\237\347"
 257      DF669071 
 257      B9853B78 
 257      3C2E8DEB 
 257      389FE7
 258 03ee 872799D3 		.ascii	"\207'\231\323\371\344r\251\004\014\0067\357\354\255"
 258      F9E472A9 
 258      040C0637 
 258      EFECAD
 259 03fd F57EF83D 		.ascii	"\365~\370=\373\266\377^\343\266 \274^C\235\346\236z"
 259      FBB6FF5E 
 259      E3B620BC 
 259      5E439DE6 
 259      9E7A
 260 040f 1DDECA9E 		.ascii	"\035\336\312\236\0175n\036\364\302E\314\031n\310~\251"
 260      0F356E1E 
 260      F4C245CC 
 260      196EC87E 
 260      A9
 261 0420 C125CCE9 		.ascii	"\301%\314\351\352\030Z\310\330>\001o\362\370\233\036"
 261      EA185AC8 
 261      D83E016F 
 261      F2F89B1E 
 262 0430 A933EEC3 		.ascii	"\2513\356\303\340\277*\372\256\002\341\375\024\032t"
 262      E0BF2AFA 
 262      AE02E1FD 
 262      141A74
ARM GAS  /tmp/cc9nXjO4.s 			page 20


 263 043f 7D53B94D 		.ascii	"}S\271M\203\302C\303\331\025A\177\331\242\226\016-,"
 263      83C243C3 
 263      D915417F 
 263      D9A2960E 
 263      2D2C
 264 0451 845638D7 		.ascii	"\204V8\327\241\201~\365\262v E\004\005R{\246\313s\033"
 264      A1817EF5 
 264      B2762045 
 264      0405527B 
 264      A6CB731B 
 265 0465 103DF463 		.ascii	"\020=\364c\277\2646wam\036\301\332\014\201=\000\033"
 265      BFB43677 
 265      616D1EC1 
 265      DA0C813D 
 265      001B
 266 0477 011B001B 		.ascii	"\001\033\000\033\006\033\005\033\004\273\017\326\007"
 266      061B051B 
 266      04BB0FD6 
 266      07
 267 0484 7607EC21 		.ascii	"v\007\354!\330=i\035Y*\205\211\212\032\273\\3\371\005"
 267      D83D691D 
 267      592A8589 
 267      8A1ABB5C 
 267      33F905
 268 0497 3914C6D0 		.ascii	"9\024\306\320E*\364uWt'r\025\357\224\"\336nW\264\233"
 268      452AF475 
 268      57742772 
 268      15EF9422 
 268      DE6E57B4 
 269 04ac D2B7ABB8 		.ascii	"\322\267\253\270ox\316D\015\337\253\202\377\344\012"
 269      6F78CE44 
 269      0DDFAB82 
 269      FFE40A
 270 04bb BFE29A78 		.ascii	"\277\342\232x\276\012}\323\025}\326\215|\247\012\376"
 270      BE0A7DD3 
 270      157DD68D 
 270      7CA70AFE 
 271 04cb B3E73A29 		.ascii	"\263\347:)9\333_\223P&\354\257~O\333\275N\275\324\275"
 271      39DB5F93 
 271      5026ECAF 
 271      7E4FDBBD 
 271      4EBDD4BD 
 272 04df AE54975D 		.ascii	"\256T\227]\363,V\005\276\346Y\030*\364;e~oy.J\005\256"
 272      F32C5605 
 272      BEE65918 
 272      2AF43B65 
 272      7E6F792E 
 273 04f6 51515FF5 		.ascii	"QQ_\365<a\352)\370\325\271\361\270\257\235\334x&\252"
 273      3C61EA29 
 273      F8D5B9F1 
 273      B8AF9DDC 
 273      7826AA
 274 0509 AA7AFD71 		.ascii	"\252z\375q\005\025=?\261\257\250\0059\032O\375\320\014"
 274      05153D3F 
 274      B1AFA805 
 274      391A4FFD 
 274      D00C
ARM GAS  /tmp/cc9nXjO4.s 			page 21


 275 051b 3231E330 		.ascii	"21\3430\366\261\322x\372U\215\307E\331h\014\004\375"
 275      F6B1D278 
 275      FA558DC7 
 275      45D9680C 
 275      04FD
 276 052d FF1037E4 		.ascii	"\377\0207\344e\177<\\\351\343\324\244\306\235\232\324"
 276      657F3C5C 
 276      E9E3D4A4 
 276      C69D9AD4 
 277 053d 13A9493D 		.ascii	"\023\251I=\241M\352\315\310\321\273\316-\215\234\351"
 277      A14DEACD 
 277      C8D1BBCE 
 277      2D8D9CE9 
 278 054d 0AFAA984 		.ascii	"\012\372\251\204~J\321\307G/\266j\331\306\027\021\370"
 278      7E4AD1C7 
 278      472FB66A 
 278      D9C61711 
 278      F8
 279 055e F7F34AFA 		.ascii	"\367\363J\372\002p\035\353\021\347\236\325T\004\260"
 279      02701DEB 
 279      11E79ED5 
 279      5404B0
 280 056d 26419AC2 		.ascii	"&A\232\302\370dY\256/9\254D\231\031>(\304\023\344\214"
 280      F86459AE 
 280      2F39AC44 
 280      99193E28 
 280      C413E48C 
 281 0581 8519452F 		.ascii	"\205\031E/\330A\225S\332_\347\025\222/\315\316<+=\036"
 281      D8419553 
 281      DA5FE715 
 281      922FCDCE 
 281      3C2B3D1E 
 282 0595 9F019C6D 		.ascii	"\237\001\234m\201\227(D\036D\320}S%\027\260\032m\377"
 282      81972844 
 282      1E44D07D 
 282      532517B0 
 282      1A6DFF
 283 05a8 2D7475F9 		.ascii	"-tu\371\277viq\223\224f^n\011\302\247\231s\342\324\343"
 283      BF766971 
 283      9394665E 
 283      6E09C2A7 
 283      9973E2D4 
 284 05bd 28967218 		.ascii	"(\226r\030xM\275O\355\376\254\274\001(\317;\353\301"
 284      784DBD4F 
 284      EDFEACBC 
 284      0128CF3B 
 284      EBC1
 285 05cf 705510A2 		.ascii	"pU\020\242M,\224\251\243\241o\272\263\2322y\317;\204"
 285      4D2C94A9 
 285      A3A16FBA 
 285      B39A3279 
 285      CF3B84
 286 05e2 C16D7D0E 		.ascii	"\301m}\0161\275r\005;7\202L\321~\354\357\004;\211B\320"
 286      31BD7205 
 286      3B37824C 
 286      D17EECEF 
 286      043B8942 
ARM GAS  /tmp/cc9nXjO4.s 			page 22


 287 05f7 73092B17 		.ascii	"s\011+\027\244\0265SXi\037\335z\000r\337z\265\352\034"
 287      A4163553 
 287      58691FDD 
 287      7A0072DF 
 287      7AB5EA1C 
 288 060b 5F7B0C1B 		.ascii	"_{\014\033\351\326c\337\300\367_i\024\202&2|\0172\024"
 288      E9D663DF 
 288      C0F75F69 
 288      14822632 
 288      7C0F3214 
 289 061f F970F416 		.ascii	"\371p\364\026\344\365\016lJ\221X}\361\345V\036\2670"
 289      E4F50E6C 
 289      4A91587D 
 289      F1E5561E 
 289      B730
 290 0631 E95FB87B 		.ascii	"\351_\270{\255+\020\376k\360H\207\262\371\210\377\310"
 290      AD2B10FE 
 290      6BF04887 
 290      B2F988FF 
 290      C8
 291 0642 C84A6AEC 		.ascii	"\310Jj\354\243\247u\026\200\327\361\216MC*\2441;3\247"
 291      A3A77516 
 291      80D7F18E 
 291      4D432AA4 
 291      313B33A7 
 292 0656 9A909350 		.ascii	"\232\220\223P\263x\265\254\277\343\231P\341\016\350"
 292      B378B5AC 
 292      BFE39950 
 292      E10EE8
 293 0665 D1038D57 		.ascii	"\321\003\215Wy|\235-\362\330\271\302d\334\305\236\273"
 293      797C9D2D 
 293      F2D8B9C2 
 293      64DCC59E 
 293      BB
 294 0676 6D8383DE 		.ascii	"m\203\203\336x\2009\317\212[\037j\3610s\366T\037\316"
 294      788039CF 
 294      8A5B1F6A 
 294      F13073F6 
 294      541FCE
 295 0689 C6789439 		.ascii	"\306x\2249\267\2333[\002\361\030s\006\277_w\307\013"
 295      B79B335B 
 295      02F11873 
 295      06BF5F77 
 295      C70B
 296 069b 3F67CEAB 		.ascii	"?g\316\253\346ke<\223L8\270\207\355\033\333\260t\024"
 296      E66B653C 
 296      934C38B8 
 296      87ED1BDB 
 296      B07414
 297 06ae F2E0FFF0 		.ascii	"\362\340\377\360\323\353\355\010OR\254\377\331\357\253"
 297      D3EBED08 
 297      4F52ACFF 
 297      D9EFAB
 298 06bd DF51FD84 		.ascii	"\337Q\375\204\323\3430B:\006\317t\253\026(\027j\335"
 298      D3E33042 
 298      3A06CF74 
 298      AB162817 
ARM GAS  /tmp/cc9nXjO4.s 			page 23


 298      6ADD
 299 06cf C1FF6657 		.ascii	"\301\377fW\276\331\355P\321VW\264[o<\241\2007\271\202"
 299      BED9ED50 
 299      D15657B4 
 299      5B6F3CA1 
 299      8037B982 
 300 06e3 752ED84E 		.ascii	"u.\330N\005\273\301\025\353~\3624+\350<\317I\273\313"
 300      05BBC115 
 300      EB7EF234 
 300      2BE83CCF 
 300      49BBCB
 301 06f6 6A0B1F86 		.ascii	"j\013\037\2066\363\344\333\016I\004\273A\020\205 \202"
 301      36F3E4DB 
 301      0E4904BB 
 301      41108520 
 301      82
 302 0707 9D60DBC1 		.ascii	"\235`\333\301\362\301\212\301\266\201\355\002+\002+"
 302      F2C18AC1 
 302      B681ED02 
 302      2B022B
 303 0716 E0D54775 		.ascii	"\340\325Gu\223\022w\243\307\212\344$A\032\366\237\031"
 303      931277A3 
 303      C78AE424 
 303      411AF69F 
 303      19
 304 0727 98348F1C 		.ascii	"\2304\217\034W\260\333\366\274\2410\257\367\014f\324"
 304      57B0DBF6 
 304      BCA130AF 
 304      F70C66D4 
 305 0737 5257EFA6 		.ascii	"RW\357\246{n\207\247=wM\275\244\344\334\3600\227\362"
 305      7B6E87A7 
 305      3D774DBD 
 305      A4E4DCF0 
 305      3097F2
 306 074a C1B1FE96 		.ascii	"\301\261\376\226x\323\037O\261\335\323<TR\020\340\272"
 306      78D31F4F 
 306      B1DDD33C 
 306      545210E0 
 306      BA
 307 075b 7BE45943 		.ascii	"{\344YC\2450Y\377\315\304I\377\377v\323\035U\002\004"
 307      A53059FF 
 307      CDC449FF 
 307      FF76D31D 
 307      550204
 308 076e 7B941DB5 		.ascii	"{\224\035\265C\336Q\325\255\233l\376N;\252\304iG\355"
 308      43DE51D5 
 308      AD9B6CFE 
 308      4E3BAAC4 
 308      6947ED
 309 0781 957614B9 		.ascii	"\225v\024\271\377qEB\2121%%\311\230\230`Z\231\261\312"
 309      FF714542 
 309      8A312525 
 309      C9989860 
 309      5A99B1CA 
 310 0795 9864494D 		.ascii	"\230dIMHN3&\247%[}\277\370\362\353\231\372\310H\356"
 310      484E3326 
 310      A7255B7D 
ARM GAS  /tmp/cc9nXjO4.s 			page 24


 310      BFF8F2EB 
 310      99FAC848 
 311 07aa 33DD0A4B 		.ascii	"3\335\012K\252Y\227hIL^i\321\231V$'&[\322u\360\007c"
 311      AA599768 
 311      494C5E69 
 311      D1995624 
 311      27265BD2 
 312 07c2 75AB2CAB 		.ascii	"u\253,\253\255\351:C\374\222\350(\366\273"
 312      ADE93A43 
 312      FC92E828 
 312      F6BB
 313 07d0 207ACD1A 		.ascii	" z\315\032\235\304:\307\304\005\310\001\010ep\27255"
 313      9DC43AC7 
 313      C405C801 
 313      086570BA 
 313      3535
 314 07e2 3ACA684A 		.ascii	":\312hJ\261\230V\322\027>I\251\011\213\340\376\227\337"
 314      B19856D2 
 314      173E49A9 
 314      098BE0FE 
 314      97DF
 315 07f4 1B62F1E2 		.ascii	"\033b\361\342X]\354\222\230\177F\352\030\025\214\237"
 315      585DEC92 
 315      987F46EA 
 315      18158C9F 
 316 0804 B382D31A 		.ascii	"\263\202\323\032\215\031\311iV\360\255\361NLV\213%%"
 316      8D19C969 
 316      56F0ADF1 
 316      4E4C568B 
 316      2525
 317 0816 5DF70F93 		.ascii	"]\367\017\223iv\302\352\324\331i\2264\363lsBb\262\316"
 317      6976C2EA 
 317      D4D96996 
 317      34F36C73 
 317      4262B2CE 
 318 082a D94B4E33 		.ascii	"\331KN3\245d$\231u\251\011\0209\315\2543&\231\227'd"
 318      A5642499 
 318      75A90910 
 318      39CDAC33 
 318      26999727 
 319 083f A4588DD6 		.ascii	"\244X\215\326\265\253\314\351\300\357+\263/\372\037"
 319      B5ABCCE9 
 319      C0EF2BB3 
 319      2FFA1F
 320 084e D8D3D7A6 		.ascii	"\330\323\327\246\353\214\351\326$\240\002\312 \303\332"
 320      EB8CE9D6 
 320      24A002CA 
 320      20C3DA
 321 085d 74AB3955 		.ascii	"t\2539UoYm\326\223\351\340\365\002\326\033\204\317?"
 321      6F596DD6 
 321      93E9E0F5 
 321      02D61B84 
 321      CF3F
 322 086f 3411E635 		.ascii	"4\021\3465V\235~\211a\221\001&B5\321t\026\226G\317\215"
 322      569D7E89 
 322      61910126 
 322      4235D174 
ARM GAS  /tmp/cc9nXjO4.s 			page 25


 322      169647CF 
 323 0884 5E630252 		.ascii	"^c\002R\377\245\337\010\306xH:\326\274\334K\277\340"
 323      FFA5DF08 
 323      C678483A 
 323      D6BCDC4B 
 323      BFE0
 324 0896 0B21CA27 		.ascii	"\013!\312'f\341|\301\020/h\346\307\352\005\237\230\245"
 324      66E17CC1 
 324      102F68E6 
 324      C7EA059F 
 324      98A5
 325 08a8 F323E3BE 		.ascii	"\363#\343\276\244\367(\270{\303G\270\371\222\327\004"
 325      A4F728B8 
 325      7BC347B8 
 325      F992D704 
 326 08b8 441EA2C8 		.ascii	"D\036\242\310\003\326/\0224d<%\211\366\027\364z\231"
 326      03D62F12 
 326      34643C25 
 326      89F617F4 
 326      7A99
 327 08ca D63BEE6F 		.ascii	"\326;\356o\361\213 WA\317>F\006\032\2765\300\203\374"
 327      F18B2057 
 327      41CF3E46 
 327      061ABE35 
 327      C083FC
 328 08dd 1D7F355F 		.ascii	"\035\1775_\360\025\342\014q\302\262\270X>F\340\015\202"
 328      F015E20C 
 328      71C2B2B8 
 328      583E46E0 
 328      0D82
 329 08ef CF574BE3 		.ascii	"\317WK\343\377\032\367\255\240!?8F/h\276\021\226\012"
 329      FF1AF7AD 
 329      A0213F38 
 329      462F68BE 
 329      11960A
 330 0902 D3162C8E 		.ascii	"\323\026,\2161,\224\207\375\033X\012\200["
 330      312C9487 
 330      FD1B580A 
 330      805B
 331              		.text
 332              		.section	.gnu.lto_.symtab.49441a4aa8bc92b6,"",%progbits
 333 0000 68616C5F 		.ascii	"hal_lld_init\000"
 333      6C6C645F 
 333      696E6974 
 333      00
 334 000d 00       		.ascii	"\000"
 335 000e 00       		.ascii	"\000"
 336 000f 00       		.ascii	"\000"
 337 0010 00000000 		.ascii	"\000\000\000\000\000\000\000\000"
 337      00000000 
 338 0018 AF000000 		.ascii	"\257\000\000\000"
 339 001c 73746D33 		.ascii	"stm32_clock_init\000"
 339      325F636C 
 339      6F636B5F 
 339      696E6974 
 339      00
 340 002d 00       		.ascii	"\000"
ARM GAS  /tmp/cc9nXjO4.s 			page 26


 341 002e 00       		.ascii	"\000"
 342 002f 00       		.ascii	"\000"
 343 0030 00000000 		.ascii	"\000\000\000\000\000\000\000\000"
 343      00000000 
 344 0038 B1000000 		.ascii	"\261\000\000\000"
 345 003c 53797374 		.ascii	"SystemCoreClock\000"
 345      656D436F 
 345      7265436C 
 345      6F636B00 
 346 004c 00       		.ascii	"\000"
 347 004d 00       		.ascii	"\000"
 348 004e 00       		.ascii	"\000"
 349 004f 00000000 		.ascii	"\000\000\000\000\000\000\000\000"
 349      00000000 
 350 0057 BE000000 		.ascii	"\276\000\000\000"
 351 005b 646D6149 		.ascii	"dmaInit\000"
 351      6E697400 
 352 0063 00       		.ascii	"\000"
 353 0064 02       		.ascii	"\002"
 354 0065 00       		.ascii	"\000"
 355 0066 00000000 		.ascii	"\000\000\000\000\000\000\000\000"
 355      00000000 
 356 006e B3000000 		.ascii	"\263\000\000\000"
 357              		.text
 358              		.section	.gnu.lto_.opts,"",%progbits
 359 0000 272D666D 		.ascii	"'-fmath-errno' '-fsigned-zeros' '-ftrapping-math' '"
 359      6174682D 
 359      6572726E 
 359      6F272027 
 359      2D667369 
 360 0033 2D666E6F 		.ascii	"-fno-trapv' '-fno-openmp' '-fno-openacc' '-mcpu=cor"
 360      2D747261 
 360      70762720 
 360      272D666E 
 360      6F2D6F70 
 361 0066 7465782D 		.ascii	"tex-m4' '-mfloat-abi=hard' '-mfpu=fpv4-sp-d16' '-mn"
 361      6D342720 
 361      272D6D66 
 361      6C6F6174 
 361      2D616269 
 362 0099 6F2D7468 		.ascii	"o-thumb-interwork' '-mthumb' '-ggdb' '-O2' '-fomit-"
 362      756D622D 
 362      696E7465 
 362      72776F72 
 362      6B272027 
 363 00cc 6672616D 		.ascii	"frame-pointer' '-falign-functions=16' '-ffunction-s"
 363      652D706F 
 363      696E7465 
 363      72272027 
 363      2D66616C 
 364 00ff 65637469 		.ascii	"ections' '-fdata-sections' '-fno-common' '-flto' '-"
 364      6F6E7327 
 364      20272D66 
 364      64617461 
 364      2D736563 
 365 0132 6673696E 		.ascii	"fsingle-precision-constant'\000"
 365      676C652D 
ARM GAS  /tmp/cc9nXjO4.s 			page 27


 365      70726563 
 365      6973696F 
 365      6E2D636F 
 366              		.text
 367              		.comm	__gnu_lto_v1,1,1
 368              		.comm	__gnu_lto_slim,1,1
 369              		.ident	"GCC: (GNU Tools for ARM Embedded Processors) 5.4.1 20160919 (release) [ARM/embedded-5-bran
ARM GAS  /tmp/cc9nXjO4.s 			page 28


DEFINED SYMBOLS
                            *ABS*:00000000 hal_lld.c
                            *COM*:00000001 __gnu_lto_v1
                            *COM*:00000001 __gnu_lto_slim

NO UNDEFINED SYMBOLS
