ARM GAS  /tmp/ccIRDl0a.s 			page 1


   1              		.syntax unified
   2              		.cpu cortex-m4
   3              		.eabi_attribute 27, 1
   4              		.eabi_attribute 28, 1
   5              		.fpu fpv4-sp-d16
   6              		.eabi_attribute 20, 1
   7              		.eabi_attribute 21, 1
   8              		.eabi_attribute 23, 3
   9              		.eabi_attribute 24, 1
  10              		.eabi_attribute 25, 1
  11              		.eabi_attribute 26, 1
  12              		.eabi_attribute 30, 2
  13              		.eabi_attribute 34, 1
  14              		.eabi_attribute 18, 4
  15              		.thumb
  16              		.syntax unified
  17              		.file	"nvic.c"
  18              		.text
  19              	.Ltext0:
  20              		.section	.gnu.lto_.profile.9269453afd61f044,"",%progbits
  21 0000 789C6361 		.ascii	"x\234ca`d`a`\000\222Rb\000\000\264\000;"
  21      60646061 
  21      60009252 
  21      620000B4 
  21      003B
  22              		.text
  23              		.section	.gnu.lto_.icf.9269453afd61f044,"",%progbits
  24 0000 789C6361 		.ascii	"x\234ca`d\000\001)\006\004`ax:\377\316>f\306eS\316t"
  24      60640001 
  24      29060460 
  24      61783AFF 
  24      CE3E66C6 
  25 0018 73303D58 		.ascii	"s0=X\362l\001/\363\266\357\013\237\2613\000\000\245"
  25      F26C012F 
  25      F3B6EF0B 
  25      9FB13300 
  25      00A5
  26 002a D30C36   		.ascii	"\323\0146"
  27              		.text
  28              		.section	.gnu.lto_.jmpfuncs.9269453afd61f044,"",%progbits
  29 0000 789C6361 		.ascii	"x\234ca`d\000\001)\006\004`a`bdd\256\257g\004\202z&"
  29      60640001 
  29      29060460 
  29      61606264 
  29      64AEAF67 
  30 0018 089B19C4 		.ascii	"\010\233\031\304f\000\000)n\0038"
  30      66000029 
  30      6E0338
  31              		.text
  32              		.section	.gnu.lto_.inline.9269453afd61f044,"",%progbits
  33 0000 789C4D8C 		.ascii	"x\234M\214\301\021\200 \020\003\223#\002\372\261\004"
  33      C1118020 
  33      10039323 
  33      02FAB104 
  34 0010 ACC0266D 		.ascii	"\254\300&m\204\222,\305\022<pD\363\270\231\233\315F"
  34      84922CC5 
  34      123C7044 
ARM GAS  /tmp/ccIRDl0a.s 			page 2


  34      F3B8999B 
  34      CD46
  35 0022 205A0E7C 		.ascii	" Z\016|\021\260\3144n\015\265\243x\355\210\265\030\354"
  35      11B0CC34 
  35      6E0DB5A3 
  35      78ED88B5 
  35      18EC
  36 0034 5C05FFB2 		.ascii	"\\\005\377\262\223\354jNd\257\004\325\362T\234\252\217"
  36      93EC6A4E 
  36      64AF04D5 
  36      F2549CAA 
  36      8F
  37 0045 1826917D 		.ascii	"\030&\221}%\270\367\033\360\004\244\370\252\003\016"
  37      25B8F71B 
  37      F004A4F8 
  37      AA030E
  38 0054 153795B3 		.ascii	"\0257\225\263\015\243"
  38      0DA3
  39              		.text
  40              		.section	.gnu.lto_.pureconst.9269453afd61f044,"",%progbits
  41 0000 789C6361 		.ascii	"x\234ca`d\340d```a\220b\224b\222b\226\002\000\002\261"
  41      6064E064 
  41      60606061 
  41      90629462 
  41      92629602 
  42 0017 0081     		.ascii	"\000\201"
  43              		.text
  44              		.section	.gnu.lto_nvicEnableVector.9269453afd61f044,"",%progbits
  45 0000 789C9D53 		.ascii	"x\234\235SMHTQ\030\275\347\336\371\255q\\\266HHh!n\274"
  45      4D485451 
  45      18BDE7DE 
  45      F9AD715C 
  45      B6484868 
  46 0017 CC268956 		.ascii	"\314&\211V!\264\023\305Z\264\013\033\206f\300\361\015"
  46      21B413C5 
  46      5AB40B1B 
  46      8666C0F1 
  46      0D
  47 0028 3312EDBC 		.ascii	"3\022\355\274\316\2337\022m\354G\373\241\222@\3214\035"
  47      CE9B3712 
  47      6DEC47FB 
  47      A19240D1 
  47      341D
  48 003a C7AC1C2B 		.ascii	"\307\254\034+\030\206\"\\h\004\265\012\2424&\010\214"
  48      1886225C 
  48      6804B50A 
  48      A2342608 
  48      8C
  49 004b 518C5AF8 		.ascii	"Q\214Z\370\323w\337\033(\250 \272\360\356\273\337\275"
  49      D377DF1B 
  49      28A820BA 
  49      F0EEBBDF 
  49      BD
  50 005c DFF9CE39 		.ascii	"\337\371\3169\337}\317\305\300\3648,\030;I\357\375\364"
  50      DF7DCFC5 
  50      C0F4382C 
  50      183B49EF 
ARM GAS  /tmp/ccIRDl0a.s 			page 3


  50      FDF4
  51 006e 4030F081 		.ascii	"@0\360\201e\306\372|\034\320\013\345\003\353\345\350"
  51      65C6FA7C 
  51      1CD00BE5 
  51      03EBE5E8 
  52 007e C557BECD 		.ascii	"\305W\276\315Q\352/\027x\343\230\242\361~\364\266P\343"
  52      51EA2F17 
  52      78E398A2 
  52      F17EF4B6 
  52      50E3
  53 0090 455804DF 		.ascii	"EX\004\337\345v%\20614R\326\253\314\314M\261\311-\001"
  53      E5762586 
  53      313452D6 
  53      ABCCCC4D 
  53      B1C92D01 
  54 00a4 B8285C5F 		.ascii	"\270(\\_\272\261\032\324!G=\205\333\352\312PPt\200\321"
  54      BAB11AD4 
  54      21473D85 
  54      DBEACA50 
  54      507480D1 
  55 00b8 FA7A69F0 		.ascii	"\372zi\360mM\303\250Ri\245.F\224\337\022\002\023\020"
  55      6D4DC3A8 
  55      5269A52E 
  55      4694DF12 
  55      021310
  56 00cb 540F7751 		.ascii	"T\017wQ\207q\3241\332b\230D\003eO\246?\255\011q\302"
  56      8771D431 
  56      DA629844 
  56      03654FA6 
  56      3FAD0971 
  57 00e0 469E5FDC 		.ascii	"F\236_\334^\365V\221\205*\362\336\037\220Sh\320\351"
  57      5EF55691 
  57      852AF2DE 
  57      1F905368 
  57      D0E9
  58 00f2 2BF99DC1 		.ascii	"+\371\235\301\032OF\013\257w\344b\032\036\335\200\\"
  58      1A4F460B 
  58      AF77E462 
  58      1A1EDD80 
  58      5C
  59 0103 4751EDEE 		.ascii	"GQ\355\356\232J\275\011]8\030\0004\202\023\326%\364"
  59      9A4ABD09 
  59      5D381800 
  59      348213D6 
  59      25F4
  60 0115 E486E6F6 		.ascii	"\344\206\346\366\322\322\355\323\223\237&\017c\025\252"
  60      D2D2EDD3 
  60      939F260F 
  60      6315AA
  61 0124 A0BBB3CE 		.ascii	"\240\273\263\316\271~\2132\322\033\375;\337\204.j\012"
  61      B97E8B32 
  61      D21BFD3B 
  61      DF842E6A 
  61      0A
  62 0135 6E0AB032 		.ascii	"n\012\2602\314\212\307\211\005m\375\332\026\017\\\310"
  62      CC8AC789 
  62      056DFDDA 
ARM GAS  /tmp/ccIRDl0a.s 			page 4


  62      160F5CC8 
  63 0145 91C0324A 		.ascii	"\221\3002JC\320)t8d\225^z\365\241\327\2667w\347\313"
  63      43D02974 
  63      3864955E 
  63      7AF5A1D7 
  63      B63777E7 
  64 015a F78013AA 		.ascii	"\367\200\023\252\222\251\202\264uimc>8\214[}\332D\255"
  64      92A982B4 
  64      75696D63 
  64      3E388C5B 
  64      7DDA44AD 
  65 016e 257CC893 		.ascii	"%|\310\223\321\031\252\243\001K\357f\007j\345\224\312"
  65      D119AAA3 
  65      014BEF66 
  65      076AE594 
  65      CA
  66 017f D085F831 		.ascii	"\320\205\3701\213a\354\330\227\242kMl\216\213PNe\010"
  66      8B61ECD8 
  66      97A26B4D 
  66      6C8E8B50 
  66      4E6508
  67 0192 D96C893D 		.ascii	"\331l\211=\270\017i\012\267}as\010\221>-v#\273|\255"
  67      B80F690A 
  67      B77D6173 
  67      08913E2D 
  67      7623BB7C 
  68 01a7 DDD1EBA5 		.ascii	"\335\321\353\245S\302-\216,l\005\034\275n<\260\365\232"
  68      53C22D8E 
  68      2C6C051C 
  68      BD6E3CB0 
  68      F59A
  69 01b9 5BD9D72E 		.ascii	"[\331\327.'\311\347$]\036\231.\324\350$7\016\340\241"
  69      27C9E724 
  69      5D1E992E 
  69      D4E82437 
  69      0EE0A1
  70 01cc 9354C97E 		.ascii	"\223T\311~\254v\302\257\351\237\275\310\372\2342\300"
  70      AC76C2AF 
  70      E99FBDC8 
  70      FA9C32C0 
  71 01dc 23D411D4 		.ascii	"#\324\021\324v\376a_\325\372\277\033\333\213y\333\030"
  71      76FE615F 
  71      D5FABF1B 
  71      DB8B79DB 
  71      18
  72 01ed 7E3776C4 		.ascii	"~7v\304\022\001\024\2641\257mlA\033\363\333D\371\347"
  72      120114B4 
  72      31AF6D6C 
  72      411BF3DB 
  72      44F9E7
  73 0200 EBEEFFA0 		.ascii	"\353\356\377\240zlS\361\277P=\371I\365\324\241\372\214"
  73      7A6C53F1 
  73      BF503DF9 
  73      49F5D4A1 
  73      FA8C
  74 0212 74F1EA31 		.ascii	"t\361\3521Md\377\013\025RI\237\006\341\333d\324\210"
  74      4D64FF0B 
ARM GAS  /tmp/ccIRDl0a.s 			page 5


  74      1552499F 
  74      06E1DB64 
  74      D488
  75 0224 47643412 		.ascii	"Gd4\022\3561\222\262=i\234Iv\306S2\022\356\212%R\021"
  75      EE3192B2 
  75      3D699C49 
  75      76C65332 
  75      12EE8A25 
  76 023a D9128D9D 		.ascii	"\331\022\215\235\216\265\035?\025:\324\024jj\226FJF"
  76      8EB51D3F 
  76      153AD414 
  76      6A6A9646 
  76      4A46
  77 024c 3BBB64C2 		.ascii	";\273d\302H\366\244d\330\210\307\215ny\264\243\265\245"
  77      48F6A464 
  77      D888C78D 
  77      6E79B4A3 
  77      B5A5
  78 025e F59CEC3E 		.ascii	"\365\234\354>\033\0137\205\031\272]\211d\314\370\001"
  78      1B0B3785 
  78      19BA5D89 
  78      64CCF801 
  79 026e 71B329AF 		.ascii	"q\263)\257"
  80              		.text
  81              		.section	.gnu.lto_nvicDisableVector.9269453afd61f044,"",%progbits
  82 0000 789C8D52 		.ascii	"x\234\215R\315k\023A\024\237\337\314&\335\332&=z0`\301"
  82      CD6B1341 
  82      149FDFCC 
  82      26DDDA26 
  82      3D7A3060 
  83 0015 43E925E3 		.ascii	"C\351%\343^\354\301\223\024\274\225\226\364\017\220"
  83      5EECC193 
  83      14BC9596 
  83      F40F90
  84 0024 18820934 		.ascii	"\030\202\0114\331\222\024\361\326i\223\215\327bm \242"
  84      D99214F1 
  84      D669938D 
  84      D7626D20 
  84      A2
  85 0035 14A1D218 		.ascii	"\024\241\322\030m\223\326\250\255\247\020\024\361PE"
  85      6D93D6A8 
  85      ADA71014 
  85      F15045
  86 0044 A82741FC 		.ascii	"\250'A\374\"\007AIJ\004\017m\343\233]\017\202\027\007"
  86      22074149 
  86      4A040F6D 
  86      E39B5D0F 
  86      821707
  87 0057 E6E30DBF 		.ascii	"\346\343\015\277\217\367\346\215\301\300\364\210r\306"
  87      8FF7E68D 
  87      C1C0F488 
  87      72C6
  88 0065 A6693F45 		.ascii	"\246i?E\023\202\201/\275fl\301\344\200>(\023l\236c\036"
  88      1382812F 
  88      BD666CC1 
  88      E4803E28 
  88      136C9E63 
ARM GAS  /tmp/ccIRDl0a.s 			page 6


  89 007a 3FF91147 		.ascii	"?\371\021G\363zk\227\217\256+\032\037_\264\316\252r"
  89      F37A6B97 
  89      8FAE2B1A 
  89      1F5FB4CE 
  89      AA72
  90 008c 038E60AC 		.ascii	"\003\216`\254\307]%\206u\214\022\352m\276v[t\271#\000"
  90      C75D2586 
  90      758C12EA 
  90      6DBE765B 
  90      74B92300 
  91 00a0 83C2CEDE 		.ascii	"\203\302\316\336\255/A\035r\014Sx\244n\026\203\"\002"
  91      AD2F411D 
  91      720C5378 
  91      A46E1683 
  91      2202
  92 00b2 46E75273 		.ascii	"F\347Rs\345}`\344\236R\213J-\307U\277#\004*\020\244"
  92      E57D60E4 
  92      9E528B4A 
  92      2DC755BF 
  92      23042A10 
  93 00c7 87FB08A1 		.ascii	"\207\373\010\241\214\020\243+\206\007\030\321\360\317"
  93      8C10A32B 
  93      860718D1 
  93      F0CF
  94 00d5 5BC72B01 		.ascii	"[\307+\001\177^\333\017{\246x\010\277.\243\032i\250"
  94      7F5EDB0F 
  94      7BA67808 
  94      BF2EA31A 
  94      69A8
  95 00e7 5E2FA754 		.ascii	"^/\247T\311\252\2341\001\315\340\3045\204^\014Z|\214"
  95      C9AA9C31 
  95      01CDE0C4 
  95      35845E0C 
  95      5A7C8C
  96 00fa B589A16B 		.ascii	"\265\211\241k\352p\256w\321B\356\240\320*Mi\221\234"
  96      EA70AE77 
  96      D142EEA0 
  96      D02A4D69 
  96      919C
  97 010c E03901F2 		.ascii	"\3409\001\362x\265\366\354pPg\353\203\017\033\224\000"
  97      78B5F6EC 
  97      705067EB 
  97      830F1B94 
  97      00
  98 011d A10E0BFB 		.ascii	"\241\016\013\373\206\007\022\036hyms7\240A\006Nc\323"
  98      8607121E 
  98      68796D73 
  98      37A04106 
  98      4E63D3
  99 0130 03B50B5F 		.ascii	"\003\265\013_\205\007\322E\327\237\277,\230\236\014"
  99      8507D245 
  99      D79FBF2C 
  99      989E0C
 100 013f 504588A8 		.ascii	"PE\210\250\004j\026?\235\324\030\002\024\235\346\233"
 100      046A163F 
 100      9DD41802 
 100      149DE69B 
ARM GAS  /tmp/ccIRDl0a.s 			page 7


 101 014f 3E0DF0BB 		.ascii	">\015\360\273/Q\277\373\343\327\240\027\252fN\005\351"
 101      2F51BFFB 
 101      E3D7A017 
 101      AA664E05 
 101      E9
 102 0160 EAC6F783 		.ascii	"\352\306\367\203\235\340*\356,\350z\207\034\321\207"
 102      9DE02AEE 
 102      2CE87A87 
 102      1CD187
 103 016f 2D7A931A 		.ascii	"-z\223\032\271i\302\336\207\355\245!\271\241\362\324"
 103      B969C2DE 
 103      87EDA521 
 103      B9A1F2D4 
 104 017f 0113DB58 		.ascii	"\001\023\333X\305\261\333\005\255U\351\226\205UUyb\236"
 104      C5B1DB05 
 104      AD55E996 
 104      85555579 
 104      629E
 105 0191 77443F1E 		.ascii	"wD?\036AR}n\207\352\260(A\235J\267\266\337\021\177\222"
 105      41527D6E 
 105      87EAB028 
 105      419D4AB7 
 105      B6DF117F 
 106 01a6 F97FAB13 		.ascii	"\371\177\253\023x\354Z\341_\2531G\014\340\211\266r?"
 106      78EC5AE1 
 106      5FAB3147 
 106      0CE089B6 
 106      723F
 107 01b8 169EC2FA 		.ascii	"\026\236\302\372\273\316\0010\354\220\3427,6\336]\324"
 107      BBCE0130 
 107      EC90E237 
 107      2C36DE5D 
 107      D4
 108 01c9 C6EE9F69 		.ascii	"\306\356\237i\223\0245\203\262\233\224\011;\025\227"
 108      93143583 
 108      B29B9409 
 108      3B1597
 109 01d8 89786CCE 		.ascii	"\211xl\316\316\310\251\214}%\023Mee<6\223\234\315\306"
 109      CEC8A98C 
 109      7D25134D 
 109      65653C36 
 109      939CCDC6 
 110 01ec E5782279 		.ascii	"\345x\"y999}\311:\027\266\302c\322\316\312DtF\316\332"
 110      3939397D 
 110      C93A17B6 
 110      C263D2CE 
 110      CA447446 
 111 0202 99B9AC8C 		.ascii	"\231\271\254\214\331\251\224\235\226\027\"\023\343\023"
 111      D9A9949D 
 111      96172213 
 111      E313
 112 0210 D764FA6A 		.ascii	"\327d\372j2\026\2161\244\177\003\031\231\347\301"
 112      32168E31 
 112      A47F0319 
 112      99E7C1
 113              		.text
 114              		.section	.gnu.lto_nvicSetSystemHandlerPriority.9269453afd61f044,"",%progbits
ARM GAS  /tmp/ccIRDl0a.s 			page 8


 115 0000 789C6D91 		.ascii	"x\234m\221\301k\023A\024\306\347\233IvS\241\375\007"
 115      C16B1341 
 115      14C6E79B 
 115      497653A1 
 115      FD07
 116 0012 ECA1B7D0 		.ascii	"\354\241\267\320K\306\\\354Yr\360T*\361\326\203\022"
 116      4BC65CEC 
 116      5972F054 
 116      2AF1D683 
 116      12
 117 0023 D7C50D24 		.ascii	"\327\305\015$\331\260)\342\255\223\335,\245\027)jK+"
 117      D9B029E2 
 117      AD93DD2C 
 117      A517296A 
 117      4B2B
 118 0035 0D3D88B4 		.ascii	"\015=\210\264\266\326\264\352%X$\004\004{P\361\352I"
 118      B6D6B4EA 
 118      25582404 
 118      047B50F1 
 118      EA49
 119 0047 2DAC2856 		.ascii	"-\254(VR\321c\032\337l+xp`\366\315\233\367~o\2777/\301"
 119      52D1631A 
 119      DF6C2B78 
 119      7060F6CD 
 119      9BF77E6F 
 120 005f C0F4FA4A 		.ascii	"\300\364\372J\346\012\331\263\264!\030\370\302[\306"
 120      E60AD9B3 
 120      B42118F8 
 120      C25BC6
 121 006e EA290EE8 		.ascii	"\352)\016\350\203J\201\315r\314\3427\357st\347\2426"
 121      834A81CD 
 121      72CCE237 
 121      EF7374E7 
 121      A236
 122 0080 1F5F57B4 		.ascii	"\037_W\264>\276\372qNmt\020\012\306\006<\256\304\260"
 122      3EBEFA71 
 122      4E6D7410 
 122      0AC6063C 
 122      AEC4B0
 123 0093 8E71CA7A 		.ascii	"\216q\312z\337\330Y\025\277x(\200\004\271Go\356\037"
 123      DFD85915 
 123      BF782880 
 123      04B9476F 
 123      EE1F
 124 00a5 8C689763 		.ascii	"\214h\227c\214\334\340\356\313\275\224\310\203\321\371"
 124      8CDCE0EE 
 124      CBBD94C8 
 124      83D1F9
 125 00b4 50EDD78D 		.ascii	"P\355\327\215\364C\245|\245\332\266\032\012\205\300"
 125      F443A57C 
 125      A5DAB61A 
 125      0A85C0
 126 00c3 2604D5C3 		.ascii	"&\004\325\303#\214b\003\243\214\256\030\266\220\246"
 126      238C6203 
 126      A38CAE18 
 126      B690A6
 127 00d2 EC2DFFCB 		.ascii	"\354-\377\313\241\020\32319\277\337?0O\311\376)\371"
ARM GAS  /tmp/ccIRDl0a.s 			page 9


 127      A110D331 
 127      39BFDF3F 
 127      304FC9FE 
 127      29F9
 128 00e4 F83FE436 		.ascii	"\370?\3446\322:\375\363\356\361\342\260\321\320\302"
 128      D23AFDF3 
 128      EEF1E2B0 
 128      D1D0C2
 129 00f3 C7E6FF2A 		.ascii	"\307\346\377*\306\023\030\372\015Z\371\216\032\014\002"
 129      C61318FA 
 129      0D5AF98E 
 129      1A0C02
 130 0102 A5568C17 		.ascii	"\245V\214\027\267a\002\232\342\304'\204\376$\241\377"
 130      B761029A 
 130      E2C42784 
 130      FE24A1FF 
 131 0112 CF588F18 		.ascii	"\317X\217\030\375$G\234k+\"\370?\347\242\325i]&\020"
 131      FD24479C 
 131      6B2B22F8 
 131      3FE7A2D5 
 131      695D2610 
 132 0126 3C106011 		.ascii	"<\020`\021\202\236q\342\013\272\372\367-\222H\240E\252"
 132      829E71E2 
 132      0BBAFAF7 
 132      2D9248A0 
 132      45AA
 133 0138 227497A0 		.ascii	"\"t\227\240S(\270\024v\337\231:h\304=\325\333{\367\222"
 133      5328B814 
 133      76DF993A 
 133      68C43DD5 
 133      DB7BF792 
 134 014c 27AEFA10 		.ascii	"'\256\372\020\250\021\215/\373\237Rkh\326\265\362\341"
 134      A8118D2F 
 134      FB9F526B 
 134      68D6B5F2 
 134      E1
 135 015d 5098D8A5 		.ascii	"P\230\330\245\356v\250\216\006\276/\276\336<#\267U\203"
 135      EE76A88E 
 135      06BE2FBE 
 135      DE3C23B7 
 135      5583
 136 016f A690C253 		.ascii	"\246\220\302S\254\3418\236\004\205\036\334i\346\262"
 136      ACE1389E 
 136      04851EDC 
 136      69E6B2
 137 017e 2DD52070 		.ascii	"-\325 p\"\024Cx\006\031\210d<\244\347\310\222<\366\015"
 137      22144378 
 137      06198864 
 137      3CA4E7C8 
 137      923CF60D 
 138 0192 7EA77951 		.ascii	"~\247yQ+\211g\327\343\320]\021?%\035\267lK\307\266f"
 138      2B8967D7 
 138      E3D05D11 
 138      3F251DB7 
 138      6C4BC7B6 
 139 01a7 5C4F5EF2 		.ascii	"\\O^\362\334\033^\241\\\223\266U*Vk\266\3149\305k\305"
 139      DC1B5EA1 
ARM GAS  /tmp/ccIRDl0a.s 			page 10


 139      5C93B655 
 139      2A566BB6 
 139      CC39C56B 
 140 01bc A9CB57B3 		.ascii	"\251\313W\263\3473\331\314\204tk\322)\224d\325\365f"
 140      E733D9CC 
 140      84746BD2 
 140      299464D5 
 140      F566
 141 01ce 6AD272CB 		.ascii	"j\322r\313e\267\"/\344's\223\267d\345f\321\312X\314"
 141      65B7222F 
 141      E4277393 
 141      B764E566 
 141      D1CA58CC 
 142 01e2 740A95EB 		.ascii	"t\012\225\353%\333KT\275\242\373\007LS\300\225"
 142      25DB4B54 
 142      BDA2FB07 
 142      4C53C095 
 143              		.text
 144              		.section	.gnu.lto_nvicClearPending.9269453afd61f044,"",%progbits
 145 0000 789C2551 		.ascii	"x\234%Q\317kSA\020\336o\367\2754\205&\375\003\014X\360"
 145      CF6B5341 
 145      10DE6FF7 
 145      BD348526 
 145      FD030C58 
 146 0015 508A90F5 		.ascii	"P\212\220\365]\364\340Iz\360TZ\322?@j\010&\320\344\225"
 146      5DF4E049 
 146      7AF0545A 
 146      D23F406A 
 146      0826D0E4 
 147 002a A488B76E 		.ascii	"\244\210\267n\363\362\322k\375\321\210b)BKc\265M[=X"
 147      F3F2D26B 
 147      FDD18862 
 147      29424B63 
 147      B54D5B3D 
 148 003f 4FE1E1C5 		.ascii	"O\341\341\305C\225\2027AD\241\210\250\244!\242\2076"
 148      43958237 
 148      4144A188 
 148      A8A421A2 
 148      8736
 149 0051 71266F61 		.ascii	"q&oawf>\276\371ff\307\022\020|~\222\231&{\216.\224\200"
 149      77663EBE 
 149      F96666C7 
 149      12107C7E 
 149      9299267B 
 150 0069 5C7E2FC4 		.ascii	"\\~/\304bT\002\354\230(\304\202\304\002\376\3103\211"
 150      625402EC 
 150      9828C482 
 150      C402FEC8 
 150      3389
 151 007b 60E9F840 		.ascii	"`\351\370@\216m\032:_6\376^2\365&|%DO\366\225\00461"
 151      8E6D1A3A 
 151      5F36FE5E 
 151      32F5267C 
 151      25444FF6 
 152 0093 46ACA3CA 		.ascii	"F\254\243\312\356\023\325\221\276\002,\012O\016\037"
 152      EE13D591 
 152      BE022C0A 
ARM GAS  /tmp/ccIRDl0a.s 			page 11


 152      4F0E1F
 153 00a2 7F8B7328 		.ascii	"\177\213s(1B\341\231yP\213\253\024\004\371\217\202\225"
 153      3142E199 
 153      79508BAB 
 153      1404F98F 
 153      8295
 154 00b4 4FB1D10D 		.ascii	"O\261\321\015c\312\306\334\315\230A_)lA\221\036\236"
 154      63CAC6DC 
 154      CD98415F 
 154      296C4191 
 154      1E9E
 155 00c6 21813A12 		.ascii	"!\201:\022\202 \201\347\030e\372\327\275\356J,R\341"
 155      822081E7 
 155      1865FAD7 
 155      BDEE4A2C 
 155      52E1
 156 00d8 F2236151 		.ascii	"\362#aQ\274@\204\307h\244\232\246\327\363\214y\350|"
 156      BC4084C7 
 156      68A49AA6 
 156      D7F38C79 
 156      E87C
 157 00ea BF100538 		.ascii	"\277\020\0058CR\256\245\370\261\350\261m\366\204hQ\032"
 157      4352AEA5 
 157      F8B1E8B1 
 157      6DF68468 
 157      511A
 158 00fc 0F762225 		.ascii	"\017v\"%[u\014\257]\355\256N\261\222\247\244\247@\205"
 158      5B750CAF 
 158      5DEDAE4E 
 158      B192A7A4 
 158      A74085
 159 010f DEADBF39 		.ascii	"\336\255\2779\035\342\226m\330\330\246.\210uZ}k\205"
 159      1DE2966D 
 159      D8D8A62E 
 159      88755A7D 
 159      6B85
 160 0121 241592EE 		.ascii	"$\025\222\356\257\357\034\304\230d\341<vBR\253\372Q"
 160      AFEF1CC4 
 160      9864E13C 
 160      764252AB 
 160      FA51
 161 0133 85240B17 		.ascii	"\205$\013\027\023D%\260\334^\352\310\020\264\011'$\250"
 161      134425B0 
 161      DC5EEAC8 
 161      10B40927 
 161      24A8
 162 0145 8163D2A8 		.ascii	"\201c\322\250\371\301\207\001\326\210\364\377\343\325"
 162      F9C18701 
 162      D688F4FF 
 162      E3D5
 163 0153 D3DFFF86 		.ascii	"\323\337\377\206\302\320\004\236\211\023t\357W\373u"
 163      C2D0049E 
 163      891374EF 
 163      57FB75
 164 0162 7C0DAB8B 		.ascii	"|\015\253\213<\365\260\257\006\260K?\323\240r\234p\370"
 164      3CF5B0AF 
 164      06B04B3F 
ARM GAS  /tmp/ccIRDl0a.s 			page 12


 164      D3A0729C 
 164      70F8
 165 0174 797F7958 		.ascii	"y\177yXo\233\012\355!\212=\254\241\333\337\005kmu\352"
 165      6F9B0AED 
 165      218A3DAC 
 165      A1DBDF05 
 165      6B6D75EA 
 166 0188 CA69980A 		.ascii	"\312i\230\012e^\365\325 \366\241i\300\376\236^\302\241"
 166      655EF5D5 
 166      20F6A169 
 166      C0FE9E5E 
 166      C2A1
 167 019a 66C40F94 		.ascii	"f\304\017\224\233G\327\271\225\376\372Z\022\374%D\231"
 167      9B47D7B9 
 167      95FEFA5A 
 167      12FC2544 
 167      99
 168 01ab D459379F 		.ascii	"\324Y7\237\321\331Lz\336-\352\251\242{\2538\223/\351"
 168      D1D94C7A 
 168      DE2DEAA9 
 168      A27BAB38 
 168      932FE9
 169 01be 4C7A3637 		.ascii	"Lz67W\312\350\361l\356fnr\372\206s9\351$\257h\267\244"
 169      57CAE8F1 
 169      6CEE666E 
 169      72FA8673 
 169      39E924AF 
 170 01d5 B333B37A 		.ascii	"\2633\263z\316-\316\227t\332\315\347\335\202\276\226"
 170      CE2DCE97 
 170      74DACDE7 
 170      DD82BE96 
 171 01e5 9A189FB8 		.ascii	"\232\030\237\270\243\013\267s\351dZ\240\360\037\216"
 171      A30BB773 
 171      E9645AA0 
 171      F01F8E
 172 01f4 85BE78   		.ascii	"\205\276x"
 173              		.text
 174              		.section	.gnu.lto_.symbol_nodes.9269453afd61f044,"",%progbits
 175 0000 789C6361 		.ascii	"x\234ca`d\360b\000\002\246\011L\365\014\014\023\316"
 175      6064F062 
 175      0002A609 
 175      4CF50C0C 
 175      13CE
 176 0012 313000A9 		.ascii	"10\000\251]\015\212@\221\211L\365\214\250\"\223\230"
 176      5D0D8A40 
 176      91894CF5 
 176      8CA82293 
 176      98
 177 0023 EA995045 		.ascii	"\352\231PE&3\3253\243\2100\000\000\246*\021\210"
 177      2633D533 
 177      A3883000 
 177      00A62A11 
 177      88
 178              		.text
 179              		.section	.gnu.lto_.refs.9269453afd61f044,"",%progbits
 180 0000 789C6361 		.ascii	"x\234ca`\004B \000\000\0009\000\007"
 180      60044220 
ARM GAS  /tmp/ccIRDl0a.s 			page 13


 180      00000039 
 180      0007
 181              		.text
 182              		.section	.gnu.lto_.decls.9269453afd61f044,"",%progbits
 183 0000 789CBD58 		.ascii	"x\234\275XkPTG\026\236\276=\300\3148\200Ajcm\315VY)"
 183      6B505447 
 183      169EBE3D 
 183      C0CC3880 
 183      416A636D 
 184 0018 525AB51B 		.ascii	"RZ\265\033\306GvM\325n\355\206\214\272\362\303H\015"
 184      C647764D 
 184      D56EED86 
 184      8CBAF2C3 
 184      480D
 185 002a C6FD91AA 		.ascii	"\306\375\221\252\260\210\223\310\026\017\027\306\255"
 185      B08893C8 
 185      160F17C6 
 185      AD
 186 0037 F86BAF82 		.ascii	"\370k\257\202\021|e\210\010( oAQ\001A\036\002\202/\004"
 186      117C6588 
 186      0828206F 
 186      41510141 
 186      1E02822F 
 187 004c 15820F40 		.ascii	"\025\202\017@\344)*\242\"\202\370\214\212{\372q\347"
 187      E4292AA2 
 187      2282F88C 
 187      8A7BFA71 
 187      E7
 188 005d 8ED71937 		.ascii	"\216\327\0317\251\332\332[\234\271\367\334\376\372\353"
 188      A9DADA5B 
 188      9CB9F7DC 
 188      FEFAEB
 189 006c AF4F779F 		.ascii	"\257Ow\237\356\213Z\205T\344\2728S\245\262\011*U\032"
 189      EE8B5A85 
 189      54E4BA38 
 189      53A5B209 
 189      2A551A
 190 007f B8AFE172 		.ascii	"\270\257\341r\203w+U\362\245\006\253\002\253\005\253"
 190      83772B55 
 190      F2A506AB 
 190      02AB05AB 
 191 008f 076B50BD 		.ascii	"\007kP\275}\221rO^\317\007\314\027\254\034\314\0006"
 191      7D91724F 
 191      5ECF07CC 
 191      17AC1CCC 
 191      0036
 192 00a1 1B6C39D8 		.ascii	"\033l9\330{\300\357\015v\025\236\273\300F\300n\203a"
 192      7BC0EF0D 
 192      76159EBB 
 192      C046C06E 
 192      8361
 193 00b3 D206BC77 		.ascii	"\322\006\274w\007\323\202!\316\247\274H\373z'm(\371"
 193      07D38221 
 193      CEA7BC48 
 193      FB7A276D 
 193      28F9
 194 00c5 255EA91D 		.ascii	"%^\251\035\201hC\254\015\304y\224\027\351\227\316\205"
ARM GAS  /tmp/ccIRDl0a.s 			page 14


 194      816843AC 
 194      0DC47994 
 194      17E997CE 
 194      85
 195 00d6 7EC2BD0A 		.ascii	"~\302\275\012*\206\202\375\0311N\302\3637\316W\317\375"
 195      2A8682FD 
 195      19314EC2 
 195      F337CE57 
 195      CFFD
 196 00e8 7FA23739 		.ascii	"\177\24279\033\\p\022\275AN\364\222\352\356\234\323"
 196      1B5C7012 
 196      BD414EF4 
 196      92EAEE9C 
 196      D3
 197 00f9 598C5F09 		.ascii	"Y\214_\011\250d\303\223F]\017\352F\320'4\235\276E\210"
 197      A864C393 
 197      465D0FEA 
 197      46D02734 
 197      9DBE4588 
 198 010d FD226A2A 		.ascii	"\375\"j*f\324\205\007A\305\371\244WH\002r_\220\036U"
 198      66D48507 
 198      41C5F9A4 
 198      57480272 
 198      5F901E55 
 199 0121 7632FAC7 		.ascii	"v2\372\307\353\323\371@/J\"\263#^\211\371\274\262Jj"
 199      EBD3F940 
 199      2F4A22B3 
 199      235E89F9 
 199      BCB24A6A 
 200 0135 41901BE0 		.ascii	"A\220\033\340\256T\301\201\217\311\345t\262f{\237\220"
 200      AE54C181 
 200      8FC9E574 
 200      B2667B9F 
 200      90
 201 0146 D4E9F42B 		.ascii	"\324\351\364+Cy\002\026\020y\036x^\264\304\377\240\010"
 201      43790216 
 201      10791E78 
 201      5EB4C4FF 
 201      A008
 202 0158 974D1485 		.ascii	"\227M\024\205\337\312\221\351k\336_\214\037\011h\266"
 202      DFCA91E9 
 202      6BDE5F8C 
 202      1F0968B6 
 203 0168 0E117A6F 		.ascii	"\016\021zo\022\254\321\232\347\236\354\025A\\\372\376"
 203      12ACD19A 
 203      E79EEC15 
 203      415CFAFE 
 204 0178 61BE0736 		.ascii	"a\276\0076\320\347\213\361\245\031\004\355\243Cjp'Z"
 204      D0E78BF1 
 204      A51904ED 
 204      A3436A70 
 204      275A
 205 018a F7DCF002 		.ascii	"\367\334\360\002\327W\207f\275\022\204\246\355\345G"
 205      D7578766 
 205      BD1284A6 
 205      EDE547
 206 0199 A6A139BA 		.ascii	"\246\2419\272}\244\235\301\254\002}\215(NG\245H\207"
ARM GAS  /tmp/ccIRDl0a.s 			page 15


 206      7DA49DC1 
 206      AC027D8D 
 206      284E47A5 
 206      4887
 207 01ab 0E228CF6 		.ascii	"\016\"\214\366#\177\242n6\031\332\004Q\334(\332\342"
 207      237FA26E 
 207      3619DA04 
 207      51DC28DA 
 207      E2
 208 01bc 449F662F 		.ascii	"D\237f/\025:\214\014\350\0202\250P\011\232C\032%@T\014"
 208      153A8C0C 
 208      E81032A8 
 208      50099A43 
 208      1A254054 
 209 01d1 2F0FC04B 		.ascii	"/\017\300Khe\177~R\256;\216\"\002\204\335\025\007\236"
 209      68657F7E 
 209      52AE3B8E 
 209      220284DD 
 209      15079E
 210 01e4 EAEC4D0C 		.ascii	"\352\354M\014l\376\370 i\242\034\232(\223\233\200\026"
 210      6CFEF820 
 210      69A21C9A 
 210      28939B80 
 210      16
 211 01f5 5DB671C4 		.ascii	"]\266q\304y\033\233G\363;\0055\231\035\204k\225\232"
 211      791B9B47 
 211      F33B0535 
 211      991D846B 
 211      959A
 212 0207 BCBBD97B 		.ascii	"\274\273\331{\242\333\333\376\256\002\321\227\251)\273"
 212      A2DBDBFE 
 212      AE02D197 
 212      A929BB
 213 0216 1E7BCC4C 		.ascii	"\036{\314L\241\221\214\023g\251\321\312_\331\311U\250"
 213      A1918C13 
 213      67A9D1CA 
 213      5FD9C955 
 213      A8
 214 0227 12414E40 		.ascii	"\022AN@G\221\232\005w$?9\335\355\203l1\273T\034\354"
 214      47919A05 
 214      77243F39 
 214      DDED836C 
 214      31BB541C 
 215 023c 3AFFA794 		.ascii	":\377\247\2248\261\031\352\315\"0T$\353\205Gr+D=0\222"
 215      38B119EA 
 215      CD223054 
 215      24EB8547 
 215      722B443D 
 216 0252 55E803A8 		.ascii	"U\350\003\250\331\321_?\216q\034\033<g\342\272;s\027"
 216      D9D15F3F 
 216      8E711C1B 
 216      3C67E2BA 
 216      3B7317
 217 0265 B894718C 		.ascii	"\270\224q\214\312\250\221d\334\370\256\270N\317d4V4"
 217      CAA89164 
 217      DCF8AEB8 
 217      4ECF6434 
ARM GAS  /tmp/ccIRDl0a.s 			page 16


 217      5634
 218 0277 E945DB06 		.ascii	"\351E\333\006Q\374\224\200P\265,\242\332QD-\025Q\366"
 218      51FC9480 
 218      50B52CA2 
 218      DA51442D 
 218      1551F6
 219 028a EC5E1CC6 		.ascii	"\354^\034\306\273\230\210Z\333\335M\032N\362\310NBz"
 219      BB98885A 
 219      DBDD4D1A 
 219      4EF2C84E 
 219      427A
 220 029c 522793D4 		.ascii	"R'\223\3249\222\324S\222\372\302\324@|\204ql\251\033"
 220      3992D453 
 220      92FAC2D4 
 220      407C8471 
 220      6CA91B
 221 02af 3DAEE51C 		.ascii	"=\256\345\034\307\316:\0129.s\034w\344h\240\034\007"
 221      C7CE3A0A 
 221      392E731C 
 221      77E468A0 
 221      1C07
 222 02c1 3BB26AF5 		.ascii	";\262j\365l\332\211\0062\357Nl\256\340\376\270\007\370"
 222      6CDA8906 
 222      32EF4E6C 
 222      AEE0FEB8 
 222      07F8
 223 02d3 C9876E54 		.ascii	"\311\207nT!\346\333|I\334;\012\367x\262y)\346 x\221"
 223      21E6DB7C 
 223      49DC3B0A 
 223      F778B279 
 223      29E62078 
 224 02e8 F9F265BC 		.ascii	"\371\362e\274\032\237b*\256wN\235\347\2238\316\015\374"
 224      1A9F622A 
 224      AE774E9D 
 224      E79338CE 
 224      0DFC
 225 02fa 9757E39E 		.ascii	"\227W\343\236z\351\022x,a\272\220\0229\230Md6!\243\001"
 225      7AE91278 
 225      2C61BA90 
 225      1239984D 
 225      643621A3 
 226 030f 9D6153A5 		.ascii	"\235aS\245\241\243\253\310\315\307\306\327\322\247V"
 226      A1A3ABC8 
 226      CDC7C6D7 
 226      D2A756
 227 031e 3A28A700 		.ascii	":(\247\000~\222\302\317\"\037\251\022\235D\0057\263"
 227      7E92C2CF 
 227      221FA912 
 227      9D440537 
 227      B3
 228 032f B55CBA3B 		.ascii	"\265\\\272;\370\337%\015\345yq\351DY{\322\266\235j."
 228      F8DF250D 
 228      E57971E9 
 228      44597BD2 
 228      B69D6A2E 
 229 0343 952CBE1D 		.ascii	"\225,\276\035]I\177\301\255L\350\325\262\235\245n\014"
 229      5D497FC1 
ARM GAS  /tmp/ccIRDl0a.s 			page 17


 229      AD4CE8D5 
 229      B29DA56E 
 229      0C
 230 0354 FB80601F 		.ascii	"\373\200`\037u\216\237\363v-\264U\022z\201\011-\331"
 230      758E9FF3 
 230      762DB455 
 230      127A8109 
 230      2DD9
 231 0366 7473BF06 		.ascii	"ts\277\006\252\033`i#\207um`\353\272\242q\362\220\032"
 231      AA1B6069 
 231      2387756D 
 231      60EBBAA2 
 231      71F2901A 
 232 037a B7D3A684 		.ascii	"\267\323\246\204\213\345\335g\264\362\322}\034\020'"
 232      8BE5DD67 
 232      B4F2D27D 
 232      1C1027
 233 0389 8A085D82 		.ascii	"\212\010]\202\236\265\313#c\260/\253\361\\\321}\246"
 233      9EB5CB23 
 233      63B02FAB 
 233      F15CD17D 
 233      A6
 234 039a 0A2D30A0 		.ascii	"\012-0\240\271\260\246.\302\2322\3605\365#\310i\343"
 234      B9B0A62E 
 234      C29A32F0 
 234      35F523C8 
 234      69E3
 235 03ac EB36ABE8 		.ascii	"\3536\253\350\264'\276\306\032\270\237|/\001;,\\C1Y"
 235      B427BEC6 
 235      1AB89F7C 
 235      2F013B2C 
 235      5C433159 
 236 03c0 B81DD0C0 		.ascii	"\270\035\320\300e\271\201K\310E\013W\234\267\320\232"
 236      65B9814B 
 236      C8450B57 
 236      9CB7D09A 
 237 03d0 5375D95D 		.ascii	"Su\331]\036\012D\371\316Ay\013\015H'\035\212Vi(r\022"
 237      1E0A44F9 
 237      CE41790B 
 237      0D48271D 
 237      8A566928 
 238 03e6 CB6D3A12 		.ascii	"\313m:\022\276\270\237\307^\335\360l\273\332\221\275"
 238      BEB89FC7 
 238      5EDDF06C 
 238      BBDA91BD 
 239 03f6 EB5DEC95 		.ascii	"\353]\354\225\003\311\211|Nf\223\334x\254o\242q\032"
 239      03C9897C 
 239      4E6693DC 
 239      78AC6FA2 
 239      711A
 240 0408 F30749F4 		.ascii	"\363\007I\364\237\217\246uh\370@{\201\177j2cB\217\207"
 240      9F8FA675 
 240      68F8407B 
 240      817F6A32 
 240      63428F87 
 241 041c D8489FEC 		.ascii	"\330H\237\354\251O\340#\275\220L\327\326\222\306i\256"
 241      A94FE023 
ARM GAS  /tmp/ccIRDl0a.s 			page 18


 241      BD904CD7 
 241      D692C669 
 241      AE
 242 042d 07BA5F1A 		.ascii	"\007\272_\032\350>&\264\357J\345C\255rF\366\000\374"
 242      E83E26B4 
 242      EF4AE543 
 242      AD7246F6 
 242      00FC
 243 043f 1A850F50 		.ascii	"\032\205\017P\241\375\222\320\324\373\317\177\315'\244"
 243      A1FD92D0 
 243      D4FBCF7F 
 243      CD27A4
 244 044e 630EF7A1 		.ascii	"c\016\367\2419\034\035\036i\310\320q\231\002\221y9\275"
 244      391C1D1E 
 244      69C8D071 
 244      99029179 
 244      39BD
 245 0460 D8038F32 		.ascii	"\330\003\2172\231\217\266lz\312W\016Yv\265C\355\033"
 245      998FB66C 
 245      7ACA570E 
 245      5976B543 
 245      ED1B
 246 0472 F5AE65DE 		.ascii	"\365\256e\336\222d\336d2\207\373\322\212<\2252\207\000"
 246      9264DE64 
 246      3287FBD2 
 246      8A3C9532 
 246      8700
 247 0484 7E9DC287 		.ascii	"~\235\302\207\251\314[\222\314\366\302\204v\314F\353"
 247      A9CC5B92 
 247      CCF6C284 
 247      76CC46EB 
 248 0494 E726F18E 		.ascii	"\347&\361\216\214\2021o\307\006n\277\253\201\247\225"
 248      8C82316F 
 248      C7066EBF 
 248      AB81A795 
 249 04a4 2F7A78C7 		.ascii	"/zx\307\2631\370\033k\273\223\274\371\2009\256\\_\276"
 249      B331F81B 
 249      6BBB93BC 
 249      F98039AE 
 249      5C5FBE
 250 04b7 72378C94 		.ascii	"r7\214\224n\306x\202Eb2uS\242\206\201\337\007\267\263"
 250      6EC67882 
 250      45623275 
 250      53A28681 
 250      DF07B7B3 
 251 04cb 20BB4070 		.ascii	" \273@p\035\2111)\022\367\231\320\266\264\221n\2152"
 251      1D893129 
 251      12F799D0 
 251      B6B4916E 
 251      8D32
 252 04dd 12F7007E 		.ascii	"\022\367\000~\227\302\037P\241c\222\320\212\372\211"
 252      97C21F50 
 252      A16392D0 
 252      8AFA89
 253 04ec 02298510 		.ascii	"\002)\205\020\241\267\212\207\362t\370\005\023r\240"
 253      A1B78A87 
 253      F274F805 
ARM GAS  /tmp/ccIRDl0a.s 			page 19


 253      1372A0
 254 04fb 716B331F 		.ascii	"qk3\037\222l2^\257\323\3073\365X\304\264P\032L\037>"
 254      926C325E 
 254      AFD3C733 
 254      F558C4B4 
 254      501A4C1F 
 255 0510 983FDEA9 		.ascii	"\230?\336\251,\023\360\026V\370j\300f\363\3405\311\004"
 255      2C13F016 
 255      56F86AC0 
 255      66F3E035 
 255      C904
 256 0522 1DE8EE28 		.ascii	"\035\350\356(\323\343\357Ya\345pK\223T\223\024&\226"
 256      D3E3EF59 
 256      61E5704B 
 256      93549314 
 256      2696
 257 0534 0C6D75C3 		.ascii	"\014mu\303i\254\360z\337\355-^8\2239g\2336\376\003\027"
 257      69ACF07A 
 257      DFED2D5E 
 257      38933967 
 257      9B36FE03 
 258 0549 B2E7F337 		.ascii	"\262\347\3637\342\177\307*\305\2234}&\277,\013\263\010"
 258      E27FC72A 
 258      C593347D 
 258      26BF2C0B 
 258      B308
 259 055b 66D33550 		.ascii	"f\3235P~bK\2347>H\301\336\265\315%\247\274\221\337\014"
 259      7E624B9C 
 259      373E48C1 
 259      DEB5CD25 
 259      A7BC91DF 
 260 0570 3FFB35C7 		.ascii	"?\3735\307\317/\227\246\207\313=\021)\005\020\233P\022"
 260      CF2F97A6 
 260      87CB3D11 
 260      2905109B 
 260      5012
 261 0582 0A340A09 		.ascii	"\0124\012\011B\024f\330\003\204\356\320(\315#g\314$"
 261      421466D8 
 261      0384EED0 
 261      28CD2367 
 261      CC24
 262 0594 1E431159 		.ascii	"\036C\021YU\350\025\000^\3222\002\207\331\201\266\012"
 262      55E81500 
 262      5ED23202 
 262      87D981B6 
 262      0A
 263 05a5 7350A2E0 		.ascii	"sP\242\340\207\022\300\266\203m\001\213\003\333\006"
 263      8712C0B6 
 263      836D018B 
 263      03DB06
 264 05b4 F61DD86B 		.ascii	"\366\035\330k\344\2076\303}\023X<\330F\260\015\202\037"
 264      E48736C3 
 264      7D13583C 
 264      D846B00D 
 264      821F
 265 05c6 3D1CE58A 		.ascii	"=\034\345\212\361qbc]\217\236\350 3i\212\353\260O\303"
 265      F1716263 
ARM GAS  /tmp/ccIRDl0a.s 			page 20


 265      5D8F9EE8 
 265      2033698A 
 265      EBB04FC3 
 266 05da 465907D5 		.ascii	"FY\007\325\335x\354K\202\205\035\000\235\346Xi_@'\034"
 266      DD78EC4B 
 266      82851D00 
 266      9DE65869 
 266      5F40271C 
 267 05ee B1F11BC4 		.ascii	"\261\361\033\304\306\014\212\035\001\354c\216\225f*"
 267      C60C8A1D 
 267      01EC638E 
 267      95662A
 268 05fd 7AA4C456 		.ascii	"z\244\304V\177)\226\376\035]\005\354y\216\225\322\020"
 268      7F2996FE 
 268      1D5D05EC 
 268      798E95D2 
 268      10
 269 060e 6A566AA8 		.ascii	"jVj\250\244\274\260\346Q/\307J\231\000\216\277\012\336"
 269      A4BCB0E6 
 269      512FC74A 
 269      99008EBF 
 269      0ADE
 270 0620 52BB8609 		.ascii	"R\273\206\011\245\206q%\266\302\216\275\241\304\016"
 270      A5867125 
 270      B6C28EBD 
 270      A1C40E
 271 062f 2A35A47C 		.ascii	"*5\244|)\215\335O\312\261\273\256\344M\266\363\276P"
 271      298DDD4F 
 271      CAB1BBAE 
 271      E44DB6F3 
 271      BE50
 272 0641 F21A15B4 		.ascii	"\362\032\025\264{\354\264O\225\264OdZ\272\3034&\301"
 272      7BECB44F 
 272      95B44F64 
 272      5ABAC334 
 272      26C1
 273 0653 B8891A02 		.ascii	"\270\211\032\002R\361\335Ee\347\311\352\361\205\206"
 273      52F1DD45 
 273      65E7C9EA 
 273      F18586
 274 0662 E331A59A 		.ascii	"\3431\245\232TR=T*L\263+|\256T\370L\306\302\364\236"
 274      54523D54 
 274      2A4CB32B 
 274      7CAE54F8 
 274      4CC6C2F4 
 275 0677 EA1C8071 		.ascii	"\352\034\200q\177M\247\267P\323\232\337\255E3\3468\235"
 275      7F4DA7B7 
 275      50D39ADF 
 275      AD4533E6 
 275      389D
 276 0689 A1C80613 		.ascii	"\241\310\006\023\363\1771IYg\033\322\005\322\331\357"
 276      F37F3149 
 276      59671BD2 
 276      05D2D9EF 
 277 0699 81708760 		.ascii	"\201p\207`\337MI\337\331\207\300\213\3542\275~\213|"
 277      DF4D49DF 
 277      D987C08B 
ARM GAS  /tmp/ccIRDl0a.s 			page 21


 277      EC32BD7E 
 277      8B7C
 278 06ab 1EA64839 		.ascii	"\036\246H9=%\011z\372\365\000wr\330j=\333\3133J\002"
 278      3D25097A 
 278      FAF50077 
 278      72D86A3D 
 278      DBCB334A 
 279 06c0 59B4AFEF 		.ascii	"Y\264\257\357t\347\361\3643N\330&^fVq\337\327!\215\370"
 279      74E7F1F4 
 279      334ED826 
 279      5E665671 
 279      DFD7218D 
 280 06d5 4A69A4B4 		.ascii	"Ji\244\264\354\251\233\353T\230\"\360Tx\210\245\302"
 280      ECA99BEB 
 280      549822F0 
 280      547888A5 
 280      C2
 281 06e6 A28D39C9 		.ascii	"\242\2159\311je*\334%\030P\262@\340\251\202\217T\211"
 281      6A652ADC 
 281      251850B2 
 281      40E0A982 
 281      8F5489
 282 06f9 A08F5EEA 		.ascii	"\240\217^\352z\242\305\211j\232m\016]\025\023\265\322"
 282      7AA2C589 
 282      6A9A6D0E 
 282      5D1513B5 
 282      D2
 283 070a 0E61FB59 		.ascii	"\016a\373Y;D\322TO\373\033g\267\335\302;Z\273<\234\023"
 283      3B44D254 
 283      4FFB1B67 
 283      B7DDC23B 
 283      5ABB3C9C 
 284 071f CFB7F476 		.ascii	"\317\267\364v\372%4~!\223o\351\323\035r\244/\317\221"
 284      FA25347E 
 284      21936FE9 
 284      D31D72A4 
 284      2FCF91
 285 0732 B54D975A 		.ascii	"\265M\227Z\020\336\301\304\235|XZ\310\353\222\234\375"
 285      10DEC1C4 
 285      9D7C585A 
 285      C8EB929C 
 285      FD
 286 0743 E0696EA2 		.ascii	"\340in\242\306uT\262\245\250d\011\354s$s\240\374\255"
 286      C67554B2 
 286      A5A86409 
 286      EC732473 
 286      A0FCAD
 287 0756 336626E8 		.ascii	"3f&\350\314\240:s\250\316lIg\363\246\206\324\267z\345"
 287      CCA03A73 
 287      A8CE6C49 
 287      67F3A686 
 287      D4B77AE5 
 288 076a 12BDF5CC 		.ascii	"\022\275\365\314\321&>\276\315t[\236*?\347\201w2\331"
 288      D1263EBE 
 288      CD745B9E 
 288      2A3FE781 
 288      7732D9
ARM GAS  /tmp/ccIRDl0a.s 			page 22


 289 077d 3B7F7876 		.ascii	";\177xvN\203S\231S5V\\\345\311\220\215\304\337S\373"
 289      4E835399 
 289      5335565C 
 289      E5C9908D 
 289      C4DF53FB 
 290 0791 E81C3FA5 		.ascii	"\350\034?\245h\034\212}y\361d\361x\201;Ngu\217fv\356"
 290      681C8A7D 
 290      79F164F1 
 290      78813B4E 
 290      67758F66 
 291 07a7 7DC711E6 		.ascii	"}\307\021\346\200\324\341\271\264\277\351\335S\245\322"
 291      80D4E1B9 
 291      B4BFE9DD 
 291      53A5D2
 292 07b6 CEDD28F5 		.ascii	"\316\335(\365\267\010zPH{PL{p@\352A\367d\333f\354\210"
 292      B7087A50 
 292      487B504C 
 292      7B7040EA 
 292      41F764DB 
 293 07cd 26FD75   		.ascii	"&\375u"
 294 07d0 892E1ACE 		.ascii	"\211.\032\316\330\301G\342\023p\323\236\347\334\365"
 294      D8C147E2 
 294      1370D39E 
 294      E7DCF5
 295 07df C4594CE5 		.ascii	"\304YL\345\375\261\227%^8\2379\265UuM\274{s\301->x\242"
 295      FDB19725 
 295      5E389F39 
 295      B555754D 
 295      BC7B73C1 
 296 07f7 6D1ADECF 		.ascii	"m\032\336\317\312^\332\262\312\265\270\2049\351\223"
 296      CA5EDAB2 
 296      CAB5B884 
 296      39E993
 297 0806 7D77F80A 		.ascii	"}w\370\012\230C\206:o\357\017Z\\\301\312^\333\022v{"
 297      9843863A 
 297      6FEF0F5A 
 297      5CC1CA5E 
 297      DB12767B 
 298 081a E01AE624 		.ascii	"\340\032\346$\267%\347M\303\307\2313\026\177k\220\317"
 298      B725E74D 
 298      C3C79933 
 298      167F6B90 
 298      CF
 299 082b 9E99E0BE 		.ascii	"\236\231\340\276\030I\356\346\337,z\207\323\207/?}\034"
 299      1849EEE6 
 299      DF2C7A87 
 299      D3872F3F 
 299      7D1C
 300 083d 7EB22375 		.ascii	"~\262#u\032>\315\252vu\307\327p\3544p\343z\246N\276"
 300      1A3ECDAA 
 300      7675C7D7 
 300      70EC3470 
 300      E37AA64E 
 301 0852 E33BA04E 		.ascii	"\343;\240N\212m-\233L\015\011\265\031\036\312Sr\015"
 301      8A6D2D9B 
 301      4C0D09B5 
 301      191ECA53 
ARM GAS  /tmp/ccIRDl0a.s 			page 23


 301      720D
 302 0864 84AB9A86 		.ascii	"\204\253\232\206\253\236\206\253N\012W\356P\357qAy\352"
 302      AB9E86AB 
 302      4E0A57EE 
 302      50EF7141 
 302      79EA
 303 0876 7589AEBF 		.ascii	"u\211\256\277\324\373)nf*\037\267\365^G\370\002s\342"
 303      D4FB296E 
 303      662A1FB7 
 303      F55E47F8 
 303      0273E2
 304 0889 CFB7147A 		.ascii	"\317\267\024z\340v\346\214\356omv\307\235\314\2719\374"
 304      E076E68C 
 304      EE6F6D76 
 304      C79DCCB9 
 304      39FC
 305 089b 5335C63D 		.ascii	"S5\306=\314\3317\232\273]\213\007y\235\233cm<B\333\310"
 305      CCD9379A 
 305      BB5D8B07 
 305      799D9B63 
 305      6D3C42DB 
 306 08b0 827A315E 		.ascii	"\202z1^yE\212\011\231pw\037\337z\255\301\303\024\374"
 306      79458A09 
 306      9970771F 
 306      DF7AADC1 
 306      C314FC
 307 08c3 FEE0DEB4 		.ascii	"\376\340\336\264sz\304\016\016\016g\010z\212\360c{\367"
 307      737AC40E 
 307      0E0E6708 
 307      7A8AF063 
 307      7BF7
 308 08d5 D17EDFDD 		.ascii	"\321~\337\3354\317\223\335\373($\3066\307\335\273\\"
 308      34CF93DD 
 308      FB2824C6 
 308      36C7DDBB 
 308      5C
 309 08e6 506C2FD7 		.ascii	"Pl/\327\276\"y\036r\000\335\265\010V\312\014h'\305\036"
 309      BE22791E 
 309      7200DDB5 
 309      0856CA0C 
 309      6827C51E 
 310 08fa 4606FBB9 		.ascii	"F\006\373\271\240\272\337~.8\242d.ud&\340J\031\\\341"
 310      A0BADF7E 
 310      2E38A264 
 310      2E756426 
 310      E04A195C 
 311 090f 5C862375 		.ascii	"\\\206#u\257\214>\253D\377\240\244\256\223\301%J\360"
 311      AF8C3EAB 
 311      44FFA0A4 
 311      AE93C125 
 311      4AF0
 312 0921 2119FCC6 		.ascii	"!\031\374\306.\324\004\335:C\313\332\370\026\324\003"
 312      2ED404DD 
 312      3A43CBDA 
 312      F816D403 
 313 0931 5BD015D8 		.ascii	"[\320\025\330V\372\301\256\201]\002\373\021\354*X\027"
 313      56FAC1AE 
ARM GAS  /tmp/ccIRDl0a.s 			page 24


 313      815D02FB 
 313      11EC2A58 
 313      17
 314 0942 58275833 		.ascii	"X'X3\330y\260s`\355`\255`\227\301.\202\365\202u\200"
 314      D879B073 
 314      60ED60AD 
 314      6097C12E 
 314      82F58275 
 315 0957 7583F581 		.ascii	"u\203\365\201\265\200]x\343\034\225!\353lT\352\314P"
 315      B5805D78 
 315      E31C9521 
 315      EB6C54EA 
 315      CC50
 316 0969 76EA980C 		.ascii	"v\352\230\014.s\036\\)^\311\260?\267\323q;\010\343\266"
 316      2E731E5C 
 316      295EC9B0 
 316      3FB7D371 
 316      3B08E3B6 
 317 097d 9F83A55C 		.ascii	"\237\203\245\\\200\366)\231\367\310\314'\224\314\205"
 317      80F62999 
 317      F7C8CC27 
 317      94CC85
 318 098c 6F8DC471 		.ascii	"o\215\304q\031}\330yp\355:\000\235\314\320$\031\235"
 318      197DD879 
 318      70ED3A00 
 318      9DCCD024 
 318      199D
 319 099e 56A21D8F 		.ascii	"V\242\035\2172\004{E\306\346+\261yo\3518\"\353\250T"
 319      32047B45 
 319      C6E62BB1 
 319      796FE938 
 319      22EBA854 
 320 09b2 A2D981CA 		.ascii	"\242\331\201\312\216&\247\272\257\310i\021\0261:\306"
 320      8E26A7BA 
 320      AFC86911 
 320      16313AC6 
 321 09c2 C1D2F245 		.ascii	"\301\322\362EU\312x\354\225\231\033\234\017\213c\244"
 321      55CA78EC 
 321      95991B9C 
 321      0F8B63A4 
 322 09d2 3B69A473 		.ascii	";i\244s\201y/\007K\273\014JW2\247\311\314'\235G\332"
 322      81792F07 
 322      4BBB0C4A 
 322      5732A7C9 
 322      CC279D47 
 323 09e7 F1B4D64F 		.ascii	"\361\264\326OOkm\312\323\032\011\325ei\025\223`\025"
 323      4F6B6DCA 
 323      D31A09D5 
 323      65691593 
 323      6015
 324 09f9 380FD63C 		.ascii	"8\017\326<Y\343U\252q\017hL\023\024\253\370.RhL\221"
 324      59E355AA 
 324      710F684C 
 324      1314ABF8 
 324      2E52684C 
 325 0a0e 359E723A 		.ascii	"5\236r:b\254\363\344\213m`W\233\032\217\322\324#\334"
 325      62ACF3E4 
ARM GAS  /tmp/ccIRDl0a.s 			page 25


 325      8B6D6057 
 325      9B1A8FD2 
 325      D423DC
 326 0a21 385D320A 		.ascii	"8]2\012\251\177\006\323>\320\217\210\366\353Py@>|\265"
 326      A97F06D3 
 326      3ED08F88 
 326      F6EB5079 
 326      403E7CB5 
 327 0a35 D1C397D3 		.ascii	"\321\303\227\323e\207\006a\265\375?V\036\350\316\036"
 327      65870661 
 327      B5FD3F56 
 327      1EE8CE1E 
 328 0a45 1BD9E9FD 		.ascii	"\033\331\351\375\306\321\357\372\033G\277!~\364\033"
 328      C6D1EFFA 
 328      1B47BF21 
 328      7EF41B
 329 0a54 A247BF07 		.ascii	"\242G\277\007\265g\237\270\341\307,\033\347\216\264"
 329      B5679FB8 
 329      E1C72C1B 
 329      E78EB4
 330 0a63 B6F0EDF0 		.ascii	"\266\360\355\3607\344\343z\347\350\016\304\222\361\010"
 330      37E4E37A 
 330      E7E80EC4 
 330      92F108
 331 0a72 49CE39AD 		.ascii	"I\3169\255\223):\034\347F\261\325\365\367\3473(\371"
 331      93293A1C 
 331      E746B1D5 
 331      F5F7E733 
 331      28F9
 332 0a84 EE3B742F 		.ascii	"\356;t/i\266\353\355iD\332\236n\263\355\251\343Y\375"
 332      69B6EBED 
 332      6944DA9E 
 332      6EB3EDA9 
 332      E359FD
 333 0a97 4F7ABC8D 		.ascii	"Oz\274\215\022\251\3137\016\344x\2419\006\004p\304\376"
 333      12A9CB37 
 333      0EE478A1 
 333      39060470 
 333      C4FE
 334 0aa9 5944FE61 		.ascii	"YD\376a\255B\367a\360\357\010\230\317\014\325\036\021"
 334      AD42F761 
 334      F0EF0898 
 334      CF0CD51E 
 334      11
 335 0aba F8C7FF4D 		.ascii	"\370\307\377M^\303\263\206\336\235\374\337\350.D\367"
 335      5EC3B386 
 335      DE9DFCDF 
 335      E82E44F7 
 336 0aca 3E6D6F14 		.ascii	">mo\024\202\177\2175hk9Y\217\035w8\302}\013\312o\322"
 336      827F8F35 
 336      686B3959 
 336      8F1D7738 
 336      C27D0BCA 
 337 0ae0 B9344677 		.ascii	"\2714Fw\270\021i\207\273v\366B\274\273\216s\333\376"
 337      B8116987 
 337      BB76F642 
 337      BCBB8E73 
ARM GAS  /tmp/ccIRDl0a.s 			page 26


 337      DBFE
 338 0af2 1BF78EEC 		.ascii	"\033\367\216\354\315\251ZG\356\007\357\342>\334\362"
 338      CDA95A47 
 338      EE07EFE2 
 338      3EDCF2
 339 0b01 E4B1F061 		.ascii	"\344\261\360a\236\330\236-\016vn\375*I\214O\023\325"
 339      9ED89E2D 
 339      0E766EFD 
 339      2A498C4F 
 339      13D5
 340 0b13 681CE6EE 		.ascii	"h\034\346\3560\314\244z\364\201C\325\033\360f\005\004"
 340      30CCA47A 
 340      F48143D5 
 340      1BF06605 
 340      04
 341 0b24 6242F850 		.ascii	"bB\370P5=\352_\341a\213\243BWEXVZ\302\254\3211\232\277"
 341      353DEA5F 
 341      E1618BA3 
 341      42574558 
 341      565AC2AC 
 342 0b3c 7EFEC52C 		.ascii	"~\376\305,\323\274y*]H\310\272\360(\353\202\371!\326"
 342      D3BC792A 
 342      5D48C8BA 
 342      F028EB82 
 342      F921D6
 343 0b4f 25C6E8B5 		.ascii	"%\306\350\265V\3437aa\037\205\306D~\024\025\035e\371"
 343      56E33761 
 343      611F85C6 
 343      447E1415 
 343      1D65F9
 344 0b62 C812BA2A 		.ascii	"\310\022\272*\334\370\246\027\036\025\026\261n\265\305"
 344      DCF8A617 
 344      1E1516B1 
 344      6EB5C5
 345 0b71 18191AB6 		.ascii	"\030\031\032\266&<\312b\014Ym\371:t]\2045\304\272~\255"
 345      263CCA62 
 345      0C596DF9 
 345      3A745D84 
 345      35C4BA7E 
 346 0b86 25D67F8D 		.ascii	"%\326\177\215J#\361\375\361\027\361\305\256\2175\206"
 346      4A23F1FD 
 346      F117F1C5 
 346      AE8F3586 
 347 0b96 C45A5743 		.ascii	"\304ZWCe Yn\\\023\035i1\256\241b\215A1\321\337\304\204"
 347      6520596E 
 347      5C131D69 
 347      31AEA162 
 347      8D4131D1 
 348 0bad 46C61A2D 		.ascii	"F\306\032-a\021\341kc-F\323\232\360U\341\313\203C\346"
 348      6111E16B 
 348      632D46D3 
 348      9AF055E1 
 348      CB8343E6 
 349 0bc1 FDC17F9E 		.ascii	"\375\301\177\236\377Bct\254qMh\204qmt\2145\326\030\026"
 349      FF426374 
 349      AC714D68 
 349      84716D74 
ARM GAS  /tmp/ccIRDl0a.s 			page 27


 349      8C35D618 
 350 0bd6 1D19191D 		.ascii	"\035\031\031\035e\0140/3-\373\326H:\356\037\246z\217"
 350      650C302F 
 350      332DFBD6 
 350      483AEE1F 
 350      A67A8F
 351 0be9 DC1785C7 		.ascii	"\334\027\205\307\312\0210\2207\301\026k\360\372X\253"
 351      CA113090 
 351      37C1166B 
 351      F0FA58AB 
 352 0bf9 25726968 		.ascii	"%rih\324\352\010KLPLxtL\270u=\215\227)\302\022\032\023"
 352      D4EA084B 
 352      4C504C78 
 352      744CB875 
 352      3D8D9729 
 353 0c11 64890249 		.ascii	"d\211\002I\337h\315\213\203\027\233W.^\364{!0H\313b"
 353      DF68CD8B 
 353      83179B57 
 353      2E5EF47B 
 353      213048CB 
 354 0c26 F64988D5 		.ascii	"\366I\210\325\203\337\355\305\037\253\003\003>3\333"
 354      83DFEDC5 
 354      1FAB0303 
 354      3E33DB
 355 0c35 DD05EA40 		.ascii	"\335\005\352@S\220\354\316W\007\006\007\2315f\346\315"
 355      5390ECCE 
 355      57070607 
 355      993566E6 
 355      CD
 356 0c46 83C2C572 		.ascii	"\203\302\305r\341\\(\\lV\007\257\0104/\373\245\275\267"
 356      E15C285C 
 356      6C5607AF 
 356      08342FFB 
 356      A5BDB7
 357 0c59 7C6B359A 		.ascii	"|k5\232\226\005\007\006\333\303\031\026\035c\011\011"
 357      96050706 
 357      DBC31916 
 357      1D630909 
 358 0c69 8BFC1862 		.ascii	"\213\374\030b\251\375|e\240)d\005\014\017\264\020`V"
 358      A9FD7C65 
 358      A0296405 
 358      0C0FB410 
 358      6056
 359 0c7b 2F5BB6C4 		.ascii	"/[\266\304\214\003\026\231\361\"\270\007-1\253\003\226"
 359      8C031699 
 359      F122B807 
 359      2D31AB03 
 359      96
 360 0c8c 049BD59F 		.ascii	"\004\233\325\237-\0110\273A\021\000\026\021\177)\371"
 360      2D0930BB 
 360      41110016 
 360      117F29F9 
 361 0c9c 31C18F5B 		.ascii	"1\301\217[\360RS\260\031\007/\015\302&\023\334Mf\267"
 361      F05253B0 
 361      19072F0D 
 361      C22613DC 
 361      4D66B7
ARM GAS  /tmp/ccIRDl0a.s 			page 28


 362 0caf 8040B3C9 		.ascii	"\200@\263\311\254^\271b\271\031\272\000\010S\320\027"
 362      AC5EB962 
 362      B919BA00 
 362      0853D017 
 363 0cbf 818BE037 		.ascii	"\201\213\3407\300d\326\004\233>\243my\206\204|\275."
 363      C064D604 
 363      9B3EA36D 
 363      7986847C 
 363      BD2E
 364 0cd1 2A2C24C4 		.ascii	"*,$\304\177\341\302\271\3635\222\247\016[\023\032\363"
 364      7FE1C2B9 
 364      F33592A7 
 364      0E5B131A 
 364      F3
 365 0ce2 1FF2BF0C 		.ascii	"\037\362\277\014\305"
 365      C5
 366              		.text
 367              		.section	.gnu.lto_.symtab.9269453afd61f044,"",%progbits
 368 0000 6E766963 		.ascii	"nvicEnableVector\000"
 368      456E6162 
 368      6C655665 
 368      63746F72 
 368      00
 369 0011 00       		.ascii	"\000"
 370 0012 00       		.ascii	"\000"
 371 0013 00       		.ascii	"\000"
 372 0014 00000000 		.ascii	"\000\000\000\000\000\000\000\000"
 372      00000000 
 373 001c B7000000 		.ascii	"\267\000\000\000"
 374 0020 6E766963 		.ascii	"nvicDisableVector\000"
 374      44697361 
 374      626C6556 
 374      6563746F 
 374      7200
 375 0032 00       		.ascii	"\000"
 376 0033 00       		.ascii	"\000"
 377 0034 00       		.ascii	"\000"
 378 0035 00000000 		.ascii	"\000\000\000\000\000\000\000\000"
 378      00000000 
 379 003d BB000000 		.ascii	"\273\000\000\000"
 380 0041 6E766963 		.ascii	"nvicSetSystemHandlerPriority\000"
 380      53657453 
 380      79737465 
 380      6D48616E 
 380      646C6572 
 381 005e 00       		.ascii	"\000"
 382 005f 00       		.ascii	"\000"
 383 0060 00       		.ascii	"\000"
 384 0061 00000000 		.ascii	"\000\000\000\000\000\000\000\000"
 384      00000000 
 385 0069 BD000000 		.ascii	"\275\000\000\000"
 386 006d 6E766963 		.ascii	"nvicClearPending\000"
 386      436C6561 
 386      7250656E 
 386      64696E67 
 386      00
 387 007e 00       		.ascii	"\000"
ARM GAS  /tmp/ccIRDl0a.s 			page 29


 388 007f 00       		.ascii	"\000"
 389 0080 00       		.ascii	"\000"
 390 0081 00000000 		.ascii	"\000\000\000\000\000\000\000\000"
 390      00000000 
 391 0089 BF000000 		.ascii	"\277\000\000\000"
 392              		.text
 393              		.section	.gnu.lto_.opts,"",%progbits
 394 0000 272D666D 		.ascii	"'-fmath-errno' '-fsigned-zeros' '-ftrapping-math' '"
 394      6174682D 
 394      6572726E 
 394      6F272027 
 394      2D667369 
 395 0033 2D666E6F 		.ascii	"-fno-trapv' '-fno-openmp' '-fno-openacc' '-mcpu=cor"
 395      2D747261 
 395      70762720 
 395      272D666E 
 395      6F2D6F70 
 396 0066 7465782D 		.ascii	"tex-m4' '-mfloat-abi=hard' '-mfpu=fpv4-sp-d16' '-mn"
 396      6D342720 
 396      272D6D66 
 396      6C6F6174 
 396      2D616269 
 397 0099 6F2D7468 		.ascii	"o-thumb-interwork' '-mthumb' '-ggdb' '-O2' '-fomit-"
 397      756D622D 
 397      696E7465 
 397      72776F72 
 397      6B272027 
 398 00cc 6672616D 		.ascii	"frame-pointer' '-falign-functions=16' '-ffunction-s"
 398      652D706F 
 398      696E7465 
 398      72272027 
 398      2D66616C 
 399 00ff 65637469 		.ascii	"ections' '-fdata-sections' '-fno-common' '-flto' '-"
 399      6F6E7327 
 399      20272D66 
 399      64617461 
 399      2D736563 
 400 0132 6673696E 		.ascii	"fsingle-precision-constant'\000"
 400      676C652D 
 400      70726563 
 400      6973696F 
 400      6E2D636F 
 401              		.text
 402              		.comm	__gnu_lto_v1,1,1
 403              		.comm	__gnu_lto_slim,1,1
 404              		.ident	"GCC: (GNU Tools for ARM Embedded Processors) 5.4.1 20160919 (release) [ARM/embedded-5-bran
ARM GAS  /tmp/ccIRDl0a.s 			page 30


DEFINED SYMBOLS
                            *ABS*:00000000 nvic.c
                            *COM*:00000001 __gnu_lto_v1
                            *COM*:00000001 __gnu_lto_slim

NO UNDEFINED SYMBOLS
