ARM GAS  /tmp/ccK6bQX1.s 			page 1


   1              		.syntax unified
   2              		.cpu cortex-m4
   3              		.eabi_attribute 27, 1
   4              		.eabi_attribute 28, 1
   5              		.fpu fpv4-sp-d16
   6              		.eabi_attribute 20, 1
   7              		.eabi_attribute 21, 1
   8              		.eabi_attribute 23, 3
   9              		.eabi_attribute 24, 1
  10              		.eabi_attribute 25, 1
  11              		.eabi_attribute 26, 1
  12              		.eabi_attribute 30, 2
  13              		.eabi_attribute 34, 1
  14              		.eabi_attribute 18, 4
  15              		.thumb
  16              		.syntax unified
  17              		.file	"pal.c"
  18              		.text
  19              	.Ltext0:
  20              		.section	.gnu.lto_.profile.8490611b70a853e5,"",%progbits
  21 0000 789C6361 		.ascii	"x\234ca`d`a`\000\222\0322\000\000\326\000O"
  21      60646061 
  21      6000921A 
  21      320000D6 
  21      004F
  22              		.text
  23              		.section	.gnu.lto_.icf.8490611b70a853e5,"",%progbits
  24 0000 789C6361 		.ascii	"x\234ca`d\000\001\021\006\004`fX\377\346\325RV\306\331"
  24      60640001 
  24      11060460 
  24      6658FFE6 
  24      D55256C6 
  25 0015 4B676DE2 		.ascii	"Kgm\342dZ\276\360\320uN\006\000_\347\010\316"
  25      645ABEF0 
  25      D0754E06 
  25      005FE708 
  25      CE
  26              		.text
  27              		.section	.gnu.lto_.jmpfuncs.8490611b70a853e5,"",%progbits
  28 0000 789C6361 		.ascii	"x\234ca`d\000\001%\006\004`f`dd\254gdbdd\256\257g\002"
  28      60640001 
  28      25060460 
  28      66606464 
  28      AC676462 
  29 001a 538C6C10 		.ascii	"S\214l\020)\246J\260r\0009\212\002\276"
  29      29A64AB0 
  29      7200398A 
  29      02BE
  30              		.text
  31              		.section	.gnu.lto_.inline.8490611b70a853e5,"",%progbits
  32 0000 789C6361 		.ascii	"x\234ca`d\000\201\357\014\010\300\314\300\300\311\301"
  32      60640081 
  32      EF0C08C0 
  32      CCC0C0C9 
  32      C1
  33 0011 C8CCA0C0 		.ascii	"\310\314\240\300\010b\202H\0070\251\300\301\366A\217"
  33      08628248 
ARM GAS  /tmp/ccK6bQX1.s 			page 2


  33      0730A9C0 
  33      C1F6418F 
  34 0021 816D813C 		.ascii	"\201m\201<\023\003\343\013v\026\010\011\"8\300L\016"
  34      1303E30B 
  34      76160809 
  34      2238C04C 
  34      0E
  35 0032 10210066 		.ascii	"\020!\000f\012\200\214ad\340\343ed\201\230\302\250\000"
  35      0A808C61 
  35      64E0E365 
  35      648198C2 
  35      A800
  36 0044 B2066C08 		.ascii	"\262\006l\010\304@n\246\013\374\030F\001\305P\014aY"
  36      C4406EA6 
  36      0BFC1846 
  36      01C5500C 
  36      6159
  37 0056 202F0162 		.ascii	" /\001b)010\357\020W`\000Zo\0012\231\211\201[\030\305"
  37      29303130 
  37      EF105760 
  37      005A6F01 
  37      32998981 
  38 006d 7D504339 		.ascii	"}PC9\201r\3049\017h\223\004\310$\026^\240w'\370\201"
  38      8172C439 
  38      0F689304 
  38      C824165E 
  38      A07727F8 
  39 0082 20030004 		.ascii	" \003\000\004\024 \311"
  39      1420C9
  40              		.text
  41              		.section	.gnu.lto_.pureconst.8490611b70a853e5,"",%progbits
  42 0000 789C6361 		.ascii	"x\234ca`d`g```f\220b\224b\222\004\000\001\253\000`"
  42      60646067 
  42      60606066 
  42      90629462 
  42      92040001 
  43              		.text
  44              		.section	.gnu.lto_palReadBus.8490611b70a853e5,"",%progbits
  45 0000 789C8D90 		.ascii	"x\234\215\220MkSA\024\206\317;\347&\367F\253\177\300"
  45      4D6B5341 
  45      1486CF3B 
  45      E726F746 
  45      AB7FC0
  46 0013 2E0A2E4A 		.ascii	".\012.J\027f\310Fw\202\350\302\235E\177\200\244!\230"
  46      1766C846 
  46      7782E8C2 
  46      9D457F80 
  46      A42198
  47 0026 404A42AE 		.ascii	"@JB\256\256;\346\346\212\335H\273P\301*\305E\250U\373"
  47      AE3BE6E6 
  47      8ADD48BB 
  47      50C12AC5 
  47      45A855FB 
  48 003a E5D7A22B 		.ascii	"\345\327\242+\251\240 \250\324\215+\261T\351\302U\023"
  48      A9A020A8 
  48      D48D2BB1 
  48      54E9C255 
ARM GAS  /tmp/ccK6bQX1.s 			page 3


  48      13
  49 004b 1437DA78 		.ascii	"\0247\332x\316M\204\340\252\003sf\346\314\234g\336\367"
  49      CE4D84E0 
  49      AA037366 
  49      E6CC9C67 
  49      DEF7
  50 005d 7804D231 		.ascii	"x\004\3221n\210\316\310zD&\230`f\336\023]\015\014\240"
  50      6E88CEC8 
  50      7A442698 
  50      6066DE13 
  50      5D0D0CA0 
  51 0071 1B1780A6 		.ascii	"\033\027\200\246\014\246\360\323\3741\330l\256\336\345"
  51      0CA6F0D3 
  51      FC31D86C 
  51      AEDEE5
  52 0080 1F269667 		.ascii	"\037&\226g\236\034\333\357\356|=\254G`D\216s\356\343"
  52      9E1CDBEF 
  52      EE7C3DAC 
  52      4760448E 
  52      73EEE3
  53 0093 B43FB6E0 		.ascii	"\264?\266\340\\\303m\265\266k\263Q|6fC]Cx\200a,`X\277"
  53      5CC36DB5 
  53      B66BB351 
  53      7C366643 
  53      5D437880 
  54 00ac 58C498BC 		.ascii	"X\304\230\274\2157o_c>\005\222\375\347/[\213\301hK\353"
  54      8D376F5F 
  54      633E0592 
  54      FDE72F5B 
  54      8BC1684B 
  55 00c1 DC6CD165 		.ascii	"\334l\321ebf<\004\017\326I\212\360\010\243\372|{m\357"
  55      62663C04 
  55      0FD6498A 
  55      F008A3FA 
  55      7C7B6DEF 
  56 00d5 E6A174D3 		.ascii	"\346\241t\323\311\030\231fR\276`\037#\255~V\316\277"
  56      C9189966 
  56      52BE601F 
  56      23AD7E56 
  56      CEBF
  57 00e7 74DD6EE4 		.ascii	"t\335n\344\334\\\356\306\321\214\230\220\"\226r\317"
  57      DC5CEEC6 
  57      D18C9890 
  57      229672CF 
  58 00f7 93904A49 		.ascii	"\223\220JIH\247u\347k\010H\365\321\256L\365\3326FW\336"
  58      48A775E7 
  58      6B0848F5 
  58      D1AE4CF5 
  58      DA364657 
  59 010c 4163BDFD 		.ascii	"Ac\275\375\372>+3b\226/o\305\033\037|5\312\211\340_"
  59      FA3E2B33 
  59      62962F6F 
  59      C51B1F7C 
  59      35CA89E0 
  60 0121 6FDE5E1F 		.ascii	"o\336^\037\232\307=\304\354Gl\260\244\316$\337\372\326"
  60      9AC73DC4 
  60      EC476CB0 
ARM GAS  /tmp/ccK6bQX1.s 			page 4


  60      A4CE24DF 
  60      FAD6
  61 0133 58F6EDB1 		.ascii	"X\366\355\261\230\003,c\036{*\214\260\002K;\330XG\217"
  61      98032C63 
  61      1E7B2A8C 
  61      B0024B3B 
  61      D858478F 
  62 0147 E70DF282 		.ascii	"\347\015\362\202\377y\031\371\020\253}\336\247N\347"
  62      FF7919F9 
  62      10AB7DDE 
  62      A74EE7
  63 0156 D5905D72 		.ascii	"\325\220]rM\2718\200\265\004\251&\361$A6\376!S\373\321"
  63      4DB93880 
  63      B504A926 
  63      F1244136 
  63      FE2153FB 
  64 016b 74104F13 		.ascii	"t\020O\023@\322\255g\011 \352\244{\000\225%\230A\246"
  64      40D2AD67 
  64      0920EAA4 
  64      7B009525 
  64      9841A6
  65 017e BF1FA6C1 		.ascii	"\277\037\246\301\363\204\311\312|\321c\376\3563\203"
  65      F384C9CA 
  65      7CD163FE 
  65      EE3383
  66 018d 04EBD377 		.ascii	"\004\353\323w\230~B\273\261+\006\244\307\"\342\244-"
  66      987E42BB 
  66      B12B06A4 
  66      C722E2A4 
  66      2D
  67 019e 55278BB6 		.ascii	"U'\213\266T,\\\256\326\355x\275z\251\236\237\014m\261"
  67      542C5CAE 
  67      D6ED78BD 
  67      7AA99E9F 
  67      0C6DB1
  68 01b1 5029D7C2 		.ascii	"P)\327\302\242=]*O\224\317]\270\230;\236\315eO\330j"
  68      A23D5D2A 
  68      4F94CF5D 
  68      B8983B9E 
  68      CD654FD8 
  69 01c6 684BF98A 		.ascii	"hK\371\212\015\353\005[\313W\262\005\342\211+\341_T"
  69      0DEB055B 
  69      CB57B205 
  69      E2892BE1 
  69      5F54
  70 01d8 5ACA08   		.ascii	"Z\312\010"
  71              		.text
  72              		.section	.gnu.lto_palWriteBus.8490611b70a853e5,"",%progbits
  73 0000 789C8D52 		.ascii	"x\234\215RKk\023Q\024\276\337\334\311d\362R\367vQP\010"
  73      4B6B1351 
  73      14BEDFDC 
  73      C964F252 
  73      F7765150 
  74 0015 5D986B36 		.ascii	"]\230k6\272\023D\024\\)\372\003$\211\301\004RR\222\272"
  74      BA134414 
  74      5C29FA03 
  74      2489C104 
ARM GAS  /tmp/ccK6bQX1.s 			page 5


  74      525292BA 
  75 0029 EE98870F 		.ascii	"\356\230\207\017\334\270\261\2024\004\204\322F\355#"
  75      DCB8B182 
  75      340484D2 
  75      46ED23
  76 0038 BE6ABA31 		.ascii	"\276j\2721D\244 >\250\202\256\244Ek\027.$\255\212.4"
  76      44A4203E 
  76      A882AEA4 
  76      456B172E 
  76      24AD8A2E 
  77 004d F19C9B51 		.ascii	"\361\234\233QBW\035\310\231{\316=\337w\276\363eL\001"
  77      42571DC8 
  77      997BCE3D 
  77      DF77BEF3 
  77      654C01
  78 0060 C1CF5E29 		.ascii	"\301\317^)\304qz\357\246\037\244\200q\355\225\020\027"
  78      C4717AEF 
  78      A61FA480 
  78      71ED9510 
  78      17
  79 0071 6C03E083 		.ascii	"l\003\340\203cC\214\031\030\303\017\343\217\201\326"
  79      63438C19 
  79      18C30FE3 
  79      8F81D6
  80 0080 A5F58631 		.ascii	"\245\365\20614\345\320\263\372\354\353~g\272\2112\301"
  80      34E5D0B3 
  80      FAECEB7E 
  80      67BA8932 
  80      C1
  81 0091 BB866612 		.ascii	"\273\206f\022\230\302\020u-\227\346'\344w\243,\001\223"
  81      98C21075 
  81      2D97E627 
  81      E477A32C 
  81      0193
  82 00a3 D28D9737 		.ascii	"\322\215\2277?\355\340\324\300 \245\345\345\033\027"
  82      3FEDE0D4 
  82      C020A5E5 
  82      E51B17
  83 00b2 A53C0C41 		.ascii	"\245<\014A\347\017+\2535;<\3518\005\307\371v\326\361"
  83      E70F2BAB 
  83      353B3CE9 
  83      3805C7F9 
  83      76D6F1
  84 00c5 95A5C46D 		.ascii	"\225\245\304mH\342C\015\003\230\306\200\240\222\300"
  84      48E2430D 
  84      0398C680 
  84      A092C0
  85 00d4 1D84A9BB 		.ascii	"\035\204\251\273\322\271\265\024\220G5\262Q\235\250"
  85      D2B9B514 
  85      904735B2 
  85      519DA8
  86 00e3 592E7221 		.ascii	"Y.r!\311H\023w\267\"M\201\031\204\271\375c\275s=d\225"
  86      C9481377 
  86      B7224D81 
  86      1984B9FD 
  86      63BD733D 
  87 00f9 58F8E095 		.ascii	"X\370\340\225\177\2121\013\213=\230;\325t\272\335\242"
ARM GAS  /tmp/ccK6bQX1.s 			page 6


  87      7F8A310B 
  87      8B3D983B 
  87      D574BADD 
  87      A2
  88 010a E3BC8D3E 		.ascii	"\343\274\215>\331\263\223\026\247q\222\340\036\023\214"
  88      D9B39316 
  88      A77192E0 
  88      1E138C
  89 0119 F7D0D1B2 		.ascii	"\367\320\321\2628x9\330\024\274>\016~N\003\034\202\034"
  89      387839D8 
  89      14BC3E0E 
  89      7E4E031C 
  89      821C
  90 012b 421C8468 		.ascii	"B\034\204h\0235;\267a\030\374\226\353(,\326W\242<\254"
  90      13353BB7 
  90      6118FC96 
  90      EB282CD6 
  90      57A23CAC 
  91 013f 28256919 		.ascii	"(%i\031/\267^{\331\017\2517\371\271\364\374r\260\212"
  91      2FB75E7B 
  91      D90FA937 
  91      F9B9F4FC 
  91      72B08A
  92 0152 0A396917 		.ascii	"\0129i\027\311\2439\222\316\365\311\265\302\254W\355"
  92      C9A33992 
  92      CEF5C9B5 
  92      C2AC57ED 
  93 0162 2B4B1FE6 		.ascii	"+K\037\346QEG{\214:\224 \306\216\325\343\363\024iI\236"
  93      5145477B 
  93      8C3A9420 
  93      C68ED5E3 
  93      F3146949 
  94 0177 805E6E6D 		.ascii	"\200^nm\207\320\304=M\310\273\343\276&,\376v\011\275"
  94      87D0C43D 
  94      4DC8BBE3 
  94      BE262CFE 
  94      7609BD
  95 018a 9AD3EAE7 		.ascii	"\232\323\352\347\264\267\303\351\307\003\315\251}}\330"
  95      B4B7C3E9 
  95      C703CDA9 
  95      7D7DD8
  96 0199 E31C7739 		.ascii	"\343\034w9}=\2167\355\027\225\000\357\355\305.<\"\002"
  96      7D3D8E37 
  96      ED179500 
  96      EFEDC52E 
  96      3C2202
  97 01ac 6A69BB2D 		.ascii	"ji\273-~=\331\327\257$@\253\365\224\374\357\012\352"
  97      7E3DD9D7 
  97      AF2440AB 
  97      F594FCEF 
  97      0AEA
  98 01be AACDA55F 		.ascii	"\252\315\245_n)\244\261A*\265\306\265\336~\203}[\015"
  98      6E29A4B1 
  98      412AB5C6 
  98      B5DE7E83 
  98      7D5B0D
  99 01d1 26B4C482 		.ascii	"&\264\304\202\253\375\375\346\346\323\240\232qJt\021"
ARM GAS  /tmp/ccK6bQX1.s 			page 7


  99      ABFDFDE6 
  99      E6D3A09A 
  99      714A7411 
 100 01e1 C4632D9F 		.ascii	"\304c-\237>\015\276\272\272\366\371\235\307\275\012"
 100      3E0DBEBA 
 100      BAF6F99D 
 100      C7BD0A
 101 01f0 A101D531 		.ascii	"\241\001\3251L^l\021\212F\212/(4\273\307x\232\376\354"
 101      4C5E6C11 
 101      8A468A2F 
 101      2834BBC7 
 101      789AFEEC 
 102 0204 DBE424FD 		.ascii	"\333\344$\375\323\264\372!\225\312\016'U*\231\030\315"
 102      D3B4FA21 
 102      95CA0E27 
 102      552A9918 
 102      CD
 103 0215 E6D4C95C 		.ascii	"\346\324\311\\\366\\.6\234W\311D&=\222O\252#\251t<}"
 103      F65C2E36 
 103      9C57C944 
 103      263D924F 
 103      AA23A974 
 104 022b E2F499E8 		.ascii	"\342\364\231\350\201H4rPe\363*\025\313\250|.\241Fb\231"
 104      81483472 
 104      5065F32A 
 104      15CBA87C 
 104      2EA14662 
 105 0240 4842C8F8 		.ascii	"HB\310\370\371\274\031O\217\346\377\002\223y\007\335"
 105      F9BC194F 
 105      8FE6FF02 
 105      937907DD 
 106              		.text
 107              		.section	.gnu.lto_palSetBusMode.8490611b70a853e5,"",%progbits
 108 0000 789C8D90 		.ascii	"x\234\215\220KhSQ\020\206\347?ssob[qo\027\005\027\241"
 108      4B685351 
 108      1086E73F 
 108      73736F62 
 108      5B716F17 
 109 0017 0B73CC46 		.ascii	"\013s\314Fw\202\210\210n\024\335\270\2234\275\230@B"
 109      77828888 
 109      6E14DDB8 
 109      9334BD98 
 109      4042
 110 0029 4AA2EB1C 		.ascii	"J\242\353\034\223^\255\033\021D\005Q\272\012m}\364a"
 110      935EAD1B 
 110      11440551 
 110      BA0A6D7D 
 110      F461
 111 003b 54882086 		.ascii	"T\210 \206n\004E\245k)\026\225\"\"\222\340\243 \264"
 111      6E0445A5 
 111      6B291695 
 111      222292E0 
 111      A320B4
 112 004e 71CEA92E 		.ascii	"q\316\251.t\325\201\363d\376of~\217@6\216*\242#r\356"
 112      74D581F3 
 112      64FE6F66 
 112      7E8F4036 
ARM GAS  /tmp/ccK6bQX1.s 			page 8


 112      8E2AA223 
 113 0064 940526A8 		.ascii	"\224\005&\250+\257\211\316\307\025`/&\016\252*T\361"
 113      2BAF89CE 
 113      C715602F 
 113      260EAA2A 
 113      54F1
 114 0076 43AD2B2C 		.ascii	"C\255+,^\\m\251\341)#\261\322\370\265\307L\267\0211"
 114      5E5C6DA9 
 114      E12923B1 
 114      D2F8B5C7 
 114      4CB71131 
 115 008a 514F3912 		.ascii	"QO9\022a\012\303\222\2654>\177\213\277\253\210\001O"
 115      610AC392 
 115      B5343E7F 
 115      8BBFAB88 
 115      014F
 116 009c 9EDD5737 		.ascii	"\236\335W7?l\267O\205!yFK7.0\037\000\311}\371\335\312"
 116      3F6CB74F 
 116      85217946 
 116      4B372E30 
 116      1F00C97D 
 117 00b3 4C3CD930 		.ascii	"L<\3310\246f\314\332\250ID\314\270\003\026\036f0\210"
 117      A666CCDA 
 117      A84944CC 
 117      B803161E 
 117      663088
 118 00c6 690C927C 		.ascii	"i\014\222|\021\356\")\331\337\232\215\253}|\310)_^~"
 118      11EE2229 
 118      D9DF9A8D 
 118      AB7D7CC8 
 118      295F5E7E 
 119 00da 7AEA8FB0 		.ascii	"z\352\217\260\031Z\241\207{\377\013=\302}$m\366\373"
 119      195AA187 
 119      7BFF0B3D 
 119      C27D246D 
 119      F6FB
 120 00ec 858D6B03 		.ascii	"\205\215k\003\376\270\355{\350\322\337\2061\013\337"
 120      FEB8ED7B 
 120      E8D2DF86 
 120      310BDF
 121 00fb 5A3077A2 		.ascii	"Z0w\242mz\275\2721\317\322_w%dn\251\306\"\217y\262\371"
 121      6D7ABDBA 
 121      31CFD25F 
 121      7725646E 
 121      A9C6228F 
 122 0112 31D902DF 		.ascii	"1\331\002\337\336\0028\034uDl\255\351*eO^E\355I\367"
 122      DE02381C 
 122      75446CAD 
 122      E92A654F 
 122      5E45ED49 
 123 0127 67DAE2EA 		.ascii	"g\332\342\352\314R\355z\264\370&\260\003\263ku\355\371"
 123      CC52ED7A 
 123      B4F826B0 
 123      03B36B75 
 123      EDF9
 124 0139 8B89FE49 		.ascii	"\213\211\376I\334\026\253\342u1aN\232\263\377\215\217"
 124      DC16ABE2 
ARM GAS  /tmp/ccK6bQX1.s 			page 9


 124      7531614E 
 124      9AB3FF8D 
 124      8F
 125 014a B5D940EF 		.ascii	"\265\331@\357\2168\201yLb\303\231\210\005h\262Dl\362"
 125      8E388179 
 125      4C62C399 
 125      880568B2 
 125      446CF2
 126 015d BCAD00B6 		.ascii	"\274\255\000\266\341\201\003\330i\320\374\027\020\333"
 126      E18103D8 
 126      69D0FC17 
 126      10DB
 127 016b 0AA00F0F 		.ascii	"\012\240\017\017\035\300\331\362\310\001\352\035\177"
 127      1DC0D9F2 
 127      C801EA1D 
 127      7F
 128 0178 13609B10 		.ascii	"\023`\233\020\014}\202\373\260\272V\353\313\333\240"
 128      0C7D82FB 
 128      B0BA56EB 
 128      CBDBA0
 129 0187 BA6E268C 		.ascii	"\272n&\214\331\021q\177\317\026\306cTI\346w\202 \342"
 129      D911717F 
 129      CF16C663 
 129      5449E677 
 129      8220E2
 130 019a 01FA8C5A 		.ascii	"\001\372\214Z{\371\260\323\330\350H\226\330%%\366\353"
 130      7BF9B0D3 
 130      D8E84896 
 130      D82525F6 
 130      EB
 131 01ab 5CA918EA 		.ascii	"\\\251\030\352\\\230=[*\353\343\345\322\231r\246X\321"
 131      5C983D5B 
 131      2AEBE3E5 
 131      D29972A6 
 131      58D1
 132 01bd 61B6901F 		.ascii	"a\266\220\037\253\204\372`.?\222?v\362tzo*\235\332\247"
 132      AB84FA60 
 132      2E3F923F 
 132      76F2747A 
 132      6F2A9DDA 
 133 01d2 4B159DCB 		.ascii	"K\025\235\313\024t\245\234\325c\231B*K<r\256\342\025"
 133      1474A59C 
 133      D5639942 
 133      2A4B3C72 
 133      AEE215
 134 01e5 4BA3E16F 		.ascii	"K\243\341o8\300\315\337"
 134      38C0CDDF 
 135              		.text
 136              		.section	.gnu.lto_.symbol_nodes.8490611b70a853e5,"",%progbits
 137 0000 789C6361 		.ascii	"x\234ca`d\010d\000\002\246\011L\365\014\014\023\316"
 137      60640864 
 137      0002A609 
 137      4CF50C0C 
 137      13CE
 138 0012 313000A9 		.ascii	"10\000\251]\015\212@\221\211L\365\214\250\"\223\230"
 138      5D0D8A40 
 138      91894CF5 
ARM GAS  /tmp/ccK6bQX1.s 			page 10


 138      8CA82293 
 138      98
 139 0023 EA995044 		.ascii	"\352\231PD\030\2472\3253\203E\030\030\032\032\024\030"
 139      18A732D5 
 139      33834518 
 139      181A1A14 
 139      18
 140 0034 18989998 		.ascii	"\030\230\231\230\031\226<\374\307\310\000\000#\203\023"
 140      19963CFC 
 140      C7C80000 
 140      238313
 141 0043 62       		.ascii	"b"
 142              		.text
 143              		.section	.gnu.lto_.refs.8490611b70a853e5,"",%progbits
 144 0000 789C6361 		.ascii	"x\234ca`\004B \000\000\0009\000\007"
 144      60044220 
 144      00000039 
 144      0007
 145              		.text
 146              		.section	.gnu.lto_.decls.8490611b70a853e5,"",%progbits
 147 0000 789CA558 		.ascii	"x\234\245XkP\023Y\026\356\3337`\014\001,tg\254Z\246"
 147      6B501359 
 147      16EEDB37 
 147      600C012C 
 147      7467AC5A 
 148 0015 CA9A42E5 		.ascii	"\312\232B\345\307h\006\265tg\267jk\326\267\273\272\241"
 148      C76806B5 
 148      7467B76A 
 148      6BD6B7BB 
 148      BAA1
 149 0027 A2CEECFE 		.ascii	"\242\316\354\376\312F\210\222Z0\024\011[5\277\246\201"
 149      CA468892 
 149      5A301409 
 149      5B35BFA6 
 149      81
 150 0038 0838AC2B 		.ascii	"\0108\254+ b\024\360\201\002\"\210\210 \002>2\276P\020"
 150      206214F0 
 150      81022288 
 150      8820023E 
 150      32BE5010 
 151 004c 4154147C 		.ascii	"AT\024|\341\200\317\325\221\227\210 \262\347\336\333"
 151      E180CFD5 
 151      91978820 
 151      B2E7DEDB 
 152 005c 9D0E3199 		.ascii	"\235\0161\231\335\231\355\342v\367\271}\356w\276\363"
 152      DD99EDE2 
 152      76F7B97D 
 152      EE77BEF3 
 153 006c DD736F77 		.ascii	"\335sowPp\210#\307\017A\034w\203\3478\001\31418\024"
 153      50708823 
 153      C70F411C 
 153      7783E738 
 153      01CC3138 
 154 0081 D0F71527 		.ascii	"\320\367\025'\037\304V\301\263@h\037C\373\004q\037\034"
 154      1FC456C1 
 154      B340681F 
 154      43FB0471 
ARM GAS  /tmp/ccK6bQX1.s 			page 11


 154      1F1C
 155 0093 E4B91AAE 		.ascii	"\344\271\032\256\000\305M\201V\015m\002\364\365\303"
 155      00C54D81 
 155      560D6D02 
 155      F4F5C3
 156 00a2 7526342D 		.ascii	"u&4-4_\260\007\341\332\007\355\024\264Q\021\233\320"
 156      345FB007 
 156      E1DA07ED 
 156      14B45111 
 156      9BD0
 157 00b4 E882CB18 		.ascii	"\350\202\313\0304\036Q\223\342\221\353gn\261\010\207"
 157      341E5193 
 157      E291EB67 
 157      6EB10887 
 158 00c4 00919F14 		.ascii	"\000\221\237\024\213\304!\361<\305\032\025\343\335\026"
 158      8BC421F1 
 158      3CC51A15 
 158      E3DD16
 159 00d3 63FA88F1 		.ascii	"c\372\210\361H\034\022\257\033Z\033\353\242\330\344"
 159      481C12AF 
 159      1B5A1BEB 
 159      A2D8E4
 160 00e2 1AE616F3 		.ascii	"\032\346\026\363c/1\203\274\344W-\306\235\003v04\354"
 160      632F3183 
 160      BCE4572D 
 160      C69D0376 
 160      3034EC
 161 00f5 1693E764 		.ascii	"\026\223\347d\035I\250\337\272\305\033\345\321\221\204"
 161      1D49A8DF 
 161      BAC51BE5 
 161      D19184
 162 0104 4187EA0E 		.ascii	"A\207\352\016jG\340\213&\321^\204\330\031\321\306\261"
 162      6A47E08B 
 162      26D15E84 
 162      D819D1C6 
 162      B1
 163 0115 464DB8E1 		.ascii	"FM\270\3419\021K\352B\222\243h\363\322-\347\004\243"
 163      39114BEA 
 163      4292A368 
 163      F3D22DE7 
 163      04A3
 164 0127 7FE2783A 		.ascii	"\177\342x:\357\364\240 2:\022\0071[\034\314I\021x9\200"
 164      EFF4A020 
 164      323A1207 
 164      315B1CCC 
 164      49117839 
 165 013c 684A035C 		.ascii	"hJ\003\\\360\030]\021N\346\354\314\011II?l=9\252\304"
 165      F0185D11 
 165      4EE6ECCC 
 165      0949493F 
 165      6C3D39AA 
 166 0151 A012DC3F 		.ascii	"\240\022\334?x{p\351\354R\001\216tA\340?\221\225\271"
 166      787B70E9 
 166      EC52018E 
 166      7441E03F 
 166      9195B9
 167 0164 662BCFC5 		.ascii	"f+\317\305\003<\012R!\005\230\275M\273\272\002\300\234"
ARM GAS  /tmp/ccK6bQX1.s 			page 12


 167      033C0A52 
 167      210598BD 
 167      4DBBBA02 
 167      C09C
 168 0176 A242D3C0 		.ascii	"\242B\323\300\334U7\320\340\303\236*\301\034+,\337\254"
 168      DC5537D0 
 168      E0C39E2A 
 168      C11C2B2C 
 168      DFAC
 169 0188 C41F51C4 		.ascii	"\304\037Q\304{\227\212K\310\300\231*Dx\005\022\225_"
 169      7B978A4B 
 169      C8C0992A 
 169      44780512 
 169      955F
 170 019a D4BCF567 		.ascii	"\324\274\365g]\304\243uk\337\201\011\370\327\344\236"
 170      5DC4A375 
 170      6BDF8109 
 170      F8D7E49E 
 171 01aa BFB8E558 		.ascii	"\277\270\345X\205\037\012U\025\022\012\235y\005\352"
 171      851F0A55 
 171      15120A9D 
 171      7905EA
 172 01b9 1A419884 		.ascii	"\032A\230\204*\220\012\225#\214\212\321lB|\246\012\316"
 172      2A900A95 
 172      238C8AD1 
 172      6C427CA6 
 172      0ACE
 173 01cb A9829028 		.ascii	"\251\202\220(\244'\011A\227\0028T\202\202\321!\024\314"
 173      A4270941 
 173      97023854 
 173      8282D121 
 173      14CC
 174 01dd A1A32894 		.ascii	"\241\243(\224\300\022Gt\004:\313\240\023B\024\037\310"
 174      C0124774 
 174      043ACBA0 
 174      1342141F 
 174      C8
 175 01ee C8F7C531 		.ascii	"\310\367\30514\304\316\312CoT\316\020\367R\346\225\222"
 175      34C4CECA 
 175      436F54CE 
 175      10F752E6 
 175      9592
 176 0200 105510E2 		.ascii	"\020U\020\342\230\034\002\"z\215Q\3519\206\355\374`"
 176      981C0222 
 176      7A8D51E9 
 176      3986EDFC 
 176      60
 177 0211 863FAE40 		.ascii	"\206?\256@4H\366\215\035\375~H\025\352\031\341\204\007"
 177      3448F68D 
 177      1DFD7E48 
 177      15EA19E1 
 177      8407
 178 0223 044667AC 		.ascii	"\004Fg\254\361\333\003\233@yT\015|\216\313|\252(\037"
 178      F1DB039B 
 178      4079540D 
 178      7C8ECB7C 
 178      AA281F
ARM GAS  /tmp/ccK6bQX1.s 			page 13


 179 0236 8872B3B7 		.ascii	"\210r\263\267/;\000og\263\225\323\177\357\331D&{\250"
 179      2F3B006F 
 179      67B395D3 
 179      7FEFD944 
 179      267BA8
 180 0249 CBA404B1 		.ascii	"\313\244\004\261I\031\332\327\235\311\343\\\346\332"
 180      4919DAD7 
 180      9DC9E35C 
 180      E6DA
 181 0257 5294DA82 		.ascii	"R\224\332\202U@'\351\177N\250|,\253\323\037\357c\343"
 181      554027E9 
 181      7F4EA87C 
 181      2CABD31F 
 181      EF63E3
 182 026a 7FB43DEA 		.ascii	"\177\264=\352\364c\330S\301<<\364\340\270\017.d\317"
 182      F463D853 
 182      C13C3CF4 
 182      E0B80F2E 
 182      64CF
 183 027c B6649D3D 		.ascii	"\266d\235=\253\300%\314\330\2773#\305\007\2273\2438"
 183      ABC025CC 
 183      D8BF3323 
 183      C5079733 
 183      A338
 184 028e 33BD5C85 		.ascii	"3\275\\\205+\230\321\332s%\317\217\325\314$0/\214\275"
 184      2B98D1DA 
 184      7325CF8F 
 184      D5CC2430 
 184      2F8CBD
 185 02a1 71043244 		.ascii	"q\0042D\036L\373\241[\303\023q%s-\030\036\351!E3\203"
 185      1E4CFBA1 
 185      5BC31371 
 185      25732D18 
 185      1EE92145 
 186 02b7 140D7629 		.ascii	"\024\015v)\231\031\254d\3164^.T\343Z\352\314\037p$n"
 186      9919AC64 
 186      CE345E2E 
 186      54E35AEA 
 186      CC1F7024 
 187 02cc 4292D690 		.ascii	"B\222\326\220\237\352 $w\036\362\270@\222k\204\344f"
 187      9FEA2024 
 187      771EF2B8 
 187      40926B84 
 187      E466
 188 02de 88C95D82 		.ascii	"\210\311]\202\316z\247\326y/\377\230$\010\0105\200\324"
 188      CE7AA7D6 
 188      792FFF98 
 188      24080835 
 188      80D4
 189 02f0 9765A967 		.ascii	"\227e\251g\210J\237\316\270\363X\205/\260\030\305=W"
 189      884A9FCE 
 189      B8F35885 
 189      2FB018C5 
 189      3D57
 190 0302 4A03BDC6 		.ascii	"J\003\275\306\270\3525\306\275\224\031\264\274\232 "
 190      B8EA35C6 
 190      BD9419B4 
ARM GAS  /tmp/ccK6bQX1.s 			page 14


 190      BC9A20
 191 0311 C6153946 		.ascii	"\306\0259F\2034\235\211C\371'\225\370*\015\2428\234"
 191      83349D89 
 191      43F92795 
 191      F82A0DA2 
 191      389C
 192 0323 D5BEC717 		.ascii	"\325\276\307\027\205L\016\011\315'a:\307\322\242\267"
 192      854C0E09 
 192      CD27613A 
 192      C7D2A2B7 
 193 0333 A5240B2D 		.ascii	"\245$\013-\177\243\303\233a\37054Y\216\252\011\006\244"
 193      7FA3C39B 
 193      61F83534 
 193      598EAA09 
 193      06A4
 194 0345 30387119 		.ascii	"08q\031t\301: \2318yZ9\352\015\001\321u\240\327\202"
 194      74C13A20 
 194      9938795A 
 194      39EA0D01 
 194      D175A0D7 
 195 035a 42502B0A 		.ascii	"BP+\012\241\313\231\242;*\266\252%\350\213\036\241\317"
 195      A1CB99A2 
 195      3B2AB6AA 
 195      25E88B1E 
 195      A1CF
 196 036c 13109687 		.ascii	"\023\020\226\207cO3/\010J\342\304\2119\260}A\221\237"
 196      634F332F 
 196      084AE2C4 
 196      8939B07D 
 196      41919F
 197 037f 7FF19812 		.ascii	"\177\361\230\022M\011\011\011\315\244$\210\242VW\022"
 197      4D090909 
 197      CDA42488 
 197      A2565712 
 198 038f 37D0144A 		.ascii	"7\320\024J\342\026\220h\003\0227e\022\200[\325\214\023"
 198      E2169068 
 198      03123765 
 198      12805BD5 
 198      8C13
 199 03a1 0447220B 		.ascii	"\004G\"\013\177\016h\020wga\312\0312\312y\315\301;\005"
 199      7F0E6810 
 199      776761CA 
 199      1932CA79 
 199      CDC13B05 
 200 03b5 870DD3D5 		.ascii	"\207\015\323\325z\326\2737\343\234\2635\200p\006\237"
 200      7AD6BB37 
 200      E39CB335 
 200      8070069F 
 201 03c5 F19CD1AB 		.ascii	"\361\234\321\253\276\234\266\300)\3007\301;_n\034Y\227"
 201      BE9CB6C0 
 201      29C037C1 
 201      3B5F6E1C 
 201      5997
 202 03d7 EA0D62D5 		.ascii	"\352\015b\325k;w\263J\215[Y\271>j<\222\250\304m\314"
 202      6B3B77B3 
 202      4A8D5B59 
 202      B93E6A3C 
ARM GAS  /tmp/ccK6bQX1.s 			page 15


 202      92A8C46D 
 203 03ec D8DD54D6 		.ascii	"\330\335T\326\350\203;\230QWR\326\312\343Nf\224\326"
 203      E8833B98 
 203      515752D6 
 203      CAE34E66 
 203      94D6
 204 03fe F4A421FC 		.ascii	"\364\244!\374\224\031\275)G\254\370\025\273\267\345"
 204      9419BD29 
 204      47ACF815 
 204      BBB7E5
 205 040d A537F30C 		.ascii	"\2457\363\014\37330\2637\347v*\330B\351$K\243\242\355"
 205      FB3330B3 
 205      37E7762A 
 205      D842E924 
 205      4BA3A2ED 
 206 0421 609D12BF 		.ascii	"`\235\022\277\246\276\3769\331Go@\221\220c29\205\206"
 206      A6BEFE39 
 206      D9476F40 
 206      91906332 
 206      398586
 207 0434 84E40BB6 		.ascii	"\204\344\013\266$\301\261C\022\347\024\210s\007\304"
 207      24C1B143 
 207      12E71488 
 207      7307C4
 208 0443 790A923A 		.ascii	"y\012\222:\305iG.Z\332@\363\352f\236\271\337\206\204"
 208      C569472E 
 208      5ADA40F3 
 208      EA669EB9 
 208      DF8684
 209 0456 BF77773F 		.ascii	"\277ww?3\316\035\320\307\256\272\240?pw\327\270y\237"
 209      33CE1DD0 
 209      C7AEBAA0 
 209      3F7077D7 
 209      B8799F
 210 0469 6E560BE9 		.ascii	"nV\013\351\006\352\373\203\273o\255;\364\011\331\331"
 210      06EAFB83 
 210      BB6FAD3B 
 210      F409D9D9 
 211 0479 E1994709 		.ascii	"\341\231G\011\222\253\\`\023\366\020<:\351\303\247b"
 211      92AB5C60 
 211      13F6103C 
 211      3AE9C3A7 
 211      62
 212 048a 95BF8402 		.ascii	"\225\277\204\002{\004s\366#\264\027\320\236C\353\202"
 212      7B0473F6 
 212      23B417D0 
 212      9E43EB82 
 213 049a F60C5A37 		.ascii	"\366\014Z7\264'\320\376\015\355\025\264\307\316\"$\004"
 213      B427D0FE 
 213      0DED15B4 
 213      C7CE2224 
 213      04
 214 04ab EC32810E 		.ascii	"\3542\201\016\317\2721\002\314;K\366\276\353\356]\372"
 214      CFBA3102 
 214      CC3B4BF6 
 214      BEEBEE5D 
 214      FA
ARM GAS  /tmp/ccK6bQX1.s 			page 16


 215 04bc 8177ADEC 		.ascii	"\201w\255\354}\332\335\273\316]\211L\331\371\236gh\227"
 215      7DDADDBB 
 215      CE5D894C 
 215      D9F99E67 
 215      6897
 216 04ce F21EB9AA 		.ascii	"\362\036\271\252&\345\375t\374\222d@\031\256\265p\337"
 216      26E5FD74 
 216      FC926440 
 216      19AEB570 
 216      DF
 217 04df E36CB992 		.ascii	"\343l\271\222<)\307=\351\231$\363\206Zt4\015U\372\340"
 217      3C29C73D 
 217      E99924F3 
 217      865A7434 
 217      0D55FAE0 
 218 04f3 B76C57EC 		.ascii	"\267lW\354\272<\334\203Q\350dF\350Z3\"\204\372`t\217"
 218      BA3CDC83 
 218      51E86446 
 218      E85A3322 
 218      84FA6074 
 219 0508 BCD5117E 		.ascii	"\274\325\021~^\346\016\365\302\224\375?\323\007|\232"
 219      5EE60EF5 
 219      C294FD3F 
 219      D3077C9A 
 220 0518 2EDEFE5E 		.ascii	".\336\376^\251\376N~\315\322\370\362r\356Gj\221\011"
 220      A9FE4E7E 
 220      CDD2F8F2 
 220      72EE476A 
 220      9109
 221 052a 38576FB6 		.ascii	"8Wo\266?\361\307\311\230\222\317\274;\272\023\310\253"
 221      3FF1C7C9 
 221      9892CFBC 
 221      3BBA13C8 
 221      AB
 222 053b 19F9EBD9 		.ascii	"\031\371\353\331\301\204\374 \270\017\310\344a4\\\274"
 222      C184FC20 
 222      B80FC8E4 
 222      61345CBC 
 223 054b A1A3D7C0 		.ascii	"\241\243\327\300y\\\200\221\247Y\355\210-d5\331\335"
 223      795C8091 
 223      A759ED88 
 223      2D6435D9 
 223      DD
 224 055c EBDA3302 		.ascii	"\353\3323\002\305\205L\036\017l\353x\020\2003\360\270"
 224      C5854C1E 
 224      0F6CEB78 
 224      108033F0 
 224      B8
 225 056d 0F23ED87 		.ascii	"\017#\355\207\037FZ\366\226{\321\322|\035a;\243k\177"
 225      1F465AF6 
 225      967BD1D2 
 225      7C1D613B 
 225      A36B7F
 226 0580 786848E1 		.ascii	"xhH\341\365\213\342=0\321\212o\240\021\350\034v\276"
 226      F58BE23D 
 226      30D18A6F 
 226      A011E81C 
ARM GAS  /tmp/ccK6bQX1.s 			page 17


 226      76BE
 227 0592 817272E6 		.ascii	"\201rr\346\237!o\240Q\230\334wrfZ\366\002\362\351\270"
 227      9F216FA0 
 227      5198DC77 
 227      72665AF6 
 227      02F2E9B8 
 228 05a6 9597E687 		.ascii	"\225\227\346\207B\344\227\316\333\335+3\213\222I9\220"
 228      42E497CE 
 228      DBDD2B33 
 228      8B924939 
 228      90
 229 05b7 116F6144 		.ascii	"\021oaD\002\357\271\014\331\236\374\256\236\326\016"
 229      02EFB90C 
 229      D99EFCAE 
 229      9ED60E
 230 05c6 11AEC6DD 		.ascii	"\021\256\306\335\331\375\015%\316\377\020<\177Cq\210"
 230      D9FD0D25 
 230      CEFF103C 
 230      7F437188 
 231 05d6 3799FC24 		.ascii	"7\231\374$>\024\011|\010J\20466\356-eo\240\360\344s"
 231      3E14097C 
 231      084A8436 
 231      36EE2D65 
 231      6FA0F0E4 
 232 05eb E8B047F8 		.ascii	"\350\260G\370\022\227\267\324\353z\272$\300\311m\307"
 232      1297B7D4 
 232      EB7ABA24 
 232      C0C96DC7 
 233 05fb 7F5BDC3F 		.ascii	"\177[\334?\200\361\036\005U2\377\365\355|\344\254\332"
 233      80F11E05 
 233      5532FFF5 
 233      ED7CE4AC 
 233      DA
 234 060c 630DB46A 		.ascii	"c\015\264j\223\001\330\306;\345!\020^X\243M@\366\247"
 234      9301D8C6 
 234      3BE52110 
 234      5E58A34D 
 234      40F6A7
 235 061f 8843BCC2 		.ascii	"\210C\274\302\256+w\325\343\2522\231w\255\312\024^-"
 235      AE2B77D5 
 235      E3AA3299 
 235      77ADCA14 
 235      5E2D
 236 0631 31B31DEC 		.ascii	"1\263\035\354\344\025<\353C\353\024\244\257\355\314"
 236      E4153CEB 
 236      43EB14A4 
 236      AFEDCC
 237 0640 D5577E53 		.ascii	"\325W~S\263\305\367\3514\005\315^\036\274\231\237\012"
 237      B3C5F7E9 
 237      3405CD5E 
 237      1EBC999F 
 237      0A
 238 0651 E7545EC1 		.ascii	"\347T^\301\020r\333\006\223\375>\335+\354-\207\311\356"
 238      1072DB06 
 238      93FD3EDD 
 238      2BEC2D87 
 238      C9EE
ARM GAS  /tmp/ccK6bQX1.s 			page 18


 239 0663 5A6E3FD9 		.ascii	"Zn?\331-\010A\012\342\205\016\312\363\015\267\344R\004"
 239      2D08410A 
 239      E2850ECA 
 239      F30DB7E4 
 239      5204
 240 0675 6F060E7D 		.ascii	"o\006\016}\307\177\012\003\213\354I\215~\270\233\212"
 240      C77F0A03 
 240      8BEC498D 
 240      7EB89B8A 
 241 0685 820E57A6 		.ascii	"\202\016W\246\016\371S\036$\030\343QS7R\252rr\373'O"
 241      0EF9531E 
 241      2418E351 
 241      533752AA 
 241      7272FB27 
 242 069a 3BBB52AB 		.ascii	";\273R\253&\270r\373\352#\027j\377\242\324\266H\324"
 242      26B872FB 
 242      EA23176A 
 242      FFA2D4B6 
 242      48D4
 243 06ac 862F1555 		.ascii	"\206/\025U\3722j\216\327\311\230lI\002\371\270\0057"
 243      FA326A8E 
 243      D7C9986C 
 243      4902F9B8 
 243      0537
 244 06be 94268B0D 		.ascii	"\224&\213\015\2672\267\255\224\333\350\375\256>\036"
 244      B732B7AD 
 244      94DBE8FD 
 244      AE3E1E
 245 06cd F7306E87 		.ascii	"\3670n\207\232\212\337)\360{6{\211\303iUJ\257\353`\033"
 245      9A8ADF29 
 245      F07B367B 
 245      89C36955 
 245      4AAFEB60 
 246 06e2 EFF5CB3A 		.ascii	"\357\365\313:mi\001\375\262\316\344U(\203\377\360\313"
 246      6D6901FD 
 246      B2CEE455 
 246      2883FFF0 
 246      CB
 247 06f3 FACDC394 		.ascii	"\372\315\303\224\313\230fK<\230\002\275]C\217}\235\012"
 247      CB98664B 
 247      3C9802BD 
 247      5D438F7D 
 247      9D0A
 248 0705 643105EE 		.ascii	"d1\005\356Tt\267\007x\225 \233J\260]\222\240\244\354"
 248      5474B707 
 248      7895209B 
 248      4AB05D92 
 248      A0A4EC
 249 0718 C1A05A9E 		.ascii	"\301\240Z\236\235\335\245\260\264\022\004\341K\352\210"
 249      9DDDA5B0 
 249      B41204E1 
 249      4BEA88
 250 0727 D2651EE9 		.ascii	"\322e\036\351\256\"\354\240\"\274,H\332\026\210S|\220"
 250      AE22ECA0 
 250      22BC2C48 
 250      DA168853 
 250      7C90
ARM GAS  /tmp/ccK6bQX1.s 			page 19


 251 0739 377A23B9 		.ascii	"7z#\271\003O\344I\333\311\350\335J\2615\261\212\"kr"
 251      034FE449 
 251      DBC9E8DD 
 251      4AB135B1 
 251      8A226B72 
 252 074d 17EB7CD9 		.ascii	"\027\353|\331\261\365\271\332+\347\\\3129G\342\274\353"
 252      B1F5B9DA 
 252      2BE75CCA 
 252      3947E2BC 
 252      EB
 253 075e CD8D1A52 		.ascii	"\315\215\032RQ\235T\266\365\366\362n!5\210z!\273L\330"
 253      519D54B6 
 253      F5F6F26E 
 253      2135887A 
 253      21BB4CD8 
 254 0772 4E09C34D 		.ascii	"N\011\303M\036%\333r\276\261\014\341<F\366V\273\255"
 254      1E25DB72 
 254      BEB10CE1 
 254      3C46F656 
 254      BBAD
 255 0784 46DC07FD 		.ascii	"F\334\007\375\310\276\373p\373\231\211l\037\274M\036"
 255      C8BEFB70 
 255      FB99896C 
 255      1FBC4D1E 
 256 0794 EF6BEACF 		.ascii	"\357k\352\317V\341\022\346;\332\3232\252f\276*0;J\306"
 256      56E112E6 
 256      3BDAD332 
 256      AA66BE2A 
 256      303B4AC6 
 257 07a8 8EFB921F 		.ascii	"\216\373\222\037*\202\264t\202\\\213\177?\017\323\005"
 257      2A82B474 
 257      825C8B7F 
 257      3F0FD305 
 258 07b8 2B1FE5F3 		.ascii	"+\037\345\363\364G\312\315\241S\303j\\I\241\024\307"
 258      F447CACD 
 258      A153C36A 
 258      5C49A114 
 258      C7
 259 07c9 121FEC0B 		.ascii	"\022\037\354\013@\241\301"
 259      40A1C1
 260 07d0 08DC11FB 		.ascii	"\010\334\021\373\201G~\306B\365\203d\007D\276p\354\022"
 260      81477EC6 
 260      42F58364 
 260      0744BE70 
 260      EC12
 261 07e2 00BFE75B 		.ascii	"\000\277\347[\322\015\367Jz\245\365\324\223/\370N\345"
 261      D20DF74A 
 261      7AA5F5D4 
 261      932FF84E 
 261      E5
 262 07f3 D0DC60F4 		.ascii	"\320\334`\3649\024S\001\024\323A\032\257\210\017F\205"
 262      39145301 
 262      14D3411A 
 262      AF880F46 
 262      85
 263 0804 2C60DB8B 		.ascii	",`\333\213\035)((]\304\376\022Q\354\275\360|\017O\370"
 263      1D292828 
ARM GAS  /tmp/ccK6bQX1.s 			page 20


 263      5DC4FE12 
 263      51ECBDF0 
 263      7C0F4FF8 
 264 0818 15F34112 		.ascii	"\025\363A\022K\342\335Q\177\305F\263!\330\351\377\015"
 264      4BE2DD51 
 264      7FC546B3 
 264      21D8E9FF 
 264      0D
 265 0829 FB4D7141 		.ascii	"\373MqAo\200+\366\241\237\302\026ZK\317M\234\276_h\331"
 265      6F802BF6 
 265      A19FC216 
 265      5A4BCF4D 
 265      9CBE5F68 
 266 083e 4B4AEB2F 		.ascii	"KJ\353/\366B!\265\034\222)\341\203\320>\230&X\344.c"
 266      F64221B5 
 266      1C9229E1 
 266      83D03E98 
 266      2658E42E 
 267 0853 7743CF1A 		.ascii	"wC\317\032P\242\224\237\016C\267=\257\031\360\3075l"
 267      50A2949F 
 267      0E43B73D 
 267      AF19F0C7 
 267      356C
 268 0865 0292EEBC 		.ascii	"\002\222\356\274?\033\350]\3612I\361=\214d\222\2202"
 268      3F1BE85D 
 268      F13249F1 
 268      3D8C6492 
 268      9032
 269 0877 FA8100F2 		.ascii	"\372\201\000\362\226~\204\222,\223H\236\330Rz\312\327"
 269      967E8492 
 269      2C93489E 
 269      D8527ACA 
 269      D7
 270 0888 3D25AFDE 		.ascii	"=%\257\336\216\242\264W*\226\222ch)M\247\\L\007\366"
 270      8EA2B457 
 270      2A969263 
 270      68294DA7 
 270      5C4C07F6 
 271 089c 05977187 		.ascii	"\005\227q\207\305t\216\322t6m\271_\257\030\267\335\222"
 271      C5748ED2 
 271      74366DB9 
 271      5FAF18B7 
 271      DD92
 272 08ae 5A9553A8 		.ascii	"Z\225S\250`\333-\271\202\367\311\216\332\276@\\/V\337"
 272      60DB2DB9 
 272      82F7C98E 
 272      DABE405C 
 272      2F56DF
 273 08c1 DD84F7E2 		.ascii	"\335\204\367\342\247w\000\371\317\305\263\366\375b\245"
 273      A77700F9 
 273      CFC5B3F6 
 273      FD62A5
 274 08d0 F6D05FB3 		.ascii	"\366\320_\263\317k\316\211\377\330\360\007ss\343\225"
 274      CF6BCE89 
 274      FFD8F007 
 274      7373E395 
 275 08e0 11A577A9 		.ascii	"\021\245w\251\252%\251\2163\251\236\344lnP\270KU\005"
ARM GAS  /tmp/ccK6bQX1.s 			page 21


 275      AA25A98E 
 275      33A99EE4 
 275      6C6E50B8 
 275      4B5505
 276 08f3 735249E7 		.ascii	"sRI\347\344\004M\276ZJ\336v\255\275\030\273K\345\325"
 276      E4044DBE 
 276      5A4ADE76 
 276      ADBD18BB 
 276      4BE5D5
 277 0906 BBB976D3 		.ascii	"\273\271v\323yI\252\266eT\252\032Q*\330=\\\306\035\023"
 277      7949AAB6 
 277      6554AA1A 
 277      512AD83D 
 277      5CC61D13 
 278 091a A5AAE5A7 		.ascii	"\245\252\345\247s\252XC\264\316h\210\\\030oQ.\373\363"
 278      73AA5843 
 278      B4CE6888 
 278      5C186F51 
 278      2EFBF3
 279 092d DA698BC2 		.ascii	"\332i\213\302\3028E\214\301\362w\225^\037o\332h\235"
 279      C238458C 
 279      C1F27795 
 279      5E1F6FDA 
 279      689D
 280 093f 3B476F5D 		.ascii	";Go]\2521\307Z5\033\"\"f\031\342bfm4o4\3162\032\326"
 280      AA31C75A 
 280      351B2222 
 280      6619E262 
 280      666D346F 
 281 0958 9934E32D 		.ascii	"\2314\343-\323\306\210\350\370H\243&\306\020\021e\332"
 281      D3C688E8 
 281      F848A326 
 281      C6101165 
 281      DA
 282 0969 68D4E823 		.ascii	"h\324\350#\215\353\015\361\321V\275\365\233X\243ev\024"
 282      8DEB0DF1 
 282      D156BDF5 
 282      9B58A365 
 282      7614
 283 097b A794F07E 		.ascii	"\247\224\360~\367\263\360,\337X4z\2135\022\006\003\210"
 283      F7B3F02C 
 283      DF58347A 
 283      8B351206 
 283      0388
 284 098d DA648E35 		.ascii	"\332d\2165\307Y\011C\275u\255&\312\034c\324D\031#\254"
 284      C7590943 
 284      BD75AD26 
 284      CA1C63D4 
 284      441923AC 
 285 09a1 E6384D78 		.ascii	"\3468Mx\234yC\234!\306\2421FD\233b-F\315\242(\323:\223"
 285      9C79439C 
 285      21C6A231 
 285      46449B62 
 285      2D46CDA2 
 286 09b9 76B53E6C 		.ascii	"v\265>l\376\354\260\331\0134f\213&\312\020\255!\303"
 286      FEECB0D9 
 286      0B34668B 
ARM GAS  /tmp/ccK6bQX1.s 			page 22


 286      26CA10AD 
 286      21C3
 287 09cb 2D9AD56B 		.ascii	"-\232\325kV\315\235\243Y\271r\261fY\370\012\355?\346"
 287      56CD9DA3 
 287      59B972B1 
 287      6659F80A 
 287      ED3FE6
 288 09de 6840077D 		.ascii	"h@\007}tt$\204\360%\036\246H\305\037\226\352\226\223"
 288      74742484 
 288      F0251EA6 
 288      48C51F96 
 288      EA9693
 289 09f1 D34AC5CA 		.ascii	"\323J\305\312E\177\322)\026\256\326\351\320\327h\271"
 289      457FD229 
 289      16AED6E9 
 289      D0D768B9 
 290 0a01 4F44B4D1 		.ascii	"OD\264\321\020'\312\0236_oUJ7\330b\264b\355b\035^\261"
 290      1027CA13 
 290      365F6F55 
 290      4A37D862 
 290      B462ED62 
 291 0a18 58E713BE 		.ascii	"X\347\023\2766|\261n\202vu\370\222%\213u\276\3325\177"
 291      367CB16E 
 291      827675F8 
 291      92258B75 
 291      BEDA357F 
 292 0a2c 0D5FA2F3 		.ascii	"\015_\242\363Y\245]\274D\207\027\352tj\2135\006\244"
 292      59A55DBC 
 292      448717EA 
 292      746A8B35 
 292      06A4
 293 0a3e D8106B32 		.ascii	"\330\020k2\353\255*\226\223)Ro\3655\257_\017(j\002\251"
 293      EBAD2A96 
 293      9329526F 
 293      F535AF5F 
 293      0F286A02 
 294 0a53 5F6FB058 		.ascii	"_o\260X\177\243\267\316\377yrIJ-\374%\342H(\240\006"
 294      7FA3B7CE 
 294      FF797249 
 294      4A2DFC25 
 294      E24828A0 
 295 0a68 40F8ACD0 		.ascii	"@\370\254\320B]\374\376\227\000Y\342\"(H\004\347\007"
 295      425DFCFE 
 295      970059E2 
 295      22284804 
 295      E707
 296 0a7a 97AFE34C 		.ascii	"\227\257\343LV#@\371\303\375j\243\025\356V\231#\215"
 296      562340F9 
 296      C3FD6AA3 
 296      15EE5699 
 296      238D
 297 0a8c 4A933906 		.ascii	"J\2239\006.z\353\257\364\242\372z\310}C\2349>\226\364"
 297      2E7AEBAF 
 297      F4A2FA7A 
 297      C87D439C 
 297      393E96F4 
 298 0aa0 FBEBF5EB 		.ascii	"\373\353\365\353\3437F\350\365\263\027\314\377b\236"
ARM GAS  /tmp/ccK6bQX1.s 			page 23


 298      E33746E8 
 298      F5B317CC 
 298      FF629E
 299 0aaf 52B21411 		.ascii	"R\262\024\021Q\206\270q\317\276p\261\026|>\357?\344"
 299      5186B871 
 299      CFBE70B1 
 299      167C3EEF 
 299      3FE4
 300 0ac1 3A6E84   		.ascii	":n\204"
 301              		.text
 302              		.section	.gnu.lto_.symtab.8490611b70a853e5,"",%progbits
 303 0000 70616C52 		.ascii	"palReadBus\000"
 303      65616442 
 303      757300
 304 000b 00       		.ascii	"\000"
 305 000c 00       		.ascii	"\000"
 306 000d 00       		.ascii	"\000"
 307 000e 00000000 		.ascii	"\000\000\000\000\000\000\000\000"
 307      00000000 
 308 0016 0A010000 		.ascii	"\012\001\000\000"
 309 001a 70616C57 		.ascii	"palWriteBus\000"
 309      72697465 
 309      42757300 
 310 0026 00       		.ascii	"\000"
 311 0027 00       		.ascii	"\000"
 312 0028 00       		.ascii	"\000"
 313 0029 00000000 		.ascii	"\000\000\000\000\000\000\000\000"
 313      00000000 
 314 0031 0F010000 		.ascii	"\017\001\000\000"
 315 0035 70616C53 		.ascii	"palSetBusMode\000"
 315      65744275 
 315      734D6F64 
 315      6500
 316 0043 00       		.ascii	"\000"
 317 0044 00       		.ascii	"\000"
 318 0045 00       		.ascii	"\000"
 319 0046 00000000 		.ascii	"\000\000\000\000\000\000\000\000"
 319      00000000 
 320 004e 17010000 		.ascii	"\027\001\000\000"
 321 0052 5F70616C 		.ascii	"_pal_lld_setgroupmode\000"
 321      5F6C6C64 
 321      5F736574 
 321      67726F75 
 321      706D6F64 
 322 0068 00       		.ascii	"\000"
 323 0069 02       		.ascii	"\002"
 324 006a 00       		.ascii	"\000"
 325 006b 00000000 		.ascii	"\000\000\000\000\000\000\000\000"
 325      00000000 
 326 0073 1D010000 		.ascii	"\035\001\000\000"
 327              		.text
 328              		.section	.gnu.lto_.opts,"",%progbits
 329 0000 272D666D 		.ascii	"'-fmath-errno' '-fsigned-zeros' '-ftrapping-math' '"
 329      6174682D 
 329      6572726E 
 329      6F272027 
 329      2D667369 
ARM GAS  /tmp/ccK6bQX1.s 			page 24


 330 0033 2D666E6F 		.ascii	"-fno-trapv' '-fno-openmp' '-fno-openacc' '-mcpu=cor"
 330      2D747261 
 330      70762720 
 330      272D666E 
 330      6F2D6F70 
 331 0066 7465782D 		.ascii	"tex-m4' '-mfloat-abi=hard' '-mfpu=fpv4-sp-d16' '-mn"
 331      6D342720 
 331      272D6D66 
 331      6C6F6174 
 331      2D616269 
 332 0099 6F2D7468 		.ascii	"o-thumb-interwork' '-mthumb' '-ggdb' '-O2' '-fomit-"
 332      756D622D 
 332      696E7465 
 332      72776F72 
 332      6B272027 
 333 00cc 6672616D 		.ascii	"frame-pointer' '-falign-functions=16' '-ffunction-s"
 333      652D706F 
 333      696E7465 
 333      72272027 
 333      2D66616C 
 334 00ff 65637469 		.ascii	"ections' '-fdata-sections' '-fno-common' '-flto' '-"
 334      6F6E7327 
 334      20272D66 
 334      64617461 
 334      2D736563 
 335 0132 6673696E 		.ascii	"fsingle-precision-constant'\000"
 335      676C652D 
 335      70726563 
 335      6973696F 
 335      6E2D636F 
 336              		.text
 337              		.comm	__gnu_lto_v1,1,1
 338              		.comm	__gnu_lto_slim,1,1
 339              		.ident	"GCC: (GNU Tools for ARM Embedded Processors) 5.4.1 20160919 (release) [ARM/embedded-5-bran
ARM GAS  /tmp/ccK6bQX1.s 			page 25


DEFINED SYMBOLS
                            *ABS*:00000000 pal.c
                            *COM*:00000001 __gnu_lto_v1
                            *COM*:00000001 __gnu_lto_slim

NO UNDEFINED SYMBOLS
