ARM GAS  /tmp/ccCUCt1o.s 			page 1


   1              		.syntax unified
   2              		.cpu cortex-m4
   3              		.eabi_attribute 27, 1
   4              		.eabi_attribute 28, 1
   5              		.fpu fpv4-sp-d16
   6              		.eabi_attribute 20, 1
   7              		.eabi_attribute 21, 1
   8              		.eabi_attribute 23, 3
   9              		.eabi_attribute 24, 1
  10              		.eabi_attribute 25, 1
  11              		.eabi_attribute 26, 1
  12              		.eabi_attribute 30, 2
  13              		.eabi_attribute 34, 1
  14              		.eabi_attribute 18, 4
  15              		.thumb
  16              		.syntax unified
  17              		.file	"pal_lld.c"
  18              		.text
  19              	.Ltext0:
  20              		.section	.gnu.lto_.profile.b50830fc31156808,"",%progbits
  21 0000 789C6361 		.ascii	"x\234ca`d`c`\000\222\313\030\2270\002\000\004x\001Y"
  21      60646063 
  21      600092CB 
  21      18973002 
  21      00047801 
  22              		.text
  23              		.section	.gnu.lto_.icf.b50830fc31156808,"",%progbits
  24 0000 789C6361 		.ascii	"x\234ca`d\000\001>\006\004`b\330\362g\312&v\306\236"
  24      60640001 
  24      3E060460 
  24      62D8F267 
  24      CA2676C6 
  25 0015 9F47F7F2 		.ascii	"\237G\367\3621\000\000/k\006)"
  25      3100002F 
  25      6B0629
  26              		.text
  27              		.section	.gnu.lto_.jmpfuncs.b50830fc31156808,"",%progbits
  28 0000 789C6361 		.ascii	"x\234ca`d\000\001\001\006\004`b`dd\254gd\006\222\354"
  28      60640001 
  28      01060460 
  28      62606464 
  28      AC676406 
  29 0016 F5F5F50C 		.ascii	"\365\365\365\014\000\015&\002%"
  29      000D2602 
  29      25
  30              		.text
  31              		.section	.gnu.lto_.inline.b50830fc31156808,"",%progbits
  32 0000 789C45CE 		.ascii	"x\234E\316\273\015\002A\014\004\320\261w\245\275p\243"
  32      BB0D0241 
  32      0C04D0B1 
  32      77A5BD70 
  32      A3
  33 0011 13A153BA 		.ascii	"\023\241S\272\330R\250\200\016N\332\2002.\270\022HA"
  33      D852A880 
  33      0E4EDA80 
  33      322EB812 
  33      4841
ARM GAS  /tmp/ccCUCt1o.s 			page 2


  34 0023 422224E2 		.ascii	"B\"$\342\223\001\025P\006x\034\340\340\315D\2663\004"
  34      93011550 
  34      06781CE0 
  34      E0CD44B6 
  34      3304
  35 0035 3E07FC47 		.ascii	">\007\374G\2017^\220\002\023$\243\215nh\027\306\022"
  35      81375E90 
  35      021324A3 
  35      8D6E6817 
  35      C612
  36 0047 718E409D 		.ascii	"q\216@\235.\367\202\365s\257\012\371\224\034:\003\353"
  36      2EF782F5 
  36      73AF0AF9 
  36      941C3A03 
  36      EB
  37 0058 E054D6EA 		.ascii	"\340T\326\352\030\2539\215\2659]4\202\306\252\256\376"
  37      18AB398D 
  37      B5395D34 
  37      82C6AAAE 
  37      FE
  38 0069 95E08A93 		.ascii	"\225\340\212\223\212\350\357\032\322vw3\254\346GR\214"
  38      8AE8EF1A 
  38      D2767733 
  38      ACE64752 
  38      8C
  39 007a F351331F 		.ascii	"\363Q3\037\377\002A\323 \273"
  39      FF0241D3 
  39      20BB
  40              		.text
  41              		.section	.gnu.lto_.pureconst.b50830fc31156808,"",%progbits
  42 0000 789C6361 		.ascii	"x\234ca`d`e```b\220b\224\002\000\000\355\000B"
  42      60646065 
  42      60606062 
  42      90629402 
  42      0000ED00 
  43              		.text
  44              		.section	.gnu.lto__pal_lld_init.b50830fc31156808,"",%progbits
  45 0000 789CA599 		.ascii	"x\234\245\231YPTW\032\307\3579\227\245\241\331\3347"
  45      59505457 
  45      1AC7EF39 
  45      97A5A1D9 
  45      DC37
  46 0012 545C10C1 		.ascii	"T\\\020\301\2455\3632\225\252\251\232\207\251J\315\224"
  46      A535F332 
  46      95AAA99A 
  46      87A94ACD 
  46      94
  47 0023 B3CF535E 		.ascii	"\263\317S^R\321\311Dj\234\301\232L\315\253\227\245\021"
  47      52D1C944 
  47      6A9CC19A 
  47      4CCDAB97 
  47      A511
  48 0035 9728CAA2 		.ascii	"\227(\312\242h\242\030\\\020\205\026p\305\255!\010\356"
  48      68A2185C 
  48      10851670 
  48      C5AD2108 
  48      EE
ARM GAS  /tmp/ccCUCt1o.s 			page 3


  49 0046 8828242A 		.ascii	"\210($*\012(Kc\242 \022@\002=\347\373\3569}\273\033"
  49      0A284B63 
  49      A2201240 
  49      023DE7FB 
  49      EE397DBB 
  50 005b 90BE5C4A 		.ascii	"\220\276\\J?\270\336\333\377\363\273\347\376\373\207"
  50      3FB8DEDB 
  50      FFF3BBE7 
  50      FEFB87
  51 006a 057E1291 		.ascii	"\005~\022\221\340#3Z\222\326\260\317s\330_\"K\204\246"
  51      E023335A 
  51      92D6B0CF 
  51      73D85F22 
  51      4B84A6
  52 007d DF95A444 		.ascii	"\337\225\244D\023%\004\276PLD\332D\311&\322K\207(\251"
  52      132504BE 
  52      504C44DA 
  52      44C926D2 
  52      4B8728A9 
  53 0091 D8DC7681 		.ascii	"\330\334v\201\306\036S\330G\223\365\325*%\337N\254\262"
  53      C61E53D8 
  53      4793F5D5 
  53      2A25DF4E 
  53      ACB2
  54 00a3 24392926 		.ascii	"$9)&I\344\030\211eW\325\246\234\372J~K\2552!~\354\260"
  54      49E41889 
  54      6557D5A6 
  54      9CFA4A7E 
  54      4BAD3221 
  55 00ba FBCEBEE7 		.ascii	"\373\316\276\347apHI\024;t\014\333\332\375\344_\023"
  55      61704849 
  55      143B740C 
  55      DBDAFDE4 
  55      5F13
  56 00cc 897D7DFC 		.ascii	"\211}}\374\351\376?\307\034Q\224$E\331\377\231\022d"
  56      E9FE3FC7 
  56      1C519424 
  56      45D9FF99 
  56      1264
  57 00de 95655240 		.ascii	"\225eR@d\026G\216\223H\222O\"%\366O\0229Ab\340\352\226"
  57      6416478E 
  57      9348924F 
  57      2225F64F 
  57      12394162 
  58 00f5 E2E1ACD0 		.ascii	"\342\341\254\320\200\024X=J]\223\234$\001p\027\266\277"
  58      8014583D 
  58      4A5D939C 
  58      24017017 
  58      B6BF
  59 0107 D815A733 		.ascii	"\330\025\2473YQ.\256\316\217\376\230\262W\371\3110\374"
  59      59512EAE 
  59      CE8FFE98 
  59      B257F9C9 
  59      30FC
  60 0119 09BC3610 		.ascii	"\011\2746\020\2764\301\010\202\021\014\303\014#\004"
  60      BE34C108 
  60      82110CC3 
ARM GAS  /tmp/ccCUCt1o.s 			page 4


  60      0C2304
  61 0128 46288C30 		.ascii	"F(\2140\030\3410\"`L\2021\031\306\024\030SaL\2031\035"
  61      18E13022 
  61      604C8231 
  61      19C61418 
  61      53614C83 
  62 013e C60C1833 		.ascii	"\306\014\0303a\314\2021\033\306\034\030\200\3537\027"
  62      61CC8231 
  62      1BC61C18 
  62      80EB3717 
  63 014e C63C18F3 		.ascii	"\306<\030\363aD\301X\000c!\214E0\026\303\210\206\261"
  63      6144C158 
  63      0063218C 
  63      453016C3 
  63      8886B1
  64 0161 04460C8C 		.ascii	"\004F\014\214\2450ba\304\301X\006c9\214\0250V\302\260"
  64      A5306261 
  64      C4C15806 
  64      63398C15 
  64      3056C2B0 
  65 0175 C0580543 		.ascii	"\300X\005C\222\272\330\355\303\363\351\246\024>\313"
  65      92BAD8ED 
  65      C3F3E9A6 
  65      143ECB
  66 0184 6DA4A2AC 		.ascii	"m\244\242\254\270}5lH\262\014\217*\333ZQ\023\010\273"
  66      B87D356C 
  66      48B20C8F 
  66      2ADB5A51 
  66      1308BB
  67 0197 EE8F3BFD 		.ascii	"\356\217;\375\330v\347\245I=Tr\323\024x.-\327\267\206"
  67      D876E7A5 
  67      493D5472 
  67      D314782E 
  67      2DD7B786 
  68 01ab 1E245FB3 		.ascii	"\036$_\263'\030@\212\330v\027\262\355\206K\313wt\034"
  68      2718408A 
  68      D87617B2 
  68      ED864BCB 
  68      77741C
  69 01be 0DB5142A 		.ascii	"\015\265\024*)\211J\204U\016$6r\220\014\343\023&\247"
  69      29894A84 
  69      550E2436 
  69      72900CE3 
  69      1326A7
  70 01d1 88456A23 		.ascii	"\210Ej#\311\375\001\352:\262\272\324cG\301i|\300~DQ"
  70      C9FD01EA 
  70      3AB2BAD4 
  70      6347C169 
  70      7CC07E44 
  71 01e6 FA6552CC 		.ascii	"\372eR\314\202\030O6\201\253t,T\242-TJ,,^j!I\366{\201"
  71      82184F36 
  71      81AB742C 
  71      54A22D54 
  71      4A2C2C5E 
  72 0200 3CA6E19B 		.ascii	"<\246\341\233+\031aq\371\360\370\355\265\177\310\311"
  72      2B196171 
  72      F9F0F8ED 
ARM GAS  /tmp/ccCUCt1o.s 			page 5


  72      B57FC8C9 
  73 0210 35596593 		.ascii	"5Ye\223\304\213w\232\304\271\337\263\214\367\334W}3"
  73      C48B779A 
  73      C4B9DFB3 
  73      8CF7DC57 
  73      7D33
  74 0222 2D842D9C 		.ascii	"-\204-\234\210\257\330\014\017&(\231m\300\031\276\376"
  74      88AFD80C 
  74      0F262899 
  74      6DC019BE 
  74      FE
  75 0233 81BDE77B 		.ascii	"\201\275\347{\302\330\372l\361`r\026\027\2072\2613g"
  75      C2D8FA6C 
  75      F1607216 
  75      178732B1 
  75      3367
  76 0245 2E557EB8 		.ascii	".U~\270iHIg/\014d\253\220s\304\002\020\0229O61(\312"
  76      69484967 
  76      2F0C64AB 
  76      9073C402 
  76      1012394F 
  77 025d 89B6B5E6 		.ascii	"\211\266\265\346'R\371#\\\354umy2\211\316\203.\333\273"
  77      2752F923 
  77      5CEC756D 
  77      793289CE 
  77      832EDBBB 
  78 0271 53E51CC5 		.ascii	"S\345\034\305\236\022e\225\315\344\202g\237\221\266"
  78      9E126595 
  78      CDE48267 
  78      9F91B6
  79 0280 8C44C3B6 		.ascii	"\214D\303\266$e\251\264f\002\200~\344\";\017w\\[-v."
  79      2465A9B4 
  79      6602807E 
  79      E4223B0F 
  79      775C5B2D 
  80 0296 6BD87A2C 		.ascii	"k\330z,xD\250\311\373M\202\241\227H4l\003\333\371\244"
  80      7844A8C9 
  80      FB4D82A1 
  80      9748346C 
  80      03DBF9A4 
  81 02aa B2EEAB1F 		.ascii	"\262\356\253\037z\276_\224\274\2352^\301\226\306w\215"
  81      7ABE5F94 
  81      BC9D325E 
  81      C196C677 
  81      8D
  82 02bb 9392116F 		.ascii	"\223\222\021o)r\231\335\242D\256\300\243\015t\337N\323"
  82      297299DD 
  82      A244AEC0 
  82      A30D74DF 
  82      4ED3
  83 02cd 88ED645B 		.ascii	"\210\355d[\026\002[y\325k+\331\216\331\235\016\366\244"
  83      16025B79 
  83      D56B2BD9 
  83      8ED99D0E 
  83      F6A4
  84 02df 43891D37 		.ascii	"C\211\0357\224\252\251\244\034\233S\221}h\032\344\273"
  84      94AAA9A4 
ARM GAS  /tmp/ccCUCt1o.s 			page 6


  84      1C9B5391 
  84      7D681AE4 
  84      BB
  85 02f0 879B31FC 		.ascii	"\207\2331\374YFG&\325\302\303`3H\005O?\331\234YC\325"
  85      59464726 
  85      D5C2C360 
  85      3348054F 
  85      3FD99C59 
  86 0306 A228ABA1 		.ascii	"\242(\253\241)\337b\266\314\263+\241,\201x\343\305\225"
  86      29DF62B6 
  86      CCB32BA1 
  86      2C8178E3 
  86      C595
  87 0318 8702D51B 		.ascii	"\207\002\325\033X\346#q\004\260^\303<?\236W\345\315"
  87      58E62371 
  87      04B05EC3 
  87      3C3F9E57 
  87      E5CD
  88 032a AA0FAE1A 		.ascii	"\252\017\256\032\303\374y\330u\200[\246>\025\027\334"
  88      C3FC79D8 
  88      75805BA6 
  88      3E1517DC 
  89 033a 723D7037 		.ascii	"r=p70/\200\347\3354\006w\013\303\002y\330m\200[\256"
  89      302F80E7 
  89      DD340677 
  89      0BC30279 
  89      D86D805B 
  90 034f EEDC3501 		.ascii	"\356\3345\001\267B\017\334\035\3143\361\274\273\306"
  90      B7420FDC 
  90      1DCC33F1 
  90      BCBBC6
  91 035e E06A302C 		.ascii	"\340j0,\210\207\335\003\270\025\352\316\271\340V\352"
  91      8887DD03 
  91      B815EACE 
  91      B9E056EA 
  92 036e 81ABC5BC 		.ascii	"\201\253\305\274`\236w\337\030\\\035\206\231y\330\003"
  92      609E77DF 
  92      185C1D86 
  92      9979D803 
  93 037e 805BA9EE 		.ascii	"\200[\251\356\\\225\200\263\350\201{\210y!<\257\336"
  93      5C9580B3 
  93      E8817B88 
  93      79213CAF 
  93      DE
  94 038f 185C0386 		.ascii	"\030\\\003\206\205\362\260\357\000\316\242\356\234\013"
  94      85F2B0EF 
  94      00CEA2EE 
  94      9C0B
  95 039d 6E951EB8 		.ascii	"n\225\036\270\3571/\214\347=2\006\367\030\303\302y\330"
  95      EF312F8C 
  95      E73D3206 
  95      F718C3C2 
  95      79D8
  96 03af 13805BE5 		.ascii	"\023\200[\345.:\224\222\320*XJ\302\263\365\276\210\277"
  96      2E3A9492 
  96      D02A584A 
  96      C2B3F5BE 
ARM GAS  /tmp/ccCUCt1o.s 			page 7


  96      88BF
  97 03c1 11C5EF61 		.ascii	"\021\305\357a\372\206qL\377\024q\"F7\3753a\372&\017"
  97      FA86714C 
  97      FF147122 
  97      4637FD33 
  97      61FA260F 
  98 03d5 D3EBB17B 		.ascii	"\323\353\261{3\332=\367\334\271v\023\267{\032\330\275"
  98      33DA3DF7 
  98      DCB97613 
  98      B77B1AD8 
  98      BD
  99 03e6 85DBBD61 		.ascii	"\205\333\275aBv\177\316\334\3358\246\335m\314\356pE"
  99      42767FCE 
  99      DCDD38A6 
  99      DD6DCCEE 
  99      7045
 100 03f8 F3FBECFE 		.ascii	"\363\373\354\376\002\355\336\012]0\261\223\25572RCT"
 100      02EDDE0A 
 100      5D30B193 
 100      AD373252 
 100      4354
 101 040a BB47B2C3 		.ascii	"\273G\262\303\256]\345=\304\253\032m|\373n\356<\234"
 101      AE5DE53D 
 101      C4AB1A6D 
 101      7CFB6EEE 
 101      3C9C
 102 041c 13E269F7 		.ascii	"\023\342i\367vawH%\035ZAZ\361\326\372\254\245%\376\356"
 102      76617748 
 102      251D5A41 
 102      5AF1D6FA 
 102      ACA525FE 
 103 0431 0569712B 		.ascii	"\005iq+\310\356\243\273l\036\005q\010\235cX'\024\304"
 103      C8EEA3BB 
 103      6C1E0571 
 103      089D6358 
 103      2714C4
 104 0444 A4E91C89 		.ascii	"\244\351\034\211\243}D\304\366\276\024:\307\274\037"
 104      A37D44C4 
 104      F6BE143A 
 104      C7BC1F
 105 0453 8CC1FD28 		.ascii	"\214\301\375(t\216a\257\000.Z\3239\302-\321\003\367"
 105      748E61AF 
 105      002E5AD3 
 105      39C22DD1 
 105      03F7
 106 0465 5AE81CF3 		.ascii	"Z\350\034\363\272\214\301u\013\235c\330\033\200[\242"
 106      BA8CC175 
 106      0B9D63D8 
 106      1B805BA2 
 107 0475 E91CE162 		.ascii	"\351\034\341b\364\300\365\010\235c\336[cp\275B\347\030"
 107      F4C0F508 
 107      9D63DE5B 
 107      6370BD42 
 107      E718
 108 0487 F613C0C5 		.ascii	"\366\023\300\305h:G\270\245z\340\372\204\3161\257\337"
 108      683A47B8 
 108      A57AE0FA 
ARM GAS  /tmp/ccCUCt1o.s 			page 8


 108      84CE31AF 
 108      DF
 109 0498 18DC80D0 		.ascii	"\030\334\200\3209\206\275\003\270\245\232\316\021.V"
 109      3986BD03 
 109      B8A59ACE 
 109      112E56
 110 04a7 0FDCA0D0 		.ascii	"\017\334\240\3209\346\375l\014nH\350\034\303\206\001"
 110      39E6FD6C 
 110      0C6E48E8 
 110      1CC38601 
 111 04b7 2E56D339 		.ascii	".V\3239\302\305\351\201s\012\235c\236B\015\301%R\256"
 111      C2C5E981 
 111      730A9D63 
 111      9E420DC1 
 111      2552AE
 112 04ca 730C4BA2 		.ascii	"s\014K\242\014.\316\335lh!\227\316\237\013\235?\361"
 112      0C2ECEDD 
 112      6C682197 
 112      CE9F0B9D 
 112      3FF1
 113 04dc 45E7C974 		.ascii	"E\347\311t\204\316\033\307\321y\012\342L\032]\347V\312"
 113      84CE1BC7 
 113      D1790AE2 
 113      4C1A5DE7 
 113      56CA
 114 04ee 759E4A27 		.ascii	"u\236J'\252\363\315\024\334s\245#\267>\234\353<\035"
 114      AAF3CD14 
 114      DC73A523 
 114      B73E9CEB 
 114      3C1D
 115 0500 749E4655 		.ascii	"t\236FU\2357NH\347[h4\334\353\030:\277\310t\016W\260"
 115      9D374E48 
 115      E75B6834 
 115      DCEB183A 
 115      BFC8740E 
 116 0516 A5C7D6F9 		.ascii	"\245\307\326\371V\012:\337FY\027\202@\347\367\317V\207"
 116      560A3ADF 
 116      46591782 
 116      40E7F7CF 
 116      5687
 117 0528 A93AFF25 		.ascii	"\251:\377%;LT\036\037\361\376N\277\235\252\333\267\345"
 117      3B4C541E 
 117      1FF1FE4E 
 117      BF9DAADB 
 117      B7E5
 118 053a FA815766 		.ascii	"\372\201WfO\235\177I\271\316!\225\354\320\012\302\362"
 118      4F9D7F49 
 118      B9CE2195 
 118      ECD00AC2 
 118      F2
 119 054b D92B3ADF 		.ascii	"\331+:\337>\253\367(\010\273{WAN\024\345\037\012p/\310"
 119      3EABF728 
 119      08BB7B57 
 119      414E14E5 
 119      1F0A702F 
 120 0560 4ECA758E 		.ascii	"N\312u\216a\351P\220 M\347H<\337GDl\357.\312u\216y\273"
 120      61E95090 
ARM GAS  /tmp/ccCUCt1o.s 			page 9


 120      204DE748 
 120      3CDF4744 
 120      6CEF2ECA 
 121 0578 8DC16550 		.ascii	"\215\301eP\256s\014\313\004\270\371\232\316\021.J\017"
 121      AE730CCB 
 121      04B8F99A 
 121      CE112E4A 
 121      0F
 122 0589 5C16E53A 		.ascii	"\\\026\345:\307\274lcp{(\3279\206\355\005\270(M\347"
 122      C7BC6C63 
 122      707B28D7 
 122      3986ED05 
 122      B8284DE7 
 123 059d 08B7400F 		.ascii	"\010\267@\017\\\016\345:\307\274}\306\340\366S\256s"
 123      5C0EE53A 
 123      C7BC7DC6 
 123      E0F653AE 
 123      73
 124 05ae 0CFB0AE0 		.ascii	"\014\373\012\340\026h:G\270\205z\340\276\246\\\347\230"
 124      16683A47 
 124      B8857AE0 
 124      BEA65CE7 
 124      98
 125 05bf 77C018DC 		.ascii	"w\300\030\334A\312u\216a\271\000\267P\3239\302-\322"
 125      41CA758E 
 125      61B900B7 
 125      50D339C2 
 125      2DD2
 126 05d1 03778872 		.ascii	"\003w\210r\235c\3367\306\340\362(\3279\206\035\006\270"
 126      9D63DE37 
 126      C6E0F228 
 126      D739861D 
 126      06B8
 127 05e3 459ACE11 		.ascii	"E\232\316\021n\261\036\270#\224\353\034\363\216\032"
 127      6EB11EB8 
 127      2394EB1C 
 127      F38E1A
 128 05f2 833B2674 		.ascii	"\203;&t\216a\371\000\267\330\335lh!\227\316\267P\256"
 128      8E61F900 
 128      B7D8DD6C 
 128      682197CE 
 128      B750AE
 129 0605 F337BEE8 		.ascii	"\3637\276\350\374\370H\235\367\214\243\363\002\304\231"
 129      FCF8489D 
 129      F78CA3F3 
 129      02C499
 130 0614 3CBACE4F 		.ascii	"<\272\316O\010\235\237\234\260\316\013Q\347MW\233\036"
 130      089D9F9C 
 130      B0CE0B51 
 130      E74D579B 
 130      1E
 131 0625 F9739DEF 		.ascii	"\371s\235\357\005\235\027q\235\367LH\3476&\353\343c"
 131      059D1771 
 131      9DF74C48 
 131      E73626EB 
 131      E363
 132 0637 EABC9DE9 		.ascii	"\352\274\235\351\034\256(|\237\316O\241\316\213\241"
ARM GAS  /tmp/ccCUCt1o.s 			page 10


 132      1CAE287C 
 132      9FCE4FA1 
 132      CE8BA1
 133 0646 0BC1ECE4 		.ascii	"\013\301\354\344\273\322\"\007\377\337\371\003\270\270"
 133      BBD22207 
 133      FFDFF903 
 133      B8B8
 134 0654 AEB7D4E1 		.ascii	"\256\267\324\341\357\325\215\022\336\215\316\327%U\301"
 134      EFD58D12 
 134      DE8DCED7 
 134      2555C1
 135 0663 9E3E2F15 		.ascii	"\236>/\025>\207XrZkH16\344\3266\353\375\000\367\206"
 135      3E875872 
 135      5A6B4831 
 135      36E4D636 
 135      EBFD00F7 
 136 0678 14B935A4 		.ascii	"\024\2715\244\362Q\352I\263{C\316\010\237c\330YhH\260"
 136      F251EA49 
 136      B37B43CE 
 136      089F63D8 
 136      596848B0 
 137 068c E673449E 		.ascii	"\346sD\236\345#\"\326\367\234\3609\346\2357\006wA\370"
 137      E52322D6 
 137      F79CF039 
 137      E69D3706 
 137      7741F8
 138 069f 1CC3CA00 		.ascii	"\034\303\312\000n\226\346s\204\233\255\007\356\242\360"
 138      6E96E673 
 138      849BAD07 
 138      EEA2F0
 139 06ae 39E65D32 		.ascii	"9\346]2\006wY\370\034\303\256\000\334l\315\347\0107"
 139      067759F8 
 139      1CC3AE00 
 139      DC6CCDE7 
 139      0837
 140 06c0 470FDC55 		.ascii	"G\017\334U\341s\314\263\033\203+\027>\307\260\012\200"
 140      E173CCB3 
 140      1B832B17 
 140      3EC7B00A 
 140      80
 141 06d1 9BA3F91C 		.ascii	"\233\243\371\034\341\"\365\300}+|\216y\225\306\340\256"
 141      E122F5C0 
 141      7D2B7C8E 
 141      7995C6E0 
 141      AE
 142 06e2 099F6358 		.ascii	"\011\237cX\025\300Ej>G\270\271z\340\252\205\3171\357"
 142      15C0456A 
 142      3E47B8B9 
 142      7AE0AA85 
 142      CF31EF
 143 06f5 BA31B81B 		.ascii	"\2721\270\033\302\347\030v\023\340\346j>G\270yz\340"
 143      C2E71876 
 143      13E0E66A 
 143      3E47B879 
 143      7AE0
 144 0707 6E099F63 		.ascii	"n\011\237c\336mcpw\204\3171\354.\300\315sW\033j\310"
 144      DE6D6370 
ARM GAS  /tmp/ccCUCt1o.s 			page 11


 144      7784CF31 
 144      EC2EC0CD 
 144      73571B6A 
 145 071c E5739BF0 		.ascii	"\345s\233\360y\277/>\257\031\351\363\201q|~\017q\246"
 145      79BF2F3E 
 145      AF19E9F3 
 145      81717C7E 
 145      0F71A6
 146 072f 8CEEF35A 		.ascii	"\214\356\363Z\341\363\373\023\366y\035\372\3341xz\300"
 146      E1F3FB13 
 146      F6791DFA 
 146      DC31787A 
 146      C0
 147 0740 CC7D9E0B 		.ascii	"\314}\236\013>\177\300}>0!\237?d\266\256\031\323\347"
 147      3E7FC07D 
 147      3E30219F 
 147      3F64B6AE 
 147      19D3E7
 148 0753 3DCCE770 		.ascii	"=\314\347pE\335\373|^\217>o\200.\230\331\311\346\304"
 148      45DDFB7C 
 148      5E8F3E6F 
 148      802E98D9 
 148      C9E6C4
 149 0766 9A0EB3EA 		.ascii	"\232\016\263\352\363.\334\211\342\303u&\257n|'\272\341"
 149      F32EDC89 
 149      E2C37526 
 149      AF6E7C27 
 149      BAE1
 150 0778 287A11E0 		.ascii	"(z\021\340\351\363\357\205\317!\226<\322\032\322\200"
 150      E9F3EF85 
 150      CF21963C 
 150      D21AD280 
 151 0788 0DD9919F 		.ascii	"\015\331\221\237\327\343\361\035\377\201[CR\036\336"
 151      D7E3F11D 
 151      FF815B43 
 151      521EDE
 152 0797 2EF1F7F8 		.ascii	".\361\367\370y\234\3609\206=\201\206\2305\237#\362\024"
 152      799CF039 
 152      863D8186 
 152      98359F23 
 152      F214
 153 07a9 1F11B1BE 		.ascii	"\037\021\261\276\215\302\347\230\367\324\030\3343\341"
 153      8DC2E798 
 153      F7D418DC 
 153      33E1
 154 07b7 730C6B02 		.ascii	"s\014k\002\270)\232\317\021n\252\036\270f\341s\314k"
 154      B8299ACF 
 154      116EAA1E 
 154      B866E173 
 154      CC6B
 155 07c9 3106F75C 		.ascii	"1\006\367\\\370\034\303"
 155      F81CC3
 156 07d0 5E00DC54 		.ascii	"^\000\334T\315\347\0107M\017\\\253\3609\346\265\031"
 156      CDE70837 
 156      4D0F5CAB 
 156      F039E6B5 
 156      19
ARM GAS  /tmp/ccCUCt1o.s 			page 12


 157 07e1 836B173E 		.ascii	"\203k\027>\307\260\016\200\233\246\371\034\341\246\353"
 157      C7B00E80 
 157      9BA6F91C 
 157      E1A6EB
 158 07f0 8173089F 		.ascii	"\201s\010\237c^\2471\270\227\302\347\030\366\003\300"
 158      635EA731 
 158      B897C2E7 
 158      18F603C0 
 159 0800 4DD77C8E 		.ascii	"M\327|\216p3\364\300\375(|\216y\257\214\301\275\026"
 159      7033F4C0 
 159      FD287C8E 
 159      79AF8CC1 
 159      BD16
 160 0812 3EC7B02E 		.ascii	">\307\260.\200\233\241\371\034\341f\352\201\353\026"
 160      809BA1F9 
 160      1CE166EA 
 160      81EB16
 161 0821 3EC7BC37 		.ascii	">\307\2747\306\340z\204\3171\354-\300\315tW\033j\310"
 161      C6E07A84 
 161      CF31EC2D 
 161      C0CD7457 
 161      1B6AC8
 162 0834 E5F387C2 		.ascii	"\345\363\207\302\347\303\276\370\274w\244\317\235\343"
 162      E7C3BEF8 
 162      BC77A4CF 
 162      9DE3
 163 0842 F8FC27C4 		.ascii	"\370\374'\304\231:\272\317\373\204\317\373'\354\363"
 163      993ABACF 
 163      FB84CFFB 
 163      27ECF3
 164 0851 01F47981 		.ascii	"\001\364y\201\243\305\026\314}\236\017>\177\307}\356"
 164      A3C516CC 
 164      7D9E0F3E 
 164      7FC77DEE 
 165 0861 9C90CF07 		.ascii	"\234\220\317\007\231\255{\307\364\271\223\371\034\256"
 165      99AD7BC7 
 165      F4B993F9 
 165      1CAE
 166 086f 18789FCF 		.ascii	"\030x\237\317\177F\237\017A\027B\330\311\242\276\243"
 166      7F469F0F 
 166      411742D8 
 166      C9A2BEA3 
 167 087f 3788EAF3 		.ascii	"7\210\352\363\355\004n\361r\225\022\356\325\215a\336"
 167      ED046EF1 
 167      729512EE 
 167      D58D61DE 
 168 088f 0D47DEEE 		.ascii	"\015G\336\356B\257\237\2678\205\317!\226(\262\253!C"
 168      42AF9FB7 
 168      3885CF21 
 168      9628B2AB 
 168      2143
 169 08a1 D890A102 		.ascii	"\330\220\241\002[\231\307\357W\336\2715\344\354\376"
 169      5B99C7EF 
 169      57DEB935 
 169      E4ECFE
 170 08b0 3D83C11E 		.ascii	"=\203\301\036?\220\223\271\3171,If\015\011\321|\216"
 170      3F9093B9 
ARM GAS  /tmp/ccCUCt1o.s 			page 13


 170      CF312C49 
 170      660D09D1 
 170      7C8E
 171 08c2 C8A13E22 		.ascii	"\310\241>\"b}\223e\356s\314K1\006g\225\271\3171,\025"
 171      627D9365 
 171      EE73CC4B 
 171      31066795 
 171      B9CF312C 
 172 08d7 E042359F 		.ascii	"\340B5\237#\\\230\036\270\3152\3679\346\245\031\203"
 172      235C981E 
 172      B8CD32F7 
 172      39E6A519 
 172      83
 173 08e8 DB22739F 		.ascii	"\333\"s\237c\330V\200\013\323|\216p\341z\340\266\311"
 173      63D85680 
 173      0BD37C8E 
 173      70E17AE0 
 173      B6C9
 174 08fa DCE798B7 		.ascii	"\334\347\230\267\335\030\334\2272\3679\206\355\000\270"
 174      DD18DC97 
 174      32F73986 
 174      ED00B8
 175 0909 70CDE708 		.ascii	"p\315\347\010\027\241\007n\247\314}\216y\351\306\340"
 175      17A1076E 
 175      A7CC7D8E 
 175      79E9C6E0 
 176 0919 76C9DCE7 		.ascii	"v\311\334\347\030\266\033\340\"4\237#\334$=p\0312\367"
 176      18B61BE0 
 176      22349F23 
 176      DC243D70 
 176      1932F7
 177 092c 39E6651A 		.ascii	"9\346e\032\203\313\222\271\3171,\033\340&i>G\270\311"
 177      83CB92B9 
 177      CF312C1B 
 177      E026693E 
 177      47B8C9
 178 093f 7AE0F6C8 		.ascii	"z\340\366\310\334\347\230\267\327\030\\\216\314}\216"
 178      DCE798B7 
 178      D7185C8E 
 178      CC7D8E
 179 094e 61FB006E 		.ascii	"a\373\000n\262\273\332PC.\237\017\302A'\374\256\364"
 179      B2BBDA50 
 179      432E9F0F 
 179      C24127FC 
 179      AEF4
 180 0960 776856F8 		.ascii	"whV\370\350b~J\277+QI\372\225e}\302\277>\263\254MX\033"
 180      E8627E4A 
 180      BF2B5149 
 180      FA95657D 
 180      C2BF3EB3 
 181 0978 FFCF04CB 		.ascii	"\377\317\004\313\272\365\361k\343\023\276\260\260?\353"
 181      BAF5F16B 
 181      E313BEB0 
 181      B03FEB
 182 0987 3FDD60D9 		.ascii	"?\335`\331\230\360\237\377~a\371\353\337~\377\213\017"
 182      98F09FFF 
 182      7E61F9EB 
ARM GAS  /tmp/ccCUCt1o.s 			page 14


 182      DF7EFF8B 
 182      0F
 183 0998 2C6BD6FC 		.ascii	",k\326\374\306\362\321\237~\373\307\377}`\331\370\351"
 183      C6F2D19F 
 183      7EFBC7FF 
 183      7D60D9F8 
 183      E9
 184 09a9 864F366C 		.ascii	"\206O6l\370\373\312uR\300\272\204\177\377#\376s\377"
 184      F8FBCA75 
 184      52C0BA84 
 184      7FFF23FE 
 184      73FF
 185 09bb CF37C627 		.ascii	"\3177\306'l\374?\352ifV"
 185      6CFC3FEA 
 185      696656
 186              		.text
 187              		.section	.gnu.lto__pal_lld_setgroupmode.b50830fc31156808,"",%progbits
 188 0000 789C9D57 		.ascii	"x\234\235W{PT\347\025\277\347~w\037\354\013\215F\215"
 188      7B5054E7 
 188      15BFE77E 
 188      771FEC0B 
 188      8D468D
 189 0013 12431E84 		.ascii	"\022C\036\204h\210\253\230(U\213L\242ct@0\351\037\351"
 189      6888AB98 
 189      28558B4C 
 189      A2637440 
 189      30E91FE9 
 190 0027 4C26AD04 		.ascii	"L&\255\0042:\201\201\001\332\231\316t&+\013\253\211"
 190      323A8181 
 190      01DA99CE 
 190      74262B0B 
 190      AB89
 191 0039 68691D35 		.ascii	"hi\0355:\246&m\0224\001\205\240Q,i\010\242D\361\021"
 191      3AA6266D 
 191      12340185 
 191      A0512C69 
 191      08A244F1 
 192 004e A335BE6A 		.ascii	"\2435\276jD\224(R\205\005\037\231\362\3509\347\273\373"
 192      44942852 
 192      85051F99 
 192      F2E839E7 
 192      BBFB
 193 0060 74EB30EC 		.ascii	"t\3530\354\260\207\373\235\373\373\235{~\347;\337w\277"
 193      B087FB9D 
 193      FBFB9D7B 
 193      7EE73BDF 
 193      77BF
 194 0072 D51450E8 		.ascii	"\325\024P\35030RQJ\360\377n\374B\264\002j\3711EYaVA"
 194      33305251 
 194      4AF0FF6E 
 194      FC42B402 
 194      6AF93145 
 195 008a C80BA16A 		.ascii	"\310\013\241j\253\342\025\227\305F\326\246\251\206\256"
 195      ABE21597 
 195      C546D6A6 
 195      A986AE
 196 0099 877114F5 		.ascii	"\207q\024\365a\022\216\014\252\221\357\231\370\236\021"
ARM GAS  /tmp/ccCUCt1o.s 			page 15


 196      61128E0C 
 196      AA91EF99 
 196      F89E11
 197 00a8 CC9262F2 		.ascii	"\314\222b\362]\230\301&/\242T\013\003\255\014\264\370"
 197      5D98C126 
 197      2FA2540B 
 197      03AD0CB4 
 197      F8
 198 00b9 DC56DF85 		.ascii	"\334V\337\205Mu\224\230\360\276\275\254YA\200]>\374"
 198      4D759498 
 198      F0BEBDAC 
 198      5941805D 
 198      3EFC
 199 00cb 1BB30380 		.ascii	"\033\263\003\200.\\fP\336Q\205f0\232\314Q\026\253\315"
 199      2E5C6650 
 199      DE518566 
 199      309ACC51 
 199      16ABCD
 200 00de EE001C2A 		.ascii	"\356\000\034*\362s[\355W\241qe{\235:\251\302\205\237"
 200      F2735BED 
 200      57A17165 
 200      7B9D3AA9 
 200      C2859F
 201 00f1 4B57774E 		.ascii	"KWwNsmk\200R\004\014\252\022\003\0250\011Q'J\252\267"
 201      736D6B80 
 201      52040CAA 
 201      12031530 
 201      0951274A 
 202 0107 885EB554 		.ascii	"\210^\265T\000h8\354>\272\271\315AC\025bq\270\377\330"
 202      006838EC 
 202      3EBAB9CD 
 202      41431562 
 202      71B8FFD8 
 203 011b E05E8B48 		.ascii	"\340^\213H\001\005\257\213\377\266\251\311\036\377\211"
 203      0105AF8B 
 203      FFB6A9C9 
 203      1EFF89
 204 012a CB55EC72 		.ascii	"\313U\354rm\315vE\225\012\001\237\201\300x\260\035b"
 204      6DCD7645 
 204      950A019F 
 204      81C078B0 
 204      1D62
 205 013c 601BC428 		.ascii	"`\033\304(\350R\340s\210G\364\340\247\325\357\232\305"
 205      E852E073 
 205      8847F4E0 
 205      A7D5EF9A 
 205      C5
 206 014d 7C66FEBC 		.ascii	"|f\376\274\376\333\017@2\033\376\334\222\260\311\325"
 206      FEDB0F40 
 206      321BFEDC 
 206      92B0C9D5 
 207 015d A0950A0D 		.ascii	"\240\225\012\015*\303\311\232\002UL\356\251\375d\235"
 207      2AC3C99A 
 207      02554CEE 
 207      A9FD649D 
 208 016d 552C6272 		.ascii	"U,br\313\332\257^\323\271\353Z\236\226\\\003\354\010"
 208      CBDAAF5E 
ARM GAS  /tmp/ccCUCt1o.s 			page 16


 208      D3B9EB5A 
 208      9E965C03 
 208      EC08
 209 017f E71A14D8 		.ascii	"\347\032\024\330\011\361D([\261\375\222\020\351L\276"
 209      09F14428 
 209      5BB1FD92 
 209      10E94CBE 
 210 018f 7AB2ED1A 		.ascii	"z\262\355\032\304\375\235\3315\253\035\310.\211-\025"
 210      C4FD9DD9 
 210      35AB1DC8 
 210      2E892D15 
 211 019f 46A80EA5 		.ascii	"F\250\016\245\323\007\321\333\007\217\377\305,^e\346"
 211      D307D1DB 
 211      078FFFC5 
 211      2C5E65E6 
 212 01af 7FBFEBF3 		.ascii	"\177\277\353\363\230u\346_[l\256\362\025f\"~\021\221"
 212      9875E65F 
 212      5B6CAEF2 
 212      1566227E 
 212      1191
 213 01c1 786BDD81 		.ascii	"xk\335\201\243\252x\215\211k\267\036mu\350\304-\001"
 213      A3AA788D 
 213      896BB71E 
 213      6D75E8C4 
 213      2D01
 214 01d3 E2AE88C4 		.ascii	"\342\256\210\304\3663\356MF\361\006\023;\326\356:i\321"
 214      F633EE4D 
 214      46F10613 
 214      3BD6EE3A 
 214      69D1
 215 01e5 899B03C4 		.ascii	"\211\233\003\304/#\022\313\373\317\272\214\342-&\236"
 215      2F2312CB 
 215      FBCFBA8C 
 215      E22D269E 
 216 01f5 E8A9FD4C 		.ascii	"\350\251\375L\323\211\357\007\210{#\022\327\334\272"
 216      D389EF07 
 216      887B2312 
 216      D7DCBA
 217 0204 F7912672 		.ascii	"\367\221&r\231\330|\341\3045_\252\033\002\304}\021\211"
 217      99D87CE1 
 217      C4355FAA 
 217      1B02C47D 
 217      1189
 218 0216 976B06D6 		.ascii	"\227k\006\326\333\215%\324N\261\360\017\210\203:\374"
 218      DB8D25D4 
 218      4EB1F00F 
 218      88833AFC 
 219 0226 EEC1EF6E 		.ascii	"\356\301\357n\374\326\342\267\006\342dsA=\030q!Y\376"
 219      FCD6E2B7 
 219      06E26473 
 219      413D1871 
 219      2159FE
 220 0239 1F0A83F5 		.ascii	"\037\012\203\365_\257\371\334\"\0129\213O\353\373\327"
 220      5FAFF9DC 
 220      220A398B 
 220      4FEBFBD7 
 221 0249 F8B2D8B3 		.ascii	"\370\262\330\263z\264\177\216\276\272?\015\370'\263"
ARM GAS  /tmp/ccCUCt1o.s 			page 17


 221      7AB47F8E 
 221      BEBA3F0D 
 221      F827B3
 222 0258 D75F6FAF 		.ascii	"\327_o\257\321\304\037\231\355\0358\370\243>\303\256"
 222      D1C41F99 
 222      ED1D38F8 
 222      A33EC3AE 
 223 0268 DB59AE77 		.ascii	"\333Y\256wS\210\372u\004j\003S\327\334\370\323j\020"
 223      5388FA75 
 223      046A0353 
 223      D7DCF8D3 
 223      6A10
 224 027a EF30F527 		.ascii	"\3570\365'\317\015\267M\247\366\373\250\337D\24062\265"
 224      CF0DB74D 
 224      A7F6FBA8 
 224      DF44A036 
 224      32B5
 225 028c ACF5C38A 		.ascii	"\254\365\303\212(Q\014\314}o\357\225\247u\352\372l\235"
 225      28510CCC 
 225      7D6FEF95 
 225      A775EAFA 
 225      6C9D
 226 029e BA3F02B5 		.ascii	"\272?\002\265\011\342v\276\322\340\032\034tc\373Z\317"
 226      09E276BE 
 226      D2E01A1C 
 226      7463FB5A 
 226      CF
 227 02af BFDF11F5 		.ascii	"\277\337\021\365\012p\227#\020\313\203\313\005\013\204"
 227      0A709723 
 227      10CB83CB 
 227      050B84
 228 02be 7D8F25C2 		.ascii	"}\217%\302\016\306\"\031\025*\221\005\250\233\255\214"
 228      0EC62219 
 228      152A9105 
 228      A89BAD8C 
 229 02ce B161779B 		.ascii	"\261aw\233\354\014t\320e4\243G\320\345H\246<D\227\243"
 229      EC0C74D0 
 229      6534A347 
 229      D0E548A6 
 229      3C4497A3 
 230 02e2 142AEF68 		.ascii	"\024*\357h\240\330c\3101\226\31482\217p\335\306\343"
 230      A0D863C8 
 230      3196CC38 
 230      328F70DD 
 230      C6E3
 231 02f4 A57902D7 		.ascii	"\245y\002\327\201\326\213\351Q\032Odq\217\321e,'\373"
 231      81D68BE9 
 231      511A4F64 
 231      718FD165 
 231      2C27FB
 232 0307 38D0FA7D 		.ascii	"8\320\372}\202\000O\222y\212L\034\231x2\317\220\231"
 232      82004F92 
 232      798A4C1C 
 232      997832CF 
 232      9099
 233 0319 44663299 		.ascii	"Df2\231\0042\317\221\231Bf*\231id\022\311L'\363\002"
 233      0432CF91 
ARM GAS  /tmp/ccCUCt1o.s 			page 18


 233      9942662A 
 233      99696412 
 233      C94C27F3 
 234 032e 99196466 		.ascii	"\231\031df\222I\"3\213\314l2s\310$\223\231K&\205\314"
 234      92492233 
 234      8BCC6C32 
 234      73C82493 
 234      994B2685 
 235 0343 8B645E22 		.ascii	"\213d^\"3\217\314|2\013\310\274Lf!\231EdR\271\216i\\"
 235      338FCC7C 
 235      320BC8BC 
 235      4C662199 
 235      456452B9 
 236 035a 98C55C93 		.ascii	"\230\305\\\223t.G\006Wm\011\327QQ\272\260#q\037\355"
 236      742E4706 
 236      576D09D7 
 236      5151BAB0 
 236      23711FED 
 237 036e 5655FC27 		.ascii	"VU\374'\332\301\335\347\271X\231D-\352\026V\267\260"
 237      DAC1DDE7 
 237      B9589944 
 237      2DEA1656 
 237      B7B0
 238 0380 D046E9AD 		.ascii	"\320F\351\255\256\260\321\236g\002\001\007p\346.\203"
 238      AEB0D19E 
 238      67020107 
 238      70E62E83 
 239 0390 CA3D8C61 		.ascii	"\312=\214a\020\244 \311\353i\257<\003\222e\223\254\003"
 239      10A420C9 
 239      EB69AF3C 
 239      03926593 
 239      AC03
 240 03a2 83771BA2 		.ascii	"\203w\033\242\211eF\364Adq\354+:\310\2168\004\355jj"
 240      896546F4 
 240      416471EC 
 240      2B3AC88E 
 240      3804ED6A 
 241 03b7 F6986568 		.ascii	"\366\230eh\200\346\240\320u\024\332.C\337\254<\247\263"
 241      80E6A0D0 
 241      7514DA2E 
 241      43DFAC3C 
 241      A7B3
 242 03c9 1C181A12 		.ascii	"\034\030\032\022\302BE\243?$\255=\304\215\226\334;\376"
 242      C24245A3 
 242      3F24AD3D 
 242      C48D96DC 
 242      3BFE
 243 03db B446C8B4 		.ascii	"\264F\310\264\016}\274\257\317&\3232\300\267\341i\215"
 243      0E7DBCAF 
 243      CF26D332 
 243      C0B7E169 
 243      8D
 244 03ec 445C48AC 		.ascii	"D\\H\254\335\024k\244\2145P\331\245\303\036\222\261"
 244      DD146BA4 
 244      8C3550D9 
 244      A5C31E92 
 244      B1
ARM GAS  /tmp/ccCUCt1o.s 			page 19


 245 03fd 7ADF2BBD 		.ascii	"z\337+\275+d,\023\034\012\2175\012q\010\332\341\355"
 245      2B642C13 
 245      1C0A8F35 
 245      0A7108DA 
 245      E1ED
 246 040f DD619412 		.ascii	"\335a\224\022\243\341pP\350Z\012=\012\207\305\015\325"
 246      A3E17050 
 246      E85A0A3D 
 246      0A87C50D 
 246      D5
 247 0420 56F6C8B5 		.ascii	"V\366\310\265\277\241\264\361\270\211\010\270I@\013"
 247      BFA1B4F1 
 247      B88908B8 
 247      49400B
 248 042f 2F946E7C 		.ascii	"/\224n|s\341KM v\004\317\233[\030\0259\340\004\015\372"
 248      73E14B4D 
 248      207604CF 
 248      9B5B1815 
 248      39E0040D 
 249 0444 80956BFA 		.ascii	"\200\225k\372\200K(\364\001O\225\252\017\260-\334\002"
 249      804B28F4 
 249      014F95AA 
 249      0FB02DDC 
 249      02
 250 0455 64B6A7AB 		.ascii	"d\266\247\253\222e\272c\320\305S\320\012%\347\335\231"
 250      9265BA63 
 250      D0C553D0 
 250      0A25E7DD 
 250      99
 251 0466 BA13F3D9 		.ascii	"\272\023\363\331\331Y\367\263]\012P\340\210\\\270^\000"
 251      D959F7B3 
 251      5D0A50E0 
 251      885CB85E 
 251      00
 252 0477 B718ADA2 		.ascii	"\267\030\255\242I\265\367u/\363\202\212\215\240\326"
 252      49B5F775 
 252      2FF3828A 
 252      8DA0D6
 253 0486 9FCD778B 		.ascii	"\237\315w\213\014\373\205\236\034/\010\234>\365\010"
 253      0CFB859E 
 253      1C2F089C 
 253      3EF508
 254 0495 39D2EC1F 		.ascii	"9\322\354\037\027zA\303)QO\375\332-\026\333\353{\212"
 254      177A41C3 
 254      29514FFD 
 254      DA2D16DB 
 254      EB7B8A
 255 04a8 BC60C0B2 		.ascii	"\274`\300\262\252\235t?\335~\204\010F\322\252\226\235"
 255      AA9D743F 
 255      DD7E8408 
 255      46D2AA96 
 255      9D
 256 04b9 47CF127B 		.ascii	"G\317\022{g\317oQ\264\246\254\212\227-y\263\252\034"
 256      67CF6F51 
 256      B4A6AC8A 
 256      972D79B3 
 256      AA1C
ARM GAS  /tmp/ccCUCt1o.s 			page 20


 257 04cb C2F7585C 		.ascii	"\302\367X\\\263\264Xi\201\322\312\344m\025w\224\243"
 257      B3B45869 
 257      81D2CAE4 
 257      6D157794 
 257      A3
 258 04dc 94F7582C 		.ascii	"\224\367X,P\360\004\231p\202\216\311\011\332\354\351"
 258      50F00499 
 258      70828EC9 
 258      09DAECE9 
 259 04ec D424681C 		.ascii	"\324$h\034\342\202\337\360&\320\340\270\004uy\232T\011"
 259      E282DFF0 
 259      26D0E0B8 
 259      0475799A 
 259      5409
 260 04fe 7A842772 		.ascii	"z\204'r\034\317\032:\350\251\350\224\230;Us$h<<\033"
 260      1CCF1A3A 
 260      E8A9E894 
 260      983B5573 
 260      24683C3C 
 261 0513 4353D20E 		.ascii	"CS\322\016\305\336\225\247@:'\240\337Ok \332\004\371"
 261      C5DE95A7 
 261      403A27A0 
 261      DF4F6B20 
 261      DA04F9
 262 0526 FC81AAD7 		.ascii	"\374\201\252\327%\"Ff\351_)&\004\177\347K\240W\017\363"
 262      25224666 
 262      E95F2926 
 262      047FE74B 
 262      A0570FF3 
 263 053a 28363C42 		.ascii	"(6<BCcOD\277?v#\305\236(Y\007w$K\304c\301\255g\306\326"
 263      43634F44 
 263      BF3F7623 
 263      C59E2859 
 263      0777244B 
 264 0555 3B0131A4 		.ascii	";\0011\244#$L,\342\374a\232(L,\002\032\367u\3676\232"
 264      23244C2C 
 264      E2FC619A 
 264      284C2C02 
 264      1AF775F7 
 265 056b 24E289E0 		.ascii	"$\342\211\340\206\024\274\265\337m>\274\312\266\025"
 265      8614BCB5 
 265      DF6D3EBC 
 265      CAB615
 266 057a 3EC0D352 		.ascii	">\300\323R\224[<\016\337SK\240\377\007\257w\277\315"
 266      945B3C0E 
 266      DF534BA0 
 266      FF07AF77 
 266      BFCD
 267 058c 59E52AC1 		.ascii	"Y\345*\301\033\0268\011[a\200\217Rp\012\234\364\330"
 267      1B163809 
 267      5B61808F 
 267      52700A9C 
 267      F4D8
 268 059e 014F9F5E 		.ascii	"\001O\237^\370'\365R\364\371\247\342)|\022\372\311y"
 268      F827F552 
 268      F4F9A7E2 
 268      297C12FA 
ARM GAS  /tmp/ccCUCt1o.s 			page 21


 268      C979
 269 05b0 CF73C520 		.ascii	"\317s\305 \235\324\276x\2132\332\320:\206|AO_AM@[\346"
 269      9DD4BE78 
 269      8B32DAD0 
 269      3A867C41 
 269      4F5F414D 
 270 05c7 0372F857 		.ascii	"\003r\370W \207\323\340\304\200,\256\346\266O\\\374"
 270      2087D3E0 
 270      C4802CAE 
 270      E6B64F5C 
 270      FC
 271 05d8 90D5FCC0 		.ascii	"\220\325\374\300\221\350\364\013g|j\232\3644\237\321"
 271      91E8F40B 
 271      677C6A9A 
 271      F4349FD1 
 272 05e8 8BDFE7E9 		.ascii	"\213\337\347\351\325\325L\302\320\350\227j:u\330d\\"
 272      D5D54CC2 
 272      D0E8976A 
 272      3A75D864 
 272      5C
 273 05f9 99786BF8 		.ascii	"\231xk\370j\316\006r8Gj&\313\251\362\253I\030\262\232"
 273      6ACE0672 
 273      38476A26 
 273      CBA9F2AB 
 273      4918B29A 
 274 060d F31C898F 		.ascii	"\363\034\211\217\"\027X\015\355Zz\356\317\261\240\004"
 274      2217580D 
 274      ED5A7AEE 
 274      CFB1A004 
 275 061d 99FB053D 		.ascii	"\231\373\005=\367)\270\305\340\255\341\347\376\357\300"
 275      F729B8C5 
 275      E0ADE1E7 
 275      FEEFC0
 276 062c 132F52EE 		.ascii	"\023/R\356Sh\2279\347\256\3358^>\300\312}\257\360Vg"
 276      53689739 
 276      E7AEDD38 
 276      5E3EC0CA 
 276      7DAFF056 
 277 0641 50EE5904 		.ascii	"P\356Y\004\336>\356\376zc\214\274M\217;tx\3436\233\334"
 277      DE3EEEFE 
 277      7A638CBC 
 277      4D8F3B74 
 277      78E3369B 
 278 0656 164DF0A3 		.ascii	"\026M\360\243\037mT\352\015\202\247\265\357{\275\020"
 278      1F6D54EA 
 278      0D82A7B5 
 278      EF7BBD10 
 279 0666 53875C88 		.ascii	"S\207\\\210K\234\026\375*\200V\337\264\372&q\232\\\014"
 279      4B9C16FD 
 279      2A8056DF 
 279      B4FA2671 
 279      9A5C0C
 280 0679 41A549C4 		.ascii	"A\245I\304\320\350\017-\315t\336\"\022\2714\037\215"
 280      D0E80F2D 
 280      CD74DE22 
 280      12B9341F 
 280      8D
ARM GAS  /tmp/ccCUCt1o.s 			page 22


 281 068a 8D549AB9 		.ascii	"\215T\232\271\017.\315\345@\016mT\232\351,\313\344\227"
 281      0F2ECDE5 
 281      400E6D54 
 281      9AE92CCB 
 281      E497
 282 069c D5EF93F5 		.ascii	"\325\357\223\365\302\220e]\341\220\032\205\274\032."
 282      C290655D 
 282      E1901A85 
 282      BC1A2E
 283 06ab 6BC67DB2 		.ascii	"k\306}\262fbh\364\207\312JbY3\207/\253=\220\303O$+\211"
 283      666268F4 
 283      87CA4A62 
 283      5933872F 
 283      AB3D90C3 
 284 06c3 6599696E 		.ascii	"e\231in\271m\373/\353\262f\015Y\3265\016i\240\220\327"
 284      B96DFB2F 
 284      EBB2660D 
 284      59D6350E 
 284      69A090D7 
 285 06d7 7D6DEB93 		.ascii	"}m\353\2235\233\333vV\350\222\233\203\257<\274%\333"
 285      359BDB76 
 285      56E8929B 
 285      83AF3CBC 
 285      25DB
 286 06e9 36A288D9 		.ascii	"6\242\210\331\017\026\321\021x\342\015\0221\207ED)\345"
 286      0F16D111 
 286      78E20D12 
 286      31874544 
 286      29E5
 287 06fb 31726E9A 		.ascii	"1rn\232\332t\021\311C\026\321\031\010\371\237p\021s"
 287      DA7411C9 
 287      4316D119 
 287      08F99F70 
 287      1173
 288 070d 594472A8 		.ascii	"YDr\250\210\024\0261w\370\"n\006\236x\213D\244(\274"
 288      88141631 
 288      77F8226E 
 288      069E788B 
 288      44A428BC 
 289 0721 B82AB6F8 		.ascii	"\270*\266\370\026W\320j\262(\253\034R\332\201\223\272"
 289      1657D06A 
 289      B228AB1C 
 289      52DA8193 
 289      BA
 290 0732 B417872C 		.ascii	"\264\027\207,\255+\320\311\335\341m\367\322}m7\017C"
 290      AD2BD0C9 
 290      DDE16DF7 
 290      D27D6D37 
 290      0F43
 291 0744 A33FB4ED 		.ascii	"\243?\264\355\346s\333\315\033~\333y\0039\364\220\330"
 291      E673DBCD 
 291      1B7EDB79 
 291      0339F490 
 291      D8
 292 0755 F92CCBEA 		.ascii	"\371,\313\352\227u\320'k\301\220e\365\006:\371v\270"
 292      9775D027 
 292      6BC19065 
ARM GAS  /tmp/ccCUCt1o.s 			page 23


 292      F5063AF9 
 292      76B8
 293 0767 AC97EF93 		.ascii	"\254\227\357\223\265\020C\243?T\326\"\226\265p\370\262"
 293      B51043A3 
 293      3F54D622 
 293      96B570F8 
 293      B2
 294 0778 EE0472B8 		.ascii	"\356\004r\270K\262\026\261,\033\037\012\345\331t\357"
 294      4BB216B1 
 294      2C1B1F0A 
 294      E5D974EF 
 295 0788 F3F2C496 		.ascii	"\363\362\304\226J\307\270g\003\247L>\353\245\312\355"
 295      4AC7B867 
 295      03A74C3E 
 295      EBA5CAED 
 296 0798 B66DCB38 		.ascii	"\266m\3138\035\344;\307a\020\273R\326\314A\272<\247"
 296      1DE43BC7 
 296      6110BB52 
 296      D6CC41BA 
 296      3CA7
 297 07aa EBF4837F 		.ascii	"\353\364\203\177\032\276y\203\203\360Q2M\2360.\326\315"
 297      1ABE7983 
 297      83F05132 
 297      4D9E302E 
 297      D6CD
 298 07bc 92A0C5F8 		.ascii	"\222\240\305\370B\343\203}\310\271{\261D\265\327\315"
 298      42E3837D 
 298      C8B97BB1 
 298      44B5D7CD 
 299 07cc 90A8747C 		.ascii	"\220\250t|"
 300 07d0 7584A0F8 		.ascii	"u\204\240\370\300\232.Q\035\277\220\240\014\354\361"
 300      C09A2E51 
 300      1DBF90A0 
 300      0CECF1
 301 07df 10101F57 		.ascii	"\020\020\037W3\010\264\301s\247n\252D-\221/\202\335"
 301      3308B4C1 
 301      73A76EAA 
 301      442D912F 
 301      82DD
 302 07f1 2B8FD458 		.ascii	"+\217\324X\344\213\000\340^\020\211\317\305KX\224\203"
 302      E48B00E0 
 302      5E1089CF 
 302      C54B5894 
 302      83
 303 0802 7ECC74E0 		.ascii	"~\314t\340\311\272\366\230\220\347B\205~\352\000\272"
 303      C9BAF698 
 303      90E74285 
 303      7EEA00BA 
 304 0812 F125F44B 		.ascii	"\361%\364K\347\262\274\334lgf^\346\362\267\363\234o"
 304      E7B2BCDC 
 304      6C67665E 
 304      E6F2B7F3 
 304      9C6F
 305 0824 2E5B9EB9 		.ascii	".[\236\271<\257\320\211\177\313\226\3468\363\363\012"
 305      3CAFD089 
 305      7FCB96E6 
 305      38F3F30A 
ARM GAS  /tmp/ccCUCt1o.s 			page 24


 306 0834 8A0A9DAF 		.ascii	"\212\012\235\257\376*mz\24235u\236sA\306\302\364\337"
 306      FE2A6D7A 
 306      A2333575 
 306      9E7341C6 
 306      C2F4DF
 307 0847 273AF397 		.ascii	"':\363\227\346\374&''k\312\233\212F\010-wi\341\333Z"
 307      E6FC2627 
 307      276BCA9B 
 307      8A46082D 
 307      7769E1DB 
 308 085c 6E5E56B6 		.ascii	"n^V\266\310\\^\244-\315)*0\344\377.?\253\300\224W\230"
 308      C85C5EA4 
 308      2DCD292A 
 308      30E4FF2E 
 308      3FABC094 
 309 0872 9F9D9D55 		.ascii	"\237\235\235U`\314+\372C~v\201\201 \005f\272O\0145w"
 309      60CC2BFA 
 309      437E7681 
 309      81200566 
 309      BA4F0C35 
 310 0887 9A9A9BA8 		.ascii	"\232\232\233\250\346>\377?\233%\334\177"
 310      E63EFF3F 
 310      9B25DC7F 
 311              		.text
 312              		.section	.gnu.lto_.symbol_nodes.b50830fc31156808,"",%progbits
 313 0000 789C6361 		.ascii	"x\234ca`dPc\000\002\246\211L\365\014\014\023\31610\000"
 313      60645063 
 313      0002A689 
 313      4CF50C0C 
 313      13CE3130 
 314 0015 A95D0D8A 		.ascii	"\251]\015\212@\221IL\365\214(\"\014\000\2639\010\306"
 314      4091494C 
 314      F58C2822 
 314      0C00B339 
 314      08C6
 315              		.text
 316              		.section	.gnu.lto_.refs.b50830fc31156808,"",%progbits
 317 0000 789C6361 		.ascii	"x\234ca`\004B \000\000\0009\000\007"
 317      60044220 
 317      00000039 
 317      0007
 318              		.text
 319              		.section	.gnu.lto_.decls.b50830fc31156808,"",%progbits
 320 0000 789CAD58 		.ascii	"x\234\255X}PT\327\025\177\367\335]X\226\0052bZ\333a"
 320      7D5054D7 
 320      157FF7DD 
 320      5D589605 
 320      32625ADB 
 321 0015 5A9B5265 		.ascii	"Z\233Re\246\215\0331\323\351?\355\214\202F[\023\351"
 321      A68D1B31 
 321      D3E93FED 
 321      8C82465B 
 321      13E9
 322 0027 62D269A7 		.ascii	"b\322i\2473[\004T&\3102\260v\314_]\001A0\204\317 \250"
 322      335B0454 
 322      26C832B0 
 322      76CC5F5D 
ARM GAS  /tmp/ccCUCt1o.s 			page 25


 322      01413084 
 323 003e 104009A0 		.ascii	"\020@\011\240\250|\210\010\210\256\242\250 \337\312"
 323      A87C8808 
 323      88AEA2A8 
 323      20DFCA
 324 004d 87A022A8 		.ascii	"\207\240\"\250\210\011\212\"\362\341W\317\275\367\355"
 324      88098A22 
 324      F2E157CF 
 324      BDF7ED
 325 005c BEB78FDD 		.ascii	"\276\267\217\335\211\235t\207\263\367\235\367~\367\234"
 325      899D7487 
 325      B3F79DF7 
 325      7EF79C
 326 006b DF3DF7BC 		.ascii	"\337=\367\274s\317\242\340\020G>\331?\345\270W<\307"
 326      73CFA2E0 
 326      10473ED9 
 326      3FE5B857 
 326      3CC7
 327 007d AD07F50D 		.ascii	"\255\007\365\015|0\334\373\214\023?\360\210\033\005"
 327      7C30DCFB 
 327      8C133FF0 
 327      881B05
 328 008c 5986B879 		.ascii	"Y\206\270y\037r\337C\300/\000Y\010r\027d)\310_\001\037"
 328      1F72DF43 
 328      C02F0059 
 328      08721764 
 328      29C85F01 
 329 00a1 00F20CAE 		.ascii	"\000\362\014\256\003a\034\201q#\214> :\220OA\226\202"
 329      03611C81 
 329      71238C3E 
 329      203A904F 
 329      419682
 330 00b4 BC0BF7FD 		.ascii	"\274\013\367\375a\274\001\343\025\220_\303\365\005\030"
 330      61BC01E3 
 330      15905FC3 
 330      F50518
 331 00c3 7F056333 		.ascii	"\177\005c3\214\277\204\261\021\306_\300\330\002\343"
 331      8CBF84B1 
 331      11C65FC0 
 331      D802E3
 332 00d2 62182FC1 		.ascii	"b\030/\301\350\015c\023\214?\207q\000\306A\220[ 7A\372"
 332      E80D6313 
 332      8C3F8771 
 332      00C64190 
 332      5B203741 
 333 00e7 25BCFF61 		.ascii	"%\274\377a\2077Y\213\253\214\367o\341\336#\030\037\202"
 333      8737598B 
 333      AB8CF76F 
 333      E1DE2318 
 333      1F82
 334 00f9 D40B6B08 		.ascii	"\324\013k\010\340\030G\262\006'\201\033\341E8\021\036"
 334      E01847B2 
 334      0627811B 
 334      E1453811 
 334      1E
 335 010a 8403F18F 		.ascii	"\204\003\361\217\034\304\347\025\217\216\357|nV\017"
 335      1CC4E715 
ARM GAS  /tmp/ccCUCt1o.s 			page 26


 335      8F8EEF7C 
 335      6E560F
 336 0119 A07E047C 		.ascii	"\240~\004|\320;\364.B\354\033Q\341\230P\025.xN\260g"
 336      D03BF42E 
 336      42EC1B51 
 336      E1985015 
 336      2E784EB0 
 337 012e B9852C40 		.ascii	"\271\205,@A\347-\227\234\325\030\375\023\346\323=\244"
 337      41E72D97 
 337      9CD518FD 
 337      13E6D33D 
 337      A4
 338 013f 1F6A44B4 		.ascii	"\037jD\264\216\204IL\027&s\026\017\274\350@P-\023$\366"
 338      8E84494C 
 338      17267316 
 338      0FBCE840 
 338      502D1324 
 339 0154 185DC19C 		.ascii	"\030]\301\234\310\331\272&dY\364\341\262\234{.\230G"
 339      C8D9BA26 
 339      6459F4E1 
 339      B29C7B2E 
 339      9847
 340 0166 E4FAF66C 		.ascii	"\344\372\366l\311\232ee&\370\244\232L\274\217\030\231"
 340      C99A6565 
 340      26F8A49A 
 340      4CBC8F18 
 340      99
 341 0177 CEB8F203 		.ascii	"\316\270\362\003\370\031\217\026\250\221\002\324'\255"
 341      F8198F16 
 341      A89102D4 
 341      27AD
 342 0185 FB46DC41 		.ascii	"\373F\334A]\250F\213A-k\2754(<\335\215@?\3250\356\313"
 342      5DA8468B 
 342      412D6BBD 
 342      34283CDD 
 342      8D403FD5 
 343 019c 542FD0EA 		.ascii	"T/\320\352n>1\2732\360\020y\372f\254\377\240\013{<A"
 343      6E3E31BB 
 343      32F01079 
 343      FA66ACFF 
 343      A00B7B3C 
 344 01b1 6C275567 		.ascii	"l'Ug\034\364\300?\243\004\036\305\335\033re\317\026"
 344      1CF4C03F 
 344      A3041EC5 
 344      DD1B7265 
 344      CF16
 345 01c3 81DA3571 		.ascii	"\201\3325q5WP\337\001u01>\317\011/\246\310\233\227K"
 345      355750DF 
 345      01753031 
 345      3ECF092F 
 345      A6C89B97 
 346 01d8 8F109F4B 		.ascii	"\217\020\237K\325\210,\330\203l\337\367\265\263n\354"
 346      D5882CD8 
 346      836CDFF7 
 346      B5B36EEC 
 347 01e8 164174A5 		.ascii	"\026At\245<=\344\214\177C\256\371\246\344\252JW\344"
 347      3C3DE48C 
ARM GAS  /tmp/ccCUCt1o.s 			page 27


 347      7F43AEF9 
 347      A6E4AA4A 
 347      57E4
 348 01fa A3FE96AC 		.ascii	"\243\376\226\254m\250\263HSk2\275\203N!5:\2110*E\313"
 348      6DA8B348 
 348      536B32BD 
 348      834E2135 
 348      3A89302A 
 349 0210 484496AA 		.ascii	"HD\226\252\341{\267\311\024cJ\2155-\270\354\316\241"
 349      E17BB7C9 
 349      14634A8D 
 349      352DB8EC 
 349      CEA1
 350 0222 23C80B1D 		.ascii	"#\310\013\035F^\034\252A>\304,\001\242j\270y\002n\202"
 350      465E1CAA 
 350      413EC42C 
 350      01A26AB8 
 350      79026E82 
 351 0236 8BD24369 		.ascii	"\213\322Ci\205Nx\027\242>rN\034\236V[}4$}XF|\324\203"
 351      854E7817 
 351      A23E724E 
 351      1C9E565B 
 351      7D34247D 
 352 024f 8F5AD107 		.ascii	"\217Z\321\007\270t\350\244\316\276\223\341\272\301\235"
 352      B874E8A4 
 352      CEBE93E1 
 352      BAC19D
 353 025e 3CEEA34E 		.ascii	"<\356\243N\320\276\372g\315J\026\021\025\250\2173.\266"
 353      D0BEFA67 
 353      CD4A1611 
 353      15A88F33 
 353      2EB6
 354 0270 F278903D 		.ascii	"\362x\220=\273\337\027\233\343\204\207\231\222\372\252"
 354      BBDF179B 
 354      E3848799 
 354      92FAAA
 355 027f DFE4841F 		.ascii	"\337\344\204\0372%\371\361L\201\002?aJ\177\354t\217"
 355      3225F9F1 
 355      4C81023F 
 355      614A7FEC 
 355      748F
 356 0291 1B9EA68A 		.ascii	"\033\236\246\212\313\261\331=w5\310\333\333\323\333"
 356      CBB1D93D 
 356      7735C8DB 
 356      DBD3DB
 357 02a0 DBC7DBDB 		.ascii	"\333\307\333\333\273\220\020\033\232m\377OFq\274)5\210"
 357      BB90101B 
 357      9A6DFF4F 
 357      4671BC29 
 357      3588
 358 02b2 B23F0DEC 		.ascii	"\262?\015\354/\"O\221g%|qh9|q\024o~\336\256\261\200"
 358      2F224F91 
 358      67257C71 
 358      68397C71 
 358      146F7EDE 
 359 02c9 CFCAC10D 		.ascii	"\317\312\301\015\"8MH,\0232r\350\030\000\216\322g\004"
 359      22384D48 
ARM GAS  /tmp/ccCUCt1o.s 			page 28


 359      2C133272 
 359      E818008E 
 359      D26704
 360 02dc 0E6B4697 		.ascii	"\016kF\227a\371M\310\033]\001\271\000\322\014\322\010"
 360      61F94DC8 
 360      1B5D01B9 
 360      00D20CD2 
 360      08
 361 02ed D2027209 		.ascii	"\322\002r\011y\323Td\376n\211\376\316\311\375ie\334"
 361      79D35464 
 361      FE6E89FE 
 361      CEC9FD69 
 361      65DC
 362 02ff B2BAACD8 		.ascii	"\262\272\254\330\363rl\205\310\215n\232y\000\014\233"
 362      F3726C85 
 362      C88D6E9A 
 362      79000C9B 
 363 030f 5404C409 		.ascii	"T\004\304\011\033&:\235l\367\3121\231\34305e\266\353"
 363      1B263A9D 
 363      6CF7CA31 
 363      99E33035 
 363      65B6EB
 364 0322 F60812FD 		.ascii	"\366\010\022\375\316\211\034\317\330\217\211\024\235"
 364      CE891CCF 
 364      D88F8914 
 364      9D
 365 032f 2EB2ACB2 		.ascii	".\262\254\262\037n\206\206\355;\373:\256\303\011\327"
 365      1F6E8686 
 365      ED3BFB3A 
 365      AEC309D7 
 366 033f D117968F 		.ascii	"\321\027\226\217=\364$M\205|<\031\375\234.D\350\267"
 366      3DF4244D 
 366      857C3C19 
 366      FD9C2E44 
 366      E8B7
 367 0351 C1ECAB62 		.ascii	"\301\354\253b\312\221\3258\010>j\205\230\377/\361\007"
 367      CA91D538 
 367      083E6A85 
 367      98FF2FF1 
 367      07
 368 0362 FFDDF70B 		.ascii	"\377\335\367\013\3424,\003;\210\376UJU\205\032\267\262"
 368      E2342C03 
 368      3B88FE55 
 368      4A55851A 
 368      B7B2
 369 0374 025272FF 		.ascii	"\002Rr\377\300W\302\303?\200Z\335z\352\226\022_c\317"
 369      C057C2C3 
 369      3F805ADD 
 369      7AEA9612 
 369      5F63CF
 370 0387 069FF624 		.ascii	"\006\237\366$\270\342\001\246\034\177\231Y\014\271\312"
 370      B8E201A6 
 370      1C7F9959 
 370      0CB9CA
 371 0396 94C992CA 		.ascii	"\224\311\222\312<\025\233UB*Dn\202\371\204P1\314j\342"
 371      3C159B55 
 371      422A446E 
ARM GAS  /tmp/ccCUCt1o.s 			page 29


 371      82F98450 
 371      31CC6AE2 
 372 03aa 72BA2341 		.ascii	"r\272#A\215\307(Xu\250\252;\031#\310W\362\361\261YV"
 372      8DC72858 
 372      75A8AA3B 
 372      1923C857 
 372      F2F1B159 
 373 03bf 0F2CEB3A 		.ascii	"\017,\353:\215V\237\260\246\333\260\246\033\300\177"
 373      8D569FB0 
 373      A6DBB0A6 
 373      1BC07F
 374 03ce 006410E4 		.ascii	"\000d\020\344\026\310M\220~1\237H\334\272\275v\322\255"
 374      16C84D90 
 374      7E319F48 
 374      DCBABD76 
 374      D2AD
 375 03e0 2591EB85 		.ascii	"%\221\353\205\310\221\351\326\030\225\331\356\026\340"
 375      C891E9D6 
 375      1895D9EE 
 375      16E0
 376 03ee 3B7464B3 		.ascii	";td\263\010\370\232\034l\223~\000\355\263B\273\345\320"
 376      08F89A1C 
 376      6C937E00 
 376      EDB342BB 
 376      E5D0
 377 0400 8A797627 		.ascii	"\212yv'\254\340.9\270\023\311\014\247\006Z\260\345r"
 377      ACE02E39 
 377      B813C90C 
 377      A7065AB0 
 377      E572
 378 0412 EC713976 		.ascii	"\354q9v\306j\267C\216m\227\220`IT\337E\337\201>\333"
 378      C66AB743 
 378      8E6D9790 
 378      604954DF 
 378      45DF813E 
 379 0427 770076E1 		.ascii	"w\000v\341\334\354\367\273<\360\004K\274\370\201\354"
 379      DCECF7BB 
 379      3CF0044B 
 379      BCF881EC 
 380 0437 46DE9A78 		.ascii	"F\336\232xS\3354\361\206\301\362\220\230x}\363\023\317"
 380      53DD34F1 
 380      86C1F290 
 380      98787DF3 
 380      13CF
 381 0449 B243E80E 		.ascii	"\262C\350\016l\314\333n\022\311\253\356\244NwO\301\224"
 381      6CCCDB6E 
 381      12C9ABEE 
 381      A44E774F 
 381      C194
 382 045b D9A129EE 		.ascii	"\331\241)\356\207\354\344U\027<Sh\222\304\362\213F$"
 382      87ECE455 
 382      173C5368 
 382      92C4F28B 
 382      4624
 383 046d AF1A87EE 		.ascii	"\257\032\207\356\"\215\200\254\316h\356S(xv\017mR\220"
 383      228D80AC 
 383      CE68EE53 
ARM GAS  /tmp/ccCUCt1o.s 			page 30


 383      2878760F 
 383      6D5290
 384 0480 7B31BD33 		.ascii	"{1\2753/\334\027eQ\026\261\246\305\012\364\331O$s\357"
 384      2FDC1765 
 384      5116B1A6 
 384      C50AF4D9 
 384      4F2473EF 
 385 0494 A345F07D 		.ascii	"\243E\360}\017)\230\201\372\361\272\011\217\367\362"
 385      0F299881 
 385      FAF1BA09 
 385      8FF7F2
 386 04a3 4DF9E5A6 		.ascii	"M\371\345\246\241\251\275\377\274Si2%\302D\005\301A"
 386      A1A9BDFF 
 386      BC536932 
 386      25C24405 
 386      C141
 387 04b5 9A5BA304 		.ascii	"\232[\243\004\227d(\006\332\034\032E\357\301\324\361"
 387      97642806 
 387      DA1C1A45 
 387      EFC1D4F1 
 388 04c5 A2D80C0F 		.ascii	"\242\330\014\017|\012\323\227\343pk\351K\005n\243\012"
 388      7C0AD397 
 388      E3706BE9 
 388      4B056EA3 
 388      0A
 389 04d6 1F33B7A7 		.ascii	"\0373\267\247Z\205\324>\366\017\220\357\354\034 \354"
 389      5A85D43E 
 389      F60F90EF 
 389      EC1C20EC 
 390 04e6 349A4D59 		.ascii	"4\232MYS\264\013\216t\364\020*\314\230\350\274\236\036"
 390      53B40B8E 
 390      74F4102A 
 390      CC98E8BC 
 390      9E1E
 391 04f8 47E065FA 		.ascii	"G\340e\372N\302\025L\227K\020l\271q\027\236\247\271"
 391      4EC2154C 
 391      974B106C 
 391      B971179E 
 391      A7B9
 392 050a E15EE639 		.ascii	"\341^\3469\353\332\336IW\207\236\037;\362l~\355\011"
 392      EBDADE49 
 392      57879E1F 
 392      3BF26C7E 
 392      ED09
 393 051c 5E1F81CD 		.ascii	"^\037\201\315q;^_\034x6\352F\275\022\304\367\210\272"
 393      713B5E5F 
 393      1C7836EA 
 393      46BD12C4 
 393      F788BA
 394 052f DD3F7973 		.ascii	"\335?ysL\350\017|$\275\306\002\326k\314\024\334M\347"
 394      4CE80F7C 
 394      24BDC602 
 394      D66BCC14 
 394      DC4DE7
 395 0542 F15D169B 		.ascii	"\361]\026\233\216\342\335\035X\015\224b\337\3724-\177"
 395      8EE2DD1D 
 395      580D9462 
ARM GAS  /tmp/ccCUCt1o.s 			page 31


 395      DFFA342D 
 395      7F
 396 0553 9339E486 		.ascii	"\2239\344\206\307\330\374\2433\267O*\361#\246$g\236"
 396      C7D8FCA3 
 396      33B74F2A 
 396      F123A624 
 396      679E
 397 0565 3FAFC093 		.ascii	"?\257\300\223L9\230\223\226\240\3043L)MO-W\3439\246"
 397      4C399893 
 397      96A0C433 
 397      4C294D4F 
 397      2D57E339 
 398 057a 587A9285 		.ascii	"Xz\222\205\254'\271\370f\332\354\301\350\361\240f\037"
 398      AC27B9F8 
 398      66DAECC1 
 398      E8F1A066 
 398      1F
 399 058b EE9D73C1 		.ascii	"\356\235s\301/\031\264h\356\305\004\351Q\226\220\036"
 399      2F19B468 
 399      EEC504E9 
 399      5196901E 
 400 059b 054B3A94 		.ascii	"\005K:\224%\254C9\333r\345[\015\216Q\320\000\0372\307"
 400      25AC4339 
 400      DB72E55B 
 400      0D8E51D0 
 400      001F32C7 
 401 05af 40232104 		.ascii	"@#!\004\030\026\244.\201\325\314\001\361\027d5;y\037"
 401      1816A42E 
 401      81D5CC01 
 401      F1176435 
 401      3B791F
 402 05c2 328BAEE6 		.ascii	"2\213\256\3465\334|e\335\332\316\361?\307\302\313\205"
 402      35DC7C65 
 402      DDDACEF1 
 402      3FC7C2CB 
 402      85
 403 05d3 4C3C7811 		.ascii	"L<x\021c\274D\010\361\231\264\201\373j\234\314|\224"
 403      63BC4408 
 403      F199B481 
 403      FB6A9CCC 
 403      7C94
 404 05e5 4E5C2DF3 		.ascii	"N\\-\363p\350#\316\241\217\206\244%\264\231\211\005"
 404      70E823CE 
 404      A18F86A4 
 404      25B49989 
 404      05
 405 05f6 1F31BCD5 		.ascii	"\0371\274\325\007\270dNbf\012O\253p\026u\2428\232\331"
 405      07B8644E 
 405      62660A4F 
 405      AB701675 
 405      A2389AD9 
 406 060a FF8D1382 		.ascii	"\377\215\023\202\216\302G\350&R\3023\022\342M\035\377"
 406      8EC247E8 
 406      2652C233 
 406      12E24D1D 
 406      FF
 407 061b A2D377C1 		.ascii	"\242\323w\301\364\004\336S\364\252\225\365\007fXL\024"
ARM GAS  /tmp/ccCUCt1o.s 			page 32


 407      F404DE53 
 407      F4AA95F5 
 407      0766584C 
 407      14
 408 062c 2779AF08 		.ascii	"'y\257\010\232\224\211D\240\027\317{\243\335\274\264"
 408      9A948944 
 408      A017CF7B 
 408      A3DDBCB4 
 409 063c 17A84CD1 		.ascii	"\027\250L\321XL\277D\366L\317Ij\3337\355<\251S\000\262"
 409      584CBF44 
 409      F64CCF49 
 409      6ADB37ED 
 409      3CA95300 
 410 0651 AD6D8AC2 		.ascii	"\255m\212\302\302\246*\025Z\010\007J\272\360v\323\032"
 410      C2A62A15 
 410      5A08074A 
 410      BAF076D3 
 410      1A
 411 0662 239248E2 		.ascii	"#\222H\342\027R\022\311@\342K \261\207\227\036 \325"
 411      175212C9 
 411      40E24B20 
 411      B187971E 
 411      20D5
 412 0674 ED180E90 		.ascii	"\355\030\016\220\030\346~\026h\020\270\303\226$W\332"
 412      18E67E16 
 412      6810B8C3 
 412      962457DA 
 413 0684 49CC3846 		.ascii	"I\3148F3\316\373S\334\011g\300\310\352\361\343\247\373"
 413      33CEFB53 
 413      DC0967C0 
 413      C8EAF1E3 
 413      A7FB
 414 0696 7B3C1602 		.ascii	"{<\026\002\337\235\216\371r6d\311;\335x\275Z\203\367"
 414      DF9D8EF9 
 414      723664C9 
 414      3BDD78BD 
 414      5A83F7
 415 06a9 D19D42F7 		.ascii	"\321\235B\367Z\216\307\250p\036S\362Z\217\265(q!S\352"
 415      5A8EC7A8 
 415      701E53F2 
 415      5A8FB528 
 415      712153EA 
 416 06bd 8F1CEBE2 		.ascii	"\217\034\353\342q\011S\312j'\366 \\\316\224'\011\307"
 416      710953CA 
 416      6A27F620 
 416      5CCE9427 
 416      09C7
 417 06cf 8DB8865D 		.ascii	"\215\270\206]\307\345\246\266\363,\367\177\007jV\342"
 417      C7E5A6B6 
 417      F32CF77F 
 417      076A56E2 
 418 06df 812185D0 		.ascii	"\201!\205\320\350\223w\241\262\247\244^\205\033(\326"
 418      E89377A1 
 418      B2A7A45E 
 418      851B28D6 
 419 06ef 6D7F56C5 		.ascii	"m\177V\3055\310\012\362\241g\267\017i6\343bM\346\275"
 419      35C80AF2 
ARM GAS  /tmp/ccCUCt1o.s 			page 33


 419      A167B70F 
 419      6936E362 
 419      4DE6BD
 420 0702 96683C83 		.ascii	"\226h<\203h\244Bv\344\362\216z\3158\010rM;\317\340_"
 420      68A44276 
 420      E4F28E7A 
 420      CD380872 
 420      4D3BCFE0 
 421 0717 C10AA791 		.ascii	"\301\012\247\221\014^a\003\007\353o\332$\3263\345\326"
 421      0C5E6103 
 421      07EB6FDA 
 421      24D633E5 
 421      D6
 422 0728 B532F419 		.ascii	"\2652\364\031\326\264\021\354^9\366\211\334\364)\021"
 422      D6B411EC 
 422      5E39F689 
 422      DCF42911 
 423 0738 FCDC3E0F 		.ascii	"\374\334>\017v\254\332\034\200Y\274\027\372\232'\017"
 423      76ACDA1C 
 423      8059BC17 
 423      FA9A270F 
 424 0748 7385B42E 		.ascii	"s\205\264.\204\214\332\007\233t\020\244\000\344\033"
 424      848CDA07 
 424      9B7410A4 
 424      00E41B
 425 0757 906C903C 		.ascii	"\220l\220<\220\034\220\003 \371 \207@\366[\263\216\020"
 425      901C9003 
 425      20F92087 
 425      40F65BB3 
 425      8E10
 426 0769 C81609A4 		.ascii	"\310\026\011\244\330\217\233\245\271 \350L\021\235&"
 426      D88F9BA5 
 426      B920E84C 
 426      119D26
 427 0778 4737CC43 		.ascii	"G7\314C\327\211\350)\371\342\236\312#\221.\202\323\355"
 427      D789E829 
 427      F9E29ECA 
 427      23912E82 
 427      D3ED
 428 078a 9B96E4F3 		.ascii	"\233\226\344\363\2136\332_\344\362\262\036\233\030J"
 428      8B36DA5F 
 428      E4F2B21E 
 428      9B184A
 429 0799 93E64286 		.ascii	"\223\346B\206\335\335\222\222<-\372\235\264O\322\332"
 429      DDDD9292 
 429      3C2DFA9D 
 429      B44FD2DA 
 430 07a9 359B5B67 		.ascii	"5\233[gN(\3619V\006G\256\314M`k\363\322\331N\233\227"
 430      4E28F139 
 430      560647AE 
 430      CC4D606B 
 430      F3D2D94E 
 431 07bf 62985D24 		.ascii	"b\230]$\3266\302\317\301\336\241oa\313~\314\366"
 431      D636C2CF 
 431      C1DEA16F 
 431      61CB7ECC 
 431      F6
ARM GAS  /tmp/ccCUCt1o.s 			page 34


 432 07d0 019FD6A6 		.ascii	"\001\237\326\246\276s*\233F\244\230\2276\"%\274F`\002"
 432      BE732A9B 
 432      46A49897 
 432      362225BC 
 432      466002
 433 07e3 E09AC4EC 		.ascii	"\340\232\304\354Q7\334\306\310\247\017\276\312\001\362"
 433      5137DCC6 
 433      C8A70FBE 
 433      CA01F2
 434 07f2 1A46BE3B 		.ascii	"\032F\276;\313\213\220?B\340\"y\230\015\203#\353\350"
 434      CB8B903F 
 434      42E02279 
 434      980D8323 
 434      EBE8
 435 0804 3070B671 		.ascii	"0p\266q\320\233\020\327\312\323s\230\030\232`\347\360"
 435      D09B10D7 
 435      CAD37398 
 435      189A60E7 
 435      F0
 436 0815 F88D9487 		.ascii	"\370\215\224\207\032\207\335\316Q\236t;e\274\245\333"
 436      1A87DDCE 
 436      519E743B 
 436      65BCA5DB 
 437 0825 C9CD1875 		.ascii	"\311\315\030u\267t;\275\372ak\267\0038\364@<\226\036"
 437      B7743BBD 
 437      FA616BB7 
 437      0338F440 
 437      3C961E
 438 0838 48BB9D63 		.ascii	"H\273\235c<\351v\352kN7\011?i?\000\265\245\247\340\230"
 438      3CE976EA 
 438      6B4E3709 
 438      3F693F00 
 438      B5A5A7E0 
 439 084d 12F7B30A 		.ascii	"\022\367\263\012\323:Z\321\345\214o3eo\355\360\204;"
 439      D33A5AD1 
 439      E58C6F33 
 439      656FEDF0 
 439      843B
 440 085f 1E654A5A 		.ascii	"\036eJZ\343\324\244+\376N\200%\246\177\315\343\011\241"
 440      E3D4A42B 
 440      FE4E8025 
 440      A67FCDE3 
 440      09A1
 441 0871 42753426 		.ascii	"Bu4&\271\340\031\246$\235\353\217w\301&%U\012\036\324"
 441      B9E019A6 
 441      249DEB8F 
 441      77C12625 
 441      550A1ED4 
 442 0885 425F95C0 		.ascii	"B_\225\300\224\323\003\325Z\234\312\256Kk\223\357(q"
 442      94D303D5 
 442      5A9CCAAE 
 442      4B6B93EF 
 442      2871
 443 0897 0E53466A 		.ascii	"\016SFj\342\236+p.S:\352\206\356\271\343B\246\364v\014"
 443      E29E2B70 
 443      2E533AEA 
 443      86EEB9E3 
ARM GAS  /tmp/ccCUCt1o.s 			page 35


 443      42A6F476 
 444 08ac AF65443F 		.ascii	"\257eD?$-\323\311\027\003\302?A\362\311\341>\223\275"
 444      242DD3C9 
 444      1703C23F 
 444      41F2C9E1 
 444      3E93BD
 445 08bf AB18E122 		.ascii	"\253\030\341\"\012\365\350\376\362`\245\002y\013?S\350"
 445      0AF5E8FE 
 445      F260A502 
 445      790B3F53 
 445      E8
 446 08d0 6F6BA1E0 		.ascii	"ok\241\340\015\325|\027\271\373`\363\227\246\374\363"
 446      0DD57C17 
 446      B9FB60F3 
 446      97A6FCF3 
 447 08e0 88A66E25 		.ascii	"\210\246n%\354\233\331Q\352\332$`\003$\340iZ<\314B\366"
 447      EC9BD951 
 447      EADA2460 
 447      0324E069 
 447      5A3CCC42 
 448 08f5 5D869D6C 		.ascii	"]\206\235l\205\314j\004i\001i\0029\007r\001\344\022"
 448      85CC6A04 
 448      69016902 
 448      39077201 
 448      E412
 449 0907 C8799066 		.ascii	"\310y\220f\220\263 \027A\256\202\\\261)\"\351\233\304"
 449      90B32017 
 449      41AE825C 
 449      B12922E9 
 449      9BC4
 450 0919 37AE46CE 		.ascii	"7\256F\316\244R\376\246gK\320'\344\350\212yU\344\345"
 450      A452FEA6 
 450      674BD027 
 450      E4E88A79 
 450      55E4E5
 451 092c 6DEB0B5A 		.ascii	"m\353\013Z'G\317{\2333%\266O\332g\"\205\347I\340\025"
 451      2747CF7B 
 451      9B3325B6 
 451      4FDA6722 
 451      85E749E0 
 452 0941 72F8BC62 		.ascii	"r\370\274b\235*A\237\222\243\347\227\277,\011\274\332"
 452      9D2A419F 
 452      92A3E797 
 452      BF2C09BC 
 452      DA
 453 0952 FE3A2525 		.ascii	"\376:%%m\3726-if{%\255jxmz\254\351\362\007\324\324\031"
 453      6DFA362D 
 453      69667B25 
 453      AD6A786D 
 453      7AACE9F2 
 454 096a B9A9E3BC 		.ascii	"\271\251\343\274\214\347>\211\343*\373\211!A\277\026"
 454      8CE73E89 
 454      E32AFB89 
 454      2141BF16 
 455 097a E35B6B7F 		.ascii	"\343[k\177Q\022p\271\304t\271\375\200IC0'\332\256\267"
 455      511270B9 
 455      C474B9FD 
ARM GAS  /tmp/ccCUCt1o.s 			page 36


 455      80494330 
 455      27DAAEB7 
 456 098e BB77CB85 		.ascii	"\273w\313\205\322:UVv\323\025\217\321\274\347\247\362"
 456      D23A5556 
 456      76D3158F 
 456      D1BCE7A7 
 456      F2
 457 099f B32F206B 		.ascii	"\263/ ki\255\036^D\002\323\001s\333\304\352d\236_Z-"
 457      69AD1E5E 
 457      4402D301 
 457      73DBC4EA 
 457      649E5F5A 
 458 09b4 998DDA21 		.ascii	"\231\215\332!\241\377\037\311MJ\376\370\310\021g\233"
 458      A1FF1FC9 
 458      4D4AFEF8 
 458      C811679B 
 459 09c4 12DB6153 		.ascii	"\022\333aSb;i\221\244#\240\2377\356Jp\263\375\205i\357"
 459      623B6991 
 459      A423A09F 
 459      37EE4A70 
 459      B3FD8569 
 460 09d9 BF24DCDB 		.ascii	"\277$\334\333\374\213$\313\334\231\200l<w\331x\356\026"
 460      FC8B24CB 
 460      DC99806C 
 460      3C77D978 
 460      EE16
 461 09eb 3C7753CF 		.ascii	"<wS\317e\273\037\216y\330\367\314\275\275[t\215\367"
 461      65BB1F8E 
 461      79D8F7CC 
 461      BDBD5B74 
 461      8DF7
 462 09fd 046397AF 		.ascii	"\004c\227\257\217d\253\324\302\217\264\324\037\376E"
 462      8F64ABD4 
 462      C28FB4D4 
 462      1FFE45
 463 0a0c 84AEF3E4 		.ascii	"\204\256\363\344?,I\361\217{1\236be\2569\251\254MMO"
 463      3F2C49F1 
 463      8F7B319E 
 463      6265AE39 
 463      A9AC4D4D 
 464 0a21 032028FC 		.ascii	"\003 (\374\026\314o)*t\241\367\310\301\321\313\323\233"
 464      16CC6F29 
 464      2A74A1F7 
 464      C8C1D1CB 
 464      D39B
 465 0a33 0FEF2497 		.ascii	"\017\357$\227\252\035\236\020\375\364\204\350\263\234"
 465      AA1D9E10 
 465      FDF484E8 
 465      B39C
 466 0a41 102589E9 		.ascii	"\020%\211\351\017\\\340\2040\323\023\342O\271\354\204"
 466      0F5CE084 
 466      30D313E2 
 466      4FB9EC84 
 467 0a51 801F3F80 		.ascii	"\200\037?\200C=bv\300\245xB\334\340\337\343\334\364"
 467      433D6276 
 467      C0A57842 
 467      DCE0DFE3 
ARM GAS  /tmp/ccCUCt1o.s 			page 37


 467      DCF4
 468 0a63 9141E1FA 		.ascii	"\221A\341\372\360\360\020}XD\230Q\365\321'\237.\366"
 468      F0F0107D 
 468      58449851 
 468      F5D1279F 
 468      2EF6
 469 0a75 5BBE9C73 		.ascii	"[\276\234s\012X\355\037d\014R\004m\216\012W\353\365"
 469      0A58ED1F 
 469      640C5204 
 469      6D8E0A57 
 469      EBF5
 470 0a87 DBC3228C 		.ascii	"\333\303\"\214+|\365\306\215\332\255\206m\241\332M\206"
 470      2B7CF5C6 
 470      8DDAAD86 
 470      6DA1DA4D 
 470      86
 471 0a98 4D619F1B 		.ascii	"Ma\237\033\264F\203!<Z\273%8\370\375\240\250m\357G\030"
 471      B4468321 
 471      3C5ABB25 
 471      38F8FDA0 
 471      A86DEF47 
 472 0aad 2242DF0F 		.ascii	"\"B\337\017\015\332\024\246\265\325\302\"\202\303\267"
 472      0DDA14A6 
 472      B5D5C222 
 472      82C3B7
 473 0abc 87846AB7 		.ascii	"\207\204j\267\005\005o\015\213\010\325\352CB7\007m\017"
 473      05056F0D 
 473      8B08D5EA 
 473      43423707 
 473      6D0F
 474 0ace 37EA8D5F 		.ascii	"7\352\215_D\206F/\333\312\251,\326\327\375\010\353\321"
 474      4486462F 
 474      DBCAA92C 
 474      D6D7FD08 
 474      EBD1
 475 0ae0 5F446BF5 		.ascii	"_Dk\365\321\306\0200\005&\261!$J\031\271=2$\312\331"
 475      D1C61030 
 475      0526B121 
 475      244A19B9 
 475      3D3224CA 
 476 0af5 101D191A 		.ascii	"\020\035\031\032\032\022\345d \356\242\224\333\014!"
 476      1A12E564 
 476      20EEA294 
 476      DB0C21
 477 0b04 A1516459 		.ascii	"\241QdY[\377h\343\015\270m\0123Dk\341okP\2706\322\020"
 477      5BFF68E3 
 477      0DB86D0A 
 477      33446BE1 
 477      6F6B50B8 
 478 0b1b 658CD606 		.ascii	"e\214\326\006n\374x\205\257v\375z\177\355G\001\3536"
 478      6EFC7885 
 478      AF76FD7A 
 478      7FED4701 
 478      EB36
 479 0b2d FCDB572B 		.ascii	"\374\333W+\304\012<,\2106n\003\316[\"\303\014\372\350"
 479      C40A3C2C 
 479      88366E03 
ARM GAS  /tmp/ccCUCt1o.s 			page 38


 479      CE5B22C3 
 479      0CFAE8
 480 0b40 50E3F648 		.ascii	"P\343\366H\275\321)\300\237\304\314)\300\217\015\253"
 480      BDD129C0 
 480      9FC4CC29 
 480      C08F0DAB 
 481 0b50 D8B0920D 		.ascii	"\330\260\222\015k\310\340\022\260r\275\237!bs\330\226"
 481      6BC8E012 
 481      B072BD9F 
 481      216273D8 
 481      96
 482 0b61 1FE33D98 		.ascii	"\037\343=\230{\327\272k\340{K\224a{$Y\227*\314@\006"
 482      7BD7BA6B 
 482      E07B4B94 
 482      617B2459 
 482      972ACC40 
 483 0b76 BD511366 		.ascii	"\275Q\023f &\266\005E\177\2567*V\256\321\255%_\353\025"
 483      2026B605 
 483      457FAE37 
 483      2A56AED1 
 483      AD255FEB 
 484 0b8b EBFDFEA2 		.ascii	"\353\375\376\242S\254\012\324\351\320\337\320ZepxhP"
 484      53AC0AD4 
 484      E9D0DFD0 
 484      5A657078 
 484      6850
 485 0b9d 94B0B9CB 		.ascii	"\224\260\271\313\177\2577\252,\027\030\214\342\015\376"
 485      7FAF37AA 
 485      2C17188C 
 485      E20DFE
 486 0bac 3ABCCE5F 		.ascii	":\274\316_\247\014\3704\300_\347\274!0`\365j\177\235"
 486      A70CF834 
 486      C05FE7BC 
 486      213060F5 
 486      6A7F9D
 487 0bbf D3868D7F 		.ascii	"\323\206\215\177\017X\255S~\274\301\177\265\016\257"
 487      0F58AD53 
 487      7EBCC17F 
 487      B50EAF
 488 0bce D2E93492 		.ascii	"\322\3514\2220\030\325\314mX\210\336\250\364[\363\221"
 488      3018D5CC 
 488      6D5888DE 
 488      A8F45BF3 
 488      91
 489 0bdf CED779E5 		.ascii	"\316\327y\345\332U\272\300\215:\354\027\010~\375\375"
 489      DA55BAC0 
 489      8D3AEC17 
 489      087EFDFD 
 490 0bef 74CE2B03 		.ascii	"t\316+\003V-_\375\011\035}at\002\000\014*r\233\000\311"
 490      562D5FFD 
 490      091D7D61 
 490      7402000C 
 490      2A729B00 
 491 0c04 852F9BB1 		.ascii	"\205/\233\261N\247 6x?\035\265\265\302a\300Bw\030\265"
 491      4EA72036 
 491      783F1DB5 
 491      B5C261C0 
ARM GAS  /tmp/ccCUCt1o.s 			page 39


 491      427718B5 
 492 0c18 7E1F07AE 		.ascii	"~\037\007\256\013\204\200\261\230\255Y\261c\207\226"
 492      0B8480B1 
 492      98AD59B1 
 492      638796
 493 0c27 12DBBCE2 		.ascii	"\022\333\274\342\203\025;\202a\273\\u~~\372\215\220"
 493      83153B82 
 493      61BB5C75 
 493      7E7EFA8D 
 493      90
 494 0c38 01FEA19B 		.ascii	"\001\376\241\233U$\323\011\343\377\002\015y\265L"
 494      5524D309 
 494      E3FF020D 
 494      79B54C
 495              		.text
 496              		.section	.gnu.lto_.symtab.b50830fc31156808,"",%progbits
 497 0000 5F70616C 		.ascii	"_pal_lld_init\000"
 497      5F6C6C64 
 497      5F696E69 
 497      7400
 498 000e 00       		.ascii	"\000"
 499 000f 00       		.ascii	"\000"
 500 0010 00       		.ascii	"\000"
 501 0011 00000000 		.ascii	"\000\000\000\000\000\000\000\000"
 501      00000000 
 502 0019 E7000000 		.ascii	"\347\000\000\000"
 503 001d 5F70616C 		.ascii	"_pal_lld_setgroupmode\000"
 503      5F6C6C64 
 503      5F736574 
 503      67726F75 
 503      706D6F64 
 504 0033 00       		.ascii	"\000"
 505 0034 00       		.ascii	"\000"
 506 0035 00       		.ascii	"\000"
 507 0036 00000000 		.ascii	"\000\000\000\000\000\000\000\000"
 507      00000000 
 508 003e 2E010000 		.ascii	".\001\000\000"
 509              		.text
 510              		.section	.gnu.lto_.opts,"",%progbits
 511 0000 272D666D 		.ascii	"'-fmath-errno' '-fsigned-zeros' '-ftrapping-math' '"
 511      6174682D 
 511      6572726E 
 511      6F272027 
 511      2D667369 
 512 0033 2D666E6F 		.ascii	"-fno-trapv' '-fno-openmp' '-fno-openacc' '-mcpu=cor"
 512      2D747261 
 512      70762720 
 512      272D666E 
 512      6F2D6F70 
 513 0066 7465782D 		.ascii	"tex-m4' '-mfloat-abi=hard' '-mfpu=fpv4-sp-d16' '-mn"
 513      6D342720 
 513      272D6D66 
 513      6C6F6174 
 513      2D616269 
 514 0099 6F2D7468 		.ascii	"o-thumb-interwork' '-mthumb' '-ggdb' '-O2' '-fomit-"
 514      756D622D 
 514      696E7465 
ARM GAS  /tmp/ccCUCt1o.s 			page 40


 514      72776F72 
 514      6B272027 
 515 00cc 6672616D 		.ascii	"frame-pointer' '-falign-functions=16' '-ffunction-s"
 515      652D706F 
 515      696E7465 
 515      72272027 
 515      2D66616C 
 516 00ff 65637469 		.ascii	"ections' '-fdata-sections' '-fno-common' '-flto' '-"
 516      6F6E7327 
 516      20272D66 
 516      64617461 
 516      2D736563 
 517 0132 6673696E 		.ascii	"fsingle-precision-constant'\000"
 517      676C652D 
 517      70726563 
 517      6973696F 
 517      6E2D636F 
 518              		.text
 519              		.comm	__gnu_lto_v1,1,1
 520              		.comm	__gnu_lto_slim,1,1
 521              		.ident	"GCC: (GNU Tools for ARM Embedded Processors) 5.4.1 20160919 (release) [ARM/embedded-5-bran
ARM GAS  /tmp/ccCUCt1o.s 			page 41


DEFINED SYMBOLS
                            *ABS*:00000000 pal_lld.c
                            *COM*:00000001 __gnu_lto_v1
                            *COM*:00000001 __gnu_lto_slim

NO UNDEFINED SYMBOLS
