ARM GAS  /tmp/ccqQFa1n.s 			page 1


   1              		.syntax unified
   2              		.cpu cortex-m4
   3              		.eabi_attribute 27, 1
   4              		.eabi_attribute 28, 1
   5              		.fpu fpv4-sp-d16
   6              		.eabi_attribute 20, 1
   7              		.eabi_attribute 21, 1
   8              		.eabi_attribute 23, 3
   9              		.eabi_attribute 24, 1
  10              		.eabi_attribute 25, 1
  11              		.eabi_attribute 26, 1
  12              		.eabi_attribute 30, 2
  13              		.eabi_attribute 34, 1
  14              		.eabi_attribute 18, 4
  15              		.thumb
  16              		.syntax unified
  17              		.file	"st.c"
  18              		.text
  19              	.Ltext0:
  20              		.section	.gnu.lto_.profile.cb35bb31269dcb9c,"",%progbits
  21 0000 789C6361 		.ascii	"x\234ca`d`a`\000\222R<\000\000\252\0001"
  21      60646061 
  21      60009252 
  21      3C0000AA 
  21      0031
  22              		.text
  23              		.section	.gnu.lto_.icf.cb35bb31269dcb9c,"",%progbits
  24 0000 789C6361 		.ascii	"x\234ca`d\000\001\005\006\004`e\230?\363\3201.\306\277"
  24      60640001 
  24      05060460 
  24      65983FF3 
  24      D0312EC6 
  25 0015 BD2B1E32 		.ascii	"\275+\03623\335\357<=\205\231\271\351\342\233\205l,"
  25      33DDEF3C 
  25      3D8599B9 
  25      E9E29B85 
  25      6C2C
  26 0027 17FB8ECD 		.ascii	"\027\373\216\315`e\000\000\365x\016\207"
  26      60650000 
  26      F5780E87 
  27              		.text
  28              		.section	.gnu.lto_.jmpfuncs.cb35bb31269dcb9c,"",%progbits
  29 0000 789C6361 		.ascii	"x\234ca`d\000\0011\006\004`\005\021\214@P\317\304\300"
  29      60640001 
  29      31060460 
  29      05118C40 
  29      50CFC4C0 
  30 0014 C00CA259 		.ascii	"\300\014\242Y\200\002\000\015\330\001/"
  30      8002000D 
  30      D8012F
  31              		.text
  32              		.section	.gnu.lto_.inline.cb35bb31269dcb9c,"",%progbits
  33 0000 789C6361 		.ascii	"x\234ca`d\000\201T\006\004`e``\341ad`\0022\331\026\310"
  33      60640081 
  33      54060460 
  33      656060E1 
  33      61646002 
ARM GAS  /tmp/ccqQFa1n.s 			page 2


  34 0018 83280646 		.ascii	"\203(\006F.\020\301\300\306\012\024f\373\240\007\027"
  34      2E10C1C0 
  34      C60A1466 
  34      FBA00717 
  35 0028 67626061 		.ascii	"gb`a\006\0121]\340\207\0131c\012\261`\0121\000\000\234"
  35      060A315D 
  35      E0870B31 
  35      630AB160 
  35      0A310000 
  36 003d 1B086E   		.ascii	"\033\010n"
  37              		.text
  38              		.section	.gnu.lto_.pureconst.cb35bb31269dcb9c,"",%progbits
  39 0000 789C6361 		.ascii	"x\234ca`d\340f```e\220`\224b\222b\226b\221\002\000\003"
  39      6064E066 
  39      60606065 
  39      90609462 
  39      92629662 
  40 0018 EC00A0   		.ascii	"\354\000\240"
  41              		.text
  42              		.section	.gnu.lto_stInit.cb35bb31269dcb9c,"",%progbits
  43 0000 789C258D 		.ascii	"x\234%\2151O\002A\020\205\347\315*\322\220\330\333\330"
  43      314F0241 
  43      1085E7CD 
  43      2AD290D8 
  43      DBD8
  44 0012 1843C3FA 		.ascii	"\030C\303\372[\370\007\334\205\344.j.\361\350o\024/"
  44      5BF807DC 
  44      85E42E6A 
  44      2EF1E86F 
  44      142F
  45 0024 52D2585B 		.ascii	"R\322X[\002\025\261\274\356\302\017\260\265\2601\026"
  45      0215B1BC 
  45      EEC20FB0 
  45      B5B03116 
  46 0034 C6180B28 		.ascii	"\306\030\013((\217e\006_\346e'yo\2779\"\220i\241\276"
  46      288F6506 
  46      5FE66527 
  46      796FBF39 
  46      229069A1 
  47 0049 549FA9E1 		.ascii	"T\237\251\341\010<}#\272o3`\213\264A\005\243\300\226"
  47      083C7D23 
  47      BA6F3360 
  47      8BB44105 
  47      A3C096
  48 005c 1BC6EAE9 		.ascii	"\033\306\352\351\273\342\356LT\237\345\213\223y\215"
  48      BBE2EE4C 
  48      549FE58B 
  48      93798D
  49 006b D211053E 		.ascii	"\322\021\005>\220\0103tIk_\257\273\347N\353\321j\347"
  49      90083374 
  49      496B5FAF 
  49      BBE74EEB 
  49      D16AE7
  50 007e FF21E668 		.ascii	"\377!\346h\331\271e\277\226\020\306\"\357W\201\365\347"
  50      D9B965BF 
  50      9610C622 
  50      EF5781F5 
ARM GAS  /tmp/ccqQFa1n.s 			page 3


  50      E7
  51 008f 5A433BB3 		.ascii	"ZC;\263a\266\327\375`\\7\035k\033\247\252\376>N\212"
  51      61B6D7FD 
  51      605C371D 
  51      6B1BA7AA 
  51      FE3E4E8A 
  52 00a3 462622A7 		.ascii	"F&\"\247\245C`E`\201\202J\307\364\213\207:\034\037\252"
  52      A5436045 
  52      6081824A 
  52      C7F48B87 
  52      3A1C1FAA 
  53 00b7 A6B5864A 		.ascii	"\246\265\206JP\336\205O\262\333\241\217\262(\275\316"
  53      50DE854F 
  53      B2DBA18F 
  53      B228BDCE 
  54 00c7 7C9CA451 		.ascii	"|\234\244Q\232\345^'\031\334\370\374.\366\371\250\027"
  54      9AE55E27 
  54      19DCF8FC 
  54      2EF6F9A8 
  54      17
  55 00d8 D31EA391 		.ascii	"\323\036\243\221K<"
  55      4B3C
  56              		.text
  57              		.section	.gnu.lto_stStartAlarm.cb35bb31269dcb9c,"",%progbits
  58 0000 789C9D52 		.ascii	"x\234\235RMh\023A\030\2357\023wc\300\332\213 \0300 "
  58      4D681341 
  58      189D3713 
  58      7763C0DA 
  58      8B201830 
  59 0015 A1D643A7 		.ascii	"\241\326C\247\321\243\007/\"\010\355E{\361$MZH0%\245"
  59      D1A3072F 
  59      2208ED45 
  59      7BF1244D 
  59      5A483025 
  60 002a 095E3B49 		.ascii	"\011^;I\263J\305\203\010\026,\226\034Jh\033M\223\370"
  60      B34AC583 
  60      08162C96 
  60      1C4A681B 
  60      4D93F8
  61 003d 13AD115C 		.ascii	"\023\255\021\\\202 \"\255\010z\362\207P\241JQH1*Rl\374"
  61      822022AD 
  61      087AF287 
  61      50A14A51 
  61      48312A52 
  62 0053 661BC17A 		.ascii	"f\033\301z\020q\330\235\231o\346}\357\275of\\\014L\267"
  62      1071D89D 
  62      996FE67D 
  62      EFBD6F66 
  62      5C0C4CB7 
  63 0067 279CB161 		.ascii	"'\234\261a\032\367\320\017\301\300/-1\226ts@O\224\033"
  63      1AF7D00F 
  63      C1C02F2D 
  63      31967473 
  63      404F941B 
  64 007b 6C946314 		.ascii	"l\224c\024_\370\017\216\352\371\225\005\3369\243\250"
  64      5FF80F8E 
  64      EAF99505 
ARM GAS  /tmp/ccqQFa1n.s 			page 4


  64      DE39A3A8 
  65 008b D5B2EFBB 		.ascii	"\325\262\357\273\325\254\015K0\326\344\016\023\303\014"
  65      D5AC0D4B 
  65      30D6E40E 
  65      13C30C
  66 009a 3A09F53C 		.ascii	":\011\365<]\274&\032\334\022\200\213\302\265\305\311"
  66      5DBC261A 
  66      DC12808B 
  66      C2B5C5C9 
  67 00aa 776D3AE4 		.ascii	"wm:\344\360Q\270\236+\276\336)\366\203\321\374\303\303"
  67      F051B89E 
  67      2BBEDE29 
  67      F683D1FC 
  67      C3C3
  68 00bc DA657464 		.ascii	"\332etd\225J)\265>\240\266[B \007A|\230\203\027\263"
  68      954A29B5 
  68      3EA0B65B 
  68      42200741 
  68      7C988317 
  69 00d1 F0325A62 		.ascii	"\3602Zb\270\216\016\015_.m\\\331a\244\265\274o\374\227"
  69      B88E0E0D 
  69      5F2E6D5C 
  69      D961A4B5 
  69      BC6FFC97 
  70 00e5 2E6EC0D0 		.ascii	".n\300\320\225\024N\330\252\331\034Sj*\220\333g\220"
  70      95144ED8 
  70      AAD91C53 
  70      6A2A90DB 
  70      6790
  71 00f7 7D9DC4EA 		.ascii	"}\235\304\352\004\321u\254q\256G\261\214T\273\246\032"
  71      04D175AC 
  71      71AE47B1 
  71      8C54BBA6 
  71      1A
  72 0108 B72F3CF2 		.ascii	"\267/<\362\210n\307E&W\376\010\377\264vaW\316\211\253"
  72      886EC745 
  72      2657FE08 
  72      FFB47661 
  72      57CE89AB 
  73 011c CA4EFBB4 		.ascii	"\312N\373\264\223\374V'N\205\363\360\217\011\316VP\235"
  73      93FC5627 
  73      4E85F3F0 
  73      8F09CE56 
  73      509D
  74 012e FC5EAE58 		.ascii	"\374^\256Xm[]\331O_\0044\3041\325\344\370\3234C\001"
  74      6D5B5DD9 
  74      4F5F0434 
  74      C431D5E4 
  74      F8D33443 
  75 0143 06B11461 		.ascii	"\006\261\024a\320\316\204U}f\352\203q9\300\245\374\267"
  75      D0CE8455 
  75      7D66EA83 
  75      7139C0A5 
  75      FCB7
  76 0155 BA6733D4 		.ascii	"\272g3\324`}t\323\363_\037\2733\230JR\334n\211m\270"
  76      607D74D3 
  76      F35F1FBB 
ARM GAS  /tmp/ccqQFa1n.s 			page 5


  76      33984A52 
  76      DC6E896D 
  77 016a 495E4ADA 		.ascii	"I^J\332\013m\346\026\033\237M\231W\351\244\252\275\372"
  77      0B6DE616 
  77      1B9F4D99 
  77      57E9A4AA 
  77      BDFA
  78 017c B46BAF25 		.ascii	"\264k\257%\014\334B\006\033T\262\243C\230\346D\351\215"
  78      0CDC4206 
  78      1B54B2A3 
  78      4398E644 
  78      E98D
  79 018e 1128688C 		.ascii	"\021(h\214:e\011\023\267!q\300\333\002\340\016\002\255"
  79      3A650913 
  79      B72171C0 
  79      DB02E00E 
  79      02AD
  80 01a0 6A1AC5B7 		.ascii	"j\032\305\267)\263\345\353_U\325\021\315Xv$\321b\274"
  80      29B3E5EB 
  80      5F55D511 
  80      CD587624 
  80      D162BC
  81 01b3 0BF97B65 		.ascii	"\013\371{e&\255\337\243L\255P\377_\205\005G\201\267"
  81      26ADDFA3 
  81      4CAD50FF 
  81      5F850547 
  81      81B7
  82 01c5 14EE3B0A 		.ascii	"\024\356;\012\0172\027\347<\233\012\034\025\312\244"
  82      0F3217E7 
  82      3C9B0A1C 
  82      15CAA4
  83 01d4 8BAD6557 		.ascii	"\213\255eWw;\257A\337\000[E\312~yL\307\316\315\325\311"
  83      773BAF41 
  83      DF005B45 
  83      CA7E794C 
  83      C7CECDD5 
  84 01e9 223D003A 		.ascii	"\"=\000:\033\277\014\307\206\006e0\026\214\234\211\311"
  84      1BBF0CC7 
  84      86066530 
  84      168C9C89 
  84      C9
  85 01fa 5038128C 		.ascii	"P8\022\214\304\342\222\276p\177T\306GB2\236\350\012"
  85      C4E292BE 
  85      707F54C6 
  85      4742329E 
  85      E80A
  86 020c 31B33F18 		.ascii	"1\263?\030OD\206\006]\272;\374\267\224\341\330H\".O"
  86      4F448606 
  86      5DBA3BFC 
  86      B794E1D8 
  86      48222E4F 
  87 0220 F6F51E3A 		.ascii	"\366\365\036:({z\216\312\276\343\275g\003Dr:\032\035"
  87      287B7A8E 
  87      CABEE3BD 
  87      67034472 
  87      3A1A1D
  88 0233 E80AB39F 		.ascii	"\350\012\263\237/\177\035]"
ARM GAS  /tmp/ccqQFa1n.s 			page 6


  88      2F7F1D5D 
  89              		.text
  90              		.section	.gnu.lto_stStopAlarm.cb35bb31269dcb9c,"",%progbits
  91 0000 789C7D50 		.ascii	"x\234}P\277KBQ\024\276\337}\362z\024ASKBA4\270x\265"
  91      BF4B4251 
  91      14BEDF7D 
  91      F27A1441 
  91      534B4241 
  92 0018 96A0B525 		.ascii	"\226\240\265%\320\245\334#-x\222\361B\245\325g\371h"
  92      D0A5DC23 
  92      2D7892F1 
  92      42A5D567 
  92      F968
  93 002a 6DA92D1C 		.ascii	"m\251-\034\0324\363\007n5\024\"HC\244\377AH\220CC)Y"
  93      1A34F307 
  93      6E351422 
  93      4843A4FF 
  93      41489043 
  94 0041 4DF93AF7 		.ascii	"M\371:\367\271\024A\207{9\367\334\357\373\316w\356u"
  94      B9144187 
  94      7B39F7DC 
  94      EFFBCE77 
  94      EE75
  95 0053 3130198B 		.ascii	"10\031\213\224\"\224\247hCa\340GM\306\322\032\007\344"
  95      942294A7 
  95      684361E0 
  95      474DC6D2 
  95      1A07E4
  96 0066 C1D4C052 		.ascii	"\301\324\300R\034)\274\363/\216\372a\347\212{r&E\373"
  96      1C29BCF3 
  96      2F8EFA61 
  96      E78A7B72 
  96      2645FB
  97 0079 E9C567E6 		.ascii	"\351\305g\346k\260\024\306l\356tb\310\301\303\210\366"
  97      6BB014C6 
  97      6CEE7462 
  97      C8C1C388 
  97      F6
  98 008a 581D1C8F 		.ascii	"X\035\034\217\253\031I\233\031\202\310C\225v\225\325"
  98      AB19499B 
  98      1982C843 
  98      957695D5 
  99 009a 9A69DB07 		.ascii	"\232i\333\007\246\331\363\335\314\222\262K\240\264\351"
  99      A6D9F3DD 
  99      CC92B24B 
  99      A0B4E9
 100 00a9 712EB3D2 		.ascii	"q.\263\322A\275\177Yl5\306~w\251\335=\370\235\0366\307"
 100      41BD7F59 
 100      6C35C67E 
 100      77A9DD3D 
 100      F89D1E36 
 101 00be 1F039C43 		.ascii	"\037\003\234C%\207\002TBN\254zk\244\317-\005\016\261"
 101      25870254 
 101      424EAC7A 
 101      6BA4CF2D 
 101      050EB1
 102 00d1 59FAEC8E 		.ascii	"Y\372\354\216\016KIv\321\325Y\371\343V\313\3424M\365"
ARM GAS  /tmp/ccqQFa1n.s 			page 7


 102      0E4B4976 
 102      D1D559F9 
 102      E356CBE2 
 102      344DF5
 103 00e4 84A57014 		.ascii	"\204\245p\024\341\306\005\334L\362\013\367\375\267\021"
 103      E1C605DC 
 103      4CF20BF7 
 103      FDB711
 104 00f3 51323369 		.ascii	"Q23i\263]\275\236\234\266\024\005%d1\2409\035\037\224"
 104      B35DBD9E 
 104      9CB61405 
 104      256431A0 
 104      391D1F94 
 105 0107 217EDA28 		.ascii	"!~\332(`\250\220\370\031\373\355\306\253&gt\276\242"
 105      60A890F8 
 105      19FBEDC6 
 105      AB266774 
 105      BEA2
 106 0119 4B83D283 		.ascii	"K\203\322\203H6'tcgK\204\215pt\333\020\021=\032\216"
 106      48362774 
 106      63674B84 
 106      8D7074DB 
 106      10113D1A 
 107 012e 1A09414B 		.ascii	"\032\011AK\337\210\211D<\"\022Io\204-\375\307\3325\342"
 107      DF888944 
 107      3C221249 
 107      6F842DFD 
 107      C7DA35E2 
 108 0142 C984580B 		.ascii	"\311\204X\013\005\027\346E \260,B+\301=?\351\326c\261"
 108      0517E645 
 108      20B02C42 
 108      2BC13D3F 
 108      E9D663B1 
 109 0156 4DAFCEBE 		.ascii	"M\257\316\276\001\356\300\225\275"
 109      01EEC095 
 109      BD
 110              		.text
 111              		.section	.gnu.lto_stSetAlarm.cb35bb31269dcb9c,"",%progbits
 112 0000 789C7D50 		.ascii	"x\234}PMh\023A\030\2357\223nb\301\332[\005\003\006$"
 112      4D681341 
 112      189D3793 
 112      6E62C1DA 
 112      5B050306 
 113 0015 D47AE834 		.ascii	"\324z\3504z\364*\210\320^\264\027O\322\244\205\004S"
 113      7AF42A88 
 113      D05EB417 
 113      4FD2A485 
 113      0453
 114 0027 B634C16B 		.ascii	"\2664\301k'i\226RO\"XhQr(\2415\232&\261Z\360 .A\360"
 114      27699652 
 114      4F225868 
 114      517228A1 
 114      359A26B1 
 115 0041 20AD78F6 		.ascii	" \255x\366\207P\241\210\212\244X\033\244\330\365\373"
 115      8750A188 
 115      8AA4581B 
 115      A4D8F5FB 
ARM GAS  /tmp/ccqQFa1n.s 			page 8


 116 0051 B67AA807 		.ascii	"\266z\250\007\207\231\235y;o\336\367\336\027\020\020"
 116      87999D79 
 116      3B6FDEF7 
 116      DE171010 
 117 0061 3C3AA410 		.ascii	"<:\244\020\023\264\237\240\005% om\010\221\013I\200"
 117      13B49FA0 
 117      0525206F 
 117      6D08910B 
 117      4980
 118 0073 0F260431 		.ascii	"\017&\0041%1\205\037\362\227Dcf\353\251\354[24\232\245"
 118      2531851F 
 118      F2974463 
 118      66EBA9EC 
 118      5B32349A 
 119 0088 DD01B3EC 		.ascii	"\335\001\263\354\302QBx\322W\022XB\037\261\336\024j"
 119      C2514278 
 119      D2571258 
 119      421FB1DE 
 119      146A
 120 009a 77D58E74 		.ascii	"w\325\216t\024\020 \270\275\276\360\261\213\241D\204"
 120      141020B8 
 120      BDBEF0B1 
 120      8BA14484 
 121 00aa E05EB9F6 		.ascii	"\340^\271\366\356\230:\015A\347O\317\233\267\321[2&"
 121      EE983A0D 
 121      41E74FCF 
 121      9BB7D15B 
 121      3226
 122 00bc 6F4C7BD4 		.ascii	"oL{\324\034q\224B\031\212\364p\037a,#,\350\227\300\003"
 122      1C719442 
 122      198AF470 
 122      1F612C23 
 122      2CE897C0 
 123 00d1 F4327DB3 		.ascii	"\3642}\263\276\177\347\250U\340\362\221\331\277u\361"
 123      BE7FE7A8 
 123      55E0F291 
 123      D9BF75F1 
 124 00e1 101627A9 		.ascii	"\020\026'\251^v\215\347M\0333\037\373p*@\366\371\221"
 124      5E768DE7 
 124      4D1B331F 
 124      FB702A40 
 124      F6F991
 125 00f4 68118573 		.ascii	"h\021\205slK\311\273\332D\276\233\245f\335\233/:\325"
 125      6C4BC9BB 
 125      DA44BE9B 
 125      A566DD9B 
 125      2F3AD5
 126 0107 80EFA258 		.ascii	"\200\357\242X^\373\212\350\"\273pWg\324\274q\013\021"
 126      5EFB8AE8 
 126      22BB7057 
 126      67D4BC71 
 126      0B11
 127 0119 765239EC 		.ascii	"vR9\354\304O\270\202\350\264\222b\013\215\205\237k_"
 127      C44FB882 
 127      E8B49262 
 127      0B8D859F 
 127      6B5F
ARM GAS  /tmp/ccqQFa1n.s 			page 9


 128 012b 9CAEC3AE 		.ascii	"\234\256\303\256\334W\337bL\361My\022\377\232\026\250"
 128      DC57DF62 
 128      4CF14D79 
 128      12FF9A16 
 128      A8
 129 013c C222951A 		.ascii	"\302\"\225\032,\272\231s\032\257\203\334\230\200O\334"
 129      2CBA9973 
 129      1AAF83DC 
 129      98804FDC 
 130 014c A8B45B9D 		.ascii	"\250\264[\235\007\220\311\334\272\305\225\335\227\241"
 130      0790C9DC 
 130      BAC595DD 
 130      97A1
 131 015a 22EEE508 		.ascii	"\"\356\345\010w;\252\003\217\310K\235\275\320ey}\347"
 131      773BAA03 
 131      8FC84B9D 
 131      BDD06579 
 131      7DE7
 132 016c 7B50574C 		.ascii	"{PWL!g\232o+='\035ea\025E\354Sd\277\016q\274\271\372"
 132      21679A6F 
 132      2B3D271D 
 132      65611545 
 132      EC5364BF 
 133 0185 7B2B5665 		.ascii	"{+Ve\216\271\352\250 \036C\343L\370\017\001O\020\343"
 133      8EB9EAA8 
 133      201E43E3 
 133      4CF80F01 
 133      4F10E3
 134 0198 34D49466 		.ascii	"4\324\224f\251}\334\357$\273\027\237\221w\237]d\354"
 134      A97DDCEF 
 134      24BB179F 
 134      91779F5D 
 134      64EC
 135 01aa A76E5112 		.ascii	"\247nQ\022j\036\351Fu\322\036\037\323q;\236\272n\353"
 135      6A1EE946 
 135      75D21E1F 
 135      D3713B9E 
 135      BA6EEB
 136 01bd 4432154F 		.ascii	"D2\025O\331\031M39\222\326\231\311\204\316d\373\023"
 136      D9194D33 
 136      3992D699 
 136      C984CE64 
 136      FB13
 137 01cf 223812CF 		.ascii	"\"8\022\317dS\343c\001\376\234\377\337\223\011{2\233"
 137      6453E363 
 137      01FE9CFF 
 137      DF93097B 
 137      329B
 138 01e1 D1578687 		.ascii	"\321W\206\207\316\235\325\203\203\027\364\360\245\241"
 138      CE9DD583 
 138      8317F4F0 
 138      A5A1
 139 01ef 1B3112B9 		.ascii	"\0331\022\271\226N\217\366'\305oH\377\331]"
 139      964E8FF6 
 139      27C56F48 
 139      FFD95D
 140              		.text
ARM GAS  /tmp/ccqQFa1n.s 			page 10


 141              		.section	.gnu.lto_stGetAlarm.cb35bb31269dcb9c,"",%progbits
 142 0000 789C7D8F 		.ascii	"x\234}\217=,CQ\024\307\357\377\336zm$\304f\320A\"\006"
 142      3D2C4351 
 142      14C7EFFF 
 142      DE7A6D24 
 142      C466D041 
 143 0016 065719AD 		.ascii	"\006W\031\255\006\022\026\0146\321\222\264Qy\242\"1"
 143      0612160C 
 143      36D192B4 
 143      5179A222 
 143      31
 144 0027 B9D5BEC1 		.ascii	"\271\325\276\301\306\300\200\246\203\210\317\252\216"
 144      C6C080A6 
 144      8388CFAA 
 144      8E
 145 0034 16118988 		.ascii	"\026\021\211\210\301\347.iH\014&\342+\006\3579\247,"
 145      C1E72E69 
 145      480C26E2 
 145      2B06EF39 
 145      A72C
 146 0046 0C6EEEC9 		.ascii	"\014n\356\311\271\377\234\337=\347\374}\002\202\317"
 146      B9FF9CDF 
 146      3DE7FC7D 
 146      0282CF
 147 0055 14A508E5 		.ascii	"\024\245\010\345\032\012(\0019w.D2 \001~\230\000\304"
 147      1A0A2801 
 147      39772E44 
 147      3220017E 
 147      9800C4
 148 0068 B4C4345E 		.ascii	"\264\3044^\345\247\304UzoE\275H\2070\037\311\247\263"
 148      E5A7C455 
 148      7A6F45BD 
 148      4887301F 
 148      C9A7B3
 149 007b A5BB4A96 		.ascii	"\245\273J\226@-\311es=\353oX7f\306\024\327\334\376\371"
 149      402DC965 
 149      733DEB6F 
 149      583766C6 
 149      14D7DCFE 
 150 0090 94D3E128 		.ascii	"\224\323\341()<)\260\201 \326\021\344\021\233h\020\004"
 150      293C29B0 
 150      8120D611 
 150      E4119B68 
 150      1004
 151 00a2 DF16DC85 		.ascii	"\337\026\334\205\012+m\350\324\316*\301\024\025\267"
 151      0A2B6DE8 
 151      D4CE2AC1 
 151      1415B7
 152 00b1 60F156F9 		.ascii	"`\361V\371\236C\343y)c>\232\335:j\301m\304#\005\257"
 152      9E43E379 
 152      29633E9A 
 152      DD3A6AC1 
 152      6DC42305 
 153 00c6 F4242567 		.ascii	"\364$%gu\217\243\203\375\035\357\330\372\335\355\360"
 153      758FA383 
 153      FD1DEFD8 
 153      FADDEDF0 
ARM GAS  /tmp/ccqQFa1n.s 			page 11


 154 00d6 D445A991 		.ascii	"\324E\251\221'\361w\220\3006,\032\263\003+\245\330\320"
 154      27F17790 
 154      C0362C1A 
 154      B3032BA5 
 154      D8D0
 155 00e8 A27374E1 		.ascii	"\242st\341g\007\252\304\236\347\336\037\313\277%\363"
 155      6707AAC4 
 155      9EE7DE1F 
 155      CBBF25F3 
 156 00f8 EC7175F7 		.ascii	"\354qu\367\355$\220E&I\272\312Q>\354\222\225\034[\241"
 156      ED249045 
 156      2649BACA 
 156      513EEC92 
 156      951C5BA1 
 157 010c E2D6D9CB 		.ascii	"\342\326\331\313\263_\347L:i\212\205\317\352NG\225!"
 157      B35FE74C 
 157      3A698A85 
 157      CFEA4E47 
 157      9521
 158 011e 8F2C5C5A 		.ascii	"\217,\\Z\2654\212\030o\261pc\205\362\314\230\014\034"
 158      B5348A18 
 158      6FB17063 
 158      85F2CC98 
 158      0C1C
 159 0130 65610F1A 		.ascii	"ea\017\032\215\301\037\002\005\204\304\003f\212k\336"
 159      8DC11F02 
 159      0584C403 
 159      668A6BDE 
 160 0140 2578ED14 		.ascii	"%x\355\024{e\267`\227\364\256\327Q{tX\207\355pl\304"
 160      7B65B760 
 160      97F4AED7 
 160      517B7458 
 160      87ED706C 
 161 0155 D691682C 		.ascii	"\326\221h,\034\263\023\232nt0\256\023\343\021\235\230"
 161      1CB3139A 
 161      6E7430AE 
 161      13E3119D 
 161      98
 162 0166 688A88B6 		.ascii	"h\212\210\266\377\2501{|\"\241{\373\272[[tWW\273\356"
 162      FFA8317B 
 162      7C22A17B 
 162      FBBA5B5B 
 162      745757BB 
 163 017b EBEC9E0C 		.ascii	"\353\354\236\014\321\277\201x|\250)*\276\000\325V\252"
 163      D1BF8178 
 163      7CA8292A 
 163      BE00D556 
 163      AA
 164 018c 4C       		.ascii	"L"
 165              		.text
 166              		.section	.gnu.lto_.symbol_nodes.cb35bb31269dcb9c,"",%progbits
 167 0000 789C55C8 		.ascii	"x\234U\310A\015\2000\020\005\321\331\337\326\007\210"
 167      410D8030 
 167      1005D1D9 
 167      DFD60788 
 168 0010 E4BC9550 		.ascii	"\344\274\225P\2408@\005\"\320\200\022B\303m\3472\311"
 168      A0384005 
ARM GAS  /tmp/ccqQFa1n.s 			page 12


 168      22D08012 
 168      42C36DE7 
 168      32C9
 169 0022 CB180B23 		.ascii	"\313\030\013#59\264\033\306\256:\017Y\345\026e\223+"
 169      3539B41B 
 169      C6AE3A0F 
 169      59E51665 
 169      932B
 170 0034 CA2E4F51 		.ascii	"\312.OQ\272<\007\261C^~\201Z'H\024\316\3475>\226}\034"
 170      BA3C07B1 
 170      435E7E81 
 170      5A274814 
 170      CEE7353E 
 171 004b 2B       		.ascii	"+"
 172              		.text
 173              		.section	.gnu.lto_.refs.cb35bb31269dcb9c,"",%progbits
 174 0000 789C6361 		.ascii	"x\234ca`\004B \000\000\0009\000\007"
 174      60044220 
 174      00000039 
 174      0007
 175              		.text
 176              		.section	.gnu.lto_.decls.cb35bb31269dcb9c,"",%progbits
 177 0000 789CB557 		.ascii	"x\234\265W{LT\331\031\277\347\236\001\206a\000w4\033"
 177      7B4C54D9 
 177      19BFE79E 
 177      01866100 
 177      77341B
 178 0013 9BD2D46C 		.ascii	"\233\322\324l0\3224:\242\333\272M\223\215\356\350Z\223"
 178      30D2343A 
 178      A2DBBA4D 
 178      938DEEE8 
 178      5A93
 179 0025 75DB8C74 		.ascii	"u\333\214t\323\244M&\210\270\220\3620\314\270\311\376"
 179      D3A44D26 
 179      88B890F2 
 179      30CCB8C9 
 179      FE
 180 0036 D1F622AC 		.ascii	"\321\366\"\254\342\253\202 \"\202 \310K| (\212\2032"
 180      E2AB8220 
 180      228220C8 
 180      4B7C2028 
 180      8A8332
 181 0049 2B3A82C2 		.ascii	"+:\202\302.\242\200\200\010\253\342\372`\021\020E|\321"
 181      2EA28080 
 181      08ABE2FA 
 181      60111045 
 181      7CD1
 182 005b EF3CEEDC 		.ascii	"\357<\356\334\3138\330m\233\336\3147\367|\347\374\276"
 182      CB38D86D 
 182      9BDECC37 
 182      F77CE7FC 
 182      BE
 183 006c DFF73A77 		.ascii	"\337\367:w\356\031\215\200\004r}\374\216 8DA\310\007"
 183      EE198D80 
 183      04727DFC 
 183      8E203844 
 183      41C807
ARM GAS  /tmp/ccqQFa1n.s 			page 13


 184 007f 75022E6F 		.ascii	"u\002.o\230\373LP.\242\037\006\251\0059\013\342\000"
 184      98FB4C50 
 184      2EA21F06 
 184      A905390B 
 184      E200
 185 0091 A907B920 		.ascii	"\251\007\271 \274y\021\034\346\366N\220C|^\344k\236"
 185      BC79111C 
 185      E6F64E90 
 185      437C5EE4 
 185      6B9E
 186 00a3 6C08AF96 		.ascii	"l\010\257\226\333\030@f\200\234\002\321A<Z\220.\030"
 186      DB184066 
 186      809C02D1 
 186      413C5A90 
 186      2E18
 187 00b5 3771DE09 		.ascii	"7q\336\011b\000sc\234\223\330\352\021\235\022~\212&"
 187      62007363 
 187      9C93D8EA 
 187      119D127E 
 187      8A26
 188 00c7 F3925835 		.ascii	"\363\222X5\234W\346jb\346.{\202\371\231\233\235\300"
 188      9C57E66A 
 188      62E62E7B 
 188      82F9999B 
 188      9DC0
 189 00d9 73FC3131 		.ascii	"s\37411!\036\223\310m~\316c\231\343\306I\352\345\363"
 189      211E93C8 
 189      6D7ECE63 
 189      99E3C649 
 189      EAE5F3
 190 00ec 1F7011FC 		.ascii	"\037p\021\374/8\327/\335\270^\211\350h\342S\207\256"
 190      2F38D72F 
 190      DDB85E89 
 190      E868E253 
 190      87AE
 191 00fe 1B7522C0 		.ascii	"\033u\"\300\242it\026!\366\215\250\010L\250\012\003"
 191      A2697416 
 191      21F68DA8 
 191      084CA80A 
 191      03
 192 010f 51E05CF2 		.ascii	"Q\340\\\362\024\222\201\\\027\345\241\340\"\243\037"
 192      1492815C 
 192      17E5A1E0 
 192      22A31F
 193 011e 6E4FF705 		.ascii	"nO\367\005\275(\211\302\216\270\021\323\271\261 {\020"
 193      BD2889C2 
 193      8EB811D3 
 193      B9B1207B 
 193      10
 194 012f 15075C95 		.ascii	"\025\007\\\225\015T|,\\N\247\304\354\312\011\311Io\252"
 194      0D547C2C 
 194      5C4EA7C4 
 194      ECCA09C9 
 194      496FAA
 195 0142 1CECF5C2 		.ascii	"\034\354\365\302\"\"\343\336\361\322\217\347\035\222"
 195      2222E3DE 
 195      F1D28FE7 
ARM GAS  /tmp/ccqQFa1n.s 			page 14


 195      1D92
 196 0150 E04A9524 		.ascii	"\340J\225$\361'Je\256$W\344\340Q\021\031tH\003\352p"
 196      F1274A65 
 196      AE2457E4 
 196      E0511119 
 196      744803EA 
 197 0165 73F6ED00 		.ascii	"s\366\355\000Pg\350\320,P_5\356\315\026gfR\273$i\226"
 197      5067E8D0 
 197      2C505F35 
 197      EECD1667 
 197      6652BB24 
 198 017b 067DF62E 		.ascii	"\006}\366.*GA\350 \012\002G\207\320L\370^\255aL\331"
 198      2A4741E8 
 198      200A0247 
 198      87D04CF8 
 198      5EAD614C 
 199 0190 1D578FF8 		.ascii	"\035W\217\370\277\227/\345WH}mC\013\367H\216d0\023\011"
 199      BF972FE5 
 199      57487D6D 
 199      430BF748 
 199      8E643013 
 200 01a5 0A95228C 		.ascii	"\012\225\"\214\312\320<\022\035\014\311\255\004uC\330"
 200      CAD03C12 
 200      1D0CC9AD 
 200      047543D8 
 201 01b5 87D17B60 		.ascii	"\207\321{`\231t\250k\213\027\376\200\006\332\323PVN"
 201      9974A86B 
 201      8B17FE80 
 201      06DAD350 
 201      564E
 202 01c7 E299A343 		.ascii	"\342\231\243C$\335@\322\274\201\232q\1776E\020\255;"
 202      24DD40D2 
 202      BC819A71 
 202      7F364510 
 202      AD3B
 203 01d9 460EF8E0 		.ascii	"F\016\370\340ed,:\267WU\372\241\020]1\211\260\357\212"
 203      65642C3A 
 203      B75755FA 
 203      A1105D31 
 203      89B0EF8A 
 204 01ed 7369DA26 		.ascii	"si\332&\342\262\012\351\3201\305\345\034\035|\247H\322"
 204      E2B20AE9 
 204      D031C5E5 
 204      1C1D7CA7 
 204      48D2
 205 01ff 069284A1 		.ascii	"\006\222\204\241!@p\345\200*Q\010\341%@T\001\223Ga\022"
 205      214070E5 
 205      802A5108 
 205      E1254054 
 205      01934761 
 206 0214 7C941D48 		.ascii	"|\224\035H+\360\306E\210:\331s\374\340\230\316\345\344"
 206      2BF0C645 
 206      883AD973 
 206      FCE098CE 
 206      E5E4
 207 0226 CCD6F7A1 		.ascii	"\314\326\367\241\216\323P5\3708\256\370\000\227S:9\341"
 207      8ED35035 
ARM GAS  /tmp/ccqQFa1n.s 			page 15


 207      F838AEF8 
 207      0097533A 
 207      39E1
 208 0238 D9C98E13 		.ascii	"\331\311\216\023\335/\003\3613\346d\342\351\335\023"
 208      DD2F03F1 
 208      33E664E2 
 208      E9DD13
 209 0247 3AA40BF1 		.ascii	":\244\013\361\314P\343\201\201\205\263\253\365W\007"
 209      CC50E381 
 209      8185B3AB 
 209      F55707
 210 0256 4938A720 		.ascii	"I8\247 \234\223J8\3254\034p\222W\336S\350\243!\333\236"
 210      9C934A38 
 210      D5341C70 
 210      9257DE53 
 210      E8A321DB 
 211 026b 20A05730 		.ascii	" \240W0W]\261c\330k\312\256\332iWO#\336\326\376\341"
 211      575DB163 
 211      D86BCAAE 
 211      DA69574F 
 211      23DED6FE 
 212 0280 AC445F68 		.ascii	"\254D_hk\037i\353\250>3Ij\000\273Y\004\206\216(\016"
 212      6B1F69EB 
 212      A83E3349 
 212      6A00BB59 
 212      04868E28 
 213 0295 8FA8DB5A 		.ascii	"\217\250\333ZK\333\332\370\2422\000W\261\375W\371\374"
 213      4BDBDAF8 
 213      A2320057 
 213      B1FD57F9 
 213      FC
 214 02a6 FE8096B1 		.ascii	"\376\200\226\2618\236:\365Rj\242$-\246[\343\214\302"
 214      389E3AF5 
 214      526AA224 
 214      2DA65BE3 
 214      8CC2
 215 02b8 7146CD71 		.ascii	"qF\315q\226r\354\254\032\313\363\302u\214d\350\207\261"
 215      9672ECAC 
 215      1ACBF3C2 
 215      758C64E8 
 215      87B1
 216 02ca 83FE9CA4 		.ascii	"\203\376\234\244\362\242LB\002\251SH\352\324$\016Jr"
 216      F2A24C42 
 216      02A95348 
 216      EAD4240E 
 216      4A72
 217 02dc 68B4A5D2 		.ascii	"h\264\245\322\037_b$\347'\276i\363Q'O\352\242d\177n"
 217      1F5F6224 
 217      E727BE69 
 217      F351274F 
 217      EAA2647F 
 218 02f1 D29EDE76 		.ascii	"\322\236\336v,\373\226\310=>\276\350\357\332\323\200"
 218      2CFB96C8 
 218      3D3EBEE8 
 218      EFDAD380 
 219 0301 425F2B3E 		.ascii	"B_+>\277V\373\254\247>\207\267=\312\017\304m\314\347"
 219      BF56FBAC 
ARM GAS  /tmp/ccqQFa1n.s 			page 16


 219      A73E87B7 
 219      3DCA0FC4 
 219      6DCCE7
 220 0314 C9B19777 		.ascii	"\311\261\227wi\340\320\260\364\216\277%\026nt\244\""
 220      69E0D0B0 
 220      F48EBF25 
 220      166E74A4 
 220      22
 221 0325 FAFCA0F3 		.ascii	"\372\374\240\363\012\313y\312\002\203\013\224\341E\377"
 221      0ACB79CA 
 221      02830B94 
 221      E145FF
 222 0334 D1EFF5FA 		.ascii	"\321\357\365\372-\312~\240x%R'\322S4\334\211\213\357"
 222      2DCA7EA0 
 222      78255227 
 222      D25334DC 
 222      898BEF
 223 0347 76D5F9B2 		.ascii	"v\325\371\262\347\370:}\032\355\243\227\274\230\256"
 223      E7F83A7D 
 223      1AEDA397 
 223      BC98AE
 224 0356 25CB83E5 		.ascii	"%\313\203\345'\375\331s\355 \313W\357\356O\326\263\345"
 224      27FDD973 
 224      ED20CB57 
 224      EFEE4FD6 
 224      B3E5
 225 0368 16A2D7B7 		.ascii	"\026\242\327\267_\034\322\340\\L\303m)Ii\301:\330\211"
 225      5F1CD2E0 
 225      5C4CC36D 
 225      294969C1 
 225      3AD889
 226 037b 493F7A2F 		.ascii	"I?z/75\275h\366\302\205\314~\353\205\023N\376\233\322"
 226      3735BD68 
 226      F6C285CC 
 226      7EEB8513 
 226      4EFE9BD2 
 227 038f 40F48CD3 		.ascii	"@\364\214\323\365v?\\\314\026oo\271U\357\215\313\231"
 227      F5763F5C 
 227      CC166F6F 
 227      B955EF8D 
 227      CB99
 228 03a1 228765E0 		.ascii	"\"\207e\340a\345u?\271\204\360Q\266h?Y\353\344)\314"
 228      61E5753F 
 228      B984F051 
 228      B6683F59 
 228      EBE429CC 
 229 03b5 27CFFD50 		.ascii	"'\317\375PS\256\037S\247\221M|\267\321\251c\031I\010"
 229      53AE1F53 
 229      A7914D7C 
 229      B7D1A963 
 229      194908
 230 03c8 F433AD37 		.ascii	"\3643\2557\026\343\343\314\362\334HE\011\317\016\203"
 230      16E3E3CC 
 230      F2DC4845 
 230      09CF0E83 
 231 03d8 FA68AC60 		.ascii	"\372h\254`\263\226\344#\311\2254\250[~\235<+\310\030"
 231      B396E423 
ARM GAS  /tmp/ccqQFa1n.s 			page 17


 231      C99534A8 
 231      5B7E9D3C 
 231      2BC818
 232 03eb 843A582E 		.ascii	"\204:X.\233r{\253\274\014\251\374\307r\261\215>\352"
 232      9B727BAB 
 232      BC0CA9FC 
 232      C772B18D 
 232      3EEA
 233 03fd 6D00BF46 		.ascii	"m\000\277F\341\235\310 \033\021\364\315\2279\027\260"
 233      E19DC820 
 233      1B11F4CD 
 233      973917B0 
 234 040d 1ADDF436 		.ascii	"\032\335\3646\364\221\302\242\335:|\212\205\271\367"
 234      F491C2A2 
 234      DD3A7C8A 
 234      85B9F7
 235 041c 71CF7DDE 		.ascii	"q\317}\336\263\020P\213\237\332\223\264\270\226\255"
 235      B310508B 
 235      9FDA93B4 
 235      B896AD
 236 042b A59FCD6D 		.ascii	"\245\237\315m\366\301\016\246\310\277\312\006\366\253"
 236      F6C10EA6 
 236      C8BFCA06 
 236      F6AB
 237 0439 BCA1E323 		.ascii	"\274\241\343#|\236\255\324\245\355\354A\270\201)\203"
 237      7C9EADD4 
 237      A5EDEC41 
 237      B8812983 
 238 0449 C9FD7DBC 		.ascii	"\311\375}\274B3A\335u\371\341\034\334\314\226^7\324"
 238      423341DD 
 238      75F9E11C 
 238      DCCC965E 
 238      37D4
 239 045b CFC157D9 		.ascii	"\317\301W\331\330Y]Z\202p'SF\262\235\017u\270\207)\371"
 239      D8595D5A 
 239      82702753 
 239      46B29D0F 
 239      75B88729 
 240 0470 AD39A7B4 		.ascii	"\2559\247\264\270\217)\305\3172\213\365\270\237)\327"
 240      B88F29C5 
 240      CF328BF5 
 240      B89F29D7 
 241 0480 6ADA52FC 		.ascii	"j\332R\374\360\003\246\244\034;\226\345\207\007\231"
 241      F003A6A4 
 241      1C3B96E5 
 241      870799
 242 048f B2C1DE99 		.ascii	"\262\301\336\231\026\310\234\366\021\375N\321\235|_"
 242      16C89CF6 
 242      11FD4ED1 
 242      9D7C5F
 243 049e DE176FD0 		.ascii	"\336\027o\320\267\2646\215!<\302\300'r\333\367\371M"
 243      B7B4368D 
 243      213CC2C0 
 243      2772DBF7 
 243      F94D
 244 04b0 DD8941B9 		.ascii	"\335\211A\271\023\363i#\366v\276\256\010\344\245u\310"
 244      13F36923 
ARM GAS  /tmp/ccqQFa1n.s 			page 18


 244      F676BEAE 
 244      08E4A575 
 244      C8
 245 04c1 8D680474 		.ascii	"\215h\004t\003E?\242\245\035\224K[\231^\344\324\252"
 245      03453FA2 
 245      A51D944B 
 245      5B995EE4 
 245      D4AA
 246 04d3 D14D6F41 		.ascii	"\321MoA\277\333\320{\347\210/\012v\273B\202\203\247"
 246      BFDBD07B 
 246      E7882F0A 
 246      76BB4282 
 246      83A7
 247 04e5 07071748 		.ascii	"\007\007\027H\311IR_o\336\027\231%\033\245\324pJt\031"
 247      C949525F 
 247      6FDE1799 
 247      251BA5D4 
 247      704A7419 
 248 04f9 9ED36471 		.ascii	"\236\323dq\272\362 \\\242\254\345\344[\240\006\216\312"
 248      BAF2205C 
 248      A2ACE5E4 
 248      5BA0068E 
 248      CA
 249 050a 6EBD8CBE 		.ascii	"n\275\214\276\355\216\276\365\006:KA\337sG\263\210C"
 249      ED8EBEF5 
 249      063A4B41 
 249      DF7347B3 
 249      8843
 250 051c 15F07105 		.ascii	"\025\360q\005\374\235;\270\327\035\334\242\200[\335"
 250      FC9D3BB8 
 250      D71DDCA2 
 250      805BDD
 251 052b C157DE88 		.ascii	"\301W\336\210\243VAw\273\243\257\272Sg+\340\357=\007"
 251      A3564177 
 251      BBA3AFBA 
 251      53672BE0 
 251      EF3D07
 252 053e ADA6BEA6 		.ascii	"\255\246\276\246\240\277uG\1773\031\235(9\272\376L\300"
 252      A0BF7547 
 252      7F33199D 
 252      2839BAFE 
 252      4CC0
 253 0550 43C8807E 		.ascii	"C\310\200~\340`\271y\350\242{\034\031\012\363\003wf"
 253      E060B979 
 253      E8A27B1C 
 253      190AF303 
 253      7766
 254 0562 A31BB655 		.ascii	"\243\033\266U\301\266x\216B\005>\245\200o\272\203o\270"
 254      C1B6788E 
 254      42053EA5 
 254      806FBA83 
 254      6FB8
 255 0574 832B14F0 		.ascii	"\203+\024\360\035\317\015W\201\333\025p\263\347\275"
 255      1DCF0D57 
 255      81DB1570 
 255      B3E7BD
 256 0583 14AAD4E2 		.ascii	"\024\252\324\342,\255E\027\324\242\235c\345_\024\336"
ARM GAS  /tmp/ccqQFa1n.s 			page 19


 256      2CAD4517 
 256      D4A29D63 
 256      E55F14DE 
 257 0593 13759973 		.ascii	"\023u\231s\024\346\273\356\314\327\024fz^p\244\003X"
 257      14E6BBEE 
 257      CCD71466 
 257      7A5E70A4 
 257      0358
 258 05a5 D21290C0 		.ascii	"\322\022\220\300\337;\202\213\310\336\035D\336p\230"
 258      DF3B828B 
 258      C8DE1D44 
 258      DE7098
 259 05b4 52F5784E 		.ascii	"R\365xN_\355\270Zq\334\347yW2t\032\377q\224\220M@\003"
 259      5FEDB85A 
 259      71DCE779 
 259      5732741A 
 259      FF719490 
 260 05cb 80784817 		.ascii	"\200xH\027\011\036B@\211b\010z\216\202\321F1\030=\206"
 260      091E4240 
 260      8962087A 
 260      8E82D146 
 260      31183D86 
 261 05df FB188804 		.ascii	"\373\030\210\004\343\257@^\301x\004d\024$\011\364\227"
 261      E3AF405E 
 261      C1780464 
 261      142409F4 
 261      97
 262 05f0 70DF00F7 		.ascii	"p\337\000\367\247p\237\000y\002\362\002\344\031\310"
 262      A7709F00 
 262      7902F202 
 262      E419C8
 263 05ff 6B906190 		.ascii	"k\220a\220q\024\254Jj\237\022d\277\347\352\250S\312"
 263      7114AC4A 
 263      6A9F1264 
 263      BFE7EAA8 
 263      53CA
 264 0611 54D0F73D 		.ascii	"T\320\367=n,\006&\007\325\246\366\322\000\\\255\241"
 264      6E2C0626 
 264      07D5A6F6 
 264      D2005CAD 
 264      A1
 265 0622 A7B76B49 		.ascii	"\247\267kI\207\313\020\232\036\3421S\264\031\022\374"
 265      87CB109A 
 265      1EE23153 
 265      B41912FC 
 266 0632 7F27CBBA 		.ascii	"\177'\313\272\333\323\215HwS\300\331&\321u\260 \315"
 266      DBD38D48 
 266      7753C0D9 
 266      26D175B0 
 266      20CD
 267 0644 A6314B5F 		.ascii	"\2461K_\355\351\010\230t\244HQ%(\240-\";R\300\035\320"
 267      EDE90898 
 267      74A44851 
 267      2528A02D 
 267      223B52C0 
 268 065a FBAB46B3 		.ascii	"\373\253F\263\375\3619\232!J\315J\033\367\202#\214\243"
 268      FDF1399A 
ARM GAS  /tmp/ccqQFa1n.s 			page 20


 268      214ACD4A 
 268      1BF78223 
 268      8CA3
 269 066c 821C61FE 		.ascii	"\202\034a\376r\256h#9~\345\377\216\236\027\321V\305"
 269      72AE6823 
 269      397EE5FF 
 269      8E9E17D1 
 269      56C5
 270 067e 190C95B3 		.ascii	"\031\014\225\263\3206\221\234d\362\355\251yZ\334\306"
 270      D036919C 
 270      64F2EDA9 
 270      795ADCC6 
 271 068e 880A1FD4 		.ascii	"\210\012\037\324\324\363\267\272?\2507\0122\2124\354"
 271      D4F3B7BA 
 271      3FA8370A 
 271      328A34EC 
 272 069e 75718F2C 		.ascii	"uq\217,\357o~\234\251\303\267\031\366\305\275\214N\304"
 272      EF6F7E9C 
 272      A9C3B719 
 272      F6C5BD8C 
 272      4EC4
 273 06b0 B024A08D 		.ascii	"\260$\240\215Y\316\223\276S\277=v\212\374\355\221&\322"
 273      59CE93BE 
 273      53BF3D76 
 273      8AFCED91 
 273      26D2
 274 06c2 D747DBB3 		.ascii	"\327G\333\2633\317\365x\200Ri\2526\364\356\017@!A\010"
 274      33CFF578 
 274      805269AA 
 274      36F4EE0F 
 274      40214108 
 275 06d6 E0881DE5 		.ascii	"\340\210\035\345\311?!\001\355\026u(]\304\362\237\305"
 275      C93F2101 
 275      ED167528 
 275      5DC4F29F 
 275      C5
 276 06e7 6C09F887 		.ascii	"l\011\370\207\376A\246a\254\245wz&\037*\220\274g\012"
 276      FE41A661 
 276      ACA5777A 
 276      261F2A90 
 276      BC670A
 277 06fa 68217D39 		.ascii	"h!}9\241\014h\343n\352/S\014B\273\230\303\321\233\375"
 277      A10C68E3 
 277      6EEA2F53 
 277      0C42BB98 
 277      C3D19BFD 
 278 070e C1CA4900 		.ascii	"\301\312I\000Q\352\035\260\374O\221\204\227%\032\344"
 278      51EA1DB0 
 278      FC4F9184 
 278      97251AE4 
 279 071e 2009B8EB 		.ascii	" \011\270\353bS\262\267\216S\247\376;j\373\351\033\235"
 279      6253B2B7 
 279      8E53A7FE 
 279      3B6AFBE9 
 279      1B9D
 280 0730 5E6AEE3D 		.ascii	"^j\356=o\343n\036k\356\362\233](\265\300\221\263\355"
 280      6FE36E1E 
ARM GAS  /tmp/ccqQFa1n.s 			page 21


 280      6BEEF29B 
 280      5D28B5C0 
 280      91B3ED
 281 0743 A53E5D4A 		.ascii	"\245>]J\316\2224([4\240Th\024\234\316U\246\333a&\014"
 281      CE923428 
 281      5B34A054 
 281      68149CCE 
 281      55A6DB61 
 282 0759 EAB0579C 		.ascii	"\352\260W\234\015\226\335\0235\371\376x\230\225\277"
 282      0D96DD13 
 282      35F9FE78 
 282      9895BF
 283 0768 717C4FA3 		.ascii	"q|O\243\237\253\347kU=''\321\034\245\3479\352\236\347"
 283      9FABE76B 
 283      553D2727 
 283      D11CA5E7 
 283      39EA9EE7 
 284 077c D29ED7DD 		.ascii	"\322\236\327\335?\220\255\301I^\224\350Y\373\346b\221"
 284      3F90ADC1 
 284      495E94E8 
 284      59FBE662 
 284      91
 285 078d 11395A2F 		.ascii	"\0219Z/\353\031\013\3358\373\024\222}j\222<JR\333uz"
 285      EB190BDD 
 285      38FB1492 
 285      7D6A923C 
 285      4A52DB75 
 286 07a2 24106730 		.ascii	"$\020g0\222\216\316\344\032\276\031\374T\007\336\031"
 286      928ECEE4 
 286      1ABE19FC 
 286      5407DE19 
 287 07b2 FCC0FB6A 		.ascii	"\374\300\373j\250\345\025?\363\351Hy\313'\252\275\247"
 287      A8E5153F 
 287      F3E94879 
 287      CB27AABD 
 287      A7
 288 07c3 DE2B07E4 		.ascii	"\336+\007\344\275R\310\352\333>\260{\023"
 288      BD52C8EA 
 288      DB3EB07B 
 288      13
 289 07d0 72EF5D01 		.ascii	"r\357]\001\024i?-R\021\255\357\001\271\276ceE\303\001"
 289      14693F2D 
 289      5211ADEF 
 289      01B9BE63 
 289      6545C301 
 290 07e4 EEDD9812 		.ascii	"\356\335\230\022\375\244\364f^\240\334\215\201\000\336"
 290      FDA4F466 
 290      5EA0DC8D 
 290      8100DE
 291 07f3 8D62DE0D 		.ascii	"\215b\336\015\370\213\2422\315\347\335(\241\335\250"
 291      F88BA232 
 291      CDE7DD28 
 291      A1DDA8
 292 0802 DEBDEB43 		.ascii	"\336\275\353C\\\300\322\277>\236\326\357\355j\306\337"
 292      5CC0D2BF 
 292      3E9ED6EF 
 292      ED6AC6DF 
ARM GAS  /tmp/ccqQFa1n.s 			page 22


 293 0812 7796B89A 		.ascii	"w\226\270\232A\376\214\224*u,U\327\261\214\326\321n"
 293      41FE8C94 
 293      2A752C55 
 293      D7B18CD6 
 293      D16E
 294 0824 CFFDD607 		.ascii	"\317\375\326\007W1\242+\315\333\267\351]\341\004\272"
 294      5731A22B 
 294      CDDBB7E9 
 294      5DE104BA 
 295 0834 85533F29 		.ascii	"\205S?)\234\203<\234rq\266\340m\265\255\210\213\266"
 295      9C833C9C 
 295      7271B6E0 
 295      6DB5AD88 
 295      8BB6
 296 0846 69977FFA 		.ascii	"i\227\177\372\307Y\246\320Pa\2661*>6\322\270:~u\364"
 296      C759A6D0 
 296      5061B631 
 296      2A3E36D2 
 296      B83A7E75 
 297 085b 5FE38D11 		.ascii	"_\343\215\021Q\321\253\243\343\255F\370D\205\307\030"
 297      51D1ABA3 
 297      E3AD46F8 
 297      4485C718 
 298 086b AD091146 		.ascii	"\255\011\021F\253m^\204\240\267\332V\331\302\023lKb"
 298      AB6D5E84 
 298      A0B7DA56 
 298      D9C2136C 
 298      4B62
 299 087d C2136275 		.ascii	"\302\023bu\026\313\372\3508\333\302\005\026[\330$k["
 299      16CBFAE8 
 299      38DBC205 
 299      165BD824 
 299      6B5B
 300 088f 7C7C8CD5 		.ascii	"||\214\325\370yD\304\\@\315\215\213\217\213\234\033"
 300      F87944C4 
 300      5C40CD8D 
 300      8B8F8B9C 
 300      1B
 301 08a0 19BE3ADA 		.ascii	"\031\276:\3328Y\213\216\213\210Y\277&\322\030\033\016"
 301      38598B8E 
 301      8B8859BF 
 301      26D2181B 
 301      0E
 302 08b1 DEE2228D 		.ascii	"\336\342\"\215\2265\221k\303\327\307\330,\266/\327E"
 302      9635916B 
 302      C3D7C7D8 
 302      2CB62FD7 
 302      45
 303 08c2 5AE74509 		.ascii	"Z\347E\011Z\231}\305\377\300n\375\322j\264Xmk\200\012"
 303      5A997DC5 
 303      FFC06EFD 
 303      D26AB458 
 303      6D6B800A 
 304 08d6 287D41B5 		.ascii	"(}A\265E\307FZl\363\247\3127\301\346\262\215\210\"p"
 304      45C7465A 
 304      6CF3A7CA 
 304      37C1E6B2 
ARM GAS  /tmp/ccqQFa1n.s 			page 23


 304      8D882270 
 305 08ea 1E8D1F49 		.ascii	"\036\215\037I=~\035\313\034\306\2216y\270\234\017\001"
 305      3D7E1DCB 
 305      1CC69136 
 305      79B89C0F 
 305      01
 306 08fb 61898959 		.ascii	"a\211\211Yc\211\206\272\376\366m\345\\\027\237`\263"
 306      638986BA 
 306      FEF66DE5 
 306      5C179F60 
 306      B3
 307 090c 1A5785AD 		.ascii	"\032W\205\255\\\270\300\370\311'K\215a+V~\021jd\326"
 307      5CB8C0F8 
 307      C9274B8D 
 307      612B567E 
 307      116A64D6 
 308 0920 E0C9CB64 		.ascii	"\340\311\313dZi^(\376\336\254Y\272r\211\031/5\2315\037"
 308      5A695E28 
 308      FEDEAC59 
 308      BA728919 
 308      2F359935 
 309 0935 2D0D3363 		.ascii	"-\0153c\223\311\214\315 K\314f\374\207U&l\3724Lc2-3"
 309      93C98CCD 
 309      204BCC66 
 309      FC875526 
 309      6CFA344C 
 310 094d 53FC02FA 		.ascii	"S\374\002\372\035\212\227-7\213\253\300r\3052\263f\325"
 310      1D8A972D 
 310      378BABC0 
 310      72C532B3 
 310      66D5
 311 095f 4A409BCC 		.ascii	"J@\233\314\013@B\001\371'\363\207\377MT\261\244\005"
 311      0B404201 
 311      F927F387 
 311      FF4D54B1 
 311      A405
 312 0971 D1B1AC04 		.ascii	"\321\261\254\004\\\261\330\014<Y+\331\016\226p\222\277"
 312      5CB1D80C 
 312      3C592BD9 
 312      0E967092 
 312      BF
 313 0982 BFC5B276 		.ascii	"\277\305\262v}\\\204\3052o\321\257\177\263H+k\232\210"
 313      7D5C84C5 
 313      326FD1AF 
 313      7FB3482B 
 313      6B9A88
 314 0995 A8F08477 		.ascii	"\250\360\204w\\\360\370u\014=M\236\211|\323|\321\374"
 314      5CF0F875 
 314      0C3D4D9E 
 314      897CD37C 
 314      D1FC
 315 09a7 F7E5E5CF 		.ascii	"\367\345\345\317=.\177\360/\360\255\005w"
 315      3D2E7FF0 
 315      2FF0AD05 
 315      77
 316              		.text
 317              		.section	.gnu.lto_.symtab.cb35bb31269dcb9c,"",%progbits
ARM GAS  /tmp/ccqQFa1n.s 			page 24


 318 0000 7374496E 		.ascii	"stInit\000"
 318      697400
 319 0007 00       		.ascii	"\000"
 320 0008 00       		.ascii	"\000"
 321 0009 00       		.ascii	"\000"
 322 000a 00000000 		.ascii	"\000\000\000\000\000\000\000\000"
 322      00000000 
 323 0012 AD000000 		.ascii	"\255\000\000\000"
 324 0016 73745374 		.ascii	"stStartAlarm\000"
 324      61727441 
 324      6C61726D 
 324      00
 325 0023 00       		.ascii	"\000"
 326 0024 00       		.ascii	"\000"
 327 0025 00       		.ascii	"\000"
 328 0026 00000000 		.ascii	"\000\000\000\000\000\000\000\000"
 328      00000000 
 329 002e BC000000 		.ascii	"\274\000\000\000"
 330 0032 73745374 		.ascii	"stStopAlarm\000"
 330      6F70416C 
 330      61726D00 
 331 003e 00       		.ascii	"\000"
 332 003f 00       		.ascii	"\000"
 333 0040 00       		.ascii	"\000"
 334 0041 00000000 		.ascii	"\000\000\000\000\000\000\000\000"
 334      00000000 
 335 0049 BE000000 		.ascii	"\276\000\000\000"
 336 004d 73745365 		.ascii	"stSetAlarm\000"
 336      74416C61 
 336      726D00
 337 0058 00       		.ascii	"\000"
 338 0059 00       		.ascii	"\000"
 339 005a 00       		.ascii	"\000"
 340 005b 00000000 		.ascii	"\000\000\000\000\000\000\000\000"
 340      00000000 
 341 0063 C0000000 		.ascii	"\300\000\000\000"
 342 0067 73744765 		.ascii	"stGetAlarm\000"
 342      74416C61 
 342      726D00
 343 0072 00       		.ascii	"\000"
 344 0073 00       		.ascii	"\000"
 345 0074 00       		.ascii	"\000"
 346 0075 00000000 		.ascii	"\000\000\000\000\000\000\000\000"
 346      00000000 
 347 007d C3000000 		.ascii	"\303\000\000\000"
 348 0081 73745F6C 		.ascii	"st_lld_init\000"
 348      6C645F69 
 348      6E697400 
 349 008d 00       		.ascii	"\000"
 350 008e 02       		.ascii	"\002"
 351 008f 00       		.ascii	"\000"
 352 0090 00000000 		.ascii	"\000\000\000\000\000\000\000\000"
 352      00000000 
 353 0098 C5000000 		.ascii	"\305\000\000\000"
 354              		.text
 355              		.section	.gnu.lto_.opts,"",%progbits
 356 0000 272D666D 		.ascii	"'-fmath-errno' '-fsigned-zeros' '-ftrapping-math' '"
ARM GAS  /tmp/ccqQFa1n.s 			page 25


 356      6174682D 
 356      6572726E 
 356      6F272027 
 356      2D667369 
 357 0033 2D666E6F 		.ascii	"-fno-trapv' '-fno-openmp' '-fno-openacc' '-mcpu=cor"
 357      2D747261 
 357      70762720 
 357      272D666E 
 357      6F2D6F70 
 358 0066 7465782D 		.ascii	"tex-m4' '-mfloat-abi=hard' '-mfpu=fpv4-sp-d16' '-mn"
 358      6D342720 
 358      272D6D66 
 358      6C6F6174 
 358      2D616269 
 359 0099 6F2D7468 		.ascii	"o-thumb-interwork' '-mthumb' '-ggdb' '-O2' '-fomit-"
 359      756D622D 
 359      696E7465 
 359      72776F72 
 359      6B272027 
 360 00cc 6672616D 		.ascii	"frame-pointer' '-falign-functions=16' '-ffunction-s"
 360      652D706F 
 360      696E7465 
 360      72272027 
 360      2D66616C 
 361 00ff 65637469 		.ascii	"ections' '-fdata-sections' '-fno-common' '-flto' '-"
 361      6F6E7327 
 361      20272D66 
 361      64617461 
 361      2D736563 
 362 0132 6673696E 		.ascii	"fsingle-precision-constant'\000"
 362      676C652D 
 362      70726563 
 362      6973696F 
 362      6E2D636F 
 363              		.text
 364              		.comm	__gnu_lto_v1,1,1
 365              		.comm	__gnu_lto_slim,1,1
 366              		.ident	"GCC: (GNU Tools for ARM Embedded Processors) 5.4.1 20160919 (release) [ARM/embedded-5-bran
ARM GAS  /tmp/ccqQFa1n.s 			page 26


DEFINED SYMBOLS
                            *ABS*:00000000 st.c
                            *COM*:00000001 __gnu_lto_v1
                            *COM*:00000001 __gnu_lto_slim

NO UNDEFINED SYMBOLS
