ARM GAS  /tmp/ccGA8rgh.s 			page 1


   1              		.syntax unified
   2              		.cpu cortex-m4
   3              		.eabi_attribute 27, 1
   4              		.eabi_attribute 28, 1
   5              		.fpu fpv4-sp-d16
   6              		.eabi_attribute 20, 1
   7              		.eabi_attribute 21, 1
   8              		.eabi_attribute 23, 3
   9              		.eabi_attribute 24, 1
  10              		.eabi_attribute 25, 1
  11              		.eabi_attribute 26, 1
  12              		.eabi_attribute 30, 2
  13              		.eabi_attribute 34, 1
  14              		.eabi_attribute 18, 4
  15              		.thumb
  16              		.syntax unified
  17              		.file	"st_lld.c"
  18              		.text
  19              	.Ltext0:
  20              		.section	.gnu.lto_.profile.53175705b640ebaf,"",%progbits
  21 0000 789C6361 		.ascii	"x\234ca`d`a`\000\222\2262\000\000\370\000`"
  21      60646061 
  21      60009296 
  21      320000F8 
  21      0060
  22              		.text
  23              		.section	.gnu.lto_.icf.53175705b640ebaf,"",%progbits
  24 0000 789C6361 		.ascii	"x\234ca`d\000\001^\006\004`bXun\311Z\026\306\306\345"
  24      60640001 
  24      5E060460 
  24      6258756E 
  24      C95A16C6 
  25 0016 37841900 		.ascii	"7\204\031\000$\232\004\366"
  25      249A04F6 
  26              		.text
  27              		.section	.gnu.lto_.jmpfuncs.53175705b640ebaf,"",%progbits
  28 0000 789C6361 		.ascii	"x\234ca`d\000\001s\006\004`\002\223@q\026\306\277L\214"
  28      60640001 
  28      73060460 
  28      02934071 
  28      16C6BF4C 
  29 0015 4F4F4E6E 		.ascii	"OONn\343\371\302\324\312\314\300(\303\270\234Q\006("
  29      E3F9C2D4 
  29      CACCC028 
  29      C3B89C51 
  29      0628
  30 0027 0314EDFA 		.ascii	"\003\024\355\372u\275\217\003\"\312\301\270\002$\312"
  30      75BD8F03 
  30      22CAC1B8 
  30      0224CA
  31 0036 00005D34 		.ascii	"\000\000]4\014\267"
  31      0CB7
  32              		.text
  33              		.section	.gnu.lto_.inline.53175705b640ebaf,"",%progbits
  34 0000 789C6361 		.ascii	"x\234ca`d\000\001+\006\004`b`\340\021ed`\342\273\027"
  34      60640001 
  34      2B060460 
ARM GAS  /tmp/ccGA8rgh.s 			page 2


  34      6260E011 
  34      656460E2 
  35 0016 C0C0B640 		.ascii	"\300\300\266@\236\011$\306\310\005'\030Dd\200\2222\017"
  35      9E0924C6 
  35      C8052718 
  35      44648092 
  35      320F
  36 0028 6E31C265 		.ascii	"n1\302e\231y\300\272\030\000\261\000\005b"
  36      9979C0BA 
  36      1800B100 
  36      0562
  37              		.text
  38              		.section	.gnu.lto_.pureconst.53175705b640ebaf,"",%progbits
  39 0000 789C6361 		.ascii	"x\234ca`d`c```b\330\305\310(\005\000\003\241\000\344"
  39      60646063 
  39      60606062 
  39      D8C5C828 
  39      050003A1 
  40              		.text
  41              		.section	.gnu.lto_VectorB0.53175705b640ebaf,"",%progbits
  42 0000 789C8554 		.ascii	"x\234\205T_L[e\024?\347\373n{Ka\312\253\206,\345\201"
  42      5F4C5B65 
  42      143FE7FB 
  42      6E7B4B61 
  42      CAAB862C 
  43 0016 2D8B6677 		.ascii	"-\213fwN\215&\306%f\306d\011\315\022\272\367\005J\223"
  43      4E8D26C6 
  43      2566C664 
  43      09CD12BA 
  43      F7054A93 
  44 002a 36B6EBD2 		.ascii	"6\266\353\322\002\331\236\370\240\024L\330\303^T4\233"
  44      02D99EF8 
  44      A0144CD8 
  44      C35E5434 
  44      9B
  45 003b 8D2E6638 		.ascii	"\215.f8W\030\350\324v\033v\260\015\035\177\026\223\271"
  45      5718E8D4 
  45      761B76B0 
  45      0D1D7F16 
  45      93B9
  46 004d 98F0C220 		.ascii	"\230\360\302 c\316\360\320)\263\232P\3529_\013\262V"
  46      63CEF0D0 
  46      29B39A50 
  46      EA395F0B 
  46      B256
  47 005f F0A6B9F7 		.ascii	"\360\246\271\367~\337\357\374\316\371}\347wn\015@\340"
  47      7EDFEFFC 
  47      CEF97DE7 
  47      776E0D40 
  47      E0
  48 0070 ABCE06B0 		.ascii	"\253\316\006\260\213^_\241w\264\001\212\323\263\000"
  48      8B5E5FA1 
  48      77B4018A 
  48      D3B300
  49 007f 5D0E2164 		.ascii	"]\016!dz'(\247q\317\002U#\321(n\033\210\374\242\034"
  49      7A2728A7 
  49      71CF0255 
ARM GAS  /tmp/ccGA8rgh.s 			page 3


  49      23D1286E 
  49      1B88FCA2 
  50 0094 089D421A 		.ascii	"\010\235B\032\330\211OD^\340x\337RJ\3549\257\350\232"
  50      D8894F44 
  50      5EE078DF 
  50      524AEC39 
  50      AFE89A
  51 00a7 7F90AB52 		.ascii	"\177\220\253R\203\031\214K\200\202\320%\000\317\343"
  51      83198C4B 
  51      8082D025 
  51      00CFE3
  52 00b6 1EA0B085 		.ascii	"\036\240\260\205\221\265\367w\330{8\314U\004q\020\355"
  52      91B5F777 
  52      D87B38CC 
  52      55047110 
  52      ED
  53 00c7 AC63B829 		.ascii	"\254c\270)\243\012\205\230R\371}\205\335N\011q\252\310"
  53      A30A8598 
  53      52F97D85 
  53      DD4E0971 
  53      AAC8
  54 00d9 37802C85 		.ascii	"7\200,\205q\311\307B\360S.\341xz$7acfLJ\312\372A|\374"
  54      71C9C742 
  54      F0532EE1 
  54      787A2437 
  54      6163664C 
  55 00f3 8EB922E2 		.ascii	"\216\271\"\342R \027\231M\346\262\316\342\222\013\031"
  55      52201799 
  55      4DE6B2CE 
  55      E2920B19 
  56 0103 B4756EE8 		.ascii	"\264un\350\317IG\002\317\222(\211\027\260\016\277\300"
  56      CF494702 
  56      CF922889 
  56      17B00EBF 
  56      C0
  57 0114 3AE0D80B 		.ascii	":\340\330\0133+\177\230VR\365\020b\340\227\230\3005"
  57      332B7F98 
  57      5652F510 
  57      62E09798 
  57      C035
  58 0126 2D192FA2 		.ascii	"-\031/\242\005K\030[\355\235\226\305BF\261\326\315B"
  58      054B185B 
  58      ED9D96C5 
  58      4246B1D6 
  58      CD42
  59 0138 2EF32C27 		.ascii	".\363,'G\024\230\244,\367\261g.\366|)\206\002\206\227"
  59      471498A4 
  59      2CF7B167 
  59      2EF67C29 
  59      86028697 
  60 014c 537FEF28 		.ascii	"S\177\357(\006\000\016q\031`\355\022\322;Y\372J6\267"
  60      06000E71 
  60      1960ED12 
  60      D23B59FA 
  60      4A36B7
  61 015f A8A56F52 		.ascii	"\250\245oR\325\3052=\260\275\266\341\177\265]Bk\363"
  61      D5C5323D 
ARM GAS  /tmp/ccGA8rgh.s 			page 4


  61      B0BDB6E1 
  61      7FB55D42 
  61      6BF3
  62 0171 A90D2A34 		.ascii	"\251\015*4B\234\005\354\256e\336O=\227\316H\006l\310"
  62      429C05EC 
  62      AE65DE4F 
  62      3D97CE48 
  62      066CC8
  63 0184 821ECF7C 		.ascii	"\202\036\317|\274\370\014/\355\350\242\345\303\253}"
  63      BCF80C2F 
  63      EDE8A2E5 
  63      C3AB7D
  64 0193 77511ED0 		.ascii	"wQ\036\320\235\272<\366\313\200\263\341\234R\335j\376"
  64      9DBA3CF6 
  64      CB80B3E1 
  64      9C52DD6A 
  64      FE
  65 01a4 A3DEC6C9 		.ascii	"\243\336\306\311\317{\325\351.G\\\232\3705J\262\007"
  65      CF7BD5E9 
  65      2E475C9A 
  65      F8354AB2 
  65      07
  66 01b5 BF2239A3 		.ascii	"\277\"9\243\2453\340el N\337#u\315\340t&\272\360\033"
  66      A533E065 
  66      6C204EDF 
  66      2375CDE0 
  66      7426BAF0 
  67 01ca C21E62F7 		.ascii	"\302\036b\367\302\223\276\245\001\373\323\376f\246V"
  67      C293BEA5 
  67      01FBD3FE 
  67      66A656
  68 01d9 3DDADD42 		.ascii	"=\332\335B\321\225\315\320\360\207\3758`\007\374\226"
  68      D195CDD0 
  68      F087FD38 
  68      6007FC96 
  69 01e9 51518EE6 		.ascii	"QQ\216\346\317\236B\002\277cP\226\203#\247\036\241\011"
  69      CF9E4202 
  69      BF635096 
  69      8323A71E 
  69      A109
  70 01fb 9862D028 		.ascii	"\230b\320(\003\325\247o\262H\3004\243\266\212\201\303"
  70      03D5A76F 
  70      B248C034 
  70      A3B68A81 
  70      C3
  71 020c 2B9417F0 		.ascii	"+\224\027\360*O\034B?\317\355g\211\321\277\234\365g"
  71      2A4F1C42 
  71      3FCFED67 
  71      89D1BF9C 
  71      F567
  72 021e 44420DB8 		.ascii	"DB\015\270\342\322\301\224\344\342\025\3450\250\323"
  72      E2D2C194 
  72      E4E215E5 
  72      30A8D3
  73 022d 780DEBB5 		.ascii	"x\015\353\265\021\331\345\273s\202vp\014\015}d\300\357"
  73      11D9E5BB 
  73      73827670 
ARM GAS  /tmp/ccGA8rgh.s 			page 5


  73      0C0D7D64 
  73      C0EF
  74 023f 756B07C7 		.ascii	"uk\007\307&\036\324\324'J\354*\216\375}h\364\347j\315"
  74      261ED4D4 
  74      274AEC2A 
  74      8EFD7D68 
  74      F4E76ACD 
  75 0253 CE301BAF 		.ascii	"\3160\033\257\323\030/\240\320\335\003\370\025c\363"
  75      D3182FA0 
  75      D0DD03F8 
  75      1563F3
  76 0262 F7A6A69F 		.ascii	"\367\246\246\237+;T\177~\275U\366J\321\343Z\364\004"
  76      2B3B547F 
  76      7EBD55F6 
  76      4AD1E35A 
  76      F404
  77 0274 6A28955A 		.ascii	"j(\225Z\2363;\363\352=\245j\343\322Y\020\246\306\361"
  77      9E333BF3 
  77      EA3DA56A 
  77      E3D25910 
  77      A6C6F1
  78 0287 0676D2FC 		.ascii	"\006v\322\374To\314\300\323\316\266\376\217\2637\265"
  78      546FCCC0 
  78      D3CEB6FE 
  78      8FB337B5 
  79 0297 B31B0365 		.ascii	"\263\033\003eR{nm\347\354\206\\G\245\263\237hg'\031"
  79      527B6E6D 
  79      E7EC865C 
  79      47A5B39F 
  79      68672719 
  80 02ab ADAA7436 		.ascii	"\255\252t6\315b\177`\320Y\351\354*;\373#\203\325\345"
  80      CD627F60 
  80      D059E9EC 
  80      2A3BFB23 
  80      83D5E5
  81 02be CE260FB0 		.ascii	"\316&\017\260H\300\333[8;\245\2334\275\311\331\265\304"
  81      48C0DB5B 
  81      383BA59B 
  81      34BDC9D9 
  81      B5C4
  82 02d0 FDB1EA75 		.ascii	"\375\261\352u\323ni\323f\264i\345\016\315\256;\304\005"
  82      D36E69D3 
  82      66B469E5 
  82      0ECDAE3B 
  82      C405
  83 02e2 F4B76AE8 		.ascii	"\364\267j\350\377\031\366\352F\001\371\240\377\331\371"
  83      FF19F6EA 
  83      4601F9A0 
  83      FFD9F9
  84 02f1 1AE2DE29 		.ascii	"\032\342\336)\265\3757\354\316\024\016\353P\276\262"
  84      B5FD37EC 
  84      CE140EEB 
  84      50BEB2
  85 0300 34F29482 		.ascii	"4\362\224\202j\274a\371\303!\237\325\022n\011\274\033"
  85      6ABC61F9 
  85      C3219FD5 
  85      126E09BC 
ARM GAS  /tmp/ccGA8rgh.s 			page 6


  85      1B
  86 0311 B6BCFE40 		.ascii	"\266\274\376@K \034\265\350\347o\016Z\307\303\221\266"
  86      4B201CB5 
  86      E8E76F0E 
  86      5AC7C391 
  86      B6
  87 0322 A8E539E2 		.ascii	"\250\3459\342~y\277\325\330\370\266u\344\220\273\343"
  87      7E79BFD5 
  87      D8F8B675 
  87      E490BBE3 
  88 0332 252BDA76 		.ascii	"%+\332v4\030l\335\353\005[Gs\260\335\367\352V\031\""
  88      34186CDD 
  88      EB055B47 
  88      73B0DDF7 
  88      EA561922 
  89 0346 6DA5046F 		.ascii	"m\245\004o5\271\017\272O\020\344\015G|G;^\013\355\365"
  89      35B90FBA 
  89      4F10E40D 
  89      477C473B 
  89      5E0BEDF5 
  90 035a C3EB5BB1 		.ascii	"\303\353[\261|'\332\254\203n\317!\217\0258\346\015\266"
  90      7C27DAAC 
  90      836ECF21 
  90      8F1538E6 
  90      0DB6
  91 036c B7FA2CCD 		.ascii	"\267\372,\315\362\206\336i?\346%\342\013\333\011\016"
  91      F286DE69 
  91      3FE625E2 
  91      0BDB090E 
  92 037c 47E94675 		.ascii	"G\351Fu\371\271],\205ld\367GOF)\266\326\355ir\2654G"
  92      F9B95D2C 
  92      856C64F7 
  92      474F4629 
  92      B6D6ED69 
  93 0394 7DC72381 		.ascii	"}\307#\201\027]\015\373@D\300\014\371B\341\310I\370"
  93      175D0DFB 
  93      4044C00C 
  93      F942E1C8 
  93      49F8
  94 03a6 07532E2F 		.ascii	"\007S./\330"
  94      D8
  95              		.text
  96              		.section	.gnu.lto_st_lld_init.53175705b640ebaf,"",%progbits
  97 0000 789C9D94 		.ascii	"x\234\235\224ML\023A\030\206\347\335\335n\027\004\177"
  97      4D4C1341 
  97      1886E7DD 
  97      DD6E1704 
  97      7F
  98 0011 CEF6E015 		.ascii	"\316\366\340\025\017\216\240\007\2431^\274\230\300E"
  98      0F8EA007 
  98      A3315EBC 
  98      98C045
  99 0020 B8783282 		.ascii	"\270x2\202\032\210\230\032!^;X\026\011\007\304\020\271"
  99      1A88981A 
  99      215E3B58 
  99      160907C4 
  99      10B9
ARM GAS  /tmp/ccGA8rgh.s 			page 7


 100 0032 194C4C00 		.ascii	"\031LL\000\321R@D\212\250\245\242\200\012j4`\202\240"
 100      D1524044 
 100      8AA8A5A2 
 100      800A6A34 
 100      6082A0
 101 0045 318110F1 		.ascii	"1\201\020\361\260H\025c\002u\276\331R0^\244\223\356"
 101      B0481563 
 101      0275BED9 
 101      52305EA4 
 101      93EE
 102 0057 ECCE4F9F 		.ascii	"\354\316O\237\347\373vf\326``T\316z\030;,\357;\345\005"
 102      E7FB7666 
 102      D6606054 
 102      CE7A183B 
 102      2CEF3BE5 
 103 006c 9D416B18 		.ascii	"\235Ak\030g\254\312\322\000z\020\026X@C\000?\264\025"
 103      67ACCAD2 
 103      007A1016 
 103      58404300 
 103      3FB415
 104 007f 0DB12B73 		.ascii	"\015\261+s\021-\247U\310\362y\266%O\264Ea\353\214%4"
 104      112DA755 
 104      C8F279B6 
 104      254FB445 
 104      61EB8C25 
 105 0094 45626845 		.ascii	"EbhE\016\223\323\276t\255^\3176\253i\332.w\020m0I\027"
 105      0E93D3BE 
 105      74AD5ECF 
 105      36AB69DA 
 105      2E77106D 
 106 00ab 3E1E1589 		.ascii	">\036\025\211DP\210\305\275\3639;4f\353R)+\017U&U\214"
 106      445088C5 
 106      BDF3393B 
 106      3466EB52 
 106      292B0F55 
 107 00c2 39F20FA4 		.ascii	"9\362\017\244^\3244\272\353s\210\365/\276\337O\210\240"
 107      5ED434BA 
 107      EB7388F5 
 107      2FBEDF4F 
 107      88A0
 108 00d4 4E5134D9 		.ascii	"NQ4\331\261\327\336\270f\353\032\3106\025\036[\260\334"
 108      B1D7DEB8 
 108      66EB1AC8 
 108      36151E5B 
 108      B0DC
 109 00e6 A6B8592B 		.ascii	"\246\270Y+\014\012`\244.\273\0317dp:\332\341\303m\370"
 109      0C0A60A4 
 109      2EBB1937 
 109      64703ADA 
 109      E1C36DF8 
 110 00fa 184D1DAC 		.ascii	"\030M\035\254\237o\311\346!Q]%\266\333\272\201;h\306"
 110      9F6FC9E6 
 110      21515D25 
 110      B6DBBA81 
 110      3B68C6
 111 010d AA0A1E77 		.ascii	"\252\012\036w\301\331\034\202\277L\327\243\273\252\236"
 111      C1D91C82 
ARM GAS  /tmp/ccGA8rgh.s 			page 8


 111      BF4CD7A3 
 111      BBAA9E
 112 011c A1E11AC5 		.ascii	"\241\341\032\305\206,!I\221\3014\201\246l\302\322\261"
 112      862C2149 
 112      91C13481 
 112      A66CC2D2 
 112      B1
 113 012d 6E09834B 		.ascii	"n\011\203K6Q\372\257M\030\256\312\2631%\217J\251.8\330"
 113      3651FAAF 
 113      4D18AECA 
 113      B331258F 
 113      4AA92E38 
 114 0142 6DB94D11 		.ascii	"m\271M\021m\020[e\327\233\231\276\211L\327f\242K\332"
 114      6D105B65 
 114      D79B99BE 
 114      894CD766 
 114      A24BDA
 115 0155 3A93B6DE 		.ascii	":\223\266\336\245\357W\2636\330\272\225\215^6\356\375"
 115      A5EF57B3 
 115      36D8BA95 
 115      8D5E36EE 
 115      FD
 116 0166 9D13B9FE 		.ascii	"\235\023\271\376I\342\277\271=\353\334\373\224\205I"
 116      49E2BFB9 
 116      3DEBDCFB 
 116      948549
 117 0175 98B83359 		.ascii	"\230\2703Y\355M\222R9xU\016\343\241e'\323m\322F\240"
 117      ED4D9252 
 117      3978550E 
 117      E3A16527 
 117      D36DD246 
 118 018a 65B9D5F1 		.ascii	"e\271\325\361s\330\222\256*\3528\"W\333\302\003i\354"
 118      73D892AE 
 118      2AEA3822 
 118      57DBC203 
 118      69EC
 119 019c 4D1ADBC7 		.ascii	"M\032\333\307\342K^2\202|}\312\2476O\004\\\016/\307"
 119      E24B5E32 
 119      827C7DCA 
 119      A7364F04 
 119      5C0E2FC7 
 120 01b0 460E12CF 		.ascii	"F\016\022\317@\363\001\364\273i\304;?\246\374\233\242"
 120      40F301F4 
 120      BB69C43B 
 120      3FA6FC9B 
 120      A2
 121 01c1 3F54749D 		.ascii	"?Tt\235\350\003\212\2760\320\371\301\343\342\023\262"
 121      E8038ABE 
 121      30D0F9C1 
 121      E3E213B2 
 122 01d1 6CC3A3A4 		.ascii	"l\303\243\244\301I\323\360X\031\0142<Q\206\324\3731"
 122      C149D3F0 
 122      58190C32 
 122      3C5186D4 
 122      FB31
 123 01e3 C0105D8B 		.ascii	"\300\020]\213\177:\035z\006\006\025]\036]\032J4uM\233"
 123      7F3A1D7A 
ARM GAS  /tmp/ccGA8rgh.s 			page 9


 123      0606155D 
 123      1E5D1A4A 
 123      34754D9B 
 124 01f7 B9615A2A 		.ascii	"\271aZ*q\202\3701p\354\366\251\035\367\024\271)\231"
 124      7182F831 
 124      70ECF6A9 
 124      1DF714B9 
 124      2999
 125 0209 9396CCC0 		.ascii	"\223\226\314\300\220\222\231\204{&\311\251\330g\322"
 125      90929984 
 125      7B26C9A9 
 125      D867D2
 126 0218 C33D5738 		.ascii	"\303=W8/\341\2067\340\2344q#\012g\021nT\342Bk\321}J"
 126      2FE18637 
 126      E09C3471 
 126      230A6711 
 126      6E54E242 
 127 0230 0FF742E1 		.ascii	"\017\367B\3412\010\3672\211\233\207\035m|\247N\014\315"
 127      3208F732 
 127      899B871D 
 127      6D7CA74E 
 127      0CCD
 128 0242 8F44BE4D 		.ascii	"\217D\276My\003+\242V\320\311\310L\320\241\300+\004"
 128      79032BA2 
 128      56D0C9C8 
 128      4CD0A1C0 
 128      2B04
 129 0254 686C76B4 		.ascii	"hlv\264\261&\213\026y\213\024\214\301G\207\371\367d"
 129      B1268B16 
 129      798B148C 
 129      C14787F9 
 129      F764
 130 0266 BDE57659 		.ascii	"\275\345vY\030\207\317\326\263\330W\\\216\276-T@*\216"
 130      1887CFD6 
 130      B3D8575C 
 130      8EBE2D54 
 130      402A8E
 131 0279 44C84F9D 		.ascii	"D\310O\235\334\354\207x\251\377\374\031^\354/.;\347"
 131      DCEC8778 
 131      A9FFFC19 
 131      5EEC2F2E 
 131      3BE7
 132 028b E725A565 		.ascii	"\347%\245e\305e\376\012.\177\245\247\312\371\005\377"
 132      C565FE0A 
 132      2E7FA5A7 
 132      CAF905FF 
 133 029b C5CA0A5E 		.ascii	"\305\312\012^XT\260/\217\347\347\037\345E\307\012.\345"
 133      5854B02F 
 133      8FE7E71F 
 133      E545C70A 
 133      2EE5
 134 02ad F28ACA93 		.ascii	"\362\212\312\223\345\345\247\367\224\260?\227\315\347"
 134      E5E5A7F7 
 134      94B03F97 
 134      CDE7
 135 02bb 7D       		.ascii	"}"
 136              		.text
ARM GAS  /tmp/ccGA8rgh.s 			page 10


 137              		.section	.gnu.lto_.symbol_nodes.53175705b640ebaf,"",%progbits
 138 0000 789C55C8 		.ascii	"x\234U\310\261\015\2000\014D\321\363\331b\015`D&p\212"
 138      B10D8030 
 138      0C44D1F3 
 138      D9620D60 
 138      4426708A 
 139 0014 48B40930 		.ascii	"H\264\0110\015\003\244d\012J\206\300\242\"w\305\227"
 139      0D03A464 
 139      0A4A86C0 
 139      A22277C5 
 139      97
 140 0025 9E41B020 		.ascii	"\236A\260 \306B\007\312\005D\3164\207T\272t\"\033\235"
 140      C64207CA 
 140      0544CE34 
 140      8754BA74 
 140      221B9D
 141 0038 9F00294D 		.ascii	"\237\000)M\001;];8\350\366\007\215\347\326\006\005\221"
 141      013B5D3B 
 141      38E8F607 
 141      8DE7D606 
 141      0591
 142 004a D7675431 		.ascii	"\327gT1\334Q\274\341\313\032\206"
 142      DC51BCE1 
 142      CB1A86
 143              		.text
 144              		.section	.gnu.lto_.refs.53175705b640ebaf,"",%progbits
 145 0000 789C6361 		.ascii	"x\234ca`\004B \000\000\0009\000\007"
 145      60044220 
 145      00000039 
 145      0007
 146              		.text
 147              		.section	.gnu.lto_.decls.53175705b640ebaf,"",%progbits
 148 0000 789CB558 		.ascii	"x\234\265X{PT\327\031\337s\317\362\332\345a\321I\235"
 148      7B5054D7 
 148      19DF73CF 
 148      F2DAE561 
 148      D1499D
 149 0013 8E7F3819 		.ascii	"\216\1778\031\2462\355\304\025H'\231\351\244\023]P\231"
 149      A632EDC4 
 149      15482799 
 149      E9A4135D 
 149      5099
 150 0025 4AB40B49 		.ascii	"J\264\013I\323\2643[\30050YX\013k\252\177tz\025PD\215"
 150      D3B4335B 
 150      C0353059 
 150      580B6BAA 
 150      7F747A15 
 151 003c 3C141041 		.ascii	"<\024\020AAT@A\021\005DTV\011\210\202\006\021A$\010"
 151      41544041 
 151      11054454 
 151      56098882 
 151      06114124 
 152 0051 22BE121F 		.ascii	"\"\276\022\037\210\302\372\266\3379\347.\347\356\262"
 152      88C2FAB6 
 152      DF39E72E 
 152      E7EEB2
 153 0060 D84C1F77 		.ascii	"\330L\037w\370\366\336\357\234\337\371\235\357q\356"
ARM GAS  /tmp/ccGA8rgh.s 			page 11


 153      F8F6DEEF 
 153      9CDFF99D 
 153      EF71EE
 154 006f 39DF45A9 		.ascii	"9\337E\251@\012r\031\177\256P\304(\025\212\205\240\276"
 154      400A7219 
 154      7FAE50C4 
 154      28158A85 
 154      A0BE
 155 0081 810B43DB 		.ascii	"\201\013C\333g \244\367\220\202]. \325 \265 u \365 "
 155      6720A4F7 
 155      90825D2E 
 155      20D520B5 
 155      207520F5 
 156 0096 16C5C48B 		.ascii	"\026\305\304\213`<\245\361\263@\224@\"\2004\303\263"
 156      603CA5F1 
 156      B3409440 
 156      228034C3 
 156      B3
 157 00a7 2FC83489 		.ascii	"/\3104\211\323\023\332~\006\342\013rD\232\3539\210\227"
 157      D313DA7E 
 157      06E20B72 
 157      449AEB39 
 157      8897
 158 00b9 C4310D1A 		.ascii	"\3041\015\032\336\001\231\016\362\013\220\231 \357\""
 158      DE01990E 
 158      F20B9099 
 158      20EF22
 159 00c8 36AF1FDC 		.ascii	"6\257\037\334\177\011\342\017\362+\304\354q\274j%.\233"
 159      7F09E20F 
 159      F22BC4EC 
 159      71BC6A25 
 159      2E9B
 160 00da 1D8B00F7 		.ascii	"\035\213\000\367{\311\216?\301\375s\304m\353\204\266"
 160      7BC98E3F 
 160      C1FD73C4 
 160      6DEB84B6 
 161 00ea 2F10B3AB 		.ascii	"/\020\263\253\001D\005\362\021\350\177\000\031\203\347"
 161      014405F2 
 161      11E87F00 
 161      1983E7
 162 00f9 97205690 		.ascii	"\227 V\220g \217\024\314\3307p{\002\"Hs9\213\305+\001"
 162      67208F14 
 162      CCD83770 
 162      7B022248 
 162      73398BC5 
 163 010f F5B594ED 		.ascii	"\365\265\224\355\307O\0044K\205Hd}\240\351\340\275\272"
 163      C74F0434 
 163      4B854864 
 163      7DA0E9E0 
 163      BDBA
 164 0121 675EAC89 		.ascii	"g^\254\211 \372\237\225\316\237].\302\225.\212\202\300"
 164      20FA9F95 
 164      CE9F5D2E 
 164      C2952E8A 
 164      82C0
 165 0133 87766C1E 		.ascii	"\207vl\036\331\355\206\325\024t1\2712\237\320\370\252"
 165      D9ED86D5 
ARM GAS  /tmp/ccGA8rgh.s 			page 12


 165      147431B9 
 165      329FD0F8 
 165      AA
 166 0144 9012D447 		.ascii	"\220\022\324G\347\363nx\203:M\205f\276\022\204\346M"
 166      E7F36E78 
 166      833A4D85 
 166      66BE1284 
 166      E64D
 167 0156 87ABD4C8 		.ascii	"\207\253\324\310_\265\227\260\014\364\355\366\254\023"
 167      5FB597B0 
 167      0CF4EDF6 
 167      AC13
 168 0164 C529E800 		.ascii	"\305)\350\000R\241}\010\24324\233\230<\213x\225*\212"
 168      52A17D08 
 168      A332349B 
 168      983C8B78 
 168      952A8A
 169 0177 6BC4F424 		.ascii	"k\304\364$\321\267\305[\201\312\321\014\264\037\315"
 169      D1B7C55B 
 169      81CAD10C 
 169      B41FCD
 170 0186 50A00AE4 		.ascii	"P\240\012\344O\254!@T\012\215%\320\010\263\224\355\316"
 170      4FAC2140 
 170      540A8D25 
 170      D008B394 
 170      EDCE
 171 0198 D8E58ABF 		.ascii	"\330\345\212\277\"\006\010\333\216\354\263\252\306\247"
 171      220608DB 
 171      8EECB3AA 
 171      C6A7
 172 01a6 E859F77E 		.ascii	"\350Y\367~9\231\342\020Lq\220O\0013N:G\245\2239\310"
 172      3999E210 
 172      4C71904F 
 172      01334E3A 
 172      47A59339 
 173 01bb 781290D5 		.ascii	"x\022\220\325c\026U/\352A\340<\232B\335G\210\375\"*"
 173      6316552F 
 173      EA41E03C 
 173      9A42DD47 
 173      88FD222A 
 174 01cf 0A265485 		.ascii	"\012&T\205\007\201\376*x\023\262\001%]\260=*\306\311"
 174      0781FE2A 
 174      7813B201 
 174      255DB03D 
 174      2AC6C9
 175 01e2 E89F349E 		.ascii	"\350\2374\236\256qzQ\022\316\216\244AL\227\006+l3\010"
 175      AE717A51 
 175      12CE8EA4 
 175      414C9706 
 175      2B6C3308 
 176 01f6 7C0249B5 		.ascii	"|\002I\265\015\220\3611s%:n\363\270O\310\226\335\373"
 176      0D90F131 
 176      73253A6E 
 176      F3B84FC8 
 176      96DDFB
 177 0209 0FEF9578 		.ascii	"\017\357\225x\343\223\210\246\367\325\331\355y\302\364"
 177      E39388A6 
ARM GAS  /tmp/ccGA8rgh.s 			page 13


 177      F7D5D9ED 
 177      79C2F4
 178 0218 6CBA0892 		.ascii	"l\272\010\222\304\231J\364\331;\343\221S\240#h:\374"
 178      C4994AF4 
 178      D93BE391 
 178      53A02368 
 178      3AFC
 179 022a 4629D9C0 		.ascii	"F)\331\300\242;[\033\275\336-\024\013+\305\201\235\027"
 179      A23B5B1B 
 179      BDDE2D14 
 179      0B2BC581 
 179      9D17
 180 023c 4C5955A2 		.ascii	"LYU\242\270\036\306)\011\014\035\346\311\200Gr\253B"
 180      B81EC629 
 180      090C1DE6 
 180      C9804772 
 180      AB42
 181 024e BD604135 		.ascii	"\275`A5z\227,\233\215\017\013}p\222@\347,(xY\356\311"
 181      7A972C9B 
 181      8D0F0B7D 
 181      709240E7 
 181      2C287859 
 182 0264 782CB599 		.ascii	"x,\265\231x\233hI\006\032\201\322\324p\232\0329M-\245"
 182      789B6849 
 182      061A81D2 
 182      D4709A1A 
 182      394D2DA5 
 183 0278 E91F7E7C 		.ascii	"\351\037~|F\21573\232}\367\367\214\"\240\031\200e\261"
 183      468D3733 
 183      9A7DF7F7 
 183      8C22A019 
 183      8065B1
 184 028b F59229A5 		.ascii	"\365\222)\245x\255%\035Q\233\321Q\316r\224\262\300C"
 184      78AD251D 
 184      519BD151 
 184      CE7294B2 
 184      C043
 185 029d 1D65585F 		.ascii	"\035eX_\333\270\011\343+\214A<\321[\253\224\030jr\376"
 185      DBB809E3 
 185      2B8C413C 
 185      D15BAB94 
 185      186A72FE 
 186 02b1 B225A970 		.ascii	"\262%\251p!\035~\214\017?f\033^O\207o\357\034,\026p"
 186      211D7E8C 
 186      0F3F661B 
 186      5E4F876F 
 186      EF1C2C16 
 187 02c6 0EA6C3D7 		.ascii	"\016\246\303\327\335\333\335%(\311\322!\253\021\242"
 187      DDDBDD25 
 187      28C9D221 
 187      AB11A2
 188 02d5 046D43DF 		.ascii	"\004mC\337\237\352\361\031o;\201hcN\366\326Q\267I\203"
 188      9FEAF119 
 188      6F3B8168 
 188      634EF6D6 
 188      51B74983 
 189 02e9 DC40837C 		.ascii	"\334@\203|\022IQ\036Y\237z\316C2\252r\373\342\014b\024"
ARM GAS  /tmp/ccGA8rgh.s 			page 14


 189      1249511E 
 189      599F7ACE 
 189      4332AA72 
 189      FBE20C62 
 190 02fe 40D0716E 		.ascii	"@\320qn\324q\233Q\026jT\355\365\255\015\036\354\025"
 190      D4719B51 
 190      166A54ED 
 190      F5AD0D1E 
 190      EC15
 191 0310 BD4218F2 		.ascii	"\275B\030\362\352\237\234sa\272;\351~\260\277\326\213"
 191      EA9F9C73 
 191      61BA3BE9 
 191      7EB0BFD6 
 191      8B
 192 0321 BDB216D2 		.ascii	"\275\262\026\322}\351VQ\262'\353n'zc\327\231a%\036`"
 192      7DE95651 
 192      B227EB6E 
 192      277A63D7 
 192      9961251E 
 193 0336 3EB597A4 		.ascii	">\265\227\244\266c\025\274HI?\355E\202!mm/\316\273\340"
 193      B66315BC 
 193      48493FED 
 193      4582216D 
 193      6D2FCEBB 
 194 034b 5B6CFC86 		.ascii	"[l\374\206\246\352fi\273h!\372\226c\215\365j|\227u\336"
 194      A6EA6669 
 194      BB6821FA 
 194      96638DF5 
 194      6A7C9775 
 195 0360 481B6C74 		.ascii	"H\033lt\305\017\230b3\313W2kg\357\3509\204GXg}\355\361"
 195      C50F9862 
 195      33CB5732 
 195      6B67EFE8 
 195      39844758 
 196 0378 66C98539 		.ascii	"f\311\2059dC\032n+P3u\012\2505\267\3166\253\230G\"\002"
 196      64431A6E 
 196      2B503375 
 196      0AA835B7 
 196      CE36AB98 
 197 038f FD44C7F7 		.ascii	"\375D\307\367\037c+\033yz\244\262D\362\016\203\372\320"
 197      1F632B1B 
 197      797AA4B2 
 197      44F20E83 
 197      FAD0
 198 03a1 BA6BBD3B 		.ascii	"\272k\275;\361G\224\374!\035<\366\035d\337@\232\031"
 198      F14794FC 
 198      211D3CF6 
 198      1D64DF40 
 198      9A19
 199 03b3 E822F365 		.ascii	"\350\"\363e]A\377a\027\337tiO\374\330L\263\370\035\300"
 199      5D41FF61 
 199      17DF7469 
 199      4FFCD84C 
 199      B3F81DC0 
 200 03c7 2F50F825 		.ascii	"/P\370%\344k\033D\320\327^\3467a9\272\371m\350\003\305"
 200      E46B1B44 
 200      D0D75EE6 
ARM GAS  /tmp/ccGA8rgh.s 			page 15


 200      376139BA 
 200      F96DE803 
 201 03dc 7B7254F8 		.ascii	"{rT\370\0053s\373\343\276\273R\316\374A\335;V\237\344"
 201      053373FB 
 201      E3BEBB52 
 201      CEFC41DD 
 201      3B569FE4 
 202 03f0 8EDFB0BE 		.ascii	"\216\337\260\276\254\223\005\347\335p\222\222*\266\015"
 202      AC9305E7 
 202      DD709292 
 202      2AB60D
 203 03ff D7976EB8 		.ascii	"\327\227n\270hM\367<\274\216\3654dd\366!\274\201)\017"
 203      684DF73C 
 203      BC8EF534 
 203      6464F621 
 203      BC81290F 
 204 0413 926F0E48 		.ascii	"\222o\016H\021\232\016\352\326\326\037g\341t\326\365"
 204      119A0EEA 
 204      D6D61F67 
 204      E174D6F5 
 205 0423 BAA57116 		.ascii	"\272\245q\026\316f\317\3155\245%\010\3473e$\257\371"
 205      CE66CFCD 
 205      35A52508 
 205      E7336524 
 205      AFF9
 206 0435 47152E64 		.ascii	"G\025.dJaG\376Qw\\\314\224\275O\263\367z\342R\246t\326"
 206      4A6147FE 
 206      51775CCC 
 206      94BD4FB3 
 206      F77AE252 
 207 044c 5D4E55E3 		.ascii	"]NU\343\012\246\244\036:\224\253\306\207\230\262\246"
 207      0AA6A41E 
 207      3A94ABC6 
 207      8798B2A6 
 208 045c BE27C387 		.ascii	"\276'\303\207M:@\027\377\236\241B\017)/\256\240\247"
 208      4D3A4017 
 208      FF9EA142 
 208      0F292FAE 
 208      A0A7
 209 046e 75B45911 		.ascii	"u\264Y\021\256f\340\352\202\256\035\352\3113q\307\226"
 209      AE66E0EA 
 209      82AE1DEA 
 209      C93371C7 
 209      96
 210 047f 89393411 		.ascii	"\21194\021\333{^W\372H\241\265\330\022\321\010\350\323"
 210      DB7B5E57 
 210      FA48A1B5 
 210      D812D108 
 210      E8D3
 211 0491 147D9786 		.ascii	"\024}\227\206\366\216-\264UY{\232\335\345\350\346\267"
 211      F68E2DB4 
 211      55597B9A 
 211      DDE5E8E6 
 211      B7
 212 04a2 A0DF69E9 		.ascii	"\240\337i\351\037:\340\201\374\034.\177?\277\251~~\273"
 212      1F3AE081 
 212      FC1C2E7F 
ARM GAS  /tmp/ccGA8rgh.s 			page 16


 212      3FBFA97E 
 212      7EBB
 213 04b4 C4E42471 		.ascii	"\304\344$q`\364\306_\037\214\014\211b\246'ej\202W\357"
 213      60F4C65F 
 213      1F8C0C89 
 213      62A62765 
 213      6A8257EF 
 214 04c8 359ACADF 		.ascii	"5\232\312\337\204o)m9\371U\320\021\226\252^O1=\222\242"
 214      846F296D 
 214      39F955D0 
 214      1196AA5E 
 214      4F313D92 
 215 04dd FB1CD1DF 		.ascii	"\373\034\321\337O@\347r\364\240#\232\231\034\300\301"
 215      4F40E772 
 215      F4A0239A 
 215      991CC0C1 
 216 04ed 4738B8D7 		.ascii	"G8\270\327\021\334\343\010n\347\3406Gp\353\004;\216"
 216      11DCE308 
 216      6EE7E036 
 216      4770EB04 
 216      3B8E
 217 04ff 73F46547 		.ascii	"s\364eG\364yG\352<\016\276\356\334h9u'G\237uD\267\330"
 217      F47947EA 
 217      3C0EBEEE 
 217      DC683975 
 217      27479F75 
 218 0516 A3578B96 		.ascii	"\243W\213\226\253\177&\340\037\220/\272-\201m\331C\247"
 218      AB7F26E0 
 218      1F902FBA 
 218      2D816DD9 
 218      43A7
 219 0528 1CEDD8C2 		.ascii	"\034\355\330\302\231\207\034\2315\016\330\016\216=\347"
 219      99871C99 
 219      350ED80E 
 219      8E3DE7
 220 0537 DC0A19F8 		.ascii	"\334\012\031\370(\007_q\004w9\202+9\370\232\363\204"
 220      28075F71 
 220      04773982 
 220      2B39F89A 
 220      F384
 221 0549 CBC05D1C 		.ascii	"\313\300]\034|\306\371Z\012\340\2618Ic\321\011\261h"
 221      7CC6F95A 
 221      0AE0B138 
 221      4963D109 
 221      B168
 222 055b 97B0B62D 		.ascii	"\227\260\266-E\312\211<\314\371\234y\300\221\371\002"
 222      45CA893C 
 222      CCF99C79 
 222      C091F902 
 223 056b 67A6C593 		.ascii	"g\246\305\223%\013\300\242;\001)\244\243D1NT\337;\203"
 223      250BC0A2 
 223      3B0129A4 
 223      A344314E 
 223      54DF3B83 
 224 057f 1CC49852 		.ascii	"\034\304\230Ru;w_>q\015\237\370\252\363U\311\320\031"
 224      753B775F 
 224      3E710D9F 
ARM GAS  /tmp/ccGA8rgh.s 			page 17


 224      F8AAF355 
 224      C9D019
 225 0592 D2EE2822 		.ascii	"\322\356(\"\263\002\335\002\304M\332I\360`\002z\001"
 225      B302DD02 
 225      C44DDA49 
 225      F060027A 
 225      01
 226 05a3 67CA13E4 		.ascii	"g\312\023\344\207D\301\017\335\207\373#\220\347 o@\254"
 226      8744C10F 
 226      DD87FB23 
 226      90E7206F 
 226      40AC
 227 05b5 20F7401E 		.ascii	" \367@\036\200\274\002\031\003y\0112\014\362\014\344"
 227      80BC0219 
 227      03790932 
 227      0CF20CE4 
 228 05c5 21C828C8 		.ascii	"!\310(\310\010\310S\220\037A\036#?\231S;\270\221\375"
 228      08C85390 
 228      1F411E23 
 228      3F99533B 
 228      B891FD
 229 05d8 CEA32377 		.ascii	"\316\243#w)\233\243o8]X\014Lj\353\266\256Ro\374\214"
 229      299BA36F 
 229      385D580C 
 229      4C6AEBB6 
 229      AE526FFC 
 230 05ed 6E6C4267 		.ascii	"nlBgRE\031BS\375\235z\212\222\004\377\377\273\263,\273"
 230      52451942 
 230      53FD9D7A 
 230      8A9204FF 
 230      FFBBB32C 
 231 0602 7DBD8864 		.ascii	"}\275\210dw\2150\025\255\026\306k\005\222lj\263\230"
 231      778D3015 
 231      AD16C66B 
 231      05926C6A 
 231      B398
 232 0614 B2ADDBDB 		.ascii	"\262\255\333\3333\215\227\310\024\3117\340d\301\223"
 232      338D97C8 
 232      14C937E0 
 232      64C193
 233 0623 D6147007 		.ascii	"\326\024p\007t\323\033\253E\332\332\005\331\001<\215"
 233      74D31BAB 
 233      45DADA05 
 233      D9013C8D 
 234 0633 1DC0979F 		.ascii	"\035\300\227\237\236x\356\211S\\\210\377\312\303k\372"
 234      9E78EE89 
 234      535C88FF 
 234      CAC36BFA 
 235 0643 8BBC91FF 		.ascii	"\213\274\221\377\014\004T\210\225\351\344{B\2016\010"
 235      0C045488 
 235      95E9E47B 
 235      42813608 
 236 0653 2AB44EC0 		.ascii	"*\264N\300\266o\222<\0216\377\341\177\222fxv\247wZ\261"
 236      B66F923C 
 236      1136FFE1 
 236      7F926678 
 236      76A7775A 
ARM GAS  /tmp/ccGA8rgh.s 			page 18


 237 0668 0FEF125D 		.ascii	"\017\357\022]\247+P\020\335\373Q*\004\214t)P\2320\003"
 237      A72B5010 
 237      DDFB512A 
 237      048C7429 
 237      509A3003 
 238 067c AD17E871 		.ascii	"\255\027\350qp\305\332o\365\342\033<\242\334k\241?E"
 238      70C5DA6F 
 238      F5E21B3C 
 238      A2DC6BA1 
 238      3F45
 239 068e 20B66F14 		.ascii	" \266o\024\370\006O\024r\026\275\2508&\235\233\344("
 239      F8064F14 
 239      7216BDA8 
 239      38269D9B 
 239      E428
 240 06a0 7A78C33A 		.ascii	"zx\303:\370\226:\340\033A:}6\261\371\236\244\245X\245"
 240      F8963AE0 
 240      1B413A7D 
 240      36B1F99E 
 240      A4A558A5 
 241 06b4 32C60DD4 		.ascii	"2\306\015\324\322[\371\337x2\367?\004uma\366C5?\367"
 241      D25BF9DF 
 241      7832F73F 
 241      04756D61 
 241      F643353F 
 242 06c9 9935E960 		.ascii	"\2315\351`\315fjM\006\265\206RR\005F\274\270y\360\266"
 242      CD666A4D 
 242      06B58652 
 242      520546BC 
 242      B879F0B6 
 243 06dd A75DF049 		.ascii	"\247]\360I\235\311\347\317\224\202\237I\203\177\273"
 243      9DC9E7CF 
 243      94829F49 
 243      837FBB
 244 06ec 44B47AE3 		.ascii	"D\264z\3434\032^\324d\275X\355\015\365\240\005\252\356"
 244      341A5ED4 
 244      64BD58ED 
 244      0DF5A005 
 244      AAEE
 245 06fe 173F2C4C 		.ascii	"\027?,LMj\335(\026\256\021?f\245j\026\317t\226 \253"
 245      4D6ADD28 
 245      16AE113F 
 245      66A56A16 
 245      CF749620 
 246 0713 97B708A4 		.ascii	"\227\267\010\2442\034\036k\315\300\370,#\352i\310I\303"
 246      321C1E6B 
 246      CDC0F82C 
 246      23EA69C8 
 246      49C3
 247 0725 12514D4E 		.ascii	"\022QMNHv\222\330\002\366\373Q\232\255\234f\253\234"
 247      487692D8 
 247      02F6FB51 
 247      9AAD9C66 
 247      AB9C
 248 0737 269BD234 		.ascii	"&\233\3224\216uU\270\341\253\214\346Ujv\227\215f\313"
 248      8E7555B8 
 248      E1AB8CE6 
ARM GAS  /tmp/ccGA8rgh.s 			page 19


 248      556A7697 
 248      8D66CB
 249 074a 25538E9C 		.ascii	"%S\216\234&\207\323\344\310ir)\315^\353\323\015\336"
 249      2687D3E4 
 249      C8697229 
 249      CD5EEBD3 
 249      0DDE
 250 075c F83EA3C9 		.ascii	"\370>\243\311*9\230\242b4\226\312k\360\342\255\026\245"
 250      2A3998A2 
 250      623496CA 
 250      6BF0E2AD 
 250      16A5
 251 076e EA7B1B27 		.ascii	"\352{\033'\331&'\311\243$\335\267N/\305V\306\261\257"
 251      D92627C9 
 251      A324DDB7 
 251      4E2FC556 
 251      C6B1AF
 252 0781 6247A537 		.ascii	"bG\2457Nqe\225\347\351\306|W\250\274Q>\0354I}\336\323"
 252      4E716595 
 252      E7E9C67C 
 252      57A8BC51 
 252      3E1D3449 
 253 0798 B52B68D2 		.ascii	"\265+h\322J|\247@*\361\035\202T\211o\036\336x\335M\362"
 253      4A7CA740 
 253      2AF11D82 
 253      54896F1E 
 253      DE78DD4D 
 254 07ad B47B64C9 		.ascii	"\264{d\311\306\342k,\362-\002A\242\3556;Q\201\240$\032"
 254      C6E26B2C 
 254      F22D0241 
 254      A2ED363B 
 254      5181A024 
 255 07c2 37B5909A 		.ascii	"7\265\220\232\372t\364\324)w\334\306\314+"
 255      FA74F4D4 
 255      2977DCC6 
 255      CC2B
 256 07d0 BD96B1D3 		.ascii	"\275\226\261\323g<\215+s\355\323X\304}.\222\023\355"
 256      673C8D2B 
 256      73EDD358 
 256      C47D2E92 
 256      13ED
 257 07e2 A244BBAE 		.ascii	"\242D\273\256\364T\271\342\001F\224\326Y4\350%\005\356"
 257      F454B9E2 
 257      014694D6 
 257      5934E825 
 257      05EE
 258 07f4 6814FB78 		.ascii	"h\024\373x*b\037O\305\234\245X\316\262\233\262l\331"
 258      2A621F4F 
 258      C59CA558 
 258      CEB29BB2 
 258      6CD9
 259 0806 7366BD12 		.ascii	"sf\275\022\2172\226\253k\362\362\335\306\027\303\037"
 259      8F3296AB 
 259      6BF2F2DD 
 259      C617C31F 
 260 0816 ED16C31E 		.ascii	"\355\026\303\036N\263GN\263\227\322\234\035\2528\355"
 260      4EB3474E 
ARM GAS  /tmp/ccGA8rgh.s 			page 20


 260      B397D29C 
 260      1DAA38ED 
 261 0826 8D53DD58 		.ascii	"\215S\335X=\371C\316\035w\333b\310\372\207\335b(\341"
 261      3DF943CE 
 261      1D77DB62 
 261      C8FA87DD 
 261      6228E1
 262 0839 3425729A 		.ascii	"4%r\232RJ3\260\363v\226\027.`4{\223\217\357PK>\245\367"
 262      524A33B0 
 262      F3769617 
 262      2E60347B 
 262      938FEF50 
 263 0851 CB174319 		.ascii	"\313\027C\031')\223\223\354\243$\255]E\007\\p\031#9"
 263      27299393 
 263      ECA324AD 
 263      5D45075C 
 263      70192339 
 264 0865 7FFB5087 		.ascii	"\177\373P\207\033>\310\224\234\272\301ao\\\313\224\214"
 264      1B3EC894 
 264      9CBAC161 
 264      6F5CCB94 
 264      8C
 265 0876 C6D1C76A 		.ascii	"\306\321\307j\\/\301\326g\302\022\2670\345Q{c\232\007"
 265      5C2FC1D6 
 265      67C212B7 
 265      30E5517B 
 265      639A07
 266 0889 6E614ADA 		.ascii	"naJ\332\251\236\265\036\270\235)Ew\352\262|p7S\216\367"
 266      A99EB51E 
 266      B89D2945 
 266      77EAB27C 
 266      7037538E 
 267 089e 566BF000 		.ascii	"Vk\360\000{.\253\333t\335\005\337e\312\215\332\3441"
 267      7B2EABDB 
 267      74DD05DF 
 267      65CA8DDA 
 267      E431
 268 08b0 25BECF94 		.ascii	"%\276\317\224\366c\0037\275\361\010S\272\333\007\027"
 268      F6630337 
 268      BDF10853 
 268      BADB0717 
 269 08c0 B20DE47D 		.ascii	"\262\015\344}\320\2545/z\245\177\233\024\222\317\222"
 269      D0AC352F 
 269      7AA57F9B 
 269      1492CF92 
 270 08d0 A7B92950 		.ascii	"\247\271)P\207\217R\250\317\245\215\305UJD\252O[!\352"
 270      878F52A8 
 270      CFA58DC5 
 270      554A44AA 
 270      4F5B21EA 
 271 08e4 672B44AD 		.ascii	"g+D\255o\226\247\026\237\203\225r\032\321s\251\002\302"
 271      6F96A716 
 271      9F839572 
 271      1AD173A9 
 271      02C2
 272 08f6 512FFC94 		.ascii	"Q/\374\224\243\366(lG\265t;\"xr\3724\302\306\332\002"
 272      A3F6286C 
ARM GAS  /tmp/ccGA8rgh.s 			page 21


 272      47B5743B 
 272      227872FA 
 272      34C2C6DA 
 273 090b 27CF4990 		.ascii	"'\317I\220f\220S \307A\032@N\203\234\000i\0029\006b"
 273      66905320 
 273      C7411A40 
 273      4E839C00 
 273      69023906 
 274 0920 013903F2 		.ascii	"\0019\003\362\255 ?N3\243x\211P\345h\311\005\307\242"
 274      AD203F4E 
 274      33A37889 
 274      50E568C9 
 274      05C7A2
 275 0933 2757863E 		.ascii	"'W\206>\350\210\236X\023\277\354\037?}\253\035\321\032"
 275      E8889E58 
 275      13BFEC1F 
 275      3F7DAB1D 
 275      D11A
 276 0945 47F01619 		.ascii	"G\360\026\031\367!\347\226\310\341;d\360rG\370\204\322"
 276      F721E796 
 276      C8E13B64 
 276      F07247F8 
 276      84D2
 277 0957 2E5D863E 		.ascii	".]\206>\354\210\236X\351f\313\340\225\316\375\224\325"
 277      EC889E58 
 277      E966CBE0 
 277      95CEFD94 
 277      D5
 278 0968 60D67E5A 		.ascii	"`\326~Z\203\001hb\015vxpa&\274As(U\235#\325\304\202"
 278      83016862 
 278      0D767870 
 278      6126BC41 
 278      7328559D 
 279 0980 5C36F101 		.ascii	"\\6\361\001\347\013C\206~\315\343{\304\271S\362\352"
 279      E70B4386 
 279      7ECDE37B 
 279      C4B953F2 
 279      EA
 280 0991 5646BDDF 		.ascii	"VF\275\337y\300\344!x\316\271k\234\346.@*\234F\313\313"
 280      79C0E421 
 280      78CEB96B 
 280      9CE62E40 
 280      2A9C46CB 
 281 09a6 FBD4B8CE 		.ascii	"\373\324\270\316\235\026N\243\205\271\337\"\344?\225"
 281      9D164EA3 
 281      85B9DF22 
 281      E43F95
 282 09b5 05A67A70 		.ascii	"\005\246zp:\011L+\214=\313_z\022\247IV6:\007\013\372"
 282      3A094C2B 
 282      8C3DCB5F 
 282      7A12A749 
 282      56363A07 
 283 09cb 7FB1B8C1 		.ascii	"\177\261\270\301.\313\375\033\373\335\354\316\347V\273"
 283      2ECBFD1B 
 283      FBDDECCE 
 283      E756BB
 284 09da E2A84D3A 		.ascii	"\342\250M:\237\333\350\371\374\254\343\233\024\027\334"
ARM GAS  /tmp/ccGA8rgh.s 			page 22


 284      9FDBE8F9 
 284      FCACE39B 
 284      1417DC
 285 09e9 44BD408D 		.ascii	"D\275@\215}\225\225\260\3133\345\325P\303\200\007\276"
 285      7D9595B0 
 285      CB33E5D5 
 285      50C38007 
 285      BE
 286 09fa 4415D7E1 		.ascii	"D\025\327\341\264\335\035\010\3217z*\213\323\243\256"
 286      B4DD1D08 
 286      D1377A2A 
 286      8BD3A3AE 
 287 0a0a 693CAE17 		.ascii	"i<\256\027\300\313\313\316#\305\320O\272\306\243z\336"
 287      C0CBCBCE 
 287      23C5D04F 
 287      BAC6A37A 
 287      DE
 288 0a1b 113B2163 		.ascii	"\021;!cc\034\374\235s0K\230T+v\321Ux\331\331*|,7\262"
 288      631CFC9D 
 288      73304B98 
 288      542B76D1 
 288      5578D9D9 
 289 0a34 C6A9914E 		.ascii	"\306\251\221N\366\033\376o\217\313RJ.AJ\332!\314\235"
 289      F61BFE6F 
 289      8FCB524A 
 289      2E414ADA 
 289      21CC9D
 290 0a47 2017413A 		.ascii	" \027A:x\270s\207^\301\327\312U\266\0142\237\357\203"
 290      78B87387 
 290      5EC1D7CA 
 290      55B60C32 
 290      9FEF83
 291 0a5a E8D996C1 		.ascii	"\350\331\226\301\263lZ\305^\001\222.\276\014.O\\\006"
 291      B36C5AC5 
 291      5E01922E 
 291      BE0C2E4F 
 291      5C06
 292 0a6c E31F45DD 		.ascii	"\343\037E\3350\317O\230s\323\265\236Jl\227\342+v)\356"
 292      30CF4F98 
 292      73D3B59E 
 292      4A6C97E2 
 292      2B7629EE 
 293 0a80 9152DC43 		.ascii	"\221R\334CS<\260\351^\255\217\035\272\301\256`\273*"
 293      533CB0E9 
 293      5EAD8F1D 
 293      BAC1AE60 
 293      BB2A
 294 0a92 A1C9DD7D 		.ascii	"\241\311\335}\301'\237\316\324\006\004(Tz\375\212\330"
 294      C1279FCE 
 294      D4060428 
 294      547AFD8A 
 294      D8
 295 0aa3 787350A0 		.ascii	"xsP\240\336\034\241\2111\305\0314Q\246\250\330\257L"
 295      DE1CA189 
 295      31C51934 
 295      51A6A8D8 
 295      AF4C
ARM GAS  /tmp/ccGA8rgh.s 			page 23


 296 0ab5 1AB3C964 		.ascii	"\032\263\311dL\324|\031\035\375^dB\334{\361\246x\303"
 296      4CD47C19 
 296      1DFD5E64 
 296      42DC7BF1 
 296      A678C3
 297 0ac8 7B86C8A8 		.ascii	"{\206\310\250X\215\275\026\033\037m\\\261\324\240\211"
 297      588DBD16 
 297      1B1F6D5C 
 297      B1D4A089 
 298 0ad8 8B8C8E89 		.ascii	"\213\214\216\211\2157h\364K\015\313\"W\030\315z\363"
 298      8D3768F4 
 298      4B0DCB22 
 298      5718CD7A 
 298      F3
 299 0ae9 AAE586C4 		.ascii	"\252\345\206\304\3311\012w\033{\350\177\301\236\270"
 299      D9310A77 
 299      1B7BE87F 
 299      C19EB8
 300 0af8 2A51A34F 		.ascii	"*Q\243O4/\005*B\371\231!\332lJ\2307\347\267v\224`@T"
 300      342F052A 
 300      42F99921 
 300      DA6C4A98 
 300      37E7B776 
 301 0b10 AC295103 		.ascii	"\254)Q\003\1771\221F\315rS\2029Q\023\036\021\026\024"
 301      7F319146 
 301      CD725382 
 301      3951131E 
 301      111614
 302 0b23 A859B428 		.ascii	"\250Y\264(X\023\021\032\366u\200&\321\2547\032\227\316"
 302      5813111A 
 302      F6758026 
 302      D1AC371A 
 302      97CE
 303 0b35 8E56A8D9 		.ascii	"\216V\250\331\223>6>\326\354\253'`}l\302\337\364\206"
 303      933E363E 
 303      D6ECAB27 
 303      607D6CC2 
 303      DFF486
 304 0b48 E5B146D3 		.ascii	"\345\261F\323\227+\014\277\231\214:\301,1\317\325\205"
 304      972B0CBF 
 304      998C3AC1 
 304      2C31CFD5 
 304      85
 305 0b59 69C35642 		.ascii	"i\303VBW\264)\301\240\377\372\2038\260\3147:&|UbDl\234"
 305      57B429C1 
 305      A0FFFA83 
 305      38B0CC37 
 305      3A267C55 
 306 0b71 21616164 		.ascii	"!aad\374R\243!!\364\327o!\262\271\027\035\003\016\302"
 306      FC52A321 
 306      21F4D76F 
 306      21B2B917 
 306      1D030EC2 
 307 0b85 F029F15F 		.ascii	"\360)\361_\307F\207\304GF\031\015\314\305\017\376\275"
 307      C74687C4 
 307      4746190D 
 307      CCC50FFE 
ARM GAS  /tmp/ccGA8rgh.s 			page 24


 307      BD
 308 0b96 83D1A6B8 		.ascii	"\203\321\246\2708S\274\315\032B\000D.Zm\230.HX\254S"
 308      3853BCCD 
 308      1A420044 
 308      2E5A6D98 
 308      2E4858AC 
 309 0bab 0687CDD5 		.ascii	"\006\207\315\325\341`\255N9/8B\207\265Z\035\326\201"
 309      E160AD4E 
 309      392F3842 
 309      87B55A1D 
 309      D681
 310 0bbd CCD5E9F0 		.ascii	"\314\325\351\360\222p-\326~\022\241\324jCt\024\037H"
 310      92702DD6 
 310      7E12A1D4 
 310      6A437414 
 310      1F48
 311 0bcf 7F0370C8 		.ascii	"\177\003p\310\002\235\020\016#CCt\312\3600@ku\201 \001"
 311      029D100E 
 311      23434374 
 311      CAF03040 
 311      6B758120 
 312 0be4 80FC5CF7 		.ascii	"\200\374\\\367\273\377$\344q$\377\261$@\352qEoVF\307"
 312      BBFF24E4 
 312      7124FFB1 
 312      2440EA71 
 312      456F5646 
 313 0bf9 4426F89A 		.ascii	"D&\370\232\022#\215\020\263E\246\350\257\346'\230\342"
 313      12238D10 
 313      B345A6E8 
 313      AFE62798 
 313      E2
 314 0c0a 42C37593 		.ascii	"B\303u\223F\214LA\340$t\344N\"F\003.\033\354K3i\204"
 314      468C4C41 
 314      E02474E4 
 314      4E224603 
 314      2E1BEC4B 
 315 0c21 06FD3268 		.ascii	"\006\3752h\321\307&&x\2147y\351\365\211\006\263~\336"
 315      D1C72626 
 315      788C3779 
 315      E9F58906 
 315      B37EDE
 316 0c34 DCF09025 		.ascii	"\334\360\220%\272P\257H\343\337#W%\302\0120\302\312"
 316      BA50AF48 
 316      E3DF2357 
 316      25C20A30 
 316      C2CA
 317 0c46 FD70B259 		.ascii	"\375p\262Y\015+\315\032mXxh8O\027Ixt\334\374\025\361"
 317      0D2BCD1A 
 317      6D587868 
 317      384F1749 
 317      7874DCFC 
 318 0c5c 24D65389 		.ascii	"$\326S\211)\213\355\223>M\362\352\323x\243\3144j\253"
 318      298BED93 
 318      3E4DF2EA 
 318      D378A3CC 
 318      346AAB
 319 0c6f 5DD3346A 		.ascii	"]\3234j\332\212x;{\325\262F\027\355\374\005\272@\267"
ARM GAS  /tmp/ccGA8rgh.s 			page 25


 319      DA8A783B 
 319      7BD5B246 
 319      17EDFC05 
 319      BA40B7
 320 0c82 B90BE7E9 		.ascii	"\271\013\347\351\302I\376\302I\"\265:\267\271K\346\005"
 320      C249FEC2 
 320      4922B53A 
 320      B7B94BE6 
 320      05
 321 0c93 847C42EF 		.ascii	"\204|B\357\201pw\005\000\334\334I3\001\222\207@6\"T"
 321      81707705 
 321      00DCDC49 
 321      33019287 
 321      40362254 
 322 0ca7 A7241C82 		.ascii	"\247$\034\202VG\271\202>\372\367~\206G\260\034\316\017"
 322      5647B982 
 322      3EFAF77E 
 322      8647B01C 
 322      CE0F
 323 0cb9 5AB99265 		.ascii	"Z\271\222eoY\320\234\240\225\304Y\265N\253\325G\300"
 323      6F59D09C 
 323      A095C459 
 323      B54EABD5 
 323      47C0
 324 0ccb AB1D6C58 		.ascii	"\253\035lX\346Jf\233\377\205kh\260vqp\010\321\002\347"
 324      E64A669B 
 324      FF856B68 
 324      B0767170 
 324      08D102E7 
 325 0cdf 7FE11D3C 		.ascii	"\177\341\035<oA\230\366S\033\346_Ax`\200"
 325      6F4198F6 
 325      531BE65F 
 325      41786080 
 326              		.text
 327              		.section	.gnu.lto_.symtab.53175705b640ebaf,"",%progbits
 328 0000 56656374 		.ascii	"VectorB0\000"
 328      6F724230 
 328      00
 329 0009 00       		.ascii	"\000"
 330 000a 00       		.ascii	"\000"
 331 000b 00       		.ascii	"\000"
 332 000c 00000000 		.ascii	"\000\000\000\000\000\000\000\000"
 332      00000000 
 333 0014 B5000000 		.ascii	"\265\000\000\000"
 334 0018 73745F6C 		.ascii	"st_lld_init\000"
 334      6C645F69 
 334      6E697400 
 335 0024 00       		.ascii	"\000"
 336 0025 00       		.ascii	"\000"
 337 0026 00       		.ascii	"\000"
 338 0027 00000000 		.ascii	"\000\000\000\000\000\000\000\000"
 338      00000000 
 339 002f B7000000 		.ascii	"\267\000\000\000"
 340 0033 5F706F72 		.ascii	"_port_irq_epilogue\000"
 340      745F6972 
 340      715F6570 
 340      696C6F67 
ARM GAS  /tmp/ccGA8rgh.s 			page 26


 340      756500
 341 0046 00       		.ascii	"\000"
 342 0047 02       		.ascii	"\002"
 343 0048 00       		.ascii	"\000"
 344 0049 00000000 		.ascii	"\000\000\000\000\000\000\000\000"
 344      00000000 
 345 0051 B9000000 		.ascii	"\271\000\000\000"
 346 0055 63685379 		.ascii	"chSysTimerHandlerI\000"
 346      7354696D 
 346      65724861 
 346      6E646C65 
 346      724900
 347 0068 00       		.ascii	"\000"
 348 0069 02       		.ascii	"\002"
 349 006a 00       		.ascii	"\000"
 350 006b 00000000 		.ascii	"\000\000\000\000\000\000\000\000"
 350      00000000 
 351 0073 BB000000 		.ascii	"\273\000\000\000"
 352 0077 6E766963 		.ascii	"nvicEnableVector\000"
 352      456E6162 
 352      6C655665 
 352      63746F72 
 352      00
 353 0088 00       		.ascii	"\000"
 354 0089 02       		.ascii	"\002"
 355 008a 00       		.ascii	"\000"
 356 008b 00000000 		.ascii	"\000\000\000\000\000\000\000\000"
 356      00000000 
 357 0093 C0000000 		.ascii	"\300\000\000\000"
 358              		.text
 359              		.section	.gnu.lto_.opts,"",%progbits
 360 0000 272D666D 		.ascii	"'-fmath-errno' '-fsigned-zeros' '-ftrapping-math' '"
 360      6174682D 
 360      6572726E 
 360      6F272027 
 360      2D667369 
 361 0033 2D666E6F 		.ascii	"-fno-trapv' '-fno-openmp' '-fno-openacc' '-mcpu=cor"
 361      2D747261 
 361      70762720 
 361      272D666E 
 361      6F2D6F70 
 362 0066 7465782D 		.ascii	"tex-m4' '-mfloat-abi=hard' '-mfpu=fpv4-sp-d16' '-mn"
 362      6D342720 
 362      272D6D66 
 362      6C6F6174 
 362      2D616269 
 363 0099 6F2D7468 		.ascii	"o-thumb-interwork' '-mthumb' '-ggdb' '-O2' '-fomit-"
 363      756D622D 
 363      696E7465 
 363      72776F72 
 363      6B272027 
 364 00cc 6672616D 		.ascii	"frame-pointer' '-falign-functions=16' '-ffunction-s"
 364      652D706F 
 364      696E7465 
 364      72272027 
 364      2D66616C 
 365 00ff 65637469 		.ascii	"ections' '-fdata-sections' '-fno-common' '-flto' '-"
ARM GAS  /tmp/ccGA8rgh.s 			page 27


 365      6F6E7327 
 365      20272D66 
 365      64617461 
 365      2D736563 
 366 0132 6673696E 		.ascii	"fsingle-precision-constant'\000"
 366      676C652D 
 366      70726563 
 366      6973696F 
 366      6E2D636F 
 367              		.text
 368              		.comm	__gnu_lto_v1,1,1
 369              		.comm	__gnu_lto_slim,1,1
 370              		.ident	"GCC: (GNU Tools for ARM Embedded Processors) 5.4.1 20160919 (release) [ARM/embedded-5-bran
ARM GAS  /tmp/ccGA8rgh.s 			page 28


DEFINED SYMBOLS
                            *ABS*:00000000 st_lld.c
                            *COM*:00000001 __gnu_lto_v1
                            *COM*:00000001 __gnu_lto_slim

NO UNDEFINED SYMBOLS
